0.3351 	WARNING 	We strongly recommend you activate the PTB sound engine in PsychoPy prefs as the preferred audio engine. Its timing is vastly superior. Your prefs are currently set to use ['sounddevice', 'PTB', 'pyo', 'pygame'] (in that order).
0.9229 	WARNING 	Import Error: No module named 'psychtoolbox'. Using event module for keyboard component.
2.0208 	WARNING 	User requested fullscreen with size [1536  864], but screen is actually [1920, 1080]. Using actual size
2.5785 	EXP 	Created window1 = Window(allowGUI=False, allowStencil=False, args=UNKNOWN, autoLog=True, bitsMode=UNKNOWN, blendMode='avg', bpc=(8, 8, 8), color=array([0., 0., 0.]), colorSpace='rgb', depthBits=8, fullscr=<method-wrapper '__getattribute__' of attributeSetter object at 0x7f1cf5ca5700>, gamma=None, gammaErrorPolicy='raise', kwargs=UNKNOWN, lms=UNKNOWN, monitor=<psychopy.monitors.calibTools.Monitor object at 0x7f1cf5c15520>, multiSample=False, name='window1', numSamples=2, pos=[0.0, 0.0], screen=0, size=array([1920, 1080]), stencilBits=0, stereo=False, units='height', useFBO=True, useRetina=False, viewOri=0.0, viewPos=None, viewScale=None, waitBlanking=True, winType='pyglet')
2.5788 	EXP 	window1: mouseVisible = True
2.5789 	EXP 	window1: recordFrameIntervals = False
2.7429 	EXP 	window1: recordFrameIntervals = True
2.9275 	EXP 	window1: recordFrameIntervals = False
3.0001 	EXP 	Created welcomeText = TextStim(__class__=<class 'psychopy.visual.text.TextStim'>, alignHoriz=method-wrapper(...), alignText='center', alignVert=method-wrapper(...), anchorHoriz='center', anchorVert='center', antialias=True, autoLog=True, bold=False, color='white', colorSpace='named', contrast=1.0, depth=0.0, flipHoriz=False, flipVert=False, font='Arial', fontFiles=[], height=0.03, italic=False, languageStyle='LTR', name='welcomeText', opacity=1.0, ori=0, pos=array([0., 0.]), rgb=array([255., 255., 255.]), text='default text', units='height', win=Window(...), wrapWidth=1)
3.0163 	EXP 	Created welcome_text_2 = TextStim(__class__=<class 'psychopy.visual.text.TextStim'>, alignHoriz=method-wrapper(...), alignText='center', alignVert=method-wrapper(...), anchorHoriz='center', anchorVert='center', antialias=True, autoLog=True, bold=False, color='white', colorSpace='named', contrast=1.0, depth=0.0, flipHoriz=False, flipVert=False, font='Arial', fontFiles=[], height=0.03, italic=False, languageStyle='LTR', name='welcome_text_2', opacity=1.0, ori=0, pos=array([0., 0.]), rgb=array([255., 255., 255.]), text=str(...), units='height', win=Window(...), wrapWidth=1)
3.0420 	EXP 	Created onesecond = ImageStim(__class__=<class 'psychopy.visual.image.ImageStim'>, autoLog=True, color=array([1., 1., 1.]), colorSpace='rgb', contrast=1.0, depth=-2.0, flipHoriz=False, flipVert=False, image='img/odd_4_square.png', interpolate=True, mask=None, maskParams=None, name='onesecond', opacity=1.0, ori=0.0, pos=array([0., 0.]), size=array([1.8, 1. ]), texRes=128, units='height', win=Window(...))
3.0638 	EXP 	Created seven_second = ImageStim(__class__=<class 'psychopy.visual.image.ImageStim'>, autoLog=True, color=array([1., 1., 1.]), colorSpace='rgb', contrast=1.0, depth=-3.0, flipHoriz=False, flipVert=False, image='img/odd_8_square_4.png', interpolate=True, mask=None, maskParams=None, name='seven_second', opacity=1.0, ori=0.0, pos=array([0., 0.]), size=array([1.8, 1. ]), texRes=128, units='height', win=Window(...))
3.0658 	EXP 	Created fixImg = ImageStim(__class__=<class 'psychopy.visual.image.ImageStim'>, autoLog=True, color=array([1., 1., 1.]), colorSpace='rgb', contrast=1.0, depth=0.0, flipHoriz=False, flipVert=False, image='sin', interpolate=True, mask=None, maskParams=None, name='fixImg', opacity=1.0, ori=0.0, pos=array([0., 0.]), size=array([1.8, 1. ]), texRes=128, units='height', win=Window(...))
3.0669 	EXP 	Created delayImg = ImageStim(__class__=<class 'psychopy.visual.image.ImageStim'>, autoLog=True, color=array([1., 1., 1.]), colorSpace='rgb', contrast=1.0, depth=0.0, flipHoriz=False, flipVert=False, image='sin', interpolate=True, mask=None, maskParams=None, name='delayImg', opacity=1.0, ori=0.0, pos=array([0., 0.]), size=array([1.8, 1. ]), texRes=128, units='height', win=Window(...))
3.0679 	EXP 	Created choiceImg = ImageStim(__class__=<class 'psychopy.visual.image.ImageStim'>, autoLog=True, color=array([1., 1., 1.]), colorSpace='rgb', contrast=1.0, depth=0.0, flipHoriz=False, flipVert=False, image='sin', interpolate=True, mask=None, maskParams=None, name='choiceImg', opacity=1.0, ori=0.0, pos=array([0., 0.]), size=array([1.8, 1. ]), texRes=128, units='height', win=Window(...))
3.0759 	EXP 	Created choiceWarning = TextStim(__class__=<class 'psychopy.visual.text.TextStim'>, alignHoriz=method-wrapper(...), alignText='center', alignVert=method-wrapper(...), anchorHoriz='center', anchorVert='center', antialias=True, autoLog=True, bold=False, color='red', colorSpace='named', contrast=1.0, depth=-2.0, flipHoriz=False, flipVert=False, font='Arial', fontFiles=[], height=0.05, italic=False, languageStyle='LTR', name='choiceWarning', opacity=1.0, ori=0, pos=array([ 0. , -0.3]), rgb=array([255.,   0.,   0.]), text='default text', units='height', win=Window(...), wrapWidth=1)
3.0770 	EXP 	Created leftImg = ImageStim(__class__=<class 'psychopy.visual.image.ImageStim'>, autoLog=True, color=array([1., 1., 1.]), colorSpace='rgb', contrast=1.0, depth=0.0, flipHoriz=False, flipVert=False, image='sin', interpolate=True, mask=None, maskParams=None, name='leftImg', opacity=1.0, ori=0.0, pos=array([0., 0.]), size=array([1.8, 1. ]), texRes=128, units='height', win=Window(...))
3.0781 	EXP 	Created rewardImgLeft = ImageStim(__class__=<class 'psychopy.visual.image.ImageStim'>, autoLog=True, color=array([1., 1., 1.]), colorSpace='rgb', contrast=1.0, depth=0.0, flipHoriz=False, flipVert=False, image='sin', interpolate=True, mask=None, maskParams=None, name='rewardImgLeft', opacity=1.0, ori=0.0, pos=array([0., 0.]), size=array([1.8, 1. ]), texRes=128, units='height', win=Window(...))
3.0848 	EXP 	Created rewardText = TextStim(__class__=<class 'psychopy.visual.text.TextStim'>, alignHoriz=method-wrapper(...), alignText='center', alignVert=method-wrapper(...), anchorHoriz='center', anchorVert='center', antialias=True, autoLog=True, bold=False, color='red', colorSpace='named', contrast=1.0, depth=-1.0, flipHoriz=False, flipVert=False, font='Arial', fontFiles=[], height=0.1, italic=False, languageStyle='LTR', name='rewardText', opacity=1.0, ori=0, pos=array([0., 0.]), rgb=array([255.,   0.,   0.]), text='default text', units='height', win=Window(...), wrapWidth=1)
3.0859 	EXP 	Created rightImg = ImageStim(__class__=<class 'psychopy.visual.image.ImageStim'>, autoLog=True, color=array([1., 1., 1.]), colorSpace='rgb', contrast=1.0, depth=0.0, flipHoriz=False, flipVert=False, image='sin', interpolate=True, mask=None, maskParams=None, name='rightImg', opacity=1.0, ori=0.0, pos=array([0., 0.]), size=array([1.8, 1. ]), texRes=128, units='height', win=Window(...))
3.0869 	EXP 	Created rewardImgRight = ImageStim(__class__=<class 'psychopy.visual.image.ImageStim'>, autoLog=True, color=array([1., 1., 1.]), colorSpace='rgb', contrast=1.0, depth=0.0, flipHoriz=False, flipVert=False, image='sin', interpolate=True, mask=None, maskParams=None, name='rewardImgRight', opacity=1.0, ori=0.0, pos=array([0., 0.]), size=array([1.8, 1. ]), texRes=128, units='height', win=Window(...))
3.0883 	EXP 	Created rightText = TextStim(__class__=<class 'psychopy.visual.text.TextStim'>, alignHoriz=method-wrapper(...), alignText='center', alignVert=method-wrapper(...), anchorHoriz='center', anchorVert='center', antialias=True, autoLog=True, bold=False, color='red', colorSpace='named', contrast=1.0, depth=-1.0, flipHoriz=False, flipVert=False, font='Arial', fontFiles=[], height=0.1, italic=False, languageStyle='LTR', name='rightText', opacity=1.0, ori=0, pos=array([0., 0.]), rgb=array([255.,   0.,   0.]), text='default text', units='height', win=Window(...), wrapWidth=1)
3.0906 	EXP 	Created block4 = ImageStim(__class__=<class 'psychopy.visual.image.ImageStim'>, autoLog=True, color=array([1., 1., 1.]), colorSpace='rgb', contrast=1.0, depth=0.0, flipHoriz=False, flipVert=False, image='img/coffee.jpeg', interpolate=True, mask=None, maskParams=None, name='block4', opacity=1.0, ori=0.0, pos=array([ 0.5, -0.2]), size=array([0.35, 0.35]), texRes=128, units='height', win=Window(...))
3.0925 	EXP 	Created block3 = ImageStim(__class__=<class 'psychopy.visual.image.ImageStim'>, autoLog=True, color=array([1., 1., 1.]), colorSpace='rgb', contrast=1.0, depth=-1.0, flipHoriz=False, flipVert=False, image='img/cake.jpeg', interpolate=True, mask=None, maskParams=None, name='block3', opacity=1.0, ori=0.0, pos=array([0.5, 0.2]), size=array([0.35, 0.35]), texRes=128, units='height', win=Window(...))
3.0943 	EXP 	Created block2 = ImageStim(__class__=<class 'psychopy.visual.image.ImageStim'>, autoLog=True, color=array([1., 1., 1.]), colorSpace='rgb', contrast=1.0, depth=-2.0, flipHoriz=False, flipVert=False, image='img/gummi.jpeg', interpolate=True, mask=None, maskParams=None, name='block2', opacity=1.0, ori=0.0, pos=array([-0.5, -0.2]), size=array([0.35, 0.35]), texRes=128, units='height', win=Window(...))
3.1080 	EXP 	Created block1 = ImageStim(__class__=<class 'psychopy.visual.image.ImageStim'>, autoLog=True, color=array([1., 1., 1.]), colorSpace='rgb', contrast=1.0, depth=-3.0, flipHoriz=False, flipVert=False, image='img/tea.jpeg', interpolate=True, mask=None, maskParams=None, name='block1', opacity=1.0, ori=0.0, pos=array([-0.5,  0.2]), size=array([0.35, 0.35]), texRes=128, units='height', win=Window(...))
3.1096 	EXP 	Created repeatText = TextStim(__class__=<class 'psychopy.visual.text.TextStim'>, alignHoriz=method-wrapper(...), alignText='center', alignVert=method-wrapper(...), anchorHoriz='center', anchorVert='center', antialias=True, autoLog=True, bold=False, color='white', colorSpace='named', contrast=1.0, depth=-4.0, flipHoriz=False, flipVert=False, font='Arial', fontFiles=[], height=0.05, italic=False, languageStyle='LTR', name='repeatText', opacity=1.0, ori=0, pos=array([0., 0.]), rgb=array([255., 255., 255.]), text='default text', units='height', win=Window(...), wrapWidth=1)
3.1550 	EXP 	Created text = TextStim(__class__=<class 'psychopy.visual.text.TextStim'>, alignHoriz=method-wrapper(...), alignText='center', alignVert=method-wrapper(...), anchorHoriz='center', anchorVert='center', antialias=True, autoLog=True, bold=False, color='white', colorSpace='named', contrast=1.0, depth=0.0, flipHoriz=False, flipVert=False, font='Arial', fontFiles=[], height=0.03, italic=False, languageStyle='LTR', name='text', opacity=1.0, ori=0, pos=array([0., 0.]), rgb=array([255., 255., 255.]), text=str(...), units='height', win=Window(...), wrapWidth=1)
3.1613 	EXP 	Created endText = TextStim(__class__=<class 'psychopy.visual.text.TextStim'>, alignHoriz=method-wrapper(...), alignText='center', alignVert=method-wrapper(...), anchorHoriz='center', anchorVert='center', antialias=True, autoLog=True, bold=False, color='white', colorSpace='named', contrast=1.0, depth=0.0, flipHoriz=False, flipVert=False, font='Arial', fontFiles=[], height=0.05, italic=False, languageStyle='LTR', name='endText', opacity=1.0, ori=0, pos=array([0., 0.]), rgb=array([255., 255., 255.]), text=str(...), units='height', win=Window(...), wrapWidth=1)
3.1718 	EXP 	welcomeText: autoDraw = True
3.1718 	EXP 	welcomeText: text = "''.join(slide_changer.keys)"
3.1793 	EXP 	welcomeText: text = "''.join(slide_changer.keys)"
3.1935 	EXP 	welcomeText: text = "''.join(slide_changer.keys)"
3.2096 	EXP 	welcomeText: text = "''.join(slide_changer.keys)"
3.2266 	EXP 	welcomeText: text = "''.join(slide_changer.keys)"
3.2431 	EXP 	welcomeText: text = "''.join(slide_changer.keys)"
3.2601 	EXP 	welcomeText: text = "''.join(slide_changer.keys)"
3.2768 	EXP 	welcomeText: text = "''.join(slide_changer.keys)"
3.2937 	EXP 	welcomeText: text = "''.join(slide_changer.keys)"
3.3100 	EXP 	welcomeText: text = "''.join(slide_changer.keys)"
3.3268 	EXP 	welcomeText: text = "''.join(slide_changer.keys)"
3.3433 	EXP 	welcomeText: text = "''.join(slide_changer.keys)"
3.3600 	EXP 	welcomeText: text = "''.join(slide_changer.keys)"
3.3769 	EXP 	welcomeText: text = "''.join(slide_changer.keys)"
3.3937 	EXP 	welcomeText: text = "''.join(slide_changer.keys)"
3.4102 	EXP 	welcomeText: text = "''.join(slide_changer.keys)"
3.4266 	EXP 	welcomeText: text = "''.join(slide_changer.keys)"
3.4431 	EXP 	welcomeText: text = "''.join(slide_changer.keys)"
3.4602 	EXP 	welcomeText: text = "''.join(slide_changer.keys)"
3.4768 	EXP 	welcomeText: text = "''.join(slide_changer.keys)"
3.4938 	EXP 	welcomeText: text = "''.join(slide_changer.keys)"
3.5101 	EXP 	welcomeText: text = "''.join(slide_changer.keys)"
3.5258 	EXP 	welcomeText: text = "''.join(slide_changer.keys)"
3.5433 	EXP 	welcomeText: text = "''.join(slide_changer.keys)"
3.5607 	EXP 	welcomeText: text = "''.join(slide_changer.keys)"
3.5769 	EXP 	welcomeText: text = "''.join(slide_changer.keys)"
3.5938 	EXP 	welcomeText: text = "''.join(slide_changer.keys)"
3.6103 	EXP 	welcomeText: text = "''.join(slide_changer.keys)"
3.6266 	EXP 	welcomeText: text = "''.join(slide_changer.keys)"
3.6434 	EXP 	welcomeText: text = "''.join(slide_changer.keys)"
3.6602 	EXP 	welcomeText: text = "''.join(slide_changer.keys)"
3.6771 	EXP 	welcomeText: text = "''.join(slide_changer.keys)"
3.6939 	EXP 	welcomeText: text = "''.join(slide_changer.keys)"
3.7106 	EXP 	welcomeText: text = "''.join(slide_changer.keys)"
3.7267 	EXP 	welcomeText: text = "''.join(slide_changer.keys)"
3.7434 	EXP 	welcomeText: text = "''.join(slide_changer.keys)"
3.7603 	EXP 	welcomeText: text = "''.join(slide_changer.keys)"
3.7771 	EXP 	welcomeText: text = "''.join(slide_changer.keys)"
3.7939 	EXP 	welcomeText: text = "''.join(slide_changer.keys)"
3.8103 	EXP 	welcomeText: text = "''.join(slide_changer.keys)"
3.8267 	EXP 	welcomeText: text = "''.join(slide_changer.keys)"
3.8436 	EXP 	welcomeText: text = "''.join(slide_changer.keys)"
3.8603 	EXP 	welcomeText: text = "''.join(slide_changer.keys)"
3.8771 	EXP 	welcomeText: text = "''.join(slide_changer.keys)"
3.8939 	EXP 	welcomeText: text = "''.join(slide_changer.keys)"
3.9103 	EXP 	welcomeText: text = "''.join(slide_changer.keys)"
3.9267 	EXP 	welcomeText: text = "''.join(slide_changer.keys)"
3.9432 	EXP 	welcomeText: text = "''.join(slide_changer.keys)"
3.9605 	EXP 	welcomeText: text = "''.join(slide_changer.keys)"
3.9772 	EXP 	welcomeText: text = "''.join(slide_changer.keys)"
3.9935 	EXP 	welcomeText: text = "''.join(slide_changer.keys)"
4.0104 	EXP 	welcomeText: text = "''.join(slide_changer.keys)"
4.0269 	EXP 	welcomeText: text = "''.join(slide_changer.keys)"
4.0433 	EXP 	welcomeText: text = "''.join(slide_changer.keys)"
4.0604 	EXP 	welcomeText: text = "''.join(slide_changer.keys)"
4.0772 	EXP 	welcomeText: text = "''.join(slide_changer.keys)"
4.0941 	EXP 	welcomeText: text = "''.join(slide_changer.keys)"
4.1102 	EXP 	welcomeText: text = "''.join(slide_changer.keys)"
4.1275 	EXP 	welcomeText: text = "''.join(slide_changer.keys)"
4.1437 	EXP 	welcomeText: text = "''.join(slide_changer.keys)"
4.1606 	EXP 	welcomeText: text = "''.join(slide_changer.keys)"
4.1774 	EXP 	welcomeText: text = "''.join(slide_changer.keys)"
4.1939 	EXP 	welcomeText: text = "''.join(slide_changer.keys)"
4.2109 	EXP 	welcomeText: text = "''.join(slide_changer.keys)"
4.2276 	EXP 	welcomeText: text = "''.join(slide_changer.keys)"
4.2437 	EXP 	welcomeText: text = "''.join(slide_changer.keys)"
4.2609 	EXP 	welcomeText: text = "''.join(slide_changer.keys)"
4.2774 	EXP 	welcomeText: text = "''.join(slide_changer.keys)"
4.2941 	EXP 	welcomeText: text = "''.join(slide_changer.keys)"
4.3105 	EXP 	welcomeText: text = "''.join(slide_changer.keys)"
4.3270 	EXP 	welcomeText: text = "''.join(slide_changer.keys)"
4.3441 	EXP 	welcomeText: text = "''.join(slide_changer.keys)"
4.3607 	EXP 	welcomeText: text = "''.join(slide_changer.keys)"
4.3773 	EXP 	welcomeText: text = "''.join(slide_changer.keys)"
4.3938 	EXP 	welcomeText: text = "''.join(slide_changer.keys)"
4.4108 	EXP 	welcomeText: text = "''.join(slide_changer.keys)"
4.4269 	EXP 	welcomeText: text = "''.join(slide_changer.keys)"
4.4437 	EXP 	welcomeText: text = "''.join(slide_changer.keys)"
4.4605 	EXP 	welcomeText: text = "''.join(slide_changer.keys)"
4.4773 	EXP 	welcomeText: text = "''.join(slide_changer.keys)"
4.4939 	EXP 	welcomeText: text = "''.join(slide_changer.keys)"
4.5104 	EXP 	welcomeText: text = "''.join(slide_changer.keys)"
4.5269 	EXP 	welcomeText: text = "''.join(slide_changer.keys)"
4.5437 	EXP 	welcomeText: text = "''.join(slide_changer.keys)"
4.5605 	EXP 	welcomeText: text = "''.join(slide_changer.keys)"
4.5774 	EXP 	welcomeText: text = "''.join(slide_changer.keys)"
4.5941 	EXP 	welcomeText: text = "''.join(slide_changer.keys)"
4.6105 	EXP 	welcomeText: text = "''.join(slide_changer.keys)"
4.6269 	EXP 	welcomeText: text = "''.join(slide_changer.keys)"
4.6436 	EXP 	welcomeText: text = "''.join(slide_changer.keys)"
4.6609 	EXP 	welcomeText: text = "''.join(slide_changer.keys)"
4.6775 	EXP 	welcomeText: text = "''.join(slide_changer.keys)"
4.6941 	EXP 	welcomeText: text = "''.join(slide_changer.keys)"
4.7102 	EXP 	welcomeText: text = "''.join(slide_changer.keys)"
4.7268 	EXP 	welcomeText: text = "''.join(slide_changer.keys)"
4.7442 	EXP 	welcomeText: text = "''.join(slide_changer.keys)"
4.7608 	EXP 	welcomeText: text = "''.join(slide_changer.keys)"
4.7774 	EXP 	welcomeText: text = "''.join(slide_changer.keys)"
4.7943 	EXP 	welcomeText: text = "''.join(slide_changer.keys)"
4.8102 	EXP 	welcomeText: text = "''.join(slide_changer.keys)"
4.8270 	EXP 	welcomeText: text = "''.join(slide_changer.keys)"
4.8436 	EXP 	welcomeText: text = "''.join(slide_changer.keys)"
4.8609 	EXP 	welcomeText: text = "''.join(slide_changer.keys)"
4.8774 	EXP 	welcomeText: text = "''.join(slide_changer.keys)"
4.8938 	EXP 	welcomeText: text = "''.join(slide_changer.keys)"
4.9108 	EXP 	welcomeText: text = "''.join(slide_changer.keys)"
4.9269 	EXP 	welcomeText: text = "''.join(slide_changer.keys)"
4.9439 	EXP 	welcomeText: text = "''.join(slide_changer.keys)"
4.9606 	EXP 	welcomeText: text = "''.join(slide_changer.keys)"
4.9775 	EXP 	welcomeText: text = "''.join(slide_changer.keys)"
4.9942 	EXP 	welcomeText: text = "''.join(slide_changer.keys)"
5.0104 	EXP 	welcomeText: text = "''.join(slide_changer.keys)"
5.0269 	EXP 	welcomeText: text = "''.join(slide_changer.keys)"
5.0440 	EXP 	welcomeText: text = "''.join(slide_changer.keys)"
5.0608 	EXP 	welcomeText: text = "''.join(slide_changer.keys)"
5.0776 	EXP 	welcomeText: text = "''.join(slide_changer.keys)"
5.0943 	EXP 	welcomeText: text = "''.join(slide_changer.keys)"
5.1103 	EXP 	welcomeText: text = "''.join(slide_changer.keys)"
5.1273 	EXP 	welcomeText: text = "''.join(slide_changer.keys)"
5.1440 	EXP 	welcomeText: text = "''.join(slide_changer.keys)"
5.1609 	EXP 	welcomeText: text = "''.join(slide_changer.keys)"
5.1777 	EXP 	welcomeText: text = "''.join(slide_changer.keys)"
5.1943 	EXP 	welcomeText: text = "''.join(slide_changer.keys)"
5.2105 	EXP 	welcomeText: text = "''.join(slide_changer.keys)"
5.2272 	EXP 	welcomeText: text = "''.join(slide_changer.keys)"
5.2440 	EXP 	welcomeText: text = "''.join(slide_changer.keys)"
5.2609 	EXP 	welcomeText: text = "''.join(slide_changer.keys)"
5.2777 	EXP 	welcomeText: text = "''.join(slide_changer.keys)"
5.2943 	EXP 	welcomeText: text = "''.join(slide_changer.keys)"
5.3105 	EXP 	welcomeText: text = "''.join(slide_changer.keys)"
5.3277 	EXP 	welcomeText: text = "''.join(slide_changer.keys)"
5.3439 	EXP 	welcomeText: text = "''.join(slide_changer.keys)"
5.3608 	EXP 	welcomeText: text = "''.join(slide_changer.keys)"
5.3778 	EXP 	welcomeText: text = "''.join(slide_changer.keys)"
5.3943 	EXP 	welcomeText: text = "''.join(slide_changer.keys)"
5.4104 	EXP 	welcomeText: text = "''.join(slide_changer.keys)"
5.4270 	EXP 	welcomeText: text = "''.join(slide_changer.keys)"
5.4440 	EXP 	welcomeText: text = "''.join(slide_changer.keys)"
5.4609 	EXP 	welcomeText: text = "''.join(slide_changer.keys)"
5.4775 	EXP 	welcomeText: text = "''.join(slide_changer.keys)"
5.4943 	EXP 	welcomeText: text = "''.join(slide_changer.keys)"
5.5104 	EXP 	welcomeText: text = "''.join(slide_changer.keys)"
5.5271 	EXP 	welcomeText: text = "''.join(slide_changer.keys)"
5.5438 	EXP 	welcomeText: text = "''.join(slide_changer.keys)"
5.5610 	EXP 	welcomeText: text = "''.join(slide_changer.keys)"
5.5775 	EXP 	welcomeText: text = "''.join(slide_changer.keys)"
5.5943 	EXP 	welcomeText: text = "''.join(slide_changer.keys)"
5.6105 	EXP 	welcomeText: text = "''.join(slide_changer.keys)"
5.6274 	EXP 	welcomeText: text = "''.join(slide_changer.keys)"
5.6442 	EXP 	welcomeText: text = "''.join(slide_changer.keys)"
5.6609 	EXP 	welcomeText: text = "''.join(slide_changer.keys)"
5.6779 	EXP 	welcomeText: text = "''.join(slide_changer.keys)"
5.6943 	EXP 	welcomeText: text = "''.join(slide_changer.keys)"
5.7105 	EXP 	welcomeText: text = "''.join(slide_changer.keys)"
5.7271 	EXP 	welcomeText: text = "''.join(slide_changer.keys)"
5.7443 	EXP 	welcomeText: text = "''.join(slide_changer.keys)"
5.7609 	EXP 	welcomeText: text = "''.join(slide_changer.keys)"
5.7777 	EXP 	welcomeText: text = "''.join(slide_changer.keys)"
5.7943 	EXP 	welcomeText: text = "''.join(slide_changer.keys)"
5.8106 	EXP 	welcomeText: text = "''.join(slide_changer.keys)"
5.8271 	EXP 	welcomeText: text = "''.join(slide_changer.keys)"
5.8440 	EXP 	welcomeText: text = "''.join(slide_changer.keys)"
5.8610 	EXP 	welcomeText: text = "''.join(slide_changer.keys)"
5.8777 	EXP 	welcomeText: text = "''.join(slide_changer.keys)"
5.8943 	EXP 	welcomeText: text = "''.join(slide_changer.keys)"
5.9106 	EXP 	welcomeText: text = "''.join(slide_changer.keys)"
5.9274 	EXP 	welcomeText: text = "''.join(slide_changer.keys)"
5.9443 	EXP 	welcomeText: text = "''.join(slide_changer.keys)"
5.9609 	EXP 	welcomeText: text = "''.join(slide_changer.keys)"
5.9778 	EXP 	welcomeText: text = "''.join(slide_changer.keys)"
5.9944 	EXP 	welcomeText: text = "''.join(slide_changer.keys)"
6.0107 	EXP 	welcomeText: text = "''.join(slide_changer.keys)"
6.0276 	EXP 	welcomeText: text = "''.join(slide_changer.keys)"
6.0448 	EXP 	welcomeText: text = "''.join(slide_changer.keys)"
6.0610 	EXP 	welcomeText: text = "''.join(slide_changer.keys)"
6.0780 	EXP 	welcomeText: text = "''.join(slide_changer.keys)"
6.0944 	EXP 	welcomeText: text = "''.join(slide_changer.keys)"
6.1106 	EXP 	welcomeText: text = "''.join(slide_changer.keys)"
6.1275 	EXP 	welcomeText: text = "''.join(slide_changer.keys)"
6.1443 	EXP 	welcomeText: text = "''.join(slide_changer.keys)"
6.1611 	EXP 	welcomeText: text = "''.join(slide_changer.keys)"
6.1781 	EXP 	welcomeText: text = "''.join(slide_changer.keys)"
6.1945 	EXP 	welcomeText: text = "''.join(slide_changer.keys)"
6.2108 	EXP 	welcomeText: text = "''.join(slide_changer.keys)"
6.2276 	EXP 	welcomeText: text = "''.join(slide_changer.keys)"
6.2444 	EXP 	welcomeText: text = "''.join(slide_changer.keys)"
6.2607 	EXP 	welcomeText: text = "''.join(slide_changer.keys)"
6.2779 	EXP 	welcomeText: text = "''.join(slide_changer.keys)"
6.2944 	EXP 	welcomeText: text = "''.join(slide_changer.keys)"
6.3114 	EXP 	welcomeText: text = "''.join(slide_changer.keys)"
6.3276 	EXP 	welcomeText: text = "''.join(slide_changer.keys)"
6.3444 	EXP 	welcomeText: text = "''.join(slide_changer.keys)"
6.3610 	EXP 	welcomeText: text = "''.join(slide_changer.keys)"
6.3781 	EXP 	welcomeText: text = "''.join(slide_changer.keys)"
6.3946 	EXP 	welcomeText: text = "''.join(slide_changer.keys)"
6.4047 	DATA 	Keypress: space
6.4124 	EXP 	welcomeText: text = "''.join(slide_changer.keys)"
6.4276 	EXP 	welcomeText: text = "''.join(slide_changer.keys)"
6.4445 	EXP 	welcomeText: text = "''.join(slide_changer.keys)"
6.4615 	EXP 	welcomeText: text = "''.join(slide_changer.keys)"
6.4781 	EXP 	welcomeText: text = "''.join(slide_changer.keys)"
6.4946 	EXP 	welcomeText: text = "''.join(slide_changer.keys)"
6.5109 	EXP 	welcomeText: text = "''.join(slide_changer.keys)"
6.5275 	EXP 	welcomeText: text = "''.join(slide_changer.keys)"
6.5447 	EXP 	welcomeText: text = "''.join(slide_changer.keys)"
6.5612 	EXP 	welcomeText: text = "''.join(slide_changer.keys)"
6.5781 	EXP 	welcomeText: text = "''.join(slide_changer.keys)"
6.5947 	EXP 	welcomeText: text = "''.join(slide_changer.keys)"
6.6108 	EXP 	welcomeText: text = "''.join(slide_changer.keys)"
6.6278 	EXP 	welcomeText: text = "''.join(slide_changer.keys)"
6.6444 	EXP 	welcomeText: text = "''.join(slide_changer.keys)"
6.6613 	EXP 	welcomeText: text = "''.join(slide_changer.keys)"
6.6781 	EXP 	welcomeText: text = "''.join(slide_changer.keys)"
6.6941 	EXP 	welcomeText: text = "''.join(slide_changer.keys)"
6.7108 	EXP 	welcomeText: text = "''.join(slide_changer.keys)"
6.7274 	EXP 	welcomeText: text = "''.join(slide_changer.keys)"
6.7446 	EXP 	welcomeText: text = "''.join(slide_changer.keys)"
6.7615 	EXP 	welcomeText: text = "''.join(slide_changer.keys)"
6.7781 	EXP 	welcomeText: text = "''.join(slide_changer.keys)"
6.7948 	EXP 	welcomeText: text = "''.join(slide_changer.keys)"
6.8117 	EXP 	welcomeText: text = "''.join(slide_changer.keys)"
6.8277 	EXP 	welcomeText: text = "''.join(slide_changer.keys)"
6.8447 	EXP 	welcomeText: text = "''.join(slide_changer.keys)"
6.8616 	EXP 	welcomeText: text = "''.join(slide_changer.keys)"
6.8782 	EXP 	welcomeText: text = "''.join(slide_changer.keys)"
6.8942 	EXP 	welcomeText: text = "''.join(slide_changer.keys)"
6.9110 	EXP 	welcomeText: text = "''.join(slide_changer.keys)"
6.9278 	EXP 	welcomeText: text = "''.join(slide_changer.keys)"
6.9446 	EXP 	welcomeText: text = "''.join(slide_changer.keys)"
6.9615 	EXP 	welcomeText: text = "''.join(slide_changer.keys)"
6.9785 	EXP 	welcomeText: text = "''.join(slide_changer.keys)"
6.9947 	EXP 	welcomeText: text = "''.join(slide_changer.keys)"
7.0107 	EXP 	welcomeText: text = "''.join(slide_changer.keys)"
7.0273 	EXP 	welcomeText: text = "''.join(slide_changer.keys)"
7.0447 	EXP 	welcomeText: text = "''.join(slide_changer.keys)"
7.0607 	EXP 	welcomeText: text = "''.join(slide_changer.keys)"
7.0779 	EXP 	welcomeText: text = "''.join(slide_changer.keys)"
7.0945 	EXP 	welcomeText: text = "''.join(slide_changer.keys)"
7.1108 	EXP 	welcomeText: text = "''.join(slide_changer.keys)"
7.1279 	EXP 	welcomeText: text = "''.join(slide_changer.keys)"
7.1448 	EXP 	welcomeText: text = "''.join(slide_changer.keys)"
7.1614 	EXP 	welcomeText: text = "''.join(slide_changer.keys)"
7.1783 	EXP 	welcomeText: text = "''.join(slide_changer.keys)"
7.1942 	EXP 	welcomeText: text = "''.join(slide_changer.keys)"
7.2108 	EXP 	welcomeText: text = "''.join(slide_changer.keys)"
7.2282 	EXP 	welcomeText: text = "''.join(slide_changer.keys)"
7.2448 	EXP 	welcomeText: text = "''.join(slide_changer.keys)"
7.2615 	EXP 	welcomeText: text = "''.join(slide_changer.keys)"
7.2782 	EXP 	welcomeText: text = "''.join(slide_changer.keys)"
7.2945 	EXP 	welcomeText: text = "''.join(slide_changer.keys)"
7.3110 	EXP 	welcomeText: text = "''.join(slide_changer.keys)"
7.3281 	EXP 	welcomeText: text = "''.join(slide_changer.keys)"
7.3448 	EXP 	welcomeText: text = "''.join(slide_changer.keys)"
7.3614 	EXP 	welcomeText: text = "''.join(slide_changer.keys)"
7.3784 	EXP 	welcomeText: text = "''.join(slide_changer.keys)"
7.3944 	EXP 	welcomeText: text = "''.join(slide_changer.keys)"
7.4112 	EXP 	welcomeText: text = "''.join(slide_changer.keys)"
7.4275 	EXP 	welcomeText: text = "''.join(slide_changer.keys)"
7.4449 	EXP 	welcomeText: text = "''.join(slide_changer.keys)"
7.4616 	EXP 	welcomeText: text = "''.join(slide_changer.keys)"
7.4782 	EXP 	welcomeText: text = "''.join(slide_changer.keys)"
7.4943 	EXP 	welcomeText: text = "''.join(slide_changer.keys)"
7.5110 	EXP 	welcomeText: text = "''.join(slide_changer.keys)"
7.5280 	EXP 	welcomeText: text = "''.join(slide_changer.keys)"
7.5447 	EXP 	welcomeText: text = "''.join(slide_changer.keys)"
7.5617 	EXP 	welcomeText: text = "''.join(slide_changer.keys)"
7.5782 	EXP 	welcomeText: text = "''.join(slide_changer.keys)"
7.5943 	EXP 	welcomeText: text = "''.join(slide_changer.keys)"
7.6111 	EXP 	welcomeText: text = "''.join(slide_changer.keys)"
7.6279 	EXP 	welcomeText: text = "''.join(slide_changer.keys)"
7.6450 	EXP 	welcomeText: text = "''.join(slide_changer.keys)"
7.6622 	EXP 	welcomeText: text = "''.join(slide_changer.keys)"
7.6783 	EXP 	welcomeText: text = "''.join(slide_changer.keys)"
7.6941 	EXP 	welcomeText: text = "''.join(slide_changer.keys)"
7.7103 	EXP 	welcomeText: text = "''.join(slide_changer.keys)"
7.7275 	EXP 	welcomeText: text = "''.join(slide_changer.keys)"
7.7443 	EXP 	welcomeText: text = "''.join(slide_changer.keys)"
7.7614 	EXP 	welcomeText: text = "''.join(slide_changer.keys)"
7.7781 	EXP 	welcomeText: text = "''.join(slide_changer.keys)"
7.7944 	EXP 	welcomeText: text = "''.join(slide_changer.keys)"
7.8114 	EXP 	welcomeText: text = "''.join(slide_changer.keys)"
7.8284 	EXP 	welcomeText: text = "''.join(slide_changer.keys)"
7.8451 	EXP 	welcomeText: text = "''.join(slide_changer.keys)"
7.8620 	EXP 	welcomeText: text = "''.join(slide_changer.keys)"
7.8783 	EXP 	welcomeText: text = "''.join(slide_changer.keys)"
7.8943 	EXP 	welcomeText: text = "''.join(slide_changer.keys)"
7.9111 	EXP 	welcomeText: text = "''.join(slide_changer.keys)"
7.9283 	EXP 	welcomeText: text = "''.join(slide_changer.keys)"
7.9448 	EXP 	welcomeText: text = "''.join(slide_changer.keys)"
7.9618 	EXP 	welcomeText: text = "''.join(slide_changer.keys)"
7.9783 	EXP 	welcomeText: text = "''.join(slide_changer.keys)"
7.9944 	EXP 	welcomeText: text = "''.join(slide_changer.keys)"
8.0111 	EXP 	welcomeText: text = "''.join(slide_changer.keys)"
8.0282 	EXP 	welcomeText: text = "''.join(slide_changer.keys)"
8.0450 	EXP 	welcomeText: text = "''.join(slide_changer.keys)"
8.0617 	EXP 	welcomeText: text = "''.join(slide_changer.keys)"
8.0784 	EXP 	welcomeText: text = "''.join(slide_changer.keys)"
8.0877 	DATA 	Keypress: space
8.0949 	EXP 	welcomeText: text = "''.join(slide_changer.keys)"
8.1114 	EXP 	welcomeText: text = "''.join(slide_changer.keys)"
8.1282 	EXP 	welcomeText: text = "''.join(slide_changer.keys)"
8.1454 	EXP 	welcomeText: text = "''.join(slide_changer.keys)"
8.1618 	EXP 	welcomeText: text = "''.join(slide_changer.keys)"
8.1780 	EXP 	welcomeText: text = "''.join(slide_changer.keys)"
8.1955 	EXP 	welcomeText: text = "''.join(slide_changer.keys)"
8.2113 	EXP 	welcomeText: text = "''.join(slide_changer.keys)"
8.2285 	EXP 	welcomeText: text = "''.join(slide_changer.keys)"
8.2452 	EXP 	welcomeText: text = "''.join(slide_changer.keys)"
8.2617 	EXP 	welcomeText: text = "''.join(slide_changer.keys)"
8.2782 	EXP 	welcomeText: text = "''.join(slide_changer.keys)"
8.2946 	EXP 	welcomeText: text = "''.join(slide_changer.keys)"
8.3111 	EXP 	welcomeText: text = "''.join(slide_changer.keys)"
8.3281 	EXP 	welcomeText: text = "''.join(slide_changer.keys)"
8.3450 	EXP 	welcomeText: text = "''.join(slide_changer.keys)"
8.3617 	EXP 	welcomeText: text = "''.join(slide_changer.keys)"
8.3784 	EXP 	welcomeText: text = "''.join(slide_changer.keys)"
8.3945 	EXP 	welcomeText: text = "''.join(slide_changer.keys)"
8.4116 	EXP 	welcomeText: text = "''.join(slide_changer.keys)"
8.4280 	EXP 	welcomeText: text = "''.join(slide_changer.keys)"
8.4452 	EXP 	welcomeText: text = "''.join(slide_changer.keys)"
8.4616 	EXP 	welcomeText: text = "''.join(slide_changer.keys)"
8.4785 	EXP 	welcomeText: text = "''.join(slide_changer.keys)"
8.4945 	EXP 	welcomeText: text = "''.join(slide_changer.keys)"
8.5114 	EXP 	welcomeText: text = "''.join(slide_changer.keys)"
8.5285 	EXP 	welcomeText: text = "''.join(slide_changer.keys)"
8.5450 	EXP 	welcomeText: text = "''.join(slide_changer.keys)"
8.5618 	EXP 	welcomeText: text = "''.join(slide_changer.keys)"
8.5785 	EXP 	welcomeText: text = "''.join(slide_changer.keys)"
8.5945 	EXP 	welcomeText: text = "''.join(slide_changer.keys)"
8.6115 	EXP 	welcomeText: text = "''.join(slide_changer.keys)"
8.6284 	EXP 	welcomeText: text = "''.join(slide_changer.keys)"
8.6450 	EXP 	welcomeText: text = "''.join(slide_changer.keys)"
8.6616 	EXP 	welcomeText: text = "''.join(slide_changer.keys)"
8.6785 	EXP 	welcomeText: text = "''.join(slide_changer.keys)"
8.6945 	EXP 	welcomeText: text = "''.join(slide_changer.keys)"
8.7116 	EXP 	welcomeText: text = "''.join(slide_changer.keys)"
8.7284 	EXP 	welcomeText: text = "''.join(slide_changer.keys)"
8.7451 	EXP 	welcomeText: text = "''.join(slide_changer.keys)"
8.7619 	EXP 	welcomeText: text = "''.join(slide_changer.keys)"
8.7785 	EXP 	welcomeText: text = "''.join(slide_changer.keys)"
8.7946 	EXP 	welcomeText: text = "''.join(slide_changer.keys)"
8.8112 	EXP 	welcomeText: text = "''.join(slide_changer.keys)"
8.8282 	EXP 	welcomeText: text = "''.join(slide_changer.keys)"
8.8451 	EXP 	welcomeText: text = "''.join(slide_changer.keys)"
8.8619 	EXP 	welcomeText: text = "''.join(slide_changer.keys)"
8.8787 	EXP 	welcomeText: text = "''.join(slide_changer.keys)"
8.8948 	EXP 	welcomeText: text = "''.join(slide_changer.keys)"
8.9116 	EXP 	welcomeText: text = "''.join(slide_changer.keys)"
8.9284 	EXP 	welcomeText: text = "''.join(slide_changer.keys)"
8.9453 	EXP 	welcomeText: text = "''.join(slide_changer.keys)"
8.9621 	EXP 	welcomeText: text = "''.join(slide_changer.keys)"
8.9783 	EXP 	welcomeText: text = "''.join(slide_changer.keys)"
8.9948 	EXP 	welcomeText: text = "''.join(slide_changer.keys)"
9.0120 	EXP 	welcomeText: text = "''.join(slide_changer.keys)"
9.0283 	EXP 	welcomeText: text = "''.join(slide_changer.keys)"
9.0454 	EXP 	welcomeText: text = "''.join(slide_changer.keys)"
9.0622 	EXP 	welcomeText: text = "''.join(slide_changer.keys)"
9.0781 	EXP 	welcomeText: text = "''.join(slide_changer.keys)"
9.0949 	EXP 	welcomeText: text = "''.join(slide_changer.keys)"
9.1116 	EXP 	welcomeText: text = "''.join(slide_changer.keys)"
9.1283 	EXP 	welcomeText: text = "''.join(slide_changer.keys)"
9.1452 	EXP 	welcomeText: text = "''.join(slide_changer.keys)"
9.1623 	EXP 	welcomeText: text = "''.join(slide_changer.keys)"
9.1782 	EXP 	welcomeText: text = "''.join(slide_changer.keys)"
9.1949 	EXP 	welcomeText: text = "''.join(slide_changer.keys)"
9.2119 	EXP 	welcomeText: text = "''.join(slide_changer.keys)"
9.2287 	EXP 	welcomeText: text = "''.join(slide_changer.keys)"
9.2452 	EXP 	welcomeText: text = "''.join(slide_changer.keys)"
9.2621 	EXP 	welcomeText: text = "''.join(slide_changer.keys)"
9.2785 	EXP 	welcomeText: text = "''.join(slide_changer.keys)"
9.2948 	EXP 	welcomeText: text = "''.join(slide_changer.keys)"
9.3117 	EXP 	welcomeText: text = "''.join(slide_changer.keys)"
9.3288 	EXP 	welcomeText: text = "''.join(slide_changer.keys)"
9.3452 	EXP 	welcomeText: text = "''.join(slide_changer.keys)"
9.3621 	EXP 	welcomeText: text = "''.join(slide_changer.keys)"
9.3786 	EXP 	welcomeText: text = "''.join(slide_changer.keys)"
9.3948 	EXP 	welcomeText: text = "''.join(slide_changer.keys)"
9.4125 	EXP 	welcomeText: text = "''.join(slide_changer.keys)"
9.4284 	EXP 	welcomeText: text = "''.join(slide_changer.keys)"
9.4454 	EXP 	welcomeText: text = "''.join(slide_changer.keys)"
9.4618 	EXP 	welcomeText: text = "''.join(slide_changer.keys)"
9.4716 	DATA 	Keypress: j
9.4792 	EXP 	welcomeText: text = "''.join(slide_changer.keys)"
9.4950 	EXP 	welcomeText: text = "''.join(slide_changer.keys)"
9.4956 	DATA 	Keypress: n
9.5118 	EXP 	welcomeText: text = "''.join(slide_changer.keys)"
9.5288 	EXP 	welcomeText: text = "''.join(slide_changer.keys)"
9.5454 	EXP 	welcomeText: text = "''.join(slide_changer.keys)"
9.5622 	EXP 	welcomeText: text = "''.join(slide_changer.keys)"
9.5783 	EXP 	welcomeText: text = "''.join(slide_changer.keys)"
9.5953 	EXP 	welcomeText: text = "''.join(slide_changer.keys)"
9.6118 	EXP 	welcomeText: text = "''.join(slide_changer.keys)"
9.6287 	EXP 	welcomeText: text = "''.join(slide_changer.keys)"
9.6456 	EXP 	welcomeText: text = "''.join(slide_changer.keys)"
9.6623 	EXP 	welcomeText: text = "''.join(slide_changer.keys)"
9.6783 	EXP 	welcomeText: text = "''.join(slide_changer.keys)"
9.6949 	EXP 	welcomeText: text = "''.join(slide_changer.keys)"
9.7120 	EXP 	welcomeText: text = "''.join(slide_changer.keys)"
9.7288 	EXP 	welcomeText: text = "''.join(slide_changer.keys)"
9.7456 	EXP 	welcomeText: text = "''.join(slide_changer.keys)"
9.7622 	EXP 	welcomeText: text = "''.join(slide_changer.keys)"
9.7784 	EXP 	welcomeText: text = "''.join(slide_changer.keys)"
9.7950 	EXP 	welcomeText: text = "''.join(slide_changer.keys)"
9.8121 	EXP 	welcomeText: text = "''.join(slide_changer.keys)"
9.8288 	EXP 	welcomeText: text = "''.join(slide_changer.keys)"
9.8457 	EXP 	welcomeText: text = "''.join(slide_changer.keys)"
9.8623 	EXP 	welcomeText: text = "''.join(slide_changer.keys)"
9.8782 	EXP 	welcomeText: text = "''.join(slide_changer.keys)"
9.8950 	EXP 	welcomeText: text = "''.join(slide_changer.keys)"
9.9120 	EXP 	welcomeText: text = "''.join(slide_changer.keys)"
9.9289 	EXP 	welcomeText: text = "''.join(slide_changer.keys)"
9.9457 	EXP 	welcomeText: text = "''.join(slide_changer.keys)"
9.9623 	EXP 	welcomeText: text = "''.join(slide_changer.keys)"
9.9784 	EXP 	welcomeText: text = "''.join(slide_changer.keys)"
9.9952 	EXP 	welcomeText: text = "''.join(slide_changer.keys)"
10.0122 	EXP 	welcomeText: text = "''.join(slide_changer.keys)"
10.0290 	EXP 	welcomeText: text = "''.join(slide_changer.keys)"
10.0456 	EXP 	welcomeText: text = "''.join(slide_changer.keys)"
10.0621 	EXP 	welcomeText: text = "''.join(slide_changer.keys)"
10.0791 	EXP 	welcomeText: text = "''.join(slide_changer.keys)"
10.0952 	EXP 	welcomeText: text = "''.join(slide_changer.keys)"
10.1127 	EXP 	welcomeText: text = "''.join(slide_changer.keys)"
10.1291 	EXP 	welcomeText: text = "''.join(slide_changer.keys)"
10.1457 	EXP 	welcomeText: text = "''.join(slide_changer.keys)"
10.1622 	EXP 	welcomeText: text = "''.join(slide_changer.keys)"
10.1784 	EXP 	welcomeText: text = "''.join(slide_changer.keys)"
10.1951 	EXP 	welcomeText: text = "''.join(slide_changer.keys)"
10.2120 	EXP 	welcomeText: text = "''.join(slide_changer.keys)"
10.2289 	EXP 	welcomeText: text = "''.join(slide_changer.keys)"
10.2458 	EXP 	welcomeText: text = "''.join(slide_changer.keys)"
10.2622 	EXP 	welcomeText: text = "''.join(slide_changer.keys)"
10.2785 	EXP 	welcomeText: text = "''.join(slide_changer.keys)"
10.2950 	EXP 	welcomeText: text = "''.join(slide_changer.keys)"
10.3121 	EXP 	welcomeText: text = "''.join(slide_changer.keys)"
10.3290 	EXP 	welcomeText: text = "''.join(slide_changer.keys)"
10.3459 	EXP 	welcomeText: text = "''.join(slide_changer.keys)"
10.3622 	EXP 	welcomeText: text = "''.join(slide_changer.keys)"
10.3785 	EXP 	welcomeText: text = "''.join(slide_changer.keys)"
10.3792 	DATA 	Keypress: space
10.3953 	EXP 	welcomeText: text = "''.join(slide_changer.keys)"
10.4125 	EXP 	welcomeText: text = "''.join(slide_changer.keys)"
10.4289 	EXP 	welcomeText: text = "''.join(slide_changer.keys)"
10.4458 	EXP 	welcomeText: text = "''.join(slide_changer.keys)"
10.4623 	EXP 	welcomeText: text = "''.join(slide_changer.keys)"
10.4785 	EXP 	welcomeText: text = "''.join(slide_changer.keys)"
10.4951 	EXP 	welcomeText: text = "''.join(slide_changer.keys)"
10.5123 	EXP 	welcomeText: text = "''.join(slide_changer.keys)"
10.5290 	EXP 	welcomeText: text = "''.join(slide_changer.keys)"
10.5461 	EXP 	welcomeText: text = "''.join(slide_changer.keys)"
10.5624 	EXP 	welcomeText: text = "''.join(slide_changer.keys)"
10.5786 	EXP 	welcomeText: text = "''.join(slide_changer.keys)"
10.5954 	EXP 	welcomeText: text = "''.join(slide_changer.keys)"
10.6122 	EXP 	welcomeText: text = "''.join(slide_changer.keys)"
10.6224 	DATA 	Keypress: space
10.6295 	EXP 	welcomeText: text = "''.join(slide_changer.keys)"
10.6459 	EXP 	welcomeText: text = "''.join(slide_changer.keys)"
10.6624 	EXP 	welcomeText: text = "''.join(slide_changer.keys)"
10.6784 	EXP 	welcomeText: text = "''.join(slide_changer.keys)"
10.6959 	EXP 	welcomeText: text = "''.join(slide_changer.keys)"
10.7123 	EXP 	welcomeText: text = "''.join(slide_changer.keys)"
10.7290 	EXP 	welcomeText: text = "''.join(slide_changer.keys)"
10.7458 	EXP 	welcomeText: text = "''.join(slide_changer.keys)"
10.7619 	EXP 	welcomeText: text = "''.join(slide_changer.keys)"
10.7794 	EXP 	welcomeText: text = "''.join(slide_changer.keys)"
10.7954 	EXP 	welcomeText: text = "''.join(slide_changer.keys)"
10.8125 	EXP 	welcomeText: text = "''.join(slide_changer.keys)"
10.8289 	EXP 	welcomeText: text = "''.join(slide_changer.keys)"
10.8459 	EXP 	welcomeText: text = "''.join(slide_changer.keys)"
10.8552 	DATA 	Keypress: space
10.8628 	EXP 	welcomeText: text = "''.join(slide_changer.keys)"
10.8787 	EXP 	welcomeText: text = "''.join(slide_changer.keys)"
10.8955 	EXP 	welcomeText: text = "''.join(slide_changer.keys)"
10.9123 	EXP 	welcomeText: text = "''.join(slide_changer.keys)"
10.9292 	EXP 	welcomeText: text = "''.join(slide_changer.keys)"
10.9460 	EXP 	welcomeText: text = "''.join(slide_changer.keys)"
10.9625 	EXP 	welcomeText: text = "''.join(slide_changer.keys)"
10.9786 	EXP 	welcomeText: text = "''.join(slide_changer.keys)"
10.9956 	EXP 	welcomeText: text = "''.join(slide_changer.keys)"
11.0128 	EXP 	welcomeText: text = "''.join(slide_changer.keys)"
11.0292 	EXP 	welcomeText: text = "''.join(slide_changer.keys)"
11.0459 	EXP 	welcomeText: text = "''.join(slide_changer.keys)"
11.0620 	EXP 	welcomeText: text = "''.join(slide_changer.keys)"
11.0794 	EXP 	welcomeText: text = "''.join(slide_changer.keys)"
11.0886 	DATA 	Keypress: space
11.0961 	EXP 	welcomeText: text = "''.join(slide_changer.keys)"
11.1126 	EXP 	welcomeText: text = "''.join(slide_changer.keys)"
11.1294 	EXP 	welcomeText: text = "''.join(slide_changer.keys)"
11.1459 	EXP 	welcomeText: text = "''.join(slide_changer.keys)"
11.1626 	EXP 	welcomeText: text = "''.join(slide_changer.keys)"
11.1788 	EXP 	welcomeText: text = "''.join(slide_changer.keys)"
11.1958 	EXP 	welcomeText: text = "''.join(slide_changer.keys)"
11.2124 	EXP 	welcomeText: text = "''.join(slide_changer.keys)"
11.2293 	EXP 	welcomeText: text = "''.join(slide_changer.keys)"
11.2461 	EXP 	welcomeText: text = "''.join(slide_changer.keys)"
11.2627 	EXP 	welcomeText: text = "''.join(slide_changer.keys)"
11.2789 	EXP 	welcomeText: text = "''.join(slide_changer.keys)"
11.2956 	EXP 	welcomeText: text = "''.join(slide_changer.keys)"
11.3126 	EXP 	welcomeText: text = "''.join(slide_changer.keys)"
11.3222 	DATA 	Keypress: space
11.3297 	EXP 	welcomeText: text = "''.join(slide_changer.keys)"
11.3459 	EXP 	welcomeText: text = "''.join(slide_changer.keys)"
11.3629 	EXP 	welcomeText: text = "''.join(slide_changer.keys)"
11.3787 	EXP 	welcomeText: text = "''.join(slide_changer.keys)"
11.3958 	EXP 	welcomeText: text = "''.join(slide_changer.keys)"
11.4124 	EXP 	welcomeText: text = "''.join(slide_changer.keys)"
11.4294 	EXP 	welcomeText: text = "''.join(slide_changer.keys)"
11.4462 	EXP 	welcomeText: text = "''.join(slide_changer.keys)"
11.4624 	EXP 	welcomeText: text = "''.join(slide_changer.keys)"
11.4789 	EXP 	welcomeText: text = "''.join(slide_changer.keys)"
11.4956 	EXP 	welcomeText: text = "''.join(slide_changer.keys)"
11.5125 	EXP 	welcomeText: text = "''.join(slide_changer.keys)"
11.5296 	EXP 	welcomeText: text = "''.join(slide_changer.keys)"
11.5461 	EXP 	welcomeText: text = "''.join(slide_changer.keys)"
11.5624 	EXP 	welcomeText: text = "''.join(slide_changer.keys)"
11.5787 	EXP 	welcomeText: text = "''.join(slide_changer.keys)"
11.5957 	EXP 	welcomeText: text = "''.join(slide_changer.keys)"
11.6125 	EXP 	welcomeText: text = "''.join(slide_changer.keys)"
11.6293 	EXP 	welcomeText: text = "''.join(slide_changer.keys)"
11.6462 	EXP 	welcomeText: text = "''.join(slide_changer.keys)"
11.6624 	EXP 	welcomeText: text = "''.join(slide_changer.keys)"
11.6789 	EXP 	welcomeText: text = "''.join(slide_changer.keys)"
11.6958 	EXP 	welcomeText: text = "''.join(slide_changer.keys)"
11.7126 	EXP 	welcomeText: text = "''.join(slide_changer.keys)"
11.7294 	EXP 	welcomeText: text = "''.join(slide_changer.keys)"
11.7460 	EXP 	welcomeText: text = "''.join(slide_changer.keys)"
11.7628 	EXP 	welcomeText: text = "''.join(slide_changer.keys)"
11.7789 	EXP 	welcomeText: text = "''.join(slide_changer.keys)"
11.7957 	EXP 	welcomeText: text = "''.join(slide_changer.keys)"
11.8127 	EXP 	welcomeText: text = "''.join(slide_changer.keys)"
11.8292 	EXP 	welcomeText: text = "''.join(slide_changer.keys)"
11.8463 	EXP 	welcomeText: text = "''.join(slide_changer.keys)"
11.8623 	EXP 	welcomeText: text = "''.join(slide_changer.keys)"
11.8790 	EXP 	welcomeText: text = "''.join(slide_changer.keys)"
11.8957 	EXP 	welcomeText: text = "''.join(slide_changer.keys)"
11.9128 	EXP 	welcomeText: text = "''.join(slide_changer.keys)"
11.9295 	EXP 	welcomeText: text = "''.join(slide_changer.keys)"
11.9462 	EXP 	welcomeText: text = "''.join(slide_changer.keys)"
11.9622 	EXP 	welcomeText: text = "''.join(slide_changer.keys)"
11.9790 	EXP 	welcomeText: text = "''.join(slide_changer.keys)"
11.9958 	EXP 	welcomeText: text = "''.join(slide_changer.keys)"
12.0128 	EXP 	welcomeText: text = "''.join(slide_changer.keys)"
12.0294 	EXP 	welcomeText: text = "''.join(slide_changer.keys)"
12.0462 	EXP 	welcomeText: text = "''.join(slide_changer.keys)"
12.0624 	EXP 	welcomeText: text = "''.join(slide_changer.keys)"
12.0790 	EXP 	welcomeText: text = "''.join(slide_changer.keys)"
12.0959 	EXP 	welcomeText: text = "''.join(slide_changer.keys)"
12.1124 	EXP 	welcomeText: text = "''.join(slide_changer.keys)"
12.1294 	EXP 	welcomeText: text = "''.join(slide_changer.keys)"
12.1463 	EXP 	welcomeText: text = "''.join(slide_changer.keys)"
12.1625 	EXP 	welcomeText: text = "''.join(slide_changer.keys)"
12.1790 	EXP 	welcomeText: text = "''.join(slide_changer.keys)"
12.1956 	EXP 	welcomeText: text = "''.join(slide_changer.keys)"
12.2125 	EXP 	welcomeText: text = "''.join(slide_changer.keys)"
12.2296 	EXP 	welcomeText: text = "''.join(slide_changer.keys)"
12.2463 	EXP 	welcomeText: text = "''.join(slide_changer.keys)"
12.2625 	EXP 	welcomeText: text = "''.join(slide_changer.keys)"
12.2790 	EXP 	welcomeText: text = "''.join(slide_changer.keys)"
12.2960 	EXP 	welcomeText: text = "''.join(slide_changer.keys)"
12.3128 	EXP 	welcomeText: text = "''.join(slide_changer.keys)"
12.3296 	EXP 	welcomeText: text = "''.join(slide_changer.keys)"
12.3461 	EXP 	welcomeText: text = "''.join(slide_changer.keys)"
12.3623 	EXP 	welcomeText: text = "''.join(slide_changer.keys)"
12.3791 	EXP 	welcomeText: text = "''.join(slide_changer.keys)"
12.3955 	EXP 	welcomeText: text = "''.join(slide_changer.keys)"
12.4125 	EXP 	welcomeText: text = "''.join(slide_changer.keys)"
12.4297 	EXP 	welcomeText: text = "''.join(slide_changer.keys)"
12.4463 	EXP 	welcomeText: text = "''.join(slide_changer.keys)"
12.4623 	EXP 	welcomeText: text = "''.join(slide_changer.keys)"
12.4791 	EXP 	welcomeText: text = "''.join(slide_changer.keys)"
12.4956 	EXP 	welcomeText: text = "''.join(slide_changer.keys)"
12.5128 	EXP 	welcomeText: text = "''.join(slide_changer.keys)"
12.5297 	EXP 	welcomeText: text = "''.join(slide_changer.keys)"
12.5463 	EXP 	welcomeText: text = "''.join(slide_changer.keys)"
12.5625 	EXP 	welcomeText: text = "''.join(slide_changer.keys)"
12.5789 	EXP 	welcomeText: text = "''.join(slide_changer.keys)"
12.5960 	EXP 	welcomeText: text = "''.join(slide_changer.keys)"
12.6128 	EXP 	welcomeText: text = "''.join(slide_changer.keys)"
12.6297 	EXP 	welcomeText: text = "''.join(slide_changer.keys)"
12.6463 	EXP 	welcomeText: text = "''.join(slide_changer.keys)"
12.6624 	EXP 	welcomeText: text = "''.join(slide_changer.keys)"
12.6792 	EXP 	welcomeText: text = "''.join(slide_changer.keys)"
12.6959 	EXP 	welcomeText: text = "''.join(slide_changer.keys)"
12.7128 	EXP 	welcomeText: text = "''.join(slide_changer.keys)"
12.7297 	EXP 	welcomeText: text = "''.join(slide_changer.keys)"
12.7465 	EXP 	welcomeText: text = "''.join(slide_changer.keys)"
12.7623 	EXP 	welcomeText: text = "''.join(slide_changer.keys)"
12.7793 	EXP 	welcomeText: text = "''.join(slide_changer.keys)"
12.7960 	EXP 	welcomeText: text = "''.join(slide_changer.keys)"
12.8128 	EXP 	welcomeText: text = "''.join(slide_changer.keys)"
12.8295 	EXP 	welcomeText: text = "''.join(slide_changer.keys)"
12.8460 	EXP 	welcomeText: text = "''.join(slide_changer.keys)"
12.8625 	EXP 	welcomeText: text = "''.join(slide_changer.keys)"
12.8792 	EXP 	welcomeText: text = "''.join(slide_changer.keys)"
12.8961 	EXP 	welcomeText: text = "''.join(slide_changer.keys)"
12.9133 	EXP 	welcomeText: text = "''.join(slide_changer.keys)"
12.9296 	EXP 	welcomeText: text = "''.join(slide_changer.keys)"
12.9459 	EXP 	welcomeText: text = "''.join(slide_changer.keys)"
12.9621 	EXP 	welcomeText: text = "''.join(slide_changer.keys)"
12.9795 	EXP 	welcomeText: text = "''.join(slide_changer.keys)"
12.9961 	EXP 	welcomeText: text = "''.join(slide_changer.keys)"
13.0131 	EXP 	welcomeText: text = "''.join(slide_changer.keys)"
13.0294 	EXP 	welcomeText: text = "''.join(slide_changer.keys)"
13.0463 	EXP 	welcomeText: text = "''.join(slide_changer.keys)"
13.0626 	EXP 	welcomeText: text = "''.join(slide_changer.keys)"
13.0793 	EXP 	welcomeText: text = "''.join(slide_changer.keys)"
13.0961 	EXP 	welcomeText: text = "''.join(slide_changer.keys)"
13.1131 	EXP 	welcomeText: text = "''.join(slide_changer.keys)"
13.1299 	EXP 	welcomeText: text = "''.join(slide_changer.keys)"
13.1463 	EXP 	welcomeText: text = "''.join(slide_changer.keys)"
13.1624 	EXP 	welcomeText: text = "''.join(slide_changer.keys)"
13.1794 	EXP 	welcomeText: text = "''.join(slide_changer.keys)"
13.1962 	EXP 	welcomeText: text = "''.join(slide_changer.keys)"
13.2131 	EXP 	welcomeText: text = "''.join(slide_changer.keys)"
13.2300 	EXP 	welcomeText: text = "''.join(slide_changer.keys)"
13.2460 	EXP 	welcomeText: text = "''.join(slide_changer.keys)"
13.2631 	EXP 	welcomeText: text = "''.join(slide_changer.keys)"
13.2799 	EXP 	welcomeText: text = "''.join(slide_changer.keys)"
13.2968 	EXP 	welcomeText: text = "''.join(slide_changer.keys)"
13.3133 	EXP 	welcomeText: text = "''.join(slide_changer.keys)"
13.3296 	EXP 	welcomeText: text = "''.join(slide_changer.keys)"
13.3465 	EXP 	welcomeText: text = "''.join(slide_changer.keys)"
13.3628 	EXP 	welcomeText: text = "''.join(slide_changer.keys)"
13.3794 	EXP 	welcomeText: text = "''.join(slide_changer.keys)"
13.3964 	EXP 	welcomeText: text = "''.join(slide_changer.keys)"
13.4132 	EXP 	welcomeText: text = "''.join(slide_changer.keys)"
13.4300 	EXP 	welcomeText: text = "''.join(slide_changer.keys)"
13.4465 	EXP 	welcomeText: text = "''.join(slide_changer.keys)"
13.4625 	EXP 	welcomeText: text = "''.join(slide_changer.keys)"
13.4796 	EXP 	welcomeText: text = "''.join(slide_changer.keys)"
13.4965 	EXP 	welcomeText: text = "''.join(slide_changer.keys)"
13.5134 	EXP 	welcomeText: text = "''.join(slide_changer.keys)"
13.5301 	EXP 	welcomeText: text = "''.join(slide_changer.keys)"
13.5465 	EXP 	welcomeText: text = "''.join(slide_changer.keys)"
13.5627 	EXP 	welcomeText: text = "''.join(slide_changer.keys)"
13.5725 	DATA 	Keypress: escape
13.5796 	EXP 	welcomeText: text = "''.join(slide_changer.keys)"
13.6097 	EXP 	window1: mouseVisible = True
