0.3892 	WARNING 	We strongly recommend you activate the PTB sound engine in PsychoPy prefs as the preferred audio engine. Its timing is vastly superior. Your prefs are currently set to use ['sounddevice', 'PTB', 'pyo', 'pygame'] (in that order).
0.9968 	WARNING 	Import Error: No module named 'psychtoolbox'. Using event module for keyboard component.
2.1922 	WARNING 	User requested fullscreen with size [1536  864], but screen is actually [1920, 1080]. Using actual size
2.7381 	EXP 	Created window1 = Window(allowGUI=False, allowStencil=False, args=UNKNOWN, autoLog=True, bitsMode=UNKNOWN, blendMode='avg', bpc=(8, 8, 8), color=array([0., 0., 0.]), colorSpace='rgb', depthBits=8, fullscr=<method-wrapper '__getattribute__' of attributeSetter object at 0x7ff34db906a0>, gamma=None, gammaErrorPolicy='raise', kwargs=UNKNOWN, lms=UNKNOWN, monitor=<psychopy.monitors.calibTools.Monitor object at 0x7ff34c2504c0>, multiSample=False, name='window1', numSamples=2, pos=[0.0, 0.0], screen=0, size=array([1920, 1080]), stencilBits=0, stereo=False, units='height', useFBO=True, useRetina=False, viewOri=0.0, viewPos=None, viewScale=None, waitBlanking=True, winType='pyglet')
2.7385 	EXP 	window1: mouseVisible = True
2.7385 	EXP 	window1: recordFrameIntervals = False
2.9039 	EXP 	window1: recordFrameIntervals = True
3.0875 	EXP 	window1: recordFrameIntervals = False
3.1857 	EXP 	Created Intro_1 = TextStim(__class__=<class 'psychopy.visual.text.TextStim'>, alignHoriz=method-wrapper(...), alignText='center', alignVert=method-wrapper(...), anchorHoriz='center', anchorVert='center', antialias=True, autoLog=True, bold=False, color='white', colorSpace='named', contrast=1.0, depth=0.0, flipHoriz=False, flipVert=False, font='Arial', fontFiles=[], height=0.03, italic=False, languageStyle='LTR', name='Intro_1', opacity=1.0, ori=0, pos=array([0., 0.]), rgb=array([255., 255., 255.]), text=str(...), units='height', win=Window(...), wrapWidth=1)
3.1882 	EXP 	Created fixImg = ImageStim(__class__=<class 'psychopy.visual.image.ImageStim'>, autoLog=True, color=array([1., 1., 1.]), colorSpace='rgb', contrast=1.0, depth=0.0, flipHoriz=False, flipVert=False, image='sin', interpolate=True, mask=None, maskParams=None, name='fixImg', opacity=1.0, ori=0.0, pos=array([0., 0.]), size=array([1.8, 1. ]), texRes=128, units='height', win=Window(...))
3.1904 	EXP 	Created text_4 = TextStim(__class__=<class 'psychopy.visual.text.TextStim'>, alignHoriz=method-wrapper(...), alignText='center', alignVert=method-wrapper(...), anchorHoriz='center', anchorVert='center', antialias=True, autoLog=True, bold=False, color='red', colorSpace='named', contrast=1.0, depth=-1.0, flipHoriz=False, flipVert=False, font='Arial', fontFiles=[], height=0.03, italic=False, languageStyle='LTR', name='text_4', opacity=1.0, ori=0, pos=array([ 0. , -0.4]), rgb=array([255.,   0.,   0.]), text='Please wait, you are expriencing the delay!', units='height', win=Window(...), wrapWidth=1)
3.1916 	EXP 	Created delayImg = ImageStim(__class__=<class 'psychopy.visual.image.ImageStim'>, autoLog=True, color=array([1., 1., 1.]), colorSpace='rgb', contrast=1.0, depth=0.0, flipHoriz=False, flipVert=False, image='sin', interpolate=True, mask=None, maskParams=None, name='delayImg', opacity=1.0, ori=0.0, pos=array([0., 0.]), size=array([1.8, 1. ]), texRes=128, units='height', win=Window(...))
3.1934 	EXP 	Created text_3 = TextStim(__class__=<class 'psychopy.visual.text.TextStim'>, alignHoriz=method-wrapper(...), alignText='center', alignVert=method-wrapper(...), anchorHoriz='center', anchorVert='center', antialias=True, autoLog=True, bold=False, color='red', colorSpace='named', contrast=1.0, depth=-1.0, flipHoriz=False, flipVert=False, font='Arial', fontFiles=[], height=0.03, italic=False, languageStyle='LTR', name='text_3', opacity=1.0, ori=0, pos=array([ 0. , -0.4]), rgb=array([255.,   0.,   0.]), text='Please wait, you are expriencing the delay!', units='height', win=Window(...), wrapWidth=1)
3.1965 	EXP 	Created text_2 = TextStim(__class__=<class 'psychopy.visual.text.TextStim'>, alignHoriz=method-wrapper(...), alignText='center', alignVert=method-wrapper(...), anchorHoriz='center', anchorVert='center', antialias=True, autoLog=True, bold=False, color='white', colorSpace='named', contrast=1.0, depth=0.0, flipHoriz=False, flipVert=False, font='Arial', fontFiles=[], height=0.03, italic=False, languageStyle='LTR', name='text_2', opacity=1.0, ori=0, pos=array([0., 0.]), rgb=array([255., 255., 255.]), text=str(...), units='height', win=Window(...), wrapWidth=1)
3.1975 	EXP 	Created choiceImg = ImageStim(__class__=<class 'psychopy.visual.image.ImageStim'>, autoLog=True, color=array([1., 1., 1.]), colorSpace='rgb', contrast=1.0, depth=0.0, flipHoriz=False, flipVert=False, image='sin', interpolate=True, mask=None, maskParams=None, name='choiceImg', opacity=1.0, ori=0.0, pos=array([0., 0.]), size=array([1.8, 1. ]), texRes=128, units='height', win=Window(...))
3.2048 	EXP 	Created choiceWarning = TextStim(__class__=<class 'psychopy.visual.text.TextStim'>, alignHoriz=method-wrapper(...), alignText='center', alignVert=method-wrapper(...), anchorHoriz='center', anchorVert='center', antialias=True, autoLog=True, bold=False, color='red', colorSpace='named', contrast=1.0, depth=-2.0, flipHoriz=False, flipVert=False, font='Arial', fontFiles=[], height=0.05, italic=False, languageStyle='LTR', name='choiceWarning', opacity=1.0, ori=0, pos=array([ 0. , -0.3]), rgb=array([255.,   0.,   0.]), text='default text', units='height', win=Window(...), wrapWidth=1)
3.2077 	EXP 	Created text_5 = TextStim(__class__=<class 'psychopy.visual.text.TextStim'>, alignHoriz=method-wrapper(...), alignText='center', alignVert=method-wrapper(...), anchorHoriz='center', anchorVert='center', antialias=True, autoLog=True, bold=False, color='red', colorSpace='named', contrast=1.0, depth=-4.0, flipHoriz=False, flipVert=False, font='Arial', fontFiles=[], height=0.03, italic=False, languageStyle='LTR', name='text_5', opacity=1.0, ori=0, pos=array([ 0.  , -0.35]), rgb=array([255.,   0.,   0.]), text=str(...), units='height', win=Window(...), wrapWidth=1)
3.2087 	EXP 	Created leftImg = ImageStim(__class__=<class 'psychopy.visual.image.ImageStim'>, autoLog=True, color=array([1., 1., 1.]), colorSpace='rgb', contrast=1.0, depth=0.0, flipHoriz=False, flipVert=False, image='sin', interpolate=True, mask=None, maskParams=None, name='leftImg', opacity=1.0, ori=0.0, pos=array([0., 0.]), size=array([1.8, 1. ]), texRes=128, units='height', win=Window(...))
3.2097 	EXP 	Created rewardImgLeft = ImageStim(__class__=<class 'psychopy.visual.image.ImageStim'>, autoLog=True, color=array([1., 1., 1.]), colorSpace='rgb', contrast=1.0, depth=0.0, flipHoriz=False, flipVert=False, image='sin', interpolate=True, mask=None, maskParams=None, name='rewardImgLeft', opacity=1.0, ori=0.0, pos=array([0., 0.]), size=array([1.8, 1. ]), texRes=128, units='height', win=Window(...))
3.2164 	EXP 	Created rewardText = TextStim(__class__=<class 'psychopy.visual.text.TextStim'>, alignHoriz=method-wrapper(...), alignText='center', alignVert=method-wrapper(...), anchorHoriz='center', anchorVert='center', antialias=True, autoLog=True, bold=False, color='red', colorSpace='named', contrast=1.0, depth=-1.0, flipHoriz=False, flipVert=False, font='Arial', fontFiles=[], height=0.1, italic=False, languageStyle='LTR', name='rewardText', opacity=1.0, ori=0, pos=array([0., 0.]), rgb=array([255.,   0.,   0.]), text='default text', units='height', win=Window(...), wrapWidth=1)
3.2174 	EXP 	Created rightImg = ImageStim(__class__=<class 'psychopy.visual.image.ImageStim'>, autoLog=True, color=array([1., 1., 1.]), colorSpace='rgb', contrast=1.0, depth=0.0, flipHoriz=False, flipVert=False, image='sin', interpolate=True, mask=None, maskParams=None, name='rightImg', opacity=1.0, ori=0.0, pos=array([0., 0.]), size=array([1.8, 1. ]), texRes=128, units='height', win=Window(...))
3.2184 	EXP 	Created rewardImgRight = ImageStim(__class__=<class 'psychopy.visual.image.ImageStim'>, autoLog=True, color=array([1., 1., 1.]), colorSpace='rgb', contrast=1.0, depth=0.0, flipHoriz=False, flipVert=False, image='sin', interpolate=True, mask=None, maskParams=None, name='rewardImgRight', opacity=1.0, ori=0.0, pos=array([0., 0.]), size=array([1.8, 1. ]), texRes=128, units='height', win=Window(...))
3.2570 	EXP 	Created rightText = TextStim(__class__=<class 'psychopy.visual.text.TextStim'>, alignHoriz=method-wrapper(...), alignText='center', alignVert=method-wrapper(...), anchorHoriz='center', anchorVert='center', antialias=True, autoLog=True, bold=False, color='red', colorSpace='named', contrast=1.0, depth=-1.0, flipHoriz=False, flipVert=False, font='Arial', fontFiles=[], height=0.1, italic=False, languageStyle='LTR', name='rightText', opacity=1.0, ori=0, pos=array([0., 0.]), rgb=array([255.,   0.,   0.]), text='default text', units='height', win=Window(...), wrapWidth=1)
3.2637 	EXP 	Created block4 = ImageStim(__class__=<class 'psychopy.visual.image.ImageStim'>, autoLog=True, color=array([1., 1., 1.]), colorSpace='rgb', contrast=1.0, depth=0.0, flipHoriz=False, flipVert=False, image='img/coffee.jpeg', interpolate=True, mask=None, maskParams=None, name='block4', opacity=1.0, ori=0.0, pos=array([ 0.5, -0.2]), size=array([0.35, 0.35]), texRes=128, units='height', win=Window(...))
3.2670 	EXP 	Created block3 = ImageStim(__class__=<class 'psychopy.visual.image.ImageStim'>, autoLog=True, color=array([1., 1., 1.]), colorSpace='rgb', contrast=1.0, depth=-1.0, flipHoriz=False, flipVert=False, image='img/cake.jpeg', interpolate=True, mask=None, maskParams=None, name='block3', opacity=1.0, ori=0.0, pos=array([0.5, 0.2]), size=array([0.35, 0.35]), texRes=128, units='height', win=Window(...))
3.2697 	EXP 	Created block2 = ImageStim(__class__=<class 'psychopy.visual.image.ImageStim'>, autoLog=True, color=array([1., 1., 1.]), colorSpace='rgb', contrast=1.0, depth=-2.0, flipHoriz=False, flipVert=False, image='img/gummi.jpeg', interpolate=True, mask=None, maskParams=None, name='block2', opacity=1.0, ori=0.0, pos=array([-0.5, -0.2]), size=array([0.35, 0.35]), texRes=128, units='height', win=Window(...))
3.2886 	EXP 	Created block1 = ImageStim(__class__=<class 'psychopy.visual.image.ImageStim'>, autoLog=True, color=array([1., 1., 1.]), colorSpace='rgb', contrast=1.0, depth=-3.0, flipHoriz=False, flipVert=False, image='img/tea.jpeg', interpolate=True, mask=None, maskParams=None, name='block1', opacity=1.0, ori=0.0, pos=array([-0.5,  0.2]), size=array([0.35, 0.35]), texRes=128, units='height', win=Window(...))
3.2904 	EXP 	Created repeatText = TextStim(__class__=<class 'psychopy.visual.text.TextStim'>, alignHoriz=method-wrapper(...), alignText='center', alignVert=method-wrapper(...), anchorHoriz='center', anchorVert='center', antialias=True, autoLog=True, bold=False, color='white', colorSpace='named', contrast=1.0, depth=-4.0, flipHoriz=False, flipVert=False, font='Arial', fontFiles=[], height=0.05, italic=False, languageStyle='LTR', name='repeatText', opacity=1.0, ori=0, pos=array([0., 0.]), rgb=array([255., 255., 255.]), text='default text', units='height', win=Window(...), wrapWidth=1)
3.2942 	EXP 	Created text = TextStim(__class__=<class 'psychopy.visual.text.TextStim'>, alignHoriz=method-wrapper(...), alignText='center', alignVert=method-wrapper(...), anchorHoriz='center', anchorVert='center', antialias=True, autoLog=True, bold=False, color='white', colorSpace='named', contrast=1.0, depth=0.0, flipHoriz=False, flipVert=False, font='Arial', fontFiles=[], height=0.03, italic=False, languageStyle='LTR', name='text', opacity=1.0, ori=0, pos=array([0., 0.]), rgb=array([255., 255., 255.]), text='default text', units='height', win=Window(...), wrapWidth=1)
3.2996 	EXP 	Created endText = TextStim(__class__=<class 'psychopy.visual.text.TextStim'>, alignHoriz=method-wrapper(...), alignText='center', alignVert=method-wrapper(...), anchorHoriz='center', anchorVert='center', antialias=True, autoLog=True, bold=False, color='white', colorSpace='named', contrast=1.0, depth=0.0, flipHoriz=False, flipVert=False, font='Arial', fontFiles=[], height=0.05, italic=False, languageStyle='LTR', name='endText', opacity=1.0, ori=0, pos=array([0., 0.]), rgb=array([255., 255., 255.]), text=str(...), units='height', win=Window(...), wrapWidth=1)
3.3070 	EXP 	Intro_1: autoDraw = True
3.8715 	DATA 	Keypress: space
3.8731 	EXP 	Created sequence: sequential, trialTypes=1, nReps=200, seed=None
3.8762 	EXP 	New trial (rep=0, index=0): None
3.8771 	EXP 	Created sequence: random, trialTypes=1, nReps=0, seed=None
3.8782 	EXP 	Created sequence: sequential, trialTypes=1, nReps=0, seed=None
3.8789 	EXP 	Created sequence: sequential, trialTypes=1, nReps=0, seed=None
3.9396 	EXP 	Intro_1: autoDraw = False
3.9396 	EXP 	choiceImg: image = 'img/even_choice_4.png'
3.9396 	EXP 	choiceWarning: text = '32  for 67%              16  for 100%'
3.9396 	EXP 	choiceImg: autoDraw = True
3.9396 	EXP 	choiceWarning: autoDraw = True
3.9396 	EXP 	text_5: autoDraw = True
4.7882 	DATA 	Keypress: 1
4.7935 	EXP 	Created sequence: random, trialTypes=1, nReps=1, seed=None
4.7941 	EXP 	New trial (rep=0, index=0): None
4.8528 	EXP 	choiceImg: autoDraw = False
4.8528 	EXP 	choiceWarning: autoDraw = False
4.8528 	EXP 	text_5: autoDraw = False
4.8528 	EXP 	leftImg: image = 'img/even_8_circle_4.png'
4.8528 	EXP 	leftImg: autoDraw = True
7.9247 	EXP 	leftImg: autoDraw = False
7.9247 	EXP 	leftImg: autoDraw = False
7.9247 	EXP 	rewardImgLeft: opacity = 1.0
7.9247 	EXP 	rewardImgLeft: image = 'img/8m&m.png'
7.9247 	EXP 	rewardText: text = 'You got it!'
7.9247 	EXP 	rewardImgLeft: autoDraw = True
7.9247 	EXP 	rewardText: autoDraw = True
8.3645 	DATA 	Keypress: space
8.8568 	EXP 	Created sequence: random, trialTypes=1, nReps=0, seed=None
8.8883 	EXP 	rewardImgLeft: autoDraw = False
8.8883 	EXP 	rewardText: autoDraw = False
8.8883 	EXP 	block4: opacity = 0.0
8.8883 	EXP 	block3: opacity = 0.0
8.8883 	EXP 	block2: opacity = 0.0
8.8883 	EXP 	block1: opacity = 0.0
8.8883 	EXP 	repeatText: text = 'total gain:32 \n You are in level:0\n press space to continue'
8.8883 	EXP 	block4: autoDraw = True
8.8883 	EXP 	block3: autoDraw = True
8.8883 	EXP 	block2: autoDraw = True
8.8883 	EXP 	block1: autoDraw = True
8.8883 	EXP 	repeatText: autoDraw = True
9.4226 	DATA 	Keypress: space
9.4382 	EXP 	Created sequence: random, trialTypes=1, nReps=0, seed=None
9.4413 	EXP 	New trial (rep=1, index=0): None
9.4423 	EXP 	Created sequence: random, trialTypes=1, nReps=0, seed=None
9.4429 	EXP 	Created sequence: sequential, trialTypes=1, nReps=0, seed=None
9.4436 	EXP 	Created sequence: sequential, trialTypes=1, nReps=0, seed=None
9.4917 	EXP 	block4: autoDraw = False
9.4917 	EXP 	block3: autoDraw = False
9.4917 	EXP 	block2: autoDraw = False
9.4917 	EXP 	block1: autoDraw = False
9.4917 	EXP 	repeatText: autoDraw = False
9.4917 	EXP 	choiceImg: image = 'img/odd_choice_4.png'
9.4917 	EXP 	choiceWarning: text = '18  for 100%              32  for 67%'
9.4917 	EXP 	choiceImg: autoDraw = True
9.4917 	EXP 	choiceWarning: autoDraw = True
9.4917 	EXP 	text_5: autoDraw = True
10.8229 	DATA 	Keypress: 1
10.8276 	EXP 	Created sequence: random, trialTypes=1, nReps=1, seed=None
10.8282 	EXP 	New trial (rep=0, index=0): None
10.8877 	EXP 	choiceImg: autoDraw = False
10.8877 	EXP 	choiceWarning: autoDraw = False
10.8877 	EXP 	text_5: autoDraw = False
10.8877 	EXP 	leftImg: image = 'img/odd_4_circle.png'
10.8877 	EXP 	leftImg: autoDraw = True
11.9314 	EXP 	leftImg: autoDraw = False
11.9314 	EXP 	leftImg: autoDraw = False
11.9314 	EXP 	rewardImgLeft: opacity = 1.0
11.9314 	EXP 	rewardImgLeft: image = 'img/4m&m.png'
11.9314 	EXP 	rewardText: text = 'You got it!'
11.9314 	EXP 	rewardImgLeft: autoDraw = True
11.9314 	EXP 	rewardText: autoDraw = True
12.6565 	DATA 	Keypress: space
12.8905 	EXP 	Created sequence: random, trialTypes=1, nReps=0, seed=None
12.9157 	EXP 	rewardImgLeft: autoDraw = False
12.9157 	EXP 	rewardText: autoDraw = False
12.9157 	EXP 	block4: opacity = 0.0
12.9157 	EXP 	block3: opacity = 0.0
12.9157 	EXP 	block2: opacity = 0.0
12.9157 	EXP 	block1: opacity = 0.0
12.9157 	EXP 	repeatText: text = 'total gain:50 \n You are in level:0\n press space to continue'
12.9157 	EXP 	block4: autoDraw = True
12.9157 	EXP 	block3: autoDraw = True
12.9157 	EXP 	block2: autoDraw = True
12.9157 	EXP 	block1: autoDraw = True
12.9157 	EXP 	repeatText: autoDraw = True
13.0155 	DATA 	Keypress: space
13.0378 	EXP 	Created sequence: random, trialTypes=1, nReps=0, seed=None
13.0408 	EXP 	New trial (rep=2, index=0): None
13.0417 	EXP 	Created sequence: random, trialTypes=1, nReps=0, seed=None
13.0424 	EXP 	Created sequence: sequential, trialTypes=1, nReps=0, seed=None
13.0431 	EXP 	Created sequence: sequential, trialTypes=1, nReps=0, seed=None
13.0954 	EXP 	block4: autoDraw = False
13.0954 	EXP 	block3: autoDraw = False
13.0954 	EXP 	block2: autoDraw = False
13.0954 	EXP 	block1: autoDraw = False
13.0954 	EXP 	repeatText: autoDraw = False
13.0954 	EXP 	choiceImg: image = 'img/even_choice_4.png'
13.0954 	EXP 	choiceWarning: text = '32  for 67%              16  for 100%'
13.0954 	EXP 	choiceImg: autoDraw = True
13.0954 	EXP 	choiceWarning: autoDraw = True
13.0954 	EXP 	text_5: autoDraw = True
13.8241 	DATA 	Keypress: 2
13.8290 	EXP 	Created sequence: random, trialTypes=1, nReps=0, seed=None
13.8298 	EXP 	Created sequence: random, trialTypes=1, nReps=1, seed=None
13.8305 	EXP 	New trial (rep=0, index=0): None
13.8851 	EXP 	choiceImg: autoDraw = False
13.8851 	EXP 	choiceWarning: autoDraw = False
13.8851 	EXP 	text_5: autoDraw = False
13.8851 	EXP 	rightImg: image = 'img/even_4_circle.png'
13.8851 	EXP 	rightImg: autoDraw = True
13.9230 	DATA 	Keypress: 1
14.9582 	EXP 	rightImg: autoDraw = False
14.9582 	EXP 	rightImg: autoDraw = False
14.9582 	EXP 	rewardImgRight: opacity = 1.0
14.9582 	EXP 	rewardImgRight: image = 'img/4m&m.png'
14.9582 	EXP 	rightText: text = 'You got it!'
14.9582 	EXP 	rewardImgRight: autoDraw = True
14.9582 	EXP 	rightText: autoDraw = True
15.5405 	DATA 	Keypress: space
15.8326 	DATA 	Keypress: space
15.9151 	EXP 	rewardImgRight: autoDraw = False
15.9151 	EXP 	rightText: autoDraw = False
15.9151 	EXP 	block4: opacity = 0.0
15.9151 	EXP 	block3: opacity = 0.0
15.9151 	EXP 	block2: opacity = 0.0
15.9151 	EXP 	block1: opacity = 0.0
15.9151 	EXP 	repeatText: text = 'total gain:66 \n You are in level:0\n press space to continue'
15.9151 	EXP 	block4: autoDraw = True
15.9151 	EXP 	block3: autoDraw = True
15.9151 	EXP 	block2: autoDraw = True
15.9151 	EXP 	block1: autoDraw = True
15.9151 	EXP 	repeatText: autoDraw = True
16.5081 	DATA 	Keypress: space
16.5213 	EXP 	Created sequence: random, trialTypes=1, nReps=0, seed=None
16.5242 	EXP 	New trial (rep=3, index=0): None
16.5251 	EXP 	Created sequence: random, trialTypes=1, nReps=0, seed=None
16.5258 	EXP 	Created sequence: sequential, trialTypes=1, nReps=0, seed=None
16.5265 	EXP 	Created sequence: sequential, trialTypes=1, nReps=0, seed=None
16.5792 	EXP 	block4: autoDraw = False
16.5792 	EXP 	block3: autoDraw = False
16.5792 	EXP 	block2: autoDraw = False
16.5792 	EXP 	block1: autoDraw = False
16.5792 	EXP 	repeatText: autoDraw = False
16.5792 	EXP 	choiceImg: image = 'img/odd_choice_4.png'
16.5792 	EXP 	choiceWarning: text = '14  for 100%              32  for 67%'
16.5792 	EXP 	choiceImg: autoDraw = True
16.5792 	EXP 	choiceWarning: autoDraw = True
16.5792 	EXP 	text_5: autoDraw = True
17.0243 	DATA 	Keypress: 1
17.0294 	EXP 	Created sequence: random, trialTypes=1, nReps=1, seed=None
17.0301 	EXP 	New trial (rep=0, index=0): None
17.0856 	EXP 	choiceImg: autoDraw = False
17.0856 	EXP 	choiceWarning: autoDraw = False
17.0856 	EXP 	text_5: autoDraw = False
17.0856 	EXP 	leftImg: image = 'img/odd_4_circle.png'
17.0856 	EXP 	leftImg: autoDraw = True
18.1555 	EXP 	leftImg: autoDraw = False
18.1555 	EXP 	leftImg: autoDraw = False
18.1555 	EXP 	rewardImgLeft: opacity = 1.0
18.1555 	EXP 	rewardImgLeft: image = 'img/4m&m.png'
18.1555 	EXP 	rewardText: text = 'You got it!'
18.1555 	EXP 	rewardImgLeft: autoDraw = True
18.1555 	EXP 	rewardText: autoDraw = True
18.7085 	DATA 	Keypress: space
19.0926 	EXP 	Created sequence: random, trialTypes=1, nReps=0, seed=None
19.1200 	EXP 	rewardImgLeft: autoDraw = False
19.1200 	EXP 	rewardText: autoDraw = False
19.1200 	EXP 	block4: opacity = 0.0
19.1200 	EXP 	block3: opacity = 0.0
19.1200 	EXP 	block2: opacity = 0.0
19.1200 	EXP 	block1: opacity = 0.0
19.1200 	EXP 	repeatText: text = 'total gain:0 \n You are in level:0\n press space to continue'
19.1200 	EXP 	block4: autoDraw = True
19.1200 	EXP 	block3: autoDraw = True
19.1200 	EXP 	block2: autoDraw = True
19.1200 	EXP 	block1: autoDraw = True
19.1200 	EXP 	repeatText: autoDraw = True
19.4837 	DATA 	Keypress: space
19.5060 	EXP 	Created sequence: random, trialTypes=1, nReps=1, seed=None
19.5066 	EXP 	New trial (rep=0, index=0): None
19.5315 	EXP 	block4: autoDraw = False
19.5315 	EXP 	block3: autoDraw = False
19.5315 	EXP 	block2: autoDraw = False
19.5315 	EXP 	block1: autoDraw = False
19.5315 	EXP 	repeatText: autoDraw = False
19.5315 	EXP 	text: autoDraw = True
19.5315 	EXP 	text: text = 'This block has ended. \n \nTo start and experience the delay of the next block, press space.'
19.5394 	EXP 	text: text = 'This block has ended. \n \nTo start and experience the delay of the next block, press space.'
19.5473 	EXP 	text: text = 'This block has ended. \n \nTo start and experience the delay of the next block, press space.'
19.5567 	EXP 	text: text = 'This block has ended. \n \nTo start and experience the delay of the next block, press space.'
19.5743 	EXP 	text: text = 'This block has ended. \n \nTo start and experience the delay of the next block, press space.'
19.5911 	EXP 	text: text = 'This block has ended. \n \nTo start and experience the delay of the next block, press space.'
19.6075 	EXP 	text: text = 'This block has ended. \n \nTo start and experience the delay of the next block, press space.'
19.6239 	EXP 	text: text = 'This block has ended. \n \nTo start and experience the delay of the next block, press space.'
19.6407 	EXP 	text: text = 'This block has ended. \n \nTo start and experience the delay of the next block, press space.'
19.6575 	EXP 	text: text = 'This block has ended. \n \nTo start and experience the delay of the next block, press space.'
19.6743 	EXP 	text: text = 'This block has ended. \n \nTo start and experience the delay of the next block, press space.'
19.6911 	EXP 	text: text = 'This block has ended. \n \nTo start and experience the delay of the next block, press space.'
19.7080 	EXP 	text: text = 'This block has ended. \n \nTo start and experience the delay of the next block, press space.'
19.7240 	EXP 	text: text = 'This block has ended. \n \nTo start and experience the delay of the next block, press space.'
19.7406 	EXP 	text: text = 'This block has ended. \n \nTo start and experience the delay of the next block, press space.'
19.7575 	EXP 	text: text = 'This block has ended. \n \nTo start and experience the delay of the next block, press space.'
19.7746 	EXP 	text: text = 'This block has ended. \n \nTo start and experience the delay of the next block, press space.'
19.7913 	EXP 	text: text = 'This block has ended. \n \nTo start and experience the delay of the next block, press space.'
19.8079 	EXP 	text: text = 'This block has ended. \n \nTo start and experience the delay of the next block, press space.'
19.8241 	EXP 	text: text = 'This block has ended. \n \nTo start and experience the delay of the next block, press space.'
19.8407 	EXP 	text: text = 'This block has ended. \n \nTo start and experience the delay of the next block, press space.'
19.8575 	EXP 	text: text = 'This block has ended. \n \nTo start and experience the delay of the next block, press space.'
19.8737 	EXP 	text: text = 'This block has ended. \n \nTo start and experience the delay of the next block, press space.'
19.8901 	EXP 	text: text = 'This block has ended. \n \nTo start and experience the delay of the next block, press space.'
19.9069 	EXP 	text: text = 'This block has ended. \n \nTo start and experience the delay of the next block, press space.'
19.9241 	EXP 	text: text = 'This block has ended. \n \nTo start and experience the delay of the next block, press space.'
19.9399 	EXP 	text: text = 'This block has ended. \n \nTo start and experience the delay of the next block, press space.'
19.9569 	EXP 	text: text = 'This block has ended. \n \nTo start and experience the delay of the next block, press space.'
19.9746 	EXP 	text: text = 'This block has ended. \n \nTo start and experience the delay of the next block, press space.'
19.9913 	EXP 	text: text = 'This block has ended. \n \nTo start and experience the delay of the next block, press space.'
20.0077 	EXP 	text: text = 'This block has ended. \n \nTo start and experience the delay of the next block, press space.'
20.0241 	EXP 	text: text = 'This block has ended. \n \nTo start and experience the delay of the next block, press space.'
20.0409 	EXP 	text: text = 'This block has ended. \n \nTo start and experience the delay of the next block, press space.'
20.0576 	EXP 	text: text = 'This block has ended. \n \nTo start and experience the delay of the next block, press space.'
20.0746 	EXP 	text: text = 'This block has ended. \n \nTo start and experience the delay of the next block, press space.'
20.0914 	EXP 	text: text = 'This block has ended. \n \nTo start and experience the delay of the next block, press space.'
20.1074 	EXP 	text: text = 'This block has ended. \n \nTo start and experience the delay of the next block, press space.'
20.1240 	EXP 	text: text = 'This block has ended. \n \nTo start and experience the delay of the next block, press space.'
20.1410 	EXP 	text: text = 'This block has ended. \n \nTo start and experience the delay of the next block, press space.'
20.1577 	EXP 	text: text = 'This block has ended. \n \nTo start and experience the delay of the next block, press space.'
20.1744 	EXP 	text: text = 'This block has ended. \n \nTo start and experience the delay of the next block, press space.'
20.1914 	EXP 	text: text = 'This block has ended. \n \nTo start and experience the delay of the next block, press space.'
20.2074 	EXP 	text: text = 'This block has ended. \n \nTo start and experience the delay of the next block, press space.'
20.2240 	EXP 	text: text = 'This block has ended. \n \nTo start and experience the delay of the next block, press space.'
20.2408 	EXP 	text: text = 'This block has ended. \n \nTo start and experience the delay of the next block, press space.'
20.2578 	EXP 	text: text = 'This block has ended. \n \nTo start and experience the delay of the next block, press space.'
20.2747 	EXP 	text: text = 'This block has ended. \n \nTo start and experience the delay of the next block, press space.'
20.2914 	EXP 	text: text = 'This block has ended. \n \nTo start and experience the delay of the next block, press space.'
20.3076 	EXP 	text: text = 'This block has ended. \n \nTo start and experience the delay of the next block, press space.'
20.3241 	EXP 	text: text = 'This block has ended. \n \nTo start and experience the delay of the next block, press space.'
20.3410 	EXP 	text: text = 'This block has ended. \n \nTo start and experience the delay of the next block, press space.'
20.3578 	EXP 	text: text = 'This block has ended. \n \nTo start and experience the delay of the next block, press space.'
20.3746 	EXP 	text: text = 'This block has ended. \n \nTo start and experience the delay of the next block, press space.'
20.3914 	EXP 	text: text = 'This block has ended. \n \nTo start and experience the delay of the next block, press space.'
20.4075 	EXP 	text: text = 'This block has ended. \n \nTo start and experience the delay of the next block, press space.'
20.4242 	EXP 	text: text = 'This block has ended. \n \nTo start and experience the delay of the next block, press space.'
20.4411 	EXP 	text: text = 'This block has ended. \n \nTo start and experience the delay of the next block, press space.'
20.4578 	EXP 	text: text = 'This block has ended. \n \nTo start and experience the delay of the next block, press space.'
20.4746 	EXP 	text: text = 'This block has ended. \n \nTo start and experience the delay of the next block, press space.'
20.4915 	EXP 	text: text = 'This block has ended. \n \nTo start and experience the delay of the next block, press space.'
20.5075 	EXP 	text: text = 'This block has ended. \n \nTo start and experience the delay of the next block, press space.'
20.5243 	EXP 	text: text = 'This block has ended. \n \nTo start and experience the delay of the next block, press space.'
20.5412 	EXP 	text: text = 'This block has ended. \n \nTo start and experience the delay of the next block, press space.'
20.5579 	EXP 	text: text = 'This block has ended. \n \nTo start and experience the delay of the next block, press space.'
20.5747 	EXP 	text: text = 'This block has ended. \n \nTo start and experience the delay of the next block, press space.'
20.5916 	EXP 	text: text = 'This block has ended. \n \nTo start and experience the delay of the next block, press space.'
20.6075 	EXP 	text: text = 'This block has ended. \n \nTo start and experience the delay of the next block, press space.'
20.6248 	EXP 	text: text = 'This block has ended. \n \nTo start and experience the delay of the next block, press space.'
20.6413 	EXP 	text: text = 'This block has ended. \n \nTo start and experience the delay of the next block, press space.'
20.6580 	EXP 	text: text = 'This block has ended. \n \nTo start and experience the delay of the next block, press space.'
20.6749 	EXP 	text: text = 'This block has ended. \n \nTo start and experience the delay of the next block, press space.'
20.6916 	EXP 	text: text = 'This block has ended. \n \nTo start and experience the delay of the next block, press space.'
20.7075 	EXP 	text: text = 'This block has ended. \n \nTo start and experience the delay of the next block, press space.'
20.7243 	EXP 	text: text = 'This block has ended. \n \nTo start and experience the delay of the next block, press space.'
20.7412 	EXP 	text: text = 'This block has ended. \n \nTo start and experience the delay of the next block, press space.'
20.7580 	EXP 	text: text = 'This block has ended. \n \nTo start and experience the delay of the next block, press space.'
20.7749 	EXP 	text: text = 'This block has ended. \n \nTo start and experience the delay of the next block, press space.'
20.7916 	EXP 	text: text = 'This block has ended. \n \nTo start and experience the delay of the next block, press space.'
20.8079 	EXP 	text: text = 'This block has ended. \n \nTo start and experience the delay of the next block, press space.'
20.8243 	EXP 	text: text = 'This block has ended. \n \nTo start and experience the delay of the next block, press space.'
20.8412 	EXP 	text: text = 'This block has ended. \n \nTo start and experience the delay of the next block, press space.'
20.8579 	EXP 	text: text = 'This block has ended. \n \nTo start and experience the delay of the next block, press space.'
20.8746 	EXP 	text: text = 'This block has ended. \n \nTo start and experience the delay of the next block, press space.'
20.8912 	EXP 	text: text = 'This block has ended. \n \nTo start and experience the delay of the next block, press space.'
20.9080 	EXP 	text: text = 'This block has ended. \n \nTo start and experience the delay of the next block, press space.'
20.9243 	EXP 	text: text = 'This block has ended. \n \nTo start and experience the delay of the next block, press space.'
20.9410 	EXP 	text: text = 'This block has ended. \n \nTo start and experience the delay of the next block, press space.'
20.9578 	EXP 	text: text = 'This block has ended. \n \nTo start and experience the delay of the next block, press space.'
20.9748 	EXP 	text: text = 'This block has ended. \n \nTo start and experience the delay of the next block, press space.'
20.9914 	EXP 	text: text = 'This block has ended. \n \nTo start and experience the delay of the next block, press space.'
21.0078 	EXP 	text: text = 'This block has ended. \n \nTo start and experience the delay of the next block, press space.'
21.0242 	EXP 	text: text = 'This block has ended. \n \nTo start and experience the delay of the next block, press space.'
21.0411 	EXP 	text: text = 'This block has ended. \n \nTo start and experience the delay of the next block, press space.'
21.0580 	EXP 	text: text = 'This block has ended. \n \nTo start and experience the delay of the next block, press space.'
21.0749 	EXP 	text: text = 'This block has ended. \n \nTo start and experience the delay of the next block, press space.'
21.0918 	EXP 	text: text = 'This block has ended. \n \nTo start and experience the delay of the next block, press space.'
21.1078 	EXP 	text: text = 'This block has ended. \n \nTo start and experience the delay of the next block, press space.'
21.1243 	EXP 	text: text = 'This block has ended. \n \nTo start and experience the delay of the next block, press space.'
21.1411 	EXP 	text: text = 'This block has ended. \n \nTo start and experience the delay of the next block, press space.'
21.1582 	EXP 	text: text = 'This block has ended. \n \nTo start and experience the delay of the next block, press space.'
21.1750 	EXP 	text: text = 'This block has ended. \n \nTo start and experience the delay of the next block, press space.'
21.1917 	EXP 	text: text = 'This block has ended. \n \nTo start and experience the delay of the next block, press space.'
21.2075 	EXP 	text: text = 'This block has ended. \n \nTo start and experience the delay of the next block, press space.'
21.2243 	EXP 	text: text = 'This block has ended. \n \nTo start and experience the delay of the next block, press space.'
21.2412 	EXP 	text: text = 'This block has ended. \n \nTo start and experience the delay of the next block, press space.'
21.2580 	EXP 	text: text = 'This block has ended. \n \nTo start and experience the delay of the next block, press space.'
21.2750 	EXP 	text: text = 'This block has ended. \n \nTo start and experience the delay of the next block, press space.'
21.2915 	EXP 	text: text = 'This block has ended. \n \nTo start and experience the delay of the next block, press space.'
21.3080 	EXP 	text: text = 'This block has ended. \n \nTo start and experience the delay of the next block, press space.'
21.3244 	EXP 	text: text = 'This block has ended. \n \nTo start and experience the delay of the next block, press space.'
21.3414 	EXP 	text: text = 'This block has ended. \n \nTo start and experience the delay of the next block, press space.'
21.3580 	EXP 	text: text = 'This block has ended. \n \nTo start and experience the delay of the next block, press space.'
21.3747 	EXP 	text: text = 'This block has ended. \n \nTo start and experience the delay of the next block, press space.'
21.3916 	EXP 	text: text = 'This block has ended. \n \nTo start and experience the delay of the next block, press space.'
21.4078 	EXP 	text: text = 'This block has ended. \n \nTo start and experience the delay of the next block, press space.'
21.4244 	EXP 	text: text = 'This block has ended. \n \nTo start and experience the delay of the next block, press space.'
21.4412 	EXP 	text: text = 'This block has ended. \n \nTo start and experience the delay of the next block, press space.'
21.4583 	EXP 	text: text = 'This block has ended. \n \nTo start and experience the delay of the next block, press space.'
21.4751 	EXP 	text: text = 'This block has ended. \n \nTo start and experience the delay of the next block, press space.'
21.4919 	EXP 	text: text = 'This block has ended. \n \nTo start and experience the delay of the next block, press space.'
21.5081 	EXP 	text: text = 'This block has ended. \n \nTo start and experience the delay of the next block, press space.'
21.5244 	EXP 	text: text = 'This block has ended. \n \nTo start and experience the delay of the next block, press space.'
21.5413 	EXP 	text: text = 'This block has ended. \n \nTo start and experience the delay of the next block, press space.'
21.5582 	EXP 	text: text = 'This block has ended. \n \nTo start and experience the delay of the next block, press space.'
21.5745 	EXP 	text: text = 'This block has ended. \n \nTo start and experience the delay of the next block, press space.'
21.5919 	EXP 	text: text = 'This block has ended. \n \nTo start and experience the delay of the next block, press space.'
21.6080 	EXP 	text: text = 'This block has ended. \n \nTo start and experience the delay of the next block, press space.'
21.6244 	EXP 	text: text = 'This block has ended. \n \nTo start and experience the delay of the next block, press space.'
21.6413 	EXP 	text: text = 'This block has ended. \n \nTo start and experience the delay of the next block, press space.'
21.6581 	EXP 	text: text = 'This block has ended. \n \nTo start and experience the delay of the next block, press space.'
21.6752 	EXP 	text: text = 'This block has ended. \n \nTo start and experience the delay of the next block, press space.'
21.6919 	EXP 	text: text = 'This block has ended. \n \nTo start and experience the delay of the next block, press space.'
21.7080 	EXP 	text: text = 'This block has ended. \n \nTo start and experience the delay of the next block, press space.'
21.7244 	EXP 	text: text = 'This block has ended. \n \nTo start and experience the delay of the next block, press space.'
21.7414 	EXP 	text: text = 'This block has ended. \n \nTo start and experience the delay of the next block, press space.'
21.7581 	EXP 	text: text = 'This block has ended. \n \nTo start and experience the delay of the next block, press space.'
21.7750 	EXP 	text: text = 'This block has ended. \n \nTo start and experience the delay of the next block, press space.'
21.7919 	EXP 	text: text = 'This block has ended. \n \nTo start and experience the delay of the next block, press space.'
21.8079 	EXP 	text: text = 'This block has ended. \n \nTo start and experience the delay of the next block, press space.'
21.8245 	EXP 	text: text = 'This block has ended. \n \nTo start and experience the delay of the next block, press space.'
21.8415 	EXP 	text: text = 'This block has ended. \n \nTo start and experience the delay of the next block, press space.'
21.8581 	EXP 	text: text = 'This block has ended. \n \nTo start and experience the delay of the next block, press space.'
21.8747 	EXP 	text: text = 'This block has ended. \n \nTo start and experience the delay of the next block, press space.'
21.8918 	EXP 	text: text = 'This block has ended. \n \nTo start and experience the delay of the next block, press space.'
21.9078 	EXP 	text: text = 'This block has ended. \n \nTo start and experience the delay of the next block, press space.'
21.9245 	EXP 	text: text = 'This block has ended. \n \nTo start and experience the delay of the next block, press space.'
21.9415 	EXP 	text: text = 'This block has ended. \n \nTo start and experience the delay of the next block, press space.'
21.9581 	EXP 	text: text = 'This block has ended. \n \nTo start and experience the delay of the next block, press space.'
21.9750 	EXP 	text: text = 'This block has ended. \n \nTo start and experience the delay of the next block, press space.'
21.9918 	EXP 	text: text = 'This block has ended. \n \nTo start and experience the delay of the next block, press space.'
22.0079 	EXP 	text: text = 'This block has ended. \n \nTo start and experience the delay of the next block, press space.'
22.0245 	EXP 	text: text = 'This block has ended. \n \nTo start and experience the delay of the next block, press space.'
22.0416 	EXP 	text: text = 'This block has ended. \n \nTo start and experience the delay of the next block, press space.'
22.0583 	EXP 	text: text = 'This block has ended. \n \nTo start and experience the delay of the next block, press space.'
22.0754 	EXP 	text: text = 'This block has ended. \n \nTo start and experience the delay of the next block, press space.'
22.0920 	EXP 	text: text = 'This block has ended. \n \nTo start and experience the delay of the next block, press space.'
22.1079 	EXP 	text: text = 'This block has ended. \n \nTo start and experience the delay of the next block, press space.'
22.1247 	EXP 	text: text = 'This block has ended. \n \nTo start and experience the delay of the next block, press space.'
22.1414 	EXP 	text: text = 'This block has ended. \n \nTo start and experience the delay of the next block, press space.'
22.1581 	EXP 	text: text = 'This block has ended. \n \nTo start and experience the delay of the next block, press space.'
22.1750 	EXP 	text: text = 'This block has ended. \n \nTo start and experience the delay of the next block, press space.'
22.1918 	EXP 	text: text = 'This block has ended. \n \nTo start and experience the delay of the next block, press space.'
22.2078 	EXP 	text: text = 'This block has ended. \n \nTo start and experience the delay of the next block, press space.'
22.2247 	EXP 	text: text = 'This block has ended. \n \nTo start and experience the delay of the next block, press space.'
22.2417 	EXP 	text: text = 'This block has ended. \n \nTo start and experience the delay of the next block, press space.'
22.2583 	EXP 	text: text = 'This block has ended. \n \nTo start and experience the delay of the next block, press space.'
22.2752 	EXP 	text: text = 'This block has ended. \n \nTo start and experience the delay of the next block, press space.'
22.2918 	EXP 	text: text = 'This block has ended. \n \nTo start and experience the delay of the next block, press space.'
22.3081 	EXP 	text: text = 'This block has ended. \n \nTo start and experience the delay of the next block, press space.'
22.3246 	EXP 	text: text = 'This block has ended. \n \nTo start and experience the delay of the next block, press space.'
22.3416 	EXP 	text: text = 'This block has ended. \n \nTo start and experience the delay of the next block, press space.'
22.3583 	EXP 	text: text = 'This block has ended. \n \nTo start and experience the delay of the next block, press space.'
22.3753 	EXP 	text: text = 'This block has ended. \n \nTo start and experience the delay of the next block, press space.'
22.3919 	EXP 	text: text = 'This block has ended. \n \nTo start and experience the delay of the next block, press space.'
22.4079 	EXP 	text: text = 'This block has ended. \n \nTo start and experience the delay of the next block, press space.'
22.4247 	EXP 	text: text = 'This block has ended. \n \nTo start and experience the delay of the next block, press space.'
22.4416 	EXP 	text: text = 'This block has ended. \n \nTo start and experience the delay of the next block, press space.'
22.4584 	EXP 	text: text = 'This block has ended. \n \nTo start and experience the delay of the next block, press space.'
22.4754 	EXP 	text: text = 'This block has ended. \n \nTo start and experience the delay of the next block, press space.'
22.4921 	EXP 	text: text = 'This block has ended. \n \nTo start and experience the delay of the next block, press space.'
22.5079 	EXP 	text: text = 'This block has ended. \n \nTo start and experience the delay of the next block, press space.'
22.5246 	EXP 	text: text = 'This block has ended. \n \nTo start and experience the delay of the next block, press space.'
22.5416 	EXP 	text: text = 'This block has ended. \n \nTo start and experience the delay of the next block, press space.'
22.5585 	EXP 	text: text = 'This block has ended. \n \nTo start and experience the delay of the next block, press space.'
22.5751 	EXP 	text: text = 'This block has ended. \n \nTo start and experience the delay of the next block, press space.'
22.5917 	EXP 	text: text = 'This block has ended. \n \nTo start and experience the delay of the next block, press space.'
22.6082 	EXP 	text: text = 'This block has ended. \n \nTo start and experience the delay of the next block, press space.'
22.6254 	EXP 	text: text = 'This block has ended. \n \nTo start and experience the delay of the next block, press space.'
22.6414 	EXP 	text: text = 'This block has ended. \n \nTo start and experience the delay of the next block, press space.'
22.6574 	EXP 	text: text = 'This block has ended. \n \nTo start and experience the delay of the next block, press space.'
22.6763 	EXP 	text: text = 'This block has ended. \n \nTo start and experience the delay of the next block, press space.'
22.6914 	EXP 	text: text = 'This block has ended. \n \nTo start and experience the delay of the next block, press space.'
22.7077 	EXP 	text: text = 'This block has ended. \n \nTo start and experience the delay of the next block, press space.'
22.7246 	EXP 	text: text = 'This block has ended. \n \nTo start and experience the delay of the next block, press space.'
22.7417 	EXP 	text: text = 'This block has ended. \n \nTo start and experience the delay of the next block, press space.'
22.7584 	EXP 	text: text = 'This block has ended. \n \nTo start and experience the delay of the next block, press space.'
22.7752 	EXP 	text: text = 'This block has ended. \n \nTo start and experience the delay of the next block, press space.'
22.7919 	EXP 	text: text = 'This block has ended. \n \nTo start and experience the delay of the next block, press space.'
22.8080 	EXP 	text: text = 'This block has ended. \n \nTo start and experience the delay of the next block, press space.'
22.8249 	EXP 	text: text = 'This block has ended. \n \nTo start and experience the delay of the next block, press space.'
22.8419 	EXP 	text: text = 'This block has ended. \n \nTo start and experience the delay of the next block, press space.'
22.8584 	EXP 	text: text = 'This block has ended. \n \nTo start and experience the delay of the next block, press space.'
22.8756 	EXP 	text: text = 'This block has ended. \n \nTo start and experience the delay of the next block, press space.'
22.8915 	EXP 	text: text = 'This block has ended. \n \nTo start and experience the delay of the next block, press space.'
22.9081 	EXP 	text: text = 'This block has ended. \n \nTo start and experience the delay of the next block, press space.'
22.9246 	EXP 	text: text = 'This block has ended. \n \nTo start and experience the delay of the next block, press space.'
22.9423 	EXP 	text: text = 'This block has ended. \n \nTo start and experience the delay of the next block, press space.'
22.9587 	EXP 	text: text = 'This block has ended. \n \nTo start and experience the delay of the next block, press space.'
22.9755 	EXP 	text: text = 'This block has ended. \n \nTo start and experience the delay of the next block, press space.'
22.9914 	EXP 	text: text = 'This block has ended. \n \nTo start and experience the delay of the next block, press space.'
23.0083 	EXP 	text: text = 'This block has ended. \n \nTo start and experience the delay of the next block, press space.'
23.0250 	EXP 	text: text = 'This block has ended. \n \nTo start and experience the delay of the next block, press space.'
23.0420 	EXP 	text: text = 'This block has ended. \n \nTo start and experience the delay of the next block, press space.'
23.0586 	EXP 	text: text = 'This block has ended. \n \nTo start and experience the delay of the next block, press space.'
23.0755 	EXP 	text: text = 'This block has ended. \n \nTo start and experience the delay of the next block, press space.'
23.0915 	EXP 	text: text = 'This block has ended. \n \nTo start and experience the delay of the next block, press space.'
23.1080 	EXP 	text: text = 'This block has ended. \n \nTo start and experience the delay of the next block, press space.'
23.1250 	EXP 	text: text = 'This block has ended. \n \nTo start and experience the delay of the next block, press space.'
23.1418 	EXP 	text: text = 'This block has ended. \n \nTo start and experience the delay of the next block, press space.'
23.1586 	EXP 	text: text = 'This block has ended. \n \nTo start and experience the delay of the next block, press space.'
23.1755 	EXP 	text: text = 'This block has ended. \n \nTo start and experience the delay of the next block, press space.'
23.1918 	EXP 	text: text = 'This block has ended. \n \nTo start and experience the delay of the next block, press space.'
23.2080 	EXP 	text: text = 'This block has ended. \n \nTo start and experience the delay of the next block, press space.'
23.2249 	EXP 	text: text = 'This block has ended. \n \nTo start and experience the delay of the next block, press space.'
23.2420 	EXP 	text: text = 'This block has ended. \n \nTo start and experience the delay of the next block, press space.'
23.2586 	EXP 	text: text = 'This block has ended. \n \nTo start and experience the delay of the next block, press space.'
23.2755 	EXP 	text: text = 'This block has ended. \n \nTo start and experience the delay of the next block, press space.'
23.2917 	EXP 	text: text = 'This block has ended. \n \nTo start and experience the delay of the next block, press space.'
23.3084 	EXP 	text: text = 'This block has ended. \n \nTo start and experience the delay of the next block, press space.'
23.3250 	EXP 	text: text = 'This block has ended. \n \nTo start and experience the delay of the next block, press space.'
23.3420 	EXP 	text: text = 'This block has ended. \n \nTo start and experience the delay of the next block, press space.'
23.3588 	EXP 	text: text = 'This block has ended. \n \nTo start and experience the delay of the next block, press space.'
23.3756 	EXP 	text: text = 'This block has ended. \n \nTo start and experience the delay of the next block, press space.'
23.3921 	EXP 	text: text = 'This block has ended. \n \nTo start and experience the delay of the next block, press space.'
23.4083 	EXP 	text: text = 'This block has ended. \n \nTo start and experience the delay of the next block, press space.'
23.4251 	EXP 	text: text = 'This block has ended. \n \nTo start and experience the delay of the next block, press space.'
23.4420 	EXP 	text: text = 'This block has ended. \n \nTo start and experience the delay of the next block, press space.'
23.4589 	EXP 	text: text = 'This block has ended. \n \nTo start and experience the delay of the next block, press space.'
23.4757 	EXP 	text: text = 'This block has ended. \n \nTo start and experience the delay of the next block, press space.'
23.4919 	EXP 	text: text = 'This block has ended. \n \nTo start and experience the delay of the next block, press space.'
23.5082 	EXP 	text: text = 'This block has ended. \n \nTo start and experience the delay of the next block, press space.'
23.5253 	EXP 	text: text = 'This block has ended. \n \nTo start and experience the delay of the next block, press space.'
23.5420 	EXP 	text: text = 'This block has ended. \n \nTo start and experience the delay of the next block, press space.'
23.5588 	EXP 	text: text = 'This block has ended. \n \nTo start and experience the delay of the next block, press space.'
23.5756 	EXP 	text: text = 'This block has ended. \n \nTo start and experience the delay of the next block, press space.'
23.5919 	EXP 	text: text = 'This block has ended. \n \nTo start and experience the delay of the next block, press space.'
23.6082 	EXP 	text: text = 'This block has ended. \n \nTo start and experience the delay of the next block, press space.'
23.6251 	EXP 	text: text = 'This block has ended. \n \nTo start and experience the delay of the next block, press space.'
23.6419 	EXP 	text: text = 'This block has ended. \n \nTo start and experience the delay of the next block, press space.'
23.6588 	EXP 	text: text = 'This block has ended. \n \nTo start and experience the delay of the next block, press space.'
23.6758 	EXP 	text: text = 'This block has ended. \n \nTo start and experience the delay of the next block, press space.'
23.6915 	EXP 	text: text = 'This block has ended. \n \nTo start and experience the delay of the next block, press space.'
23.7082 	EXP 	text: text = 'This block has ended. \n \nTo start and experience the delay of the next block, press space.'
23.7252 	EXP 	text: text = 'This block has ended. \n \nTo start and experience the delay of the next block, press space.'
23.7419 	EXP 	text: text = 'This block has ended. \n \nTo start and experience the delay of the next block, press space.'
23.7589 	EXP 	text: text = 'This block has ended. \n \nTo start and experience the delay of the next block, press space.'
23.7755 	EXP 	text: text = 'This block has ended. \n \nTo start and experience the delay of the next block, press space.'
23.7919 	EXP 	text: text = 'This block has ended. \n \nTo start and experience the delay of the next block, press space.'
23.8082 	EXP 	text: text = 'This block has ended. \n \nTo start and experience the delay of the next block, press space.'
23.8252 	EXP 	text: text = 'This block has ended. \n \nTo start and experience the delay of the next block, press space.'
23.8421 	EXP 	text: text = 'This block has ended. \n \nTo start and experience the delay of the next block, press space.'
23.8588 	EXP 	text: text = 'This block has ended. \n \nTo start and experience the delay of the next block, press space.'
23.8759 	EXP 	text: text = 'This block has ended. \n \nTo start and experience the delay of the next block, press space.'
23.8921 	EXP 	text: text = 'This block has ended. \n \nTo start and experience the delay of the next block, press space.'
23.9083 	EXP 	text: text = 'This block has ended. \n \nTo start and experience the delay of the next block, press space.'
23.9252 	EXP 	text: text = 'This block has ended. \n \nTo start and experience the delay of the next block, press space.'
23.9421 	EXP 	text: text = 'This block has ended. \n \nTo start and experience the delay of the next block, press space.'
23.9590 	EXP 	text: text = 'This block has ended. \n \nTo start and experience the delay of the next block, press space.'
23.9756 	EXP 	text: text = 'This block has ended. \n \nTo start and experience the delay of the next block, press space.'
23.9916 	EXP 	text: text = 'This block has ended. \n \nTo start and experience the delay of the next block, press space.'
24.0083 	EXP 	text: text = 'This block has ended. \n \nTo start and experience the delay of the next block, press space.'
24.0253 	EXP 	text: text = 'This block has ended. \n \nTo start and experience the delay of the next block, press space.'
24.0424 	EXP 	text: text = 'This block has ended. \n \nTo start and experience the delay of the next block, press space.'
24.0590 	EXP 	text: text = 'This block has ended. \n \nTo start and experience the delay of the next block, press space.'
24.0756 	EXP 	text: text = 'This block has ended. \n \nTo start and experience the delay of the next block, press space.'
24.0919 	EXP 	text: text = 'This block has ended. \n \nTo start and experience the delay of the next block, press space.'
24.1085 	EXP 	text: text = 'This block has ended. \n \nTo start and experience the delay of the next block, press space.'
24.1253 	EXP 	text: text = 'This block has ended. \n \nTo start and experience the delay of the next block, press space.'
24.1423 	EXP 	text: text = 'This block has ended. \n \nTo start and experience the delay of the next block, press space.'
24.1591 	EXP 	text: text = 'This block has ended. \n \nTo start and experience the delay of the next block, press space.'
24.1756 	EXP 	text: text = 'This block has ended. \n \nTo start and experience the delay of the next block, press space.'
24.1918 	EXP 	text: text = 'This block has ended. \n \nTo start and experience the delay of the next block, press space.'
24.2083 	EXP 	text: text = 'This block has ended. \n \nTo start and experience the delay of the next block, press space.'
24.2251 	EXP 	text: text = 'This block has ended. \n \nTo start and experience the delay of the next block, press space.'
24.2419 	EXP 	text: text = 'This block has ended. \n \nTo start and experience the delay of the next block, press space.'
24.2589 	EXP 	text: text = 'This block has ended. \n \nTo start and experience the delay of the next block, press space.'
24.2757 	EXP 	text: text = 'This block has ended. \n \nTo start and experience the delay of the next block, press space.'
24.2916 	EXP 	text: text = 'This block has ended. \n \nTo start and experience the delay of the next block, press space.'
24.3083 	EXP 	text: text = 'This block has ended. \n \nTo start and experience the delay of the next block, press space.'
24.3253 	EXP 	text: text = 'This block has ended. \n \nTo start and experience the delay of the next block, press space.'
24.3421 	EXP 	text: text = 'This block has ended. \n \nTo start and experience the delay of the next block, press space.'
24.3591 	EXP 	text: text = 'This block has ended. \n \nTo start and experience the delay of the next block, press space.'
24.3759 	EXP 	text: text = 'This block has ended. \n \nTo start and experience the delay of the next block, press space.'
24.3919 	EXP 	text: text = 'This block has ended. \n \nTo start and experience the delay of the next block, press space.'
24.4084 	EXP 	text: text = 'This block has ended. \n \nTo start and experience the delay of the next block, press space.'
24.4254 	EXP 	text: text = 'This block has ended. \n \nTo start and experience the delay of the next block, press space.'
24.4422 	EXP 	text: text = 'This block has ended. \n \nTo start and experience the delay of the next block, press space.'
24.4594 	EXP 	text: text = 'This block has ended. \n \nTo start and experience the delay of the next block, press space.'
24.4751 	EXP 	text: text = 'This block has ended. \n \nTo start and experience the delay of the next block, press space.'
24.4927 	EXP 	text: text = 'This block has ended. \n \nTo start and experience the delay of the next block, press space.'
24.5084 	EXP 	text: text = 'This block has ended. \n \nTo start and experience the delay of the next block, press space.'
24.5254 	EXP 	text: text = 'This block has ended. \n \nTo start and experience the delay of the next block, press space.'
24.5422 	EXP 	text: text = 'This block has ended. \n \nTo start and experience the delay of the next block, press space.'
24.5594 	EXP 	text: text = 'This block has ended. \n \nTo start and experience the delay of the next block, press space.'
24.5747 	EXP 	text: text = 'This block has ended. \n \nTo start and experience the delay of the next block, press space.'
24.5921 	EXP 	text: text = 'This block has ended. \n \nTo start and experience the delay of the next block, press space.'
24.6082 	EXP 	text: text = 'This block has ended. \n \nTo start and experience the delay of the next block, press space.'
24.6254 	EXP 	text: text = 'This block has ended. \n \nTo start and experience the delay of the next block, press space.'
24.6421 	EXP 	text: text = 'This block has ended. \n \nTo start and experience the delay of the next block, press space.'
24.6593 	EXP 	text: text = 'This block has ended. \n \nTo start and experience the delay of the next block, press space.'
24.6759 	EXP 	text: text = 'This block has ended. \n \nTo start and experience the delay of the next block, press space.'
24.6919 	EXP 	text: text = 'This block has ended. \n \nTo start and experience the delay of the next block, press space.'
24.7085 	EXP 	text: text = 'This block has ended. \n \nTo start and experience the delay of the next block, press space.'
24.7255 	EXP 	text: text = 'This block has ended. \n \nTo start and experience the delay of the next block, press space.'
24.7423 	EXP 	text: text = 'This block has ended. \n \nTo start and experience the delay of the next block, press space.'
24.7590 	EXP 	text: text = 'This block has ended. \n \nTo start and experience the delay of the next block, press space.'
24.7760 	EXP 	text: text = 'This block has ended. \n \nTo start and experience the delay of the next block, press space.'
24.7919 	EXP 	text: text = 'This block has ended. \n \nTo start and experience the delay of the next block, press space.'
24.8085 	EXP 	text: text = 'This block has ended. \n \nTo start and experience the delay of the next block, press space.'
24.8257 	EXP 	text: text = 'This block has ended. \n \nTo start and experience the delay of the next block, press space.'
24.8421 	EXP 	text: text = 'This block has ended. \n \nTo start and experience the delay of the next block, press space.'
24.8589 	EXP 	text: text = 'This block has ended. \n \nTo start and experience the delay of the next block, press space.'
24.8759 	EXP 	text: text = 'This block has ended. \n \nTo start and experience the delay of the next block, press space.'
24.8920 	EXP 	text: text = 'This block has ended. \n \nTo start and experience the delay of the next block, press space.'
24.9086 	EXP 	text: text = 'This block has ended. \n \nTo start and experience the delay of the next block, press space.'
24.9256 	EXP 	text: text = 'This block has ended. \n \nTo start and experience the delay of the next block, press space.'
24.9423 	EXP 	text: text = 'This block has ended. \n \nTo start and experience the delay of the next block, press space.'
24.9592 	EXP 	text: text = 'This block has ended. \n \nTo start and experience the delay of the next block, press space.'
24.9760 	EXP 	text: text = 'This block has ended. \n \nTo start and experience the delay of the next block, press space.'
24.9919 	EXP 	text: text = 'This block has ended. \n \nTo start and experience the delay of the next block, press space.'
25.0087 	EXP 	text: text = 'This block has ended. \n \nTo start and experience the delay of the next block, press space.'
25.0256 	EXP 	text: text = 'This block has ended. \n \nTo start and experience the delay of the next block, press space.'
25.0429 	EXP 	text: text = 'This block has ended. \n \nTo start and experience the delay of the next block, press space.'
25.0593 	EXP 	text: text = 'This block has ended. \n \nTo start and experience the delay of the next block, press space.'
25.0760 	EXP 	text: text = 'This block has ended. \n \nTo start and experience the delay of the next block, press space.'
25.0919 	EXP 	text: text = 'This block has ended. \n \nTo start and experience the delay of the next block, press space.'
25.1086 	EXP 	text: text = 'This block has ended. \n \nTo start and experience the delay of the next block, press space.'
25.1256 	EXP 	text: text = 'This block has ended. \n \nTo start and experience the delay of the next block, press space.'
25.1424 	EXP 	text: text = 'This block has ended. \n \nTo start and experience the delay of the next block, press space.'
25.1592 	EXP 	text: text = 'This block has ended. \n \nTo start and experience the delay of the next block, press space.'
25.1759 	EXP 	text: text = 'This block has ended. \n \nTo start and experience the delay of the next block, press space.'
25.1921 	EXP 	text: text = 'This block has ended. \n \nTo start and experience the delay of the next block, press space.'
25.2087 	EXP 	text: text = 'This block has ended. \n \nTo start and experience the delay of the next block, press space.'
25.2256 	EXP 	text: text = 'This block has ended. \n \nTo start and experience the delay of the next block, press space.'
25.2424 	EXP 	text: text = 'This block has ended. \n \nTo start and experience the delay of the next block, press space.'
25.2593 	EXP 	text: text = 'This block has ended. \n \nTo start and experience the delay of the next block, press space.'
25.2758 	EXP 	text: text = 'This block has ended. \n \nTo start and experience the delay of the next block, press space.'
25.2921 	EXP 	text: text = 'This block has ended. \n \nTo start and experience the delay of the next block, press space.'
25.3086 	EXP 	text: text = 'This block has ended. \n \nTo start and experience the delay of the next block, press space.'
25.3257 	EXP 	text: text = 'This block has ended. \n \nTo start and experience the delay of the next block, press space.'
25.3425 	EXP 	text: text = 'This block has ended. \n \nTo start and experience the delay of the next block, press space.'
25.3593 	EXP 	text: text = 'This block has ended. \n \nTo start and experience the delay of the next block, press space.'
25.3761 	EXP 	text: text = 'This block has ended. \n \nTo start and experience the delay of the next block, press space.'
25.3921 	EXP 	text: text = 'This block has ended. \n \nTo start and experience the delay of the next block, press space.'
25.4086 	EXP 	text: text = 'This block has ended. \n \nTo start and experience the delay of the next block, press space.'
25.4258 	EXP 	text: text = 'This block has ended. \n \nTo start and experience the delay of the next block, press space.'
25.4425 	EXP 	text: text = 'This block has ended. \n \nTo start and experience the delay of the next block, press space.'
25.4594 	EXP 	text: text = 'This block has ended. \n \nTo start and experience the delay of the next block, press space.'
25.4754 	EXP 	text: text = 'This block has ended. \n \nTo start and experience the delay of the next block, press space.'
25.4920 	EXP 	text: text = 'This block has ended. \n \nTo start and experience the delay of the next block, press space.'
25.5087 	EXP 	text: text = 'This block has ended. \n \nTo start and experience the delay of the next block, press space.'
25.5258 	EXP 	text: text = 'This block has ended. \n \nTo start and experience the delay of the next block, press space.'
25.5426 	EXP 	text: text = 'This block has ended. \n \nTo start and experience the delay of the next block, press space.'
25.5593 	EXP 	text: text = 'This block has ended. \n \nTo start and experience the delay of the next block, press space.'
25.5760 	EXP 	text: text = 'This block has ended. \n \nTo start and experience the delay of the next block, press space.'
25.5922 	EXP 	text: text = 'This block has ended. \n \nTo start and experience the delay of the next block, press space.'
25.6088 	EXP 	text: text = 'This block has ended. \n \nTo start and experience the delay of the next block, press space.'
25.6259 	EXP 	text: text = 'This block has ended. \n \nTo start and experience the delay of the next block, press space.'
25.6429 	EXP 	text: text = 'This block has ended. \n \nTo start and experience the delay of the next block, press space.'
25.6594 	EXP 	text: text = 'This block has ended. \n \nTo start and experience the delay of the next block, press space.'
25.6759 	EXP 	text: text = 'This block has ended. \n \nTo start and experience the delay of the next block, press space.'
25.6921 	EXP 	text: text = 'This block has ended. \n \nTo start and experience the delay of the next block, press space.'
25.7088 	EXP 	text: text = 'This block has ended. \n \nTo start and experience the delay of the next block, press space.'
25.7259 	EXP 	text: text = 'This block has ended. \n \nTo start and experience the delay of the next block, press space.'
25.7427 	EXP 	text: text = 'This block has ended. \n \nTo start and experience the delay of the next block, press space.'
25.7595 	EXP 	text: text = 'This block has ended. \n \nTo start and experience the delay of the next block, press space.'
25.7754 	EXP 	text: text = 'This block has ended. \n \nTo start and experience the delay of the next block, press space.'
25.7923 	EXP 	text: text = 'This block has ended. \n \nTo start and experience the delay of the next block, press space.'
25.8089 	EXP 	text: text = 'This block has ended. \n \nTo start and experience the delay of the next block, press space.'
25.8259 	EXP 	text: text = 'This block has ended. \n \nTo start and experience the delay of the next block, press space.'
25.8428 	EXP 	text: text = 'This block has ended. \n \nTo start and experience the delay of the next block, press space.'
25.8596 	EXP 	text: text = 'This block has ended. \n \nTo start and experience the delay of the next block, press space.'
25.8756 	EXP 	text: text = 'This block has ended. \n \nTo start and experience the delay of the next block, press space.'
25.8924 	EXP 	text: text = 'This block has ended. \n \nTo start and experience the delay of the next block, press space.'
25.9092 	EXP 	text: text = 'This block has ended. \n \nTo start and experience the delay of the next block, press space.'
25.9260 	EXP 	text: text = 'This block has ended. \n \nTo start and experience the delay of the next block, press space.'
25.9427 	EXP 	text: text = 'This block has ended. \n \nTo start and experience the delay of the next block, press space.'
25.9594 	EXP 	text: text = 'This block has ended. \n \nTo start and experience the delay of the next block, press space.'
25.9758 	EXP 	text: text = 'This block has ended. \n \nTo start and experience the delay of the next block, press space.'
25.9923 	EXP 	text: text = 'This block has ended. \n \nTo start and experience the delay of the next block, press space.'
26.0095 	EXP 	text: text = 'This block has ended. \n \nTo start and experience the delay of the next block, press space.'
26.0258 	EXP 	text: text = 'This block has ended. \n \nTo start and experience the delay of the next block, press space.'
26.0429 	EXP 	text: text = 'This block has ended. \n \nTo start and experience the delay of the next block, press space.'
26.0596 	EXP 	text: text = 'This block has ended. \n \nTo start and experience the delay of the next block, press space.'
26.0756 	EXP 	text: text = 'This block has ended. \n \nTo start and experience the delay of the next block, press space.'
26.0922 	EXP 	text: text = 'This block has ended. \n \nTo start and experience the delay of the next block, press space.'
26.1090 	EXP 	text: text = 'This block has ended. \n \nTo start and experience the delay of the next block, press space.'
26.1260 	EXP 	text: text = 'This block has ended. \n \nTo start and experience the delay of the next block, press space.'
26.1430 	EXP 	text: text = 'This block has ended. \n \nTo start and experience the delay of the next block, press space.'
26.1595 	EXP 	text: text = 'This block has ended. \n \nTo start and experience the delay of the next block, press space.'
26.1759 	EXP 	text: text = 'This block has ended. \n \nTo start and experience the delay of the next block, press space.'
26.1923 	EXP 	text: text = 'This block has ended. \n \nTo start and experience the delay of the next block, press space.'
26.2091 	EXP 	text: text = 'This block has ended. \n \nTo start and experience the delay of the next block, press space.'
26.2260 	EXP 	text: text = 'This block has ended. \n \nTo start and experience the delay of the next block, press space.'
26.2428 	EXP 	text: text = 'This block has ended. \n \nTo start and experience the delay of the next block, press space.'
26.2595 	EXP 	text: text = 'This block has ended. \n \nTo start and experience the delay of the next block, press space.'
26.2758 	EXP 	text: text = 'This block has ended. \n \nTo start and experience the delay of the next block, press space.'
26.2925 	EXP 	text: text = 'This block has ended. \n \nTo start and experience the delay of the next block, press space.'
26.3092 	EXP 	text: text = 'This block has ended. \n \nTo start and experience the delay of the next block, press space.'
26.3260 	EXP 	text: text = 'This block has ended. \n \nTo start and experience the delay of the next block, press space.'
26.3428 	EXP 	text: text = 'This block has ended. \n \nTo start and experience the delay of the next block, press space.'
26.3597 	EXP 	text: text = 'This block has ended. \n \nTo start and experience the delay of the next block, press space.'
26.3755 	EXP 	text: text = 'This block has ended. \n \nTo start and experience the delay of the next block, press space.'
26.3922 	EXP 	text: text = 'This block has ended. \n \nTo start and experience the delay of the next block, press space.'
26.4093 	EXP 	text: text = 'This block has ended. \n \nTo start and experience the delay of the next block, press space.'
26.4259 	EXP 	text: text = 'This block has ended. \n \nTo start and experience the delay of the next block, press space.'
26.4428 	EXP 	text: text = 'This block has ended. \n \nTo start and experience the delay of the next block, press space.'
26.4595 	EXP 	text: text = 'This block has ended. \n \nTo start and experience the delay of the next block, press space.'
26.4759 	EXP 	text: text = 'This block has ended. \n \nTo start and experience the delay of the next block, press space.'
26.4923 	EXP 	text: text = 'This block has ended. \n \nTo start and experience the delay of the next block, press space.'
26.5092 	EXP 	text: text = 'This block has ended. \n \nTo start and experience the delay of the next block, press space.'
26.5260 	EXP 	text: text = 'This block has ended. \n \nTo start and experience the delay of the next block, press space.'
26.5430 	EXP 	text: text = 'This block has ended. \n \nTo start and experience the delay of the next block, press space.'
26.5598 	EXP 	text: text = 'This block has ended. \n \nTo start and experience the delay of the next block, press space.'
26.5756 	EXP 	text: text = 'This block has ended. \n \nTo start and experience the delay of the next block, press space.'
26.5924 	EXP 	text: text = 'This block has ended. \n \nTo start and experience the delay of the next block, press space.'
26.6091 	EXP 	text: text = 'This block has ended. \n \nTo start and experience the delay of the next block, press space.'
26.6263 	EXP 	text: text = 'This block has ended. \n \nTo start and experience the delay of the next block, press space.'
26.6431 	EXP 	text: text = 'This block has ended. \n \nTo start and experience the delay of the next block, press space.'
26.6598 	EXP 	text: text = 'This block has ended. \n \nTo start and experience the delay of the next block, press space.'
26.6761 	EXP 	text: text = 'This block has ended. \n \nTo start and experience the delay of the next block, press space.'
26.6924 	EXP 	text: text = 'This block has ended. \n \nTo start and experience the delay of the next block, press space.'
26.7094 	EXP 	text: text = 'This block has ended. \n \nTo start and experience the delay of the next block, press space.'
26.7263 	EXP 	text: text = 'This block has ended. \n \nTo start and experience the delay of the next block, press space.'
26.7431 	EXP 	text: text = 'This block has ended. \n \nTo start and experience the delay of the next block, press space.'
26.7597 	EXP 	text: text = 'This block has ended. \n \nTo start and experience the delay of the next block, press space.'
26.7759 	EXP 	text: text = 'This block has ended. \n \nTo start and experience the delay of the next block, press space.'
26.7924 	EXP 	text: text = 'This block has ended. \n \nTo start and experience the delay of the next block, press space.'
26.8093 	EXP 	text: text = 'This block has ended. \n \nTo start and experience the delay of the next block, press space.'
26.8262 	EXP 	text: text = 'This block has ended. \n \nTo start and experience the delay of the next block, press space.'
26.8430 	EXP 	text: text = 'This block has ended. \n \nTo start and experience the delay of the next block, press space.'
26.8597 	EXP 	text: text = 'This block has ended. \n \nTo start and experience the delay of the next block, press space.'
26.8759 	EXP 	text: text = 'This block has ended. \n \nTo start and experience the delay of the next block, press space.'
26.8925 	EXP 	text: text = 'This block has ended. \n \nTo start and experience the delay of the next block, press space.'
26.9095 	EXP 	text: text = 'This block has ended. \n \nTo start and experience the delay of the next block, press space.'
26.9264 	EXP 	text: text = 'This block has ended. \n \nTo start and experience the delay of the next block, press space.'
26.9431 	EXP 	text: text = 'This block has ended. \n \nTo start and experience the delay of the next block, press space.'
26.9598 	EXP 	text: text = 'This block has ended. \n \nTo start and experience the delay of the next block, press space.'
26.9761 	EXP 	text: text = 'This block has ended. \n \nTo start and experience the delay of the next block, press space.'
26.9924 	EXP 	text: text = 'This block has ended. \n \nTo start and experience the delay of the next block, press space.'
27.0093 	EXP 	text: text = 'This block has ended. \n \nTo start and experience the delay of the next block, press space.'
27.0260 	EXP 	text: text = 'This block has ended. \n \nTo start and experience the delay of the next block, press space.'
27.0431 	EXP 	text: text = 'This block has ended. \n \nTo start and experience the delay of the next block, press space.'
27.0599 	EXP 	text: text = 'This block has ended. \n \nTo start and experience the delay of the next block, press space.'
27.0759 	EXP 	text: text = 'This block has ended. \n \nTo start and experience the delay of the next block, press space.'
27.0924 	EXP 	text: text = 'This block has ended. \n \nTo start and experience the delay of the next block, press space.'
27.1093 	EXP 	text: text = 'This block has ended. \n \nTo start and experience the delay of the next block, press space.'
27.1262 	EXP 	text: text = 'This block has ended. \n \nTo start and experience the delay of the next block, press space.'
27.1432 	EXP 	text: text = 'This block has ended. \n \nTo start and experience the delay of the next block, press space.'
27.1598 	EXP 	text: text = 'This block has ended. \n \nTo start and experience the delay of the next block, press space.'
27.1759 	EXP 	text: text = 'This block has ended. \n \nTo start and experience the delay of the next block, press space.'
27.1925 	EXP 	text: text = 'This block has ended. \n \nTo start and experience the delay of the next block, press space.'
27.2093 	EXP 	text: text = 'This block has ended. \n \nTo start and experience the delay of the next block, press space.'
27.2263 	EXP 	text: text = 'This block has ended. \n \nTo start and experience the delay of the next block, press space.'
27.2432 	EXP 	text: text = 'This block has ended. \n \nTo start and experience the delay of the next block, press space.'
27.2599 	EXP 	text: text = 'This block has ended. \n \nTo start and experience the delay of the next block, press space.'
27.2759 	EXP 	text: text = 'This block has ended. \n \nTo start and experience the delay of the next block, press space.'
27.2927 	EXP 	text: text = 'This block has ended. \n \nTo start and experience the delay of the next block, press space.'
27.3094 	EXP 	text: text = 'This block has ended. \n \nTo start and experience the delay of the next block, press space.'
27.3264 	EXP 	text: text = 'This block has ended. \n \nTo start and experience the delay of the next block, press space.'
27.3432 	EXP 	text: text = 'This block has ended. \n \nTo start and experience the delay of the next block, press space.'
27.3599 	EXP 	text: text = 'This block has ended. \n \nTo start and experience the delay of the next block, press space.'
27.3761 	EXP 	text: text = 'This block has ended. \n \nTo start and experience the delay of the next block, press space.'
27.3926 	EXP 	text: text = 'This block has ended. \n \nTo start and experience the delay of the next block, press space.'
27.4094 	EXP 	text: text = 'This block has ended. \n \nTo start and experience the delay of the next block, press space.'
27.4263 	EXP 	text: text = 'This block has ended. \n \nTo start and experience the delay of the next block, press space.'
27.4433 	EXP 	text: text = 'This block has ended. \n \nTo start and experience the delay of the next block, press space.'
27.4599 	EXP 	text: text = 'This block has ended. \n \nTo start and experience the delay of the next block, press space.'
27.4759 	EXP 	text: text = 'This block has ended. \n \nTo start and experience the delay of the next block, press space.'
27.4929 	EXP 	text: text = 'This block has ended. \n \nTo start and experience the delay of the next block, press space.'
27.5095 	EXP 	text: text = 'This block has ended. \n \nTo start and experience the delay of the next block, press space.'
27.5264 	EXP 	text: text = 'This block has ended. \n \nTo start and experience the delay of the next block, press space.'
27.5433 	EXP 	text: text = 'This block has ended. \n \nTo start and experience the delay of the next block, press space.'
27.5599 	EXP 	text: text = 'This block has ended. \n \nTo start and experience the delay of the next block, press space.'
27.5759 	EXP 	text: text = 'This block has ended. \n \nTo start and experience the delay of the next block, press space.'
27.5926 	EXP 	text: text = 'This block has ended. \n \nTo start and experience the delay of the next block, press space.'
27.6094 	EXP 	text: text = 'This block has ended. \n \nTo start and experience the delay of the next block, press space.'
27.6264 	EXP 	text: text = 'This block has ended. \n \nTo start and experience the delay of the next block, press space.'
27.6433 	EXP 	text: text = 'This block has ended. \n \nTo start and experience the delay of the next block, press space.'
27.6599 	EXP 	text: text = 'This block has ended. \n \nTo start and experience the delay of the next block, press space.'
27.6761 	EXP 	text: text = 'This block has ended. \n \nTo start and experience the delay of the next block, press space.'
27.6926 	EXP 	text: text = 'This block has ended. \n \nTo start and experience the delay of the next block, press space.'
27.7095 	EXP 	text: text = 'This block has ended. \n \nTo start and experience the delay of the next block, press space.'
27.7264 	EXP 	text: text = 'This block has ended. \n \nTo start and experience the delay of the next block, press space.'
27.7433 	EXP 	text: text = 'This block has ended. \n \nTo start and experience the delay of the next block, press space.'
27.7602 	EXP 	text: text = 'This block has ended. \n \nTo start and experience the delay of the next block, press space.'
27.7609 	DATA 	Keypress: space
27.7668 	EXP 	New trial (rep=4, index=0): None
27.7679 	EXP 	Created sequence: random, trialTypes=1, nReps=1, seed=None
27.7687 	EXP 	New trial (rep=0, index=0): None
27.8275 	EXP 	text: text = 'This block has ended. \n \nTo start and experience the delay of the next block, press space.'
27.8275 	EXP 	text: autoDraw = False
27.8275 	EXP 	fixImg: image = 'img/even_4_square.png'
27.8275 	EXP 	fixImg: autoDraw = True
27.8275 	EXP 	text_4: autoDraw = True
28.8291 	EXP 	Created sequence: sequential, trialTypes=1, nReps=1, seed=None
28.8297 	EXP 	New trial (rep=0, index=0): None
28.8852 	DATA 	Keypress: escape
28.8935 	EXP 	window1: mouseVisible = True
