0.3651 	WARNING 	We strongly recommend you activate the PTB sound engine in PsychoPy prefs as the preferred audio engine. Its timing is vastly superior. Your prefs are currently set to use ['sounddevice', 'PTB', 'pyo', 'pygame'] (in that order).
1.1639 	WARNING 	Import Error: No module named 'psychtoolbox'. Using event module for keyboard component.
2.2623 	WARNING 	User requested fullscreen with size [1536  864], but screen is actually [1920, 1080]. Using actual size
2.8714 	EXP 	Created window1 = Window(allowGUI=False, allowStencil=False, args=UNKNOWN, autoLog=True, bitsMode=UNKNOWN, blendMode='avg', bpc=(8, 8, 8), color=array([0., 0., 0.]), colorSpace='rgb', depthBits=8, fullscr=<method-wrapper '__getattribute__' of attributeSetter object at 0x7f0620788850>, gamma=None, gammaErrorPolicy='raise', kwargs=UNKNOWN, lms=UNKNOWN, monitor=<psychopy.monitors.calibTools.Monitor object at 0x7f06183fa370>, multiSample=False, name='window1', numSamples=2, pos=[0.0, 0.0], screen=0, size=array([1920, 1080]), stencilBits=0, stereo=False, units='height', useFBO=True, useRetina=False, viewOri=0.0, viewPos=None, viewScale=None, waitBlanking=True, winType='pyglet')
2.8717 	EXP 	window1: mouseVisible = True
2.8718 	EXP 	window1: recordFrameIntervals = False
3.0368 	EXP 	window1: recordFrameIntervals = True
3.2190 	EXP 	window1: recordFrameIntervals = False
3.2849 	EXP 	Created Intro_1 = TextStim(__class__=<class 'psychopy.visual.text.TextStim'>, alignHoriz=method-wrapper(...), alignText='center', alignVert=method-wrapper(...), anchorHoriz='center', anchorVert='center', antialias=True, autoLog=True, bold=False, color='white', colorSpace='named', contrast=1.0, depth=0.0, flipHoriz=False, flipVert=False, font='Arial', fontFiles=[], height=0.03, italic=False, languageStyle='LTR', name='Intro_1', opacity=1.0, ori=0, pos=array([0., 0.]), rgb=array([255., 255., 255.]), text=str(...), units='height', win=Window(...), wrapWidth=1)
3.2903 	EXP 	Created fixImg = ImageStim(__class__=<class 'psychopy.visual.image.ImageStim'>, autoLog=True, color=array([1., 1., 1.]), colorSpace='rgb', contrast=1.0, depth=0.0, flipHoriz=False, flipVert=False, image='sin', interpolate=True, mask=None, maskParams=None, name='fixImg', opacity=1.0, ori=0.0, pos=array([0., 0.]), size=array([1.8, 1. ]), texRes=128, units='height', win=Window(...))
3.2927 	EXP 	Created text_4 = TextStim(__class__=<class 'psychopy.visual.text.TextStim'>, alignHoriz=method-wrapper(...), alignText='center', alignVert=method-wrapper(...), anchorHoriz='center', anchorVert='center', antialias=True, autoLog=True, bold=False, color='red', colorSpace='named', contrast=1.0, depth=-1.0, flipHoriz=False, flipVert=False, font='Arial', fontFiles=[], height=0.03, italic=False, languageStyle='LTR', name='text_4', opacity=1.0, ori=0, pos=array([ 0. , -0.4]), rgb=array([255.,   0.,   0.]), text='Please wait, you are expriencing the delay!', units='height', win=Window(...), wrapWidth=1)
3.2939 	EXP 	Created delayImg = ImageStim(__class__=<class 'psychopy.visual.image.ImageStim'>, autoLog=True, color=array([1., 1., 1.]), colorSpace='rgb', contrast=1.0, depth=0.0, flipHoriz=False, flipVert=False, image='sin', interpolate=True, mask=None, maskParams=None, name='delayImg', opacity=1.0, ori=0.0, pos=array([0., 0.]), size=array([1.8, 1. ]), texRes=128, units='height', win=Window(...))
3.2958 	EXP 	Created text_3 = TextStim(__class__=<class 'psychopy.visual.text.TextStim'>, alignHoriz=method-wrapper(...), alignText='center', alignVert=method-wrapper(...), anchorHoriz='center', anchorVert='center', antialias=True, autoLog=True, bold=False, color='red', colorSpace='named', contrast=1.0, depth=-1.0, flipHoriz=False, flipVert=False, font='Arial', fontFiles=[], height=0.03, italic=False, languageStyle='LTR', name='text_3', opacity=1.0, ori=0, pos=array([ 0. , -0.4]), rgb=array([255.,   0.,   0.]), text='Please wait, you are expriencing the delay!', units='height', win=Window(...), wrapWidth=1)
3.2991 	EXP 	Created text_2 = TextStim(__class__=<class 'psychopy.visual.text.TextStim'>, alignHoriz=method-wrapper(...), alignText='center', alignVert=method-wrapper(...), anchorHoriz='center', anchorVert='center', antialias=True, autoLog=True, bold=False, color='white', colorSpace='named', contrast=1.0, depth=0.0, flipHoriz=False, flipVert=False, font='Arial', fontFiles=[], height=0.03, italic=False, languageStyle='LTR', name='text_2', opacity=1.0, ori=0, pos=array([0., 0.]), rgb=array([255., 255., 255.]), text=str(...), units='height', win=Window(...), wrapWidth=1)
3.3003 	EXP 	Created choiceImg = ImageStim(__class__=<class 'psychopy.visual.image.ImageStim'>, autoLog=True, color=array([1., 1., 1.]), colorSpace='rgb', contrast=1.0, depth=0.0, flipHoriz=False, flipVert=False, image='sin', interpolate=True, mask=None, maskParams=None, name='choiceImg', opacity=1.0, ori=0.0, pos=array([0., 0.]), size=array([1.8, 1. ]), texRes=128, units='height', win=Window(...))
3.3078 	EXP 	Created choiceWarning = TextStim(__class__=<class 'psychopy.visual.text.TextStim'>, alignHoriz=method-wrapper(...), alignText='center', alignVert=method-wrapper(...), anchorHoriz='center', anchorVert='center', antialias=True, autoLog=True, bold=False, color='red', colorSpace='named', contrast=1.0, depth=-2.0, flipHoriz=False, flipVert=False, font='Arial', fontFiles=[], height=0.05, italic=False, languageStyle='LTR', name='choiceWarning', opacity=1.0, ori=0, pos=array([ 0. , -0.3]), rgb=array([255.,   0.,   0.]), text='default text', units='height', win=Window(...), wrapWidth=1)
3.3108 	EXP 	Created text_5 = TextStim(__class__=<class 'psychopy.visual.text.TextStim'>, alignHoriz=method-wrapper(...), alignText='center', alignVert=method-wrapper(...), anchorHoriz='center', anchorVert='center', antialias=True, autoLog=True, bold=False, color='red', colorSpace='named', contrast=1.0, depth=-4.0, flipHoriz=False, flipVert=False, font='Arial', fontFiles=[], height=0.03, italic=False, languageStyle='LTR', name='text_5', opacity=1.0, ori=0, pos=array([ 0.  , -0.35]), rgb=array([255.,   0.,   0.]), text=str(...), units='height', win=Window(...), wrapWidth=1)
3.3119 	EXP 	Created leftImg = ImageStim(__class__=<class 'psychopy.visual.image.ImageStim'>, autoLog=True, color=array([1., 1., 1.]), colorSpace='rgb', contrast=1.0, depth=0.0, flipHoriz=False, flipVert=False, image='sin', interpolate=True, mask=None, maskParams=None, name='leftImg', opacity=1.0, ori=0.0, pos=array([0., 0.]), size=array([1.8, 1. ]), texRes=128, units='height', win=Window(...))
3.3129 	EXP 	Created rewardImgLeft = ImageStim(__class__=<class 'psychopy.visual.image.ImageStim'>, autoLog=True, color=array([1., 1., 1.]), colorSpace='rgb', contrast=1.0, depth=0.0, flipHoriz=False, flipVert=False, image='sin', interpolate=True, mask=None, maskParams=None, name='rewardImgLeft', opacity=1.0, ori=0.0, pos=array([0., 0.]), size=array([1.8, 1. ]), texRes=128, units='height', win=Window(...))
3.3202 	EXP 	Created rewardText = TextStim(__class__=<class 'psychopy.visual.text.TextStim'>, alignHoriz=method-wrapper(...), alignText='center', alignVert=method-wrapper(...), anchorHoriz='center', anchorVert='center', antialias=True, autoLog=True, bold=False, color='red', colorSpace='named', contrast=1.0, depth=-1.0, flipHoriz=False, flipVert=False, font='Arial', fontFiles=[], height=0.1, italic=False, languageStyle='LTR', name='rewardText', opacity=1.0, ori=0, pos=array([0., 0.]), rgb=array([255.,   0.,   0.]), text='default text', units='height', win=Window(...), wrapWidth=1)
3.3212 	EXP 	Created rightImg = ImageStim(__class__=<class 'psychopy.visual.image.ImageStim'>, autoLog=True, color=array([1., 1., 1.]), colorSpace='rgb', contrast=1.0, depth=0.0, flipHoriz=False, flipVert=False, image='sin', interpolate=True, mask=None, maskParams=None, name='rightImg', opacity=1.0, ori=0.0, pos=array([0., 0.]), size=array([1.8, 1. ]), texRes=128, units='height', win=Window(...))
3.3223 	EXP 	Created rewardImgRight = ImageStim(__class__=<class 'psychopy.visual.image.ImageStim'>, autoLog=True, color=array([1., 1., 1.]), colorSpace='rgb', contrast=1.0, depth=0.0, flipHoriz=False, flipVert=False, image='sin', interpolate=True, mask=None, maskParams=None, name='rewardImgRight', opacity=1.0, ori=0.0, pos=array([0., 0.]), size=array([1.8, 1. ]), texRes=128, units='height', win=Window(...))
3.3628 	EXP 	Created rightText = TextStim(__class__=<class 'psychopy.visual.text.TextStim'>, alignHoriz=method-wrapper(...), alignText='center', alignVert=method-wrapper(...), anchorHoriz='center', anchorVert='center', antialias=True, autoLog=True, bold=False, color='red', colorSpace='named', contrast=1.0, depth=-1.0, flipHoriz=False, flipVert=False, font='Arial', fontFiles=[], height=0.1, italic=False, languageStyle='LTR', name='rightText', opacity=1.0, ori=0, pos=array([0., 0.]), rgb=array([255.,   0.,   0.]), text='default text', units='height', win=Window(...), wrapWidth=1)
3.3650 	EXP 	Created block4 = ImageStim(__class__=<class 'psychopy.visual.image.ImageStim'>, autoLog=True, color=array([1., 1., 1.]), colorSpace='rgb', contrast=1.0, depth=0.0, flipHoriz=False, flipVert=False, image='sin', interpolate=True, mask=None, maskParams=None, name='block4', opacity=1.0, ori=0.0, pos=array([ 0.5, -0.2]), size=array([0.35, 0.35]), texRes=128, units='height', win=Window(...))
3.3669 	EXP 	Created block3 = ImageStim(__class__=<class 'psychopy.visual.image.ImageStim'>, autoLog=True, color=array([1., 1., 1.]), colorSpace='rgb', contrast=1.0, depth=-1.0, flipHoriz=False, flipVert=False, image='sin', interpolate=True, mask=None, maskParams=None, name='block3', opacity=1.0, ori=0.0, pos=array([0.5, 0.2]), size=array([0.35, 0.35]), texRes=128, units='height', win=Window(...))
3.3688 	EXP 	Created block2 = ImageStim(__class__=<class 'psychopy.visual.image.ImageStim'>, autoLog=True, color=array([1., 1., 1.]), colorSpace='rgb', contrast=1.0, depth=-2.0, flipHoriz=False, flipVert=False, image='sin', interpolate=True, mask=None, maskParams=None, name='block2', opacity=1.0, ori=0.0, pos=array([-0.5, -0.2]), size=array([0.35, 0.35]), texRes=128, units='height', win=Window(...))
3.3707 	EXP 	Created block1 = ImageStim(__class__=<class 'psychopy.visual.image.ImageStim'>, autoLog=True, color=array([1., 1., 1.]), colorSpace='rgb', contrast=1.0, depth=-3.0, flipHoriz=False, flipVert=False, image='sin', interpolate=True, mask=None, maskParams=None, name='block1', opacity=1.0, ori=0.0, pos=array([-0.5,  0.2]), size=array([0.35, 0.35]), texRes=128, units='height', win=Window(...))
3.3732 	EXP 	Created repeatText = TextStim(__class__=<class 'psychopy.visual.text.TextStim'>, alignHoriz=method-wrapper(...), alignText='center', alignVert=method-wrapper(...), anchorHoriz='center', anchorVert='center', antialias=True, autoLog=True, bold=False, color='white', colorSpace='named', contrast=1.0, depth=-4.0, flipHoriz=False, flipVert=False, font='Arial', fontFiles=[], height=0.05, italic=False, languageStyle='LTR', name='repeatText', opacity=1.0, ori=0, pos=array([0., 0.]), rgb=array([255., 255., 255.]), text='default text', units='height', win=Window(...), wrapWidth=1)
3.3777 	EXP 	Created text = TextStim(__class__=<class 'psychopy.visual.text.TextStim'>, alignHoriz=method-wrapper(...), alignText='center', alignVert=method-wrapper(...), anchorHoriz='center', anchorVert='center', antialias=True, autoLog=True, bold=False, color='white', colorSpace='named', contrast=1.0, depth=0.0, flipHoriz=False, flipVert=False, font='Arial', fontFiles=[], height=0.03, italic=False, languageStyle='LTR', name='text', opacity=1.0, ori=0, pos=array([0., 0.]), rgb=array([255., 255., 255.]), text='default text', units='height', win=Window(...), wrapWidth=1)
3.3841 	EXP 	Created endText = TextStim(__class__=<class 'psychopy.visual.text.TextStim'>, alignHoriz=method-wrapper(...), alignText='center', alignVert=method-wrapper(...), anchorHoriz='center', anchorVert='center', antialias=True, autoLog=True, bold=False, color='white', colorSpace='named', contrast=1.0, depth=0.0, flipHoriz=False, flipVert=False, font='Arial', fontFiles=[], height=0.05, italic=False, languageStyle='LTR', name='endText', opacity=1.0, ori=0, pos=array([0., 0.]), rgb=array([255., 255., 255.]), text=str(...), units='height', win=Window(...), wrapWidth=1)
3.3946 	EXP 	Intro_1: autoDraw = True
3.8550 	DATA 	Keypress: space
3.8566 	EXP 	Created sequence: sequential, trialTypes=1, nReps=200, seed=None
3.8606 	EXP 	New trial (rep=0, index=0): None
3.8616 	EXP 	Created sequence: random, trialTypes=1, nReps=0, seed=None
3.8625 	EXP 	Created sequence: sequential, trialTypes=1, nReps=0, seed=None
3.8634 	EXP 	Created sequence: sequential, trialTypes=1, nReps=0, seed=None
3.9304 	EXP 	Intro_1: autoDraw = False
3.9304 	EXP 	choiceImg: opacity = 1.0
3.9304 	EXP 	choiceImg: image = 'img/even_choice_4.png'
3.9304 	EXP 	choiceWarning: text = '32  for 67%              16  for 100%'
3.9304 	EXP 	choiceImg: autoDraw = True
3.9304 	EXP 	choiceWarning: autoDraw = True
3.9304 	EXP 	text_5: autoDraw = True
6.0466 	DATA 	Keypress: 1
6.0606 	EXP 	Created sequence: random, trialTypes=1, nReps=1, seed=None
6.0612 	EXP 	New trial (rep=0, index=0): None
6.1233 	EXP 	choiceImg: autoDraw = False
6.1233 	EXP 	choiceWarning: autoDraw = False
6.1233 	EXP 	text_5: autoDraw = False
6.1233 	EXP 	leftImg: image = 'img/even_8_circle_4.png'
6.1233 	EXP 	leftImg: autoDraw = True
9.2175 	EXP 	leftImg: autoDraw = False
9.2175 	EXP 	leftImg: autoDraw = False
9.2175 	EXP 	rewardImgLeft: opacity = 1.0
9.2175 	EXP 	rewardImgLeft: image = 'img/8m&m.png'
9.2175 	EXP 	rewardText: text = 'You got it!'
9.2175 	EXP 	rewardImgLeft: autoDraw = True
9.2175 	EXP 	rewardText: autoDraw = True
9.7149 	DATA 	Keypress: space
10.1396 	EXP 	Created sequence: random, trialTypes=1, nReps=0, seed=None
10.2076 	EXP 	rewardImgLeft: autoDraw = False
10.2076 	EXP 	rewardText: autoDraw = False
10.2076 	EXP 	block4: opacity = 0.0
10.2076 	EXP 	block4: image = 'img/coffee.jpeg'
10.2076 	EXP 	block3: opacity = 0.0
10.2076 	EXP 	block3: image = 'img/cake.jpeg'
10.2076 	EXP 	block2: opacity = 0.0
10.2076 	EXP 	block2: image = 'img/gummi.jpeg'
10.2076 	EXP 	block1: opacity = 0.0
10.2076 	EXP 	block1: image = 'img/tea.jpeg'
10.2076 	EXP 	repeatText: text = 'total gain:32 \n You are in level:0\n press space to continue'
10.2076 	EXP 	block4: autoDraw = True
10.2076 	EXP 	block3: autoDraw = True
10.2076 	EXP 	block2: autoDraw = True
10.2076 	EXP 	block1: autoDraw = True
10.2076 	EXP 	repeatText: autoDraw = True
11.2736 	DATA 	Keypress: space
11.2904 	EXP 	Created sequence: random, trialTypes=1, nReps=0, seed=None
11.2940 	EXP 	New trial (rep=1, index=0): None
11.2949 	EXP 	Created sequence: random, trialTypes=1, nReps=0, seed=None
11.2955 	EXP 	Created sequence: sequential, trialTypes=1, nReps=0, seed=None
11.2962 	EXP 	Created sequence: sequential, trialTypes=1, nReps=0, seed=None
11.3467 	EXP 	block4: autoDraw = False
11.3467 	EXP 	block3: autoDraw = False
11.3467 	EXP 	block2: autoDraw = False
11.3467 	EXP 	block1: autoDraw = False
11.3467 	EXP 	repeatText: autoDraw = False
11.3467 	EXP 	choiceImg: opacity = 1.0
11.3467 	EXP 	choiceImg: image = 'img/even_choice_4.png'
11.3467 	EXP 	choiceWarning: text = '32  for 67%              18  for 100%'
11.3467 	EXP 	choiceImg: autoDraw = True
11.3467 	EXP 	choiceWarning: autoDraw = True
11.3467 	EXP 	text_5: autoDraw = True
12.1317 	DATA 	Keypress: 2
12.1441 	EXP 	Created sequence: random, trialTypes=1, nReps=0, seed=None
12.1451 	EXP 	Created sequence: random, trialTypes=1, nReps=1, seed=None
12.1459 	EXP 	New trial (rep=0, index=0): None
12.1986 	EXP 	choiceImg: autoDraw = False
12.1986 	EXP 	choiceWarning: autoDraw = False
12.1986 	EXP 	text_5: autoDraw = False
12.1986 	EXP 	rightImg: image = 'img/even_4_circle.png'
12.1986 	EXP 	rightImg: autoDraw = True
13.2719 	EXP 	rightImg: autoDraw = False
13.2719 	EXP 	rightImg: autoDraw = False
13.2719 	EXP 	rewardImgRight: opacity = 1.0
13.2719 	EXP 	rewardImgRight: image = 'img/4m&m.png'
13.2719 	EXP 	rightText: text = 'You got it!'
13.2719 	EXP 	rewardImgRight: autoDraw = True
13.2719 	EXP 	rightText: autoDraw = True
14.2666 	EXP 	rewardImgRight: autoDraw = False
14.2666 	EXP 	rightText: autoDraw = False
14.2666 	EXP 	block4: opacity = 0.0
14.2666 	EXP 	block4: image = 'img/coffee.jpeg'
14.2666 	EXP 	block3: opacity = 0.0
14.2666 	EXP 	block3: image = 'img/cake.jpeg'
14.2666 	EXP 	block2: opacity = 0.0
14.2666 	EXP 	block2: image = 'img/gummi.jpeg'
14.2666 	EXP 	block1: opacity = 0.0
14.2666 	EXP 	block1: image = 'img/tea.jpeg'
14.2666 	EXP 	repeatText: text = 'total gain:50 \n You are in level:0\n press space to continue'
14.2666 	EXP 	block4: autoDraw = True
14.2666 	EXP 	block3: autoDraw = True
14.2666 	EXP 	block2: autoDraw = True
14.2666 	EXP 	block1: autoDraw = True
14.2666 	EXP 	repeatText: autoDraw = True
14.8826 	DATA 	Keypress: space
14.9057 	EXP 	Created sequence: random, trialTypes=1, nReps=0, seed=None
14.9090 	EXP 	New trial (rep=2, index=0): None
14.9101 	EXP 	Created sequence: random, trialTypes=1, nReps=0, seed=None
14.9107 	EXP 	Created sequence: sequential, trialTypes=1, nReps=0, seed=None
14.9114 	EXP 	Created sequence: sequential, trialTypes=1, nReps=0, seed=None
14.9571 	EXP 	block4: autoDraw = False
14.9571 	EXP 	block3: autoDraw = False
14.9571 	EXP 	block2: autoDraw = False
14.9571 	EXP 	block1: autoDraw = False
14.9571 	EXP 	repeatText: autoDraw = False
14.9571 	EXP 	choiceImg: opacity = 1.0
14.9571 	EXP 	choiceImg: image = 'img/even_choice_4.png'
14.9571 	EXP 	choiceWarning: text = '32  for 67%              16  for 100%'
14.9571 	EXP 	choiceImg: autoDraw = True
14.9571 	EXP 	choiceWarning: autoDraw = True
14.9571 	EXP 	text_5: autoDraw = True
15.6160 	DATA 	Keypress: escape
15.6484 	EXP 	window1: mouseVisible = True
