0.3331 	WARNING 	We strongly recommend you activate the PTB sound engine in PsychoPy prefs as the preferred audio engine. Its timing is vastly superior. Your prefs are currently set to use ['sounddevice', 'PTB', 'pyo', 'pygame'] (in that order).
0.9243 	WARNING 	Import Error: No module named 'psychtoolbox'. Using event module for keyboard component.
1.8388 	WARNING 	User requested fullscreen with size [1536  864], but screen is actually [1920, 1080]. Using actual size
2.3918 	EXP 	Created window1 = Window(allowGUI=False, allowStencil=False, args=UNKNOWN, autoLog=True, bitsMode=UNKNOWN, blendMode='avg', bpc=(8, 8, 8), color=array([0., 0., 0.]), colorSpace='rgb', depthBits=8, fullscr=<method-wrapper '__getattribute__' of attributeSetter object at 0x7f655018d580>, gamma=None, gammaErrorPolicy='raise', kwargs=UNKNOWN, lms=UNKNOWN, monitor=<psychopy.monitors.calibTools.Monitor object at 0x7f655010d3a0>, multiSample=False, name='window1', numSamples=2, pos=[0.0, 0.0], screen=0, size=array([1920, 1080]), stencilBits=0, stereo=False, units='height', useFBO=True, useRetina=False, viewOri=0.0, viewPos=None, viewScale=None, waitBlanking=True, winType='pyglet')
2.3920 	EXP 	window1: mouseVisible = True
2.3920 	EXP 	window1: recordFrameIntervals = False
2.5576 	EXP 	window1: recordFrameIntervals = True
2.7416 	EXP 	window1: recordFrameIntervals = False
2.8087 	EXP 	Created welcomeText = TextStim(__class__=<class 'psychopy.visual.text.TextStim'>, alignHoriz=method-wrapper(...), alignText='center', alignVert=method-wrapper(...), anchorHoriz='center', anchorVert='center', antialias=True, autoLog=True, bold=False, color='white', colorSpace='named', contrast=1.0, depth=0.0, flipHoriz=False, flipVert=False, font='Arial', fontFiles=[], height=0.03, italic=False, languageStyle='LTR', name='welcomeText', opacity=1.0, ori=0, pos=array([0., 0.]), rgb=array([255., 255., 255.]), text='default text', units='height', win=Window(...), wrapWidth=1)
2.8257 	EXP 	Created welcome_text_2 = TextStim(__class__=<class 'psychopy.visual.text.TextStim'>, alignHoriz=method-wrapper(...), alignText='center', alignVert=method-wrapper(...), anchorHoriz='center', anchorVert='center', antialias=True, autoLog=True, bold=False, color='white', colorSpace='named', contrast=1.0, depth=0.0, flipHoriz=False, flipVert=False, font='Arial', fontFiles=[], height=0.03, italic=False, languageStyle='LTR', name='welcome_text_2', opacity=1.0, ori=0, pos=array([0., 0.]), rgb=array([255., 255., 255.]), text=str(...), units='height', win=Window(...), wrapWidth=1)
2.8517 	EXP 	Created onesecond = ImageStim(__class__=<class 'psychopy.visual.image.ImageStim'>, autoLog=True, color=array([1., 1., 1.]), colorSpace='rgb', contrast=1.0, depth=-2.0, flipHoriz=False, flipVert=False, image='img/odd_4_square.png', interpolate=True, mask=None, maskParams=None, name='onesecond', opacity=1.0, ori=0.0, pos=array([0., 0.]), size=array([1.8, 1. ]), texRes=128, units='height', win=Window(...))
2.8733 	EXP 	Created seven_second = ImageStim(__class__=<class 'psychopy.visual.image.ImageStim'>, autoLog=True, color=array([1., 1., 1.]), colorSpace='rgb', contrast=1.0, depth=-3.0, flipHoriz=False, flipVert=False, image='img/odd_8_square_4.png', interpolate=True, mask=None, maskParams=None, name='seven_second', opacity=1.0, ori=0.0, pos=array([0., 0.]), size=array([1.8, 1. ]), texRes=128, units='height', win=Window(...))
2.8754 	EXP 	Created fixImg = ImageStim(__class__=<class 'psychopy.visual.image.ImageStim'>, autoLog=True, color=array([1., 1., 1.]), colorSpace='rgb', contrast=1.0, depth=0.0, flipHoriz=False, flipVert=False, image='sin', interpolate=True, mask=None, maskParams=None, name='fixImg', opacity=1.0, ori=0.0, pos=array([0., 0.]), size=array([1.8, 1. ]), texRes=128, units='height', win=Window(...))
2.8764 	EXP 	Created delayImg = ImageStim(__class__=<class 'psychopy.visual.image.ImageStim'>, autoLog=True, color=array([1., 1., 1.]), colorSpace='rgb', contrast=1.0, depth=0.0, flipHoriz=False, flipVert=False, image='sin', interpolate=True, mask=None, maskParams=None, name='delayImg', opacity=1.0, ori=0.0, pos=array([0., 0.]), size=array([1.8, 1. ]), texRes=128, units='height', win=Window(...))
2.8774 	EXP 	Created choiceImg = ImageStim(__class__=<class 'psychopy.visual.image.ImageStim'>, autoLog=True, color=array([1., 1., 1.]), colorSpace='rgb', contrast=1.0, depth=0.0, flipHoriz=False, flipVert=False, image='sin', interpolate=True, mask=None, maskParams=None, name='choiceImg', opacity=1.0, ori=0.0, pos=array([0., 0.]), size=array([1.8, 1. ]), texRes=128, units='height', win=Window(...))
2.8854 	EXP 	Created choiceWarning = TextStim(__class__=<class 'psychopy.visual.text.TextStim'>, alignHoriz=method-wrapper(...), alignText='center', alignVert=method-wrapper(...), anchorHoriz='center', anchorVert='center', antialias=True, autoLog=True, bold=False, color='red', colorSpace='named', contrast=1.0, depth=-2.0, flipHoriz=False, flipVert=False, font='Arial', fontFiles=[], height=0.05, italic=False, languageStyle='LTR', name='choiceWarning', opacity=1.0, ori=0, pos=array([ 0. , -0.3]), rgb=array([255.,   0.,   0.]), text='default text', units='height', win=Window(...), wrapWidth=1)
2.8866 	EXP 	Created leftImg = ImageStim(__class__=<class 'psychopy.visual.image.ImageStim'>, autoLog=True, color=array([1., 1., 1.]), colorSpace='rgb', contrast=1.0, depth=0.0, flipHoriz=False, flipVert=False, image='sin', interpolate=True, mask=None, maskParams=None, name='leftImg', opacity=1.0, ori=0.0, pos=array([0., 0.]), size=array([1.8, 1. ]), texRes=128, units='height', win=Window(...))
2.8877 	EXP 	Created rewardImgLeft = ImageStim(__class__=<class 'psychopy.visual.image.ImageStim'>, autoLog=True, color=array([1., 1., 1.]), colorSpace='rgb', contrast=1.0, depth=0.0, flipHoriz=False, flipVert=False, image='sin', interpolate=True, mask=None, maskParams=None, name='rewardImgLeft', opacity=1.0, ori=0.0, pos=array([0., 0.]), size=array([1.8, 1. ]), texRes=128, units='height', win=Window(...))
2.8945 	EXP 	Created rewardText = TextStim(__class__=<class 'psychopy.visual.text.TextStim'>, alignHoriz=method-wrapper(...), alignText='center', alignVert=method-wrapper(...), anchorHoriz='center', anchorVert='center', antialias=True, autoLog=True, bold=False, color='red', colorSpace='named', contrast=1.0, depth=-1.0, flipHoriz=False, flipVert=False, font='Arial', fontFiles=[], height=0.1, italic=False, languageStyle='LTR', name='rewardText', opacity=1.0, ori=0, pos=array([0., 0.]), rgb=array([255.,   0.,   0.]), text='default text', units='height', win=Window(...), wrapWidth=1)
2.8956 	EXP 	Created rightImg = ImageStim(__class__=<class 'psychopy.visual.image.ImageStim'>, autoLog=True, color=array([1., 1., 1.]), colorSpace='rgb', contrast=1.0, depth=0.0, flipHoriz=False, flipVert=False, image='sin', interpolate=True, mask=None, maskParams=None, name='rightImg', opacity=1.0, ori=0.0, pos=array([0., 0.]), size=array([1.8, 1. ]), texRes=128, units='height', win=Window(...))
2.8966 	EXP 	Created rewardImgRight = ImageStim(__class__=<class 'psychopy.visual.image.ImageStim'>, autoLog=True, color=array([1., 1., 1.]), colorSpace='rgb', contrast=1.0, depth=0.0, flipHoriz=False, flipVert=False, image='sin', interpolate=True, mask=None, maskParams=None, name='rewardImgRight', opacity=1.0, ori=0.0, pos=array([0., 0.]), size=array([1.8, 1. ]), texRes=128, units='height', win=Window(...))
2.8980 	EXP 	Created rightText = TextStim(__class__=<class 'psychopy.visual.text.TextStim'>, alignHoriz=method-wrapper(...), alignText='center', alignVert=method-wrapper(...), anchorHoriz='center', anchorVert='center', antialias=True, autoLog=True, bold=False, color='red', colorSpace='named', contrast=1.0, depth=-1.0, flipHoriz=False, flipVert=False, font='Arial', fontFiles=[], height=0.1, italic=False, languageStyle='LTR', name='rightText', opacity=1.0, ori=0, pos=array([0., 0.]), rgb=array([255.,   0.,   0.]), text='default text', units='height', win=Window(...), wrapWidth=1)
2.9002 	EXP 	Created block4 = ImageStim(__class__=<class 'psychopy.visual.image.ImageStim'>, autoLog=True, color=array([1., 1., 1.]), colorSpace='rgb', contrast=1.0, depth=0.0, flipHoriz=False, flipVert=False, image='img/coffee.jpeg', interpolate=True, mask=None, maskParams=None, name='block4', opacity=1.0, ori=0.0, pos=array([ 0.5, -0.2]), size=array([0.35, 0.35]), texRes=128, units='height', win=Window(...))
2.9022 	EXP 	Created block3 = ImageStim(__class__=<class 'psychopy.visual.image.ImageStim'>, autoLog=True, color=array([1., 1., 1.]), colorSpace='rgb', contrast=1.0, depth=-1.0, flipHoriz=False, flipVert=False, image='img/cake.jpeg', interpolate=True, mask=None, maskParams=None, name='block3', opacity=1.0, ori=0.0, pos=array([0.5, 0.2]), size=array([0.35, 0.35]), texRes=128, units='height', win=Window(...))
2.9041 	EXP 	Created block2 = ImageStim(__class__=<class 'psychopy.visual.image.ImageStim'>, autoLog=True, color=array([1., 1., 1.]), colorSpace='rgb', contrast=1.0, depth=-2.0, flipHoriz=False, flipVert=False, image='img/gummi.jpeg', interpolate=True, mask=None, maskParams=None, name='block2', opacity=1.0, ori=0.0, pos=array([-0.5, -0.2]), size=array([0.35, 0.35]), texRes=128, units='height', win=Window(...))
2.9190 	EXP 	Created block1 = ImageStim(__class__=<class 'psychopy.visual.image.ImageStim'>, autoLog=True, color=array([1., 1., 1.]), colorSpace='rgb', contrast=1.0, depth=-3.0, flipHoriz=False, flipVert=False, image='img/tea.jpeg', interpolate=True, mask=None, maskParams=None, name='block1', opacity=1.0, ori=0.0, pos=array([-0.5,  0.2]), size=array([0.35, 0.35]), texRes=128, units='height', win=Window(...))
2.9210 	EXP 	Created repeatText = TextStim(__class__=<class 'psychopy.visual.text.TextStim'>, alignHoriz=method-wrapper(...), alignText='center', alignVert=method-wrapper(...), anchorHoriz='center', anchorVert='center', antialias=True, autoLog=True, bold=False, color='white', colorSpace='named', contrast=1.0, depth=-4.0, flipHoriz=False, flipVert=False, font='Arial', fontFiles=[], height=0.05, italic=False, languageStyle='LTR', name='repeatText', opacity=1.0, ori=0, pos=array([0., 0.]), rgb=array([255., 255., 255.]), text='default text', units='height', win=Window(...), wrapWidth=1)
2.9672 	EXP 	Created text = TextStim(__class__=<class 'psychopy.visual.text.TextStim'>, alignHoriz=method-wrapper(...), alignText='center', alignVert=method-wrapper(...), anchorHoriz='center', anchorVert='center', antialias=True, autoLog=True, bold=False, color='white', colorSpace='named', contrast=1.0, depth=0.0, flipHoriz=False, flipVert=False, font='Arial', fontFiles=[], height=0.03, italic=False, languageStyle='LTR', name='text', opacity=1.0, ori=0, pos=array([0., 0.]), rgb=array([255., 255., 255.]), text=str(...), units='height', win=Window(...), wrapWidth=1)
2.9735 	EXP 	Created endText = TextStim(__class__=<class 'psychopy.visual.text.TextStim'>, alignHoriz=method-wrapper(...), alignText='center', alignVert=method-wrapper(...), anchorHoriz='center', anchorVert='center', antialias=True, autoLog=True, bold=False, color='white', colorSpace='named', contrast=1.0, depth=0.0, flipHoriz=False, flipVert=False, font='Arial', fontFiles=[], height=0.05, italic=False, languageStyle='LTR', name='endText', opacity=1.0, ori=0, pos=array([0., 0.]), rgb=array([255., 255., 255.]), text=str(...), units='height', win=Window(...), wrapWidth=1)
2.9808 	EXP 	welcomeText: autoDraw = True
2.9808 	EXP 	welcomeText: text = ''
2.9882 	EXP 	welcomeText: text = ''
2.9955 	EXP 	welcomeText: text = ''
3.0075 	EXP 	welcomeText: text = ''
3.0233 	EXP 	welcomeText: text = ''
3.0405 	EXP 	welcomeText: text = ''
3.0577 	EXP 	welcomeText: text = ''
3.0744 	EXP 	welcomeText: text = ''
3.0913 	EXP 	welcomeText: text = ''
3.1075 	EXP 	welcomeText: text = ''
3.1241 	EXP 	welcomeText: text = ''
3.1408 	EXP 	welcomeText: text = ''
3.1578 	EXP 	welcomeText: text = ''
3.1746 	EXP 	welcomeText: text = ''
3.1913 	EXP 	welcomeText: text = ''
3.2075 	EXP 	welcomeText: text = ''
3.2241 	EXP 	welcomeText: text = ''
3.2410 	EXP 	welcomeText: text = ''
3.2580 	EXP 	welcomeText: text = ''
3.2746 	EXP 	welcomeText: text = ''
3.2914 	EXP 	welcomeText: text = ''
3.3074 	EXP 	welcomeText: text = ''
3.3240 	EXP 	welcomeText: text = ''
3.3410 	EXP 	welcomeText: text = ''
3.3577 	EXP 	welcomeText: text = ''
3.3743 	EXP 	welcomeText: text = ''
3.3914 	EXP 	welcomeText: text = ''
3.4074 	EXP 	welcomeText: text = ''
3.4240 	EXP 	welcomeText: text = ''
3.4409 	EXP 	welcomeText: text = ''
3.4578 	EXP 	welcomeText: text = ''
3.4746 	EXP 	welcomeText: text = ''
3.4913 	EXP 	welcomeText: text = ''
3.5081 	EXP 	welcomeText: text = ''
3.5240 	EXP 	welcomeText: text = ''
3.5411 	EXP 	welcomeText: text = ''
3.5579 	EXP 	welcomeText: text = ''
3.5746 	EXP 	welcomeText: text = ''
3.5915 	EXP 	welcomeText: text = ''
3.6077 	EXP 	welcomeText: text = ''
3.6241 	EXP 	welcomeText: text = ''
3.6412 	EXP 	welcomeText: text = ''
3.6578 	EXP 	welcomeText: text = ''
3.6747 	EXP 	welcomeText: text = ''
3.6915 	EXP 	welcomeText: text = ''
3.7080 	EXP 	welcomeText: text = ''
3.7243 	EXP 	welcomeText: text = ''
3.7410 	EXP 	welcomeText: text = ''
3.7580 	EXP 	welcomeText: text = ''
3.7745 	EXP 	welcomeText: text = ''
3.7913 	EXP 	welcomeText: text = ''
3.8075 	EXP 	welcomeText: text = ''
3.8241 	EXP 	welcomeText: text = ''
3.8413 	EXP 	welcomeText: text = ''
3.8579 	EXP 	welcomeText: text = ''
3.8746 	EXP 	welcomeText: text = ''
3.8914 	EXP 	welcomeText: text = ''
3.9076 	EXP 	welcomeText: text = ''
3.9243 	EXP 	welcomeText: text = ''
3.9413 	EXP 	welcomeText: text = ''
3.9582 	EXP 	welcomeText: text = ''
3.9750 	EXP 	welcomeText: text = ''
3.9914 	EXP 	welcomeText: text = ''
4.0076 	EXP 	welcomeText: text = ''
4.0241 	EXP 	welcomeText: text = ''
4.0414 	EXP 	welcomeText: text = ''
4.0578 	EXP 	welcomeText: text = ''
4.0745 	EXP 	welcomeText: text = ''
4.0913 	EXP 	welcomeText: text = ''
4.1081 	EXP 	welcomeText: text = ''
4.1241 	EXP 	welcomeText: text = ''
4.1413 	EXP 	welcomeText: text = ''
4.1580 	EXP 	welcomeText: text = ''
4.1746 	EXP 	welcomeText: text = ''
4.1915 	EXP 	welcomeText: text = ''
4.2077 	EXP 	welcomeText: text = ''
4.2244 	EXP 	welcomeText: text = ''
4.2413 	EXP 	welcomeText: text = ''
4.2581 	EXP 	welcomeText: text = ''
4.2750 	EXP 	welcomeText: text = ''
4.2915 	EXP 	welcomeText: text = ''
4.3076 	EXP 	welcomeText: text = ''
4.3244 	EXP 	welcomeText: text = ''
4.3416 	EXP 	welcomeText: text = ''
4.3582 	EXP 	welcomeText: text = ''
4.3749 	EXP 	welcomeText: text = ''
4.3915 	EXP 	welcomeText: text = ''
4.4079 	EXP 	welcomeText: text = ''
4.4245 	EXP 	welcomeText: text = ''
4.4413 	EXP 	welcomeText: text = ''
4.4583 	EXP 	welcomeText: text = ''
4.4749 	EXP 	welcomeText: text = ''
4.4914 	EXP 	welcomeText: text = ''
4.5077 	EXP 	welcomeText: text = ''
4.5244 	EXP 	welcomeText: text = ''
4.5418 	EXP 	welcomeText: text = ''
4.5583 	EXP 	welcomeText: text = ''
4.5751 	EXP 	welcomeText: text = ''
4.5917 	EXP 	welcomeText: text = ''
4.6077 	EXP 	welcomeText: text = ''
4.6245 	EXP 	welcomeText: text = ''
4.6417 	EXP 	welcomeText: text = ''
4.6582 	EXP 	welcomeText: text = ''
4.6750 	EXP 	welcomeText: text = ''
4.6914 	EXP 	welcomeText: text = ''
4.7077 	EXP 	welcomeText: text = ''
4.7254 	EXP 	welcomeText: text = ''
4.7417 	EXP 	welcomeText: text = ''
4.7582 	EXP 	welcomeText: text = ''
4.7747 	EXP 	welcomeText: text = ''
4.7916 	EXP 	welcomeText: text = ''
4.8078 	EXP 	welcomeText: text = ''
4.8247 	EXP 	welcomeText: text = ''
4.8416 	EXP 	welcomeText: text = ''
4.8585 	EXP 	welcomeText: text = ''
4.8751 	EXP 	welcomeText: text = ''
4.8918 	EXP 	welcomeText: text = ''
4.9079 	EXP 	welcomeText: text = ''
4.9246 	EXP 	welcomeText: text = ''
4.9417 	EXP 	welcomeText: text = ''
4.9584 	EXP 	welcomeText: text = ''
4.9750 	EXP 	welcomeText: text = ''
4.9918 	EXP 	welcomeText: text = ''
5.0077 	EXP 	welcomeText: text = ''
5.0247 	EXP 	welcomeText: text = ''
5.0416 	EXP 	welcomeText: text = ''
5.0581 	EXP 	welcomeText: text = ''
5.0753 	EXP 	welcomeText: text = ''
5.0918 	EXP 	welcomeText: text = ''
5.1079 	EXP 	welcomeText: text = ''
5.1247 	EXP 	welcomeText: text = ''
5.1419 	EXP 	welcomeText: text = ''
5.1585 	EXP 	welcomeText: text = ''
5.1751 	EXP 	welcomeText: text = ''
5.1918 	EXP 	welcomeText: text = ''
5.2079 	EXP 	welcomeText: text = ''
5.2247 	EXP 	welcomeText: text = ''
5.2418 	EXP 	welcomeText: text = ''
5.2584 	EXP 	welcomeText: text = ''
5.2752 	EXP 	welcomeText: text = ''
5.2919 	EXP 	welcomeText: text = ''
5.3080 	EXP 	welcomeText: text = ''
5.3249 	EXP 	welcomeText: text = ''
5.3418 	EXP 	welcomeText: text = ''
5.3586 	EXP 	welcomeText: text = ''
5.3752 	EXP 	welcomeText: text = ''
5.3920 	EXP 	welcomeText: text = ''
5.4080 	EXP 	welcomeText: text = ''
5.4240 	EXP 	welcomeText: text = ''
5.4410 	EXP 	welcomeText: text = ''
5.4580 	EXP 	welcomeText: text = ''
5.4748 	EXP 	welcomeText: text = ''
5.4917 	EXP 	welcomeText: text = ''
5.5086 	EXP 	welcomeText: text = ''
5.5253 	EXP 	welcomeText: text = ''
5.5418 	EXP 	welcomeText: text = ''
5.5587 	EXP 	welcomeText: text = ''
5.5752 	EXP 	welcomeText: text = ''
5.5920 	EXP 	welcomeText: text = ''
5.6079 	EXP 	welcomeText: text = ''
5.6250 	EXP 	welcomeText: text = ''
5.6421 	EXP 	welcomeText: text = ''
5.6585 	EXP 	welcomeText: text = ''
5.6753 	EXP 	welcomeText: text = ''
5.6920 	EXP 	welcomeText: text = ''
5.7081 	EXP 	welcomeText: text = ''
5.7251 	EXP 	welcomeText: text = ''
5.7420 	EXP 	welcomeText: text = ''
5.7586 	EXP 	welcomeText: text = ''
5.7754 	EXP 	welcomeText: text = ''
5.7915 	EXP 	welcomeText: text = ''
5.8081 	EXP 	welcomeText: text = ''
5.8250 	EXP 	welcomeText: text = ''
5.8418 	EXP 	welcomeText: text = ''
5.8588 	EXP 	welcomeText: text = ''
5.8747 	EXP 	welcomeText: text = ''
5.8921 	EXP 	welcomeText: text = ''
5.9081 	EXP 	welcomeText: text = ''
5.9254 	EXP 	welcomeText: text = ''
5.9420 	EXP 	welcomeText: text = ''
5.9587 	EXP 	welcomeText: text = ''
5.9755 	EXP 	welcomeText: text = ''
5.9919 	EXP 	welcomeText: text = ''
6.0081 	EXP 	welcomeText: text = ''
6.0257 	EXP 	welcomeText: text = ''
6.0422 	EXP 	welcomeText: text = ''
6.0587 	EXP 	welcomeText: text = ''
6.0753 	EXP 	welcomeText: text = ''
6.0916 	EXP 	welcomeText: text = ''
6.1083 	EXP 	welcomeText: text = ''
6.1250 	EXP 	welcomeText: text = ''
6.1423 	EXP 	welcomeText: text = ''
6.1437 	DATA 	Keypress: space
6.1590 	EXP 	welcomeText: text = ''
6.1802 	EXP 	welcomeText: text = 'space'
6.1917 	EXP 	welcomeText: text = 'space'
6.2076 	EXP 	welcomeText: text = 'space'
6.2243 	EXP 	welcomeText: text = 'space'
6.2410 	EXP 	welcomeText: text = 'space'
6.2587 	EXP 	welcomeText: text = 'space'
6.2749 	EXP 	welcomeText: text = 'space'
6.2916 	EXP 	welcomeText: text = 'space'
6.3079 	EXP 	welcomeText: text = 'space'
6.3253 	EXP 	welcomeText: text = 'space'
6.3419 	EXP 	welcomeText: text = 'space'
6.3580 	EXP 	welcomeText: text = 'space'
6.3750 	EXP 	welcomeText: text = 'space'
6.3917 	EXP 	welcomeText: text = 'space'
6.4081 	EXP 	welcomeText: text = 'space'
6.4252 	EXP 	welcomeText: text = 'space'
6.4422 	EXP 	welcomeText: text = 'space'
6.4591 	EXP 	welcomeText: text = 'space'
6.4755 	EXP 	welcomeText: text = 'space'
6.4917 	EXP 	welcomeText: text = 'space'
6.5084 	EXP 	welcomeText: text = 'space'
6.5254 	EXP 	welcomeText: text = 'space'
6.5421 	EXP 	welcomeText: text = 'space'
6.5591 	EXP 	welcomeText: text = 'space'
6.5757 	EXP 	welcomeText: text = 'space'
6.5915 	EXP 	welcomeText: text = 'space'
6.6082 	EXP 	welcomeText: text = 'space'
6.6253 	EXP 	welcomeText: text = 'space'
6.6421 	EXP 	welcomeText: text = 'space'
6.6590 	EXP 	welcomeText: text = 'space'
6.6757 	EXP 	welcomeText: text = 'space'
6.6918 	EXP 	welcomeText: text = 'space'
6.7083 	EXP 	welcomeText: text = 'space'
6.7252 	EXP 	welcomeText: text = 'space'
6.7424 	EXP 	welcomeText: text = 'space'
6.7590 	EXP 	welcomeText: text = 'space'
6.7755 	EXP 	welcomeText: text = 'space'
6.7855 	DATA 	Keypress: space
6.7928 	EXP 	welcomeText: text = 'space'
6.8086 	EXP 	welcomeText: text = 'space'
6.8254 	EXP 	welcomeText: text = 'space'
6.8421 	EXP 	welcomeText: text = 'space'
6.8590 	EXP 	welcomeText: text = 'space'
6.8755 	EXP 	welcomeText: text = 'space'
6.8917 	EXP 	welcomeText: text = 'space'
6.9085 	EXP 	welcomeText: text = 'space'
6.9256 	EXP 	welcomeText: text = 'space'
6.9423 	EXP 	welcomeText: text = 'space'
6.9578 	EXP 	welcomeText: text = 'space'
6.9750 	EXP 	welcomeText: text = 'space'
6.9921 	EXP 	welcomeText: text = 'space'
7.0086 	EXP 	welcomeText: text = 'space'
7.0260 	EXP 	welcomeText: text = 'space'
7.0424 	EXP 	welcomeText: text = 'space'
7.0592 	EXP 	welcomeText: text = 'space'
7.0757 	EXP 	welcomeText: text = 'space'
7.0918 	EXP 	welcomeText: text = 'space'
7.1087 	EXP 	welcomeText: text = 'space'
7.1255 	EXP 	welcomeText: text = 'space'
7.1423 	EXP 	welcomeText: text = 'space'
7.1591 	EXP 	welcomeText: text = 'space'
7.1757 	EXP 	welcomeText: text = 'space'
7.1918 	EXP 	welcomeText: text = 'space'
7.2085 	EXP 	welcomeText: text = 'space'
7.2256 	EXP 	welcomeText: text = 'space'
7.2424 	EXP 	welcomeText: text = 'space'
7.2594 	EXP 	welcomeText: text = 'space'
7.2754 	EXP 	welcomeText: text = 'space'
7.2919 	EXP 	welcomeText: text = 'space'
7.3085 	EXP 	welcomeText: text = 'space'
7.3256 	EXP 	welcomeText: text = 'space'
7.3423 	EXP 	welcomeText: text = 'space'
7.3592 	EXP 	welcomeText: text = 'space'
7.3757 	EXP 	welcomeText: text = 'space'
7.3918 	EXP 	welcomeText: text = 'space'
7.4085 	EXP 	welcomeText: text = 'space'
7.4256 	EXP 	welcomeText: text = 'space'
7.4425 	EXP 	welcomeText: text = 'space'
7.4593 	EXP 	welcomeText: text = 'space'
7.4758 	EXP 	welcomeText: text = 'space'
7.4919 	EXP 	welcomeText: text = 'space'
7.5084 	EXP 	welcomeText: text = 'space'
7.5257 	EXP 	welcomeText: text = 'space'
7.5427 	EXP 	welcomeText: text = 'space'
7.5594 	EXP 	welcomeText: text = 'space'
7.5755 	EXP 	welcomeText: text = 'space'
7.5922 	EXP 	welcomeText: text = 'space'
7.6092 	EXP 	welcomeText: text = 'space'
7.6256 	EXP 	welcomeText: text = 'space'
7.6414 	EXP 	welcomeText: text = 'space'
7.6586 	EXP 	welcomeText: text = 'space'
7.6754 	EXP 	welcomeText: text = 'space'
7.6918 	EXP 	welcomeText: text = 'space'
7.7084 	EXP 	welcomeText: text = 'space'
7.7260 	EXP 	welcomeText: text = 'space'
7.7426 	EXP 	welcomeText: text = 'space'
7.7593 	EXP 	welcomeText: text = 'space'
7.7759 	EXP 	welcomeText: text = 'space'
7.7920 	EXP 	welcomeText: text = 'space'
7.8088 	EXP 	welcomeText: text = 'space'
7.8258 	EXP 	welcomeText: text = 'space'
7.8425 	EXP 	welcomeText: text = 'space'
7.8593 	EXP 	welcomeText: text = 'space'
7.8756 	EXP 	welcomeText: text = 'space'
7.8921 	EXP 	welcomeText: text = 'space'
7.9088 	EXP 	welcomeText: text = 'space'
7.9259 	EXP 	welcomeText: text = 'space'
7.9424 	EXP 	welcomeText: text = 'space'
7.9594 	EXP 	welcomeText: text = 'space'
7.9754 	EXP 	welcomeText: text = 'space'
7.9929 	EXP 	welcomeText: text = 'space'
8.0091 	EXP 	welcomeText: text = 'space'
8.0259 	EXP 	welcomeText: text = 'space'
8.0426 	EXP 	welcomeText: text = 'space'
8.0594 	EXP 	welcomeText: text = 'space'
8.0761 	EXP 	welcomeText: text = 'space'
8.0922 	EXP 	welcomeText: text = 'space'
8.1095 	EXP 	welcomeText: text = 'space'
8.1262 	EXP 	welcomeText: text = 'space'
8.1428 	EXP 	welcomeText: text = 'space'
8.1594 	EXP 	welcomeText: text = 'space'
8.1686 	DATA 	Keypress: space
8.1759 	EXP 	welcomeText: text = 'space'
8.1922 	EXP 	welcomeText: text = 'space'
8.2090 	EXP 	welcomeText: text = 'space'
8.2258 	EXP 	welcomeText: text = 'space'
8.2426 	EXP 	welcomeText: text = 'space'
8.2594 	EXP 	welcomeText: text = 'space'
8.2756 	EXP 	welcomeText: text = 'space'
8.2921 	EXP 	welcomeText: text = 'space'
8.3090 	EXP 	welcomeText: text = 'space'
8.3260 	EXP 	welcomeText: text = 'space'
8.3425 	EXP 	welcomeText: text = 'space'
8.3594 	EXP 	welcomeText: text = 'space'
8.3754 	EXP 	welcomeText: text = 'space'
8.3925 	EXP 	welcomeText: text = 'space'
8.4093 	EXP 	welcomeText: text = 'space'
8.4260 	EXP 	welcomeText: text = 'space'
8.4428 	EXP 	welcomeText: text = 'space'
8.4595 	EXP 	welcomeText: text = 'space'
8.4757 	EXP 	welcomeText: text = 'space'
8.4924 	EXP 	welcomeText: text = 'space'
8.5091 	EXP 	welcomeText: text = 'space'
8.5260 	EXP 	welcomeText: text = 'space'
8.5429 	EXP 	welcomeText: text = 'space'
8.5596 	EXP 	welcomeText: text = 'space'
8.5756 	EXP 	welcomeText: text = 'space'
8.5922 	EXP 	welcomeText: text = 'space'
8.6092 	EXP 	welcomeText: text = 'space'
8.6261 	EXP 	welcomeText: text = 'space'
8.6428 	EXP 	welcomeText: text = 'space'
8.6595 	EXP 	welcomeText: text = 'space'
8.6756 	EXP 	welcomeText: text = 'space'
8.6925 	EXP 	welcomeText: text = 'space'
8.7092 	EXP 	welcomeText: text = 'space'
8.7260 	EXP 	welcomeText: text = 'space'
8.7429 	EXP 	welcomeText: text = 'space'
8.7595 	EXP 	welcomeText: text = 'space'
8.7755 	EXP 	welcomeText: text = 'space'
8.7922 	EXP 	welcomeText: text = 'space'
8.8091 	EXP 	welcomeText: text = 'space'
8.8262 	EXP 	welcomeText: text = 'space'
8.8429 	EXP 	welcomeText: text = 'space'
8.8594 	EXP 	welcomeText: text = 'space'
8.8757 	EXP 	welcomeText: text = 'space'
8.8924 	EXP 	welcomeText: text = 'space'
8.9098 	EXP 	welcomeText: text = 'space'
8.9262 	EXP 	welcomeText: text = 'space'
8.9431 	EXP 	welcomeText: text = 'space'
8.9597 	EXP 	welcomeText: text = 'space'
8.9759 	EXP 	welcomeText: text = 'space'
8.9923 	EXP 	welcomeText: text = 'space'
9.0094 	EXP 	welcomeText: text = 'space'
9.0261 	EXP 	welcomeText: text = 'space'
9.0431 	EXP 	welcomeText: text = 'space'
9.0594 	EXP 	welcomeText: text = 'space'
9.0755 	EXP 	welcomeText: text = 'space'
9.0922 	EXP 	welcomeText: text = 'space'
9.1095 	EXP 	welcomeText: text = 'space'
9.1262 	EXP 	welcomeText: text = 'space'
9.1429 	EXP 	welcomeText: text = 'space'
9.1597 	EXP 	welcomeText: text = 'space'
9.1757 	EXP 	welcomeText: text = 'space'
9.1924 	EXP 	welcomeText: text = 'space'
9.2093 	EXP 	welcomeText: text = 'space'
9.2263 	EXP 	welcomeText: text = 'space'
9.2430 	EXP 	welcomeText: text = 'space'
9.2595 	EXP 	welcomeText: text = 'space'
9.2759 	EXP 	welcomeText: text = 'space'
9.2925 	EXP 	welcomeText: text = 'space'
9.3093 	EXP 	welcomeText: text = 'space'
9.3262 	EXP 	welcomeText: text = 'space'
9.3430 	EXP 	welcomeText: text = 'space'
9.3595 	EXP 	welcomeText: text = 'space'
9.3757 	EXP 	welcomeText: text = 'space'
9.3924 	EXP 	welcomeText: text = 'space'
9.4093 	EXP 	welcomeText: text = 'space'
9.4263 	EXP 	welcomeText: text = 'space'
9.4431 	EXP 	welcomeText: text = 'space'
9.4597 	EXP 	welcomeText: text = 'space'
9.4757 	EXP 	welcomeText: text = 'space'
9.4924 	EXP 	welcomeText: text = 'space'
9.5097 	EXP 	welcomeText: text = 'space'
9.5263 	EXP 	welcomeText: text = 'space'
9.5431 	EXP 	welcomeText: text = 'space'
9.5596 	EXP 	welcomeText: text = 'space'
9.5759 	EXP 	welcomeText: text = 'space'
9.5925 	EXP 	welcomeText: text = 'space'
9.6094 	EXP 	welcomeText: text = 'space'
9.6262 	EXP 	welcomeText: text = 'space'
9.6433 	EXP 	welcomeText: text = 'space'
9.6597 	EXP 	welcomeText: text = 'space'
9.6757 	EXP 	welcomeText: text = 'space'
9.6926 	EXP 	welcomeText: text = 'space'
9.7097 	EXP 	welcomeText: text = 'space'
9.7264 	EXP 	welcomeText: text = 'space'
9.7431 	EXP 	welcomeText: text = 'space'
9.7600 	EXP 	welcomeText: text = 'space'
9.7758 	EXP 	welcomeText: text = 'space'
9.7929 	EXP 	welcomeText: text = 'space'
9.8098 	EXP 	welcomeText: text = 'space'
9.8264 	EXP 	welcomeText: text = 'space'
9.8432 	EXP 	welcomeText: text = 'space'
9.8596 	EXP 	welcomeText: text = 'space'
9.8759 	EXP 	welcomeText: text = 'space'
9.8924 	EXP 	welcomeText: text = 'space'
9.9096 	EXP 	welcomeText: text = 'space'
9.9265 	EXP 	welcomeText: text = 'space'
9.9431 	EXP 	welcomeText: text = 'space'
9.9598 	EXP 	welcomeText: text = 'space'
9.9757 	EXP 	welcomeText: text = 'space'
9.9927 	EXP 	welcomeText: text = 'space'
10.0096 	EXP 	welcomeText: text = 'space'
10.0264 	EXP 	welcomeText: text = 'space'
10.0431 	EXP 	welcomeText: text = 'space'
10.0598 	EXP 	welcomeText: text = 'space'
10.0758 	EXP 	welcomeText: text = 'space'
10.0929 	EXP 	welcomeText: text = 'space'
10.1097 	EXP 	welcomeText: text = 'space'
10.1265 	EXP 	welcomeText: text = 'space'
10.1432 	EXP 	welcomeText: text = 'space'
10.1598 	EXP 	welcomeText: text = 'space'
10.1761 	EXP 	welcomeText: text = 'space'
10.1927 	EXP 	welcomeText: text = 'space'
10.2096 	EXP 	welcomeText: text = 'space'
10.2264 	EXP 	welcomeText: text = 'space'
10.2433 	EXP 	welcomeText: text = 'space'
10.2598 	EXP 	welcomeText: text = 'space'
10.2760 	EXP 	welcomeText: text = 'space'
10.2929 	EXP 	welcomeText: text = 'space'
10.3099 	EXP 	welcomeText: text = 'space'
10.3266 	EXP 	welcomeText: text = 'space'
10.3434 	EXP 	welcomeText: text = 'space'
10.3597 	EXP 	welcomeText: text = 'space'
10.3760 	EXP 	welcomeText: text = 'space'
10.3925 	EXP 	welcomeText: text = 'space'
10.4097 	EXP 	welcomeText: text = 'space'
10.4260 	EXP 	welcomeText: text = 'space'
10.4428 	EXP 	welcomeText: text = 'space'
10.4598 	EXP 	welcomeText: text = 'space'
10.4760 	EXP 	welcomeText: text = 'space'
10.4930 	EXP 	welcomeText: text = 'space'
10.5097 	EXP 	welcomeText: text = 'space'
10.5266 	EXP 	welcomeText: text = 'space'
10.5433 	EXP 	welcomeText: text = 'space'
10.5600 	EXP 	welcomeText: text = 'space'
10.5759 	EXP 	welcomeText: text = 'space'
10.5928 	EXP 	welcomeText: text = 'space'
10.6099 	EXP 	welcomeText: text = 'space'
10.6267 	EXP 	welcomeText: text = 'space'
10.6435 	EXP 	welcomeText: text = 'space'
10.6596 	EXP 	welcomeText: text = 'space'
10.6762 	EXP 	welcomeText: text = 'space'
10.6929 	EXP 	welcomeText: text = 'space'
10.7100 	EXP 	welcomeText: text = 'space'
10.7267 	EXP 	welcomeText: text = 'space'
10.7434 	EXP 	welcomeText: text = 'space'
10.7597 	EXP 	welcomeText: text = 'space'
10.7760 	EXP 	welcomeText: text = 'space'
10.7931 	EXP 	welcomeText: text = 'space'
10.8099 	EXP 	welcomeText: text = 'space'
10.8266 	EXP 	welcomeText: text = 'space'
10.8436 	EXP 	welcomeText: text = 'space'
10.8595 	EXP 	welcomeText: text = 'space'
10.8762 	EXP 	welcomeText: text = 'space'
10.8927 	EXP 	welcomeText: text = 'space'
10.9100 	EXP 	welcomeText: text = 'space'
10.9268 	EXP 	welcomeText: text = 'space'
10.9434 	EXP 	welcomeText: text = 'space'
10.9595 	EXP 	welcomeText: text = 'space'
10.9761 	EXP 	welcomeText: text = 'space'
10.9930 	EXP 	welcomeText: text = 'space'
11.0099 	EXP 	welcomeText: text = 'space'
11.0269 	EXP 	welcomeText: text = 'space'
11.0434 	EXP 	welcomeText: text = 'space'
11.0596 	EXP 	welcomeText: text = 'space'
11.0764 	EXP 	welcomeText: text = 'space'
11.0932 	EXP 	welcomeText: text = 'space'
11.1101 	EXP 	welcomeText: text = 'space'
11.1268 	EXP 	welcomeText: text = 'space'
11.1435 	EXP 	welcomeText: text = 'space'
11.1595 	EXP 	welcomeText: text = 'space'
11.1761 	EXP 	welcomeText: text = 'space'
11.1931 	EXP 	welcomeText: text = 'space'
11.2099 	EXP 	welcomeText: text = 'space'
11.2268 	EXP 	welcomeText: text = 'space'
11.2436 	EXP 	welcomeText: text = 'space'
11.2596 	EXP 	welcomeText: text = 'space'
11.2761 	EXP 	welcomeText: text = 'space'
11.2931 	EXP 	welcomeText: text = 'space'
11.3101 	EXP 	welcomeText: text = 'space'
11.3267 	EXP 	welcomeText: text = 'space'
11.3436 	EXP 	welcomeText: text = 'space'
11.3596 	EXP 	welcomeText: text = 'space'
11.3761 	EXP 	welcomeText: text = 'space'
11.3929 	EXP 	welcomeText: text = 'space'
11.4101 	EXP 	welcomeText: text = 'space'
11.4264 	EXP 	welcomeText: text = 'space'
11.4435 	EXP 	welcomeText: text = 'space'
11.4599 	EXP 	welcomeText: text = 'space'
11.4696 	DATA 	Keypress: space
11.4772 	EXP 	welcomeText: text = 'space'
11.4935 	EXP 	welcomeText: text = 'space'
11.5103 	EXP 	welcomeText: text = 'space'
11.5270 	EXP 	welcomeText: text = 'space'
11.5435 	EXP 	welcomeText: text = 'space'
11.5597 	EXP 	welcomeText: text = 'space'
11.5764 	EXP 	welcomeText: text = 'space'
11.5934 	EXP 	welcomeText: text = 'space'
11.6102 	EXP 	welcomeText: text = 'space'
11.6269 	EXP 	welcomeText: text = 'space'
11.6436 	EXP 	welcomeText: text = 'space'
11.6598 	EXP 	welcomeText: text = 'space'
11.6766 	EXP 	welcomeText: text = 'space'
11.6929 	EXP 	welcomeText: text = 'space'
11.6935 	DATA 	Keypress: space
11.7102 	EXP 	welcomeText: text = 'space'
11.7271 	EXP 	welcomeText: text = 'space'
11.7437 	EXP 	welcomeText: text = 'space'
11.7599 	EXP 	welcomeText: text = 'space'
11.7766 	EXP 	welcomeText: text = 'space'
11.7934 	EXP 	welcomeText: text = 'space'
11.8101 	EXP 	welcomeText: text = 'space'
11.8270 	EXP 	welcomeText: text = 'space'
11.8433 	EXP 	welcomeText: text = 'space'
11.8597 	EXP 	welcomeText: text = 'space'
11.8767 	EXP 	welcomeText: text = 'space'
11.8934 	EXP 	welcomeText: text = 'space'
11.9101 	EXP 	welcomeText: text = 'space'
11.9198 	DATA 	Keypress: space
11.9274 	EXP 	welcomeText: text = 'space'
11.9438 	EXP 	welcomeText: text = 'space'
11.9599 	EXP 	welcomeText: text = 'space'
11.9768 	EXP 	welcomeText: text = 'space'
11.9936 	EXP 	welcomeText: text = 'space'
12.0104 	EXP 	welcomeText: text = 'space'
12.0272 	EXP 	welcomeText: text = 'space'
12.0437 	EXP 	welcomeText: text = 'space'
12.0595 	EXP 	welcomeText: text = 'space'
12.0764 	EXP 	welcomeText: text = 'space'
12.0937 	EXP 	welcomeText: text = 'space'
12.1103 	EXP 	welcomeText: text = 'space'
12.1271 	EXP 	welcomeText: text = 'space'
12.1438 	EXP 	welcomeText: text = 'space'
12.1444 	DATA 	Keypress: space
12.1597 	EXP 	welcomeText: text = 'space'
12.1769 	EXP 	welcomeText: text = 'space'
12.1935 	EXP 	welcomeText: text = 'space'
12.2105 	EXP 	welcomeText: text = 'space'
12.2271 	EXP 	welcomeText: text = 'space'
12.2435 	EXP 	welcomeText: text = 'space'
12.2599 	EXP 	welcomeText: text = 'space'
12.2766 	EXP 	welcomeText: text = 'space'
12.2936 	EXP 	welcomeText: text = 'space'
12.3104 	EXP 	welcomeText: text = 'space'
12.3273 	EXP 	welcomeText: text = 'space'
12.3438 	EXP 	welcomeText: text = 'space'
12.3597 	EXP 	welcomeText: text = 'space'
12.3697 	DATA 	Keypress: space
12.3770 	EXP 	welcomeText: text = 'space'
12.3940 	EXP 	welcomeText: text = 'space'
12.4105 	EXP 	welcomeText: text = 'space'
12.4271 	EXP 	welcomeText: text = 'space'
12.4438 	EXP 	welcomeText: text = 'space'
12.4600 	EXP 	welcomeText: text = 'space'
12.4768 	EXP 	welcomeText: text = 'space'
12.4937 	EXP 	welcomeText: text = 'space'
12.5104 	EXP 	welcomeText: text = 'space'
12.5274 	EXP 	welcomeText: text = 'space'
12.5434 	EXP 	welcomeText: text = 'space'
12.5600 	EXP 	welcomeText: text = 'space'
12.5768 	EXP 	welcomeText: text = 'space'
12.5864 	DATA 	Keypress: space
12.5940 	EXP 	welcomeText: text = 'space'
12.6104 	EXP 	welcomeText: text = 'space'
12.6272 	EXP 	welcomeText: text = 'space'
12.6439 	EXP 	welcomeText: text = 'space'
12.6599 	EXP 	welcomeText: text = 'space'
12.6769 	EXP 	welcomeText: text = 'space'
12.6937 	EXP 	welcomeText: text = 'space'
12.7104 	EXP 	welcomeText: text = 'space'
12.7274 	EXP 	welcomeText: text = 'space'
12.7438 	EXP 	welcomeText: text = 'space'
12.7601 	EXP 	welcomeText: text = 'space'
12.7769 	EXP 	welcomeText: text = 'space'
12.7939 	EXP 	welcomeText: text = 'space'
12.8106 	EXP 	welcomeText: text = 'space'
12.8273 	EXP 	welcomeText: text = 'space'
12.8441 	EXP 	welcomeText: text = 'space'
12.8599 	EXP 	welcomeText: text = 'space'
12.8769 	EXP 	welcomeText: text = 'space'
12.8927 	EXP 	welcomeText: text = 'space'
12.9101 	EXP 	welcomeText: text = 'space'
12.9267 	EXP 	welcomeText: text = 'space'
12.9427 	EXP 	welcomeText: text = 'space'
12.9605 	EXP 	welcomeText: text = 'space'
12.9769 	EXP 	welcomeText: text = 'space'
12.9938 	EXP 	welcomeText: text = 'space'
13.0107 	EXP 	welcomeText: text = 'space'
13.0274 	EXP 	welcomeText: text = 'space'
13.0436 	EXP 	welcomeText: text = 'space'
13.0602 	EXP 	welcomeText: text = 'space'
13.0769 	EXP 	welcomeText: text = 'space'
13.0940 	EXP 	welcomeText: text = 'space'
13.1110 	EXP 	welcomeText: text = 'space'
13.1274 	EXP 	welcomeText: text = 'space'
13.1435 	EXP 	welcomeText: text = 'space'
13.1600 	EXP 	welcomeText: text = 'space'
13.1771 	EXP 	welcomeText: text = 'space'
13.1940 	EXP 	welcomeText: text = 'space'
13.2107 	EXP 	welcomeText: text = 'space'
13.2274 	EXP 	welcomeText: text = 'space'
13.2280 	DATA 	Keypress: escape
13.2583 	EXP 	window1: mouseVisible = True
0.3513 	WARNING 	We strongly recommend you activate the PTB sound engine in PsychoPy prefs as the preferred audio engine. Its timing is vastly superior. Your prefs are currently set to use ['sounddevice', 'PTB', 'pyo', 'pygame'] (in that order).
0.9631 	WARNING 	Import Error: No module named 'psychtoolbox'. Using event module for keyboard component.
1.9215 	WARNING 	User requested fullscreen with size [1536  864], but screen is actually [1920, 1080]. Using actual size
2.4655 	EXP 	Created window1 = Window(allowGUI=False, allowStencil=False, args=UNKNOWN, autoLog=True, bitsMode=UNKNOWN, blendMode='avg', bpc=(8, 8, 8), color=array([0., 0., 0.]), colorSpace='rgb', depthBits=8, fullscr=<method-wrapper '__getattribute__' of attributeSetter object at 0x7f34a12df610>, gamma=None, gammaErrorPolicy='raise', kwargs=UNKNOWN, lms=UNKNOWN, monitor=<psychopy.monitors.calibTools.Monitor object at 0x7f34a1732430>, multiSample=False, name='window1', numSamples=2, pos=[0.0, 0.0], screen=0, size=array([1920, 1080]), stencilBits=0, stereo=False, units='height', useFBO=True, useRetina=False, viewOri=0.0, viewPos=None, viewScale=None, waitBlanking=True, winType='pyglet')
2.4658 	EXP 	window1: mouseVisible = True
2.4659 	EXP 	window1: recordFrameIntervals = False
2.6306 	EXP 	window1: recordFrameIntervals = True
2.8146 	EXP 	window1: recordFrameIntervals = False
2.9067 	EXP 	Created welcomeText = TextStim(__class__=<class 'psychopy.visual.text.TextStim'>, alignHoriz=method-wrapper(...), alignText='center', alignVert=method-wrapper(...), anchorHoriz='center', anchorVert='center', antialias=True, autoLog=True, bold=False, color='white', colorSpace='named', contrast=1.0, depth=0.0, flipHoriz=False, flipVert=False, font='Arial', fontFiles=[], height=0.03, italic=False, languageStyle='LTR', name='welcomeText', opacity=1.0, ori=0, pos=array([0., 0.]), rgb=array([255., 255., 255.]), text='default text', units='height', win=Window(...), wrapWidth=1)
2.9233 	EXP 	Created welcome_text_2 = TextStim(__class__=<class 'psychopy.visual.text.TextStim'>, alignHoriz=method-wrapper(...), alignText='center', alignVert=method-wrapper(...), anchorHoriz='center', anchorVert='center', antialias=True, autoLog=True, bold=False, color='white', colorSpace='named', contrast=1.0, depth=0.0, flipHoriz=False, flipVert=False, font='Arial', fontFiles=[], height=0.03, italic=False, languageStyle='LTR', name='welcome_text_2', opacity=1.0, ori=0, pos=array([0., 0.]), rgb=array([255., 255., 255.]), text=str(...), units='height', win=Window(...), wrapWidth=1)
2.9493 	EXP 	Created onesecond = ImageStim(__class__=<class 'psychopy.visual.image.ImageStim'>, autoLog=True, color=array([1., 1., 1.]), colorSpace='rgb', contrast=1.0, depth=-2.0, flipHoriz=False, flipVert=False, image='img/odd_4_square.png', interpolate=True, mask=None, maskParams=None, name='onesecond', opacity=1.0, ori=0.0, pos=array([0., 0.]), size=array([1.8, 1. ]), texRes=128, units='height', win=Window(...))
2.9708 	EXP 	Created seven_second = ImageStim(__class__=<class 'psychopy.visual.image.ImageStim'>, autoLog=True, color=array([1., 1., 1.]), colorSpace='rgb', contrast=1.0, depth=-3.0, flipHoriz=False, flipVert=False, image='img/odd_8_square_4.png', interpolate=True, mask=None, maskParams=None, name='seven_second', opacity=1.0, ori=0.0, pos=array([0., 0.]), size=array([1.8, 1. ]), texRes=128, units='height', win=Window(...))
2.9728 	EXP 	Created fixImg = ImageStim(__class__=<class 'psychopy.visual.image.ImageStim'>, autoLog=True, color=array([1., 1., 1.]), colorSpace='rgb', contrast=1.0, depth=0.0, flipHoriz=False, flipVert=False, image='sin', interpolate=True, mask=None, maskParams=None, name='fixImg', opacity=1.0, ori=0.0, pos=array([0., 0.]), size=array([1.8, 1. ]), texRes=128, units='height', win=Window(...))
2.9739 	EXP 	Created delayImg = ImageStim(__class__=<class 'psychopy.visual.image.ImageStim'>, autoLog=True, color=array([1., 1., 1.]), colorSpace='rgb', contrast=1.0, depth=0.0, flipHoriz=False, flipVert=False, image='sin', interpolate=True, mask=None, maskParams=None, name='delayImg', opacity=1.0, ori=0.0, pos=array([0., 0.]), size=array([1.8, 1. ]), texRes=128, units='height', win=Window(...))
2.9750 	EXP 	Created choiceImg = ImageStim(__class__=<class 'psychopy.visual.image.ImageStim'>, autoLog=True, color=array([1., 1., 1.]), colorSpace='rgb', contrast=1.0, depth=0.0, flipHoriz=False, flipVert=False, image='sin', interpolate=True, mask=None, maskParams=None, name='choiceImg', opacity=1.0, ori=0.0, pos=array([0., 0.]), size=array([1.8, 1. ]), texRes=128, units='height', win=Window(...))
2.9830 	EXP 	Created choiceWarning = TextStim(__class__=<class 'psychopy.visual.text.TextStim'>, alignHoriz=method-wrapper(...), alignText='center', alignVert=method-wrapper(...), anchorHoriz='center', anchorVert='center', antialias=True, autoLog=True, bold=False, color='red', colorSpace='named', contrast=1.0, depth=-2.0, flipHoriz=False, flipVert=False, font='Arial', fontFiles=[], height=0.05, italic=False, languageStyle='LTR', name='choiceWarning', opacity=1.0, ori=0, pos=array([ 0. , -0.3]), rgb=array([255.,   0.,   0.]), text='default text', units='height', win=Window(...), wrapWidth=1)
2.9842 	EXP 	Created leftImg = ImageStim(__class__=<class 'psychopy.visual.image.ImageStim'>, autoLog=True, color=array([1., 1., 1.]), colorSpace='rgb', contrast=1.0, depth=0.0, flipHoriz=False, flipVert=False, image='sin', interpolate=True, mask=None, maskParams=None, name='leftImg', opacity=1.0, ori=0.0, pos=array([0., 0.]), size=array([1.8, 1. ]), texRes=128, units='height', win=Window(...))
2.9852 	EXP 	Created rewardImgLeft = ImageStim(__class__=<class 'psychopy.visual.image.ImageStim'>, autoLog=True, color=array([1., 1., 1.]), colorSpace='rgb', contrast=1.0, depth=0.0, flipHoriz=False, flipVert=False, image='sin', interpolate=True, mask=None, maskParams=None, name='rewardImgLeft', opacity=1.0, ori=0.0, pos=array([0., 0.]), size=array([1.8, 1. ]), texRes=128, units='height', win=Window(...))
2.9920 	EXP 	Created rewardText = TextStim(__class__=<class 'psychopy.visual.text.TextStim'>, alignHoriz=method-wrapper(...), alignText='center', alignVert=method-wrapper(...), anchorHoriz='center', anchorVert='center', antialias=True, autoLog=True, bold=False, color='red', colorSpace='named', contrast=1.0, depth=-1.0, flipHoriz=False, flipVert=False, font='Arial', fontFiles=[], height=0.1, italic=False, languageStyle='LTR', name='rewardText', opacity=1.0, ori=0, pos=array([0., 0.]), rgb=array([255.,   0.,   0.]), text='default text', units='height', win=Window(...), wrapWidth=1)
2.9930 	EXP 	Created rightImg = ImageStim(__class__=<class 'psychopy.visual.image.ImageStim'>, autoLog=True, color=array([1., 1., 1.]), colorSpace='rgb', contrast=1.0, depth=0.0, flipHoriz=False, flipVert=False, image='sin', interpolate=True, mask=None, maskParams=None, name='rightImg', opacity=1.0, ori=0.0, pos=array([0., 0.]), size=array([1.8, 1. ]), texRes=128, units='height', win=Window(...))
2.9940 	EXP 	Created rewardImgRight = ImageStim(__class__=<class 'psychopy.visual.image.ImageStim'>, autoLog=True, color=array([1., 1., 1.]), colorSpace='rgb', contrast=1.0, depth=0.0, flipHoriz=False, flipVert=False, image='sin', interpolate=True, mask=None, maskParams=None, name='rewardImgRight', opacity=1.0, ori=0.0, pos=array([0., 0.]), size=array([1.8, 1. ]), texRes=128, units='height', win=Window(...))
2.9954 	EXP 	Created rightText = TextStim(__class__=<class 'psychopy.visual.text.TextStim'>, alignHoriz=method-wrapper(...), alignText='center', alignVert=method-wrapper(...), anchorHoriz='center', anchorVert='center', antialias=True, autoLog=True, bold=False, color='red', colorSpace='named', contrast=1.0, depth=-1.0, flipHoriz=False, flipVert=False, font='Arial', fontFiles=[], height=0.1, italic=False, languageStyle='LTR', name='rightText', opacity=1.0, ori=0, pos=array([0., 0.]), rgb=array([255.,   0.,   0.]), text='default text', units='height', win=Window(...), wrapWidth=1)
2.9977 	EXP 	Created block4 = ImageStim(__class__=<class 'psychopy.visual.image.ImageStim'>, autoLog=True, color=array([1., 1., 1.]), colorSpace='rgb', contrast=1.0, depth=0.0, flipHoriz=False, flipVert=False, image='img/coffee.jpeg', interpolate=True, mask=None, maskParams=None, name='block4', opacity=1.0, ori=0.0, pos=array([ 0.5, -0.2]), size=array([0.35, 0.35]), texRes=128, units='height', win=Window(...))
2.9998 	EXP 	Created block3 = ImageStim(__class__=<class 'psychopy.visual.image.ImageStim'>, autoLog=True, color=array([1., 1., 1.]), colorSpace='rgb', contrast=1.0, depth=-1.0, flipHoriz=False, flipVert=False, image='img/cake.jpeg', interpolate=True, mask=None, maskParams=None, name='block3', opacity=1.0, ori=0.0, pos=array([0.5, 0.2]), size=array([0.35, 0.35]), texRes=128, units='height', win=Window(...))
3.0016 	EXP 	Created block2 = ImageStim(__class__=<class 'psychopy.visual.image.ImageStim'>, autoLog=True, color=array([1., 1., 1.]), colorSpace='rgb', contrast=1.0, depth=-2.0, flipHoriz=False, flipVert=False, image='img/gummi.jpeg', interpolate=True, mask=None, maskParams=None, name='block2', opacity=1.0, ori=0.0, pos=array([-0.5, -0.2]), size=array([0.35, 0.35]), texRes=128, units='height', win=Window(...))
3.0154 	EXP 	Created block1 = ImageStim(__class__=<class 'psychopy.visual.image.ImageStim'>, autoLog=True, color=array([1., 1., 1.]), colorSpace='rgb', contrast=1.0, depth=-3.0, flipHoriz=False, flipVert=False, image='img/tea.jpeg', interpolate=True, mask=None, maskParams=None, name='block1', opacity=1.0, ori=0.0, pos=array([-0.5,  0.2]), size=array([0.35, 0.35]), texRes=128, units='height', win=Window(...))
3.0170 	EXP 	Created repeatText = TextStim(__class__=<class 'psychopy.visual.text.TextStim'>, alignHoriz=method-wrapper(...), alignText='center', alignVert=method-wrapper(...), anchorHoriz='center', anchorVert='center', antialias=True, autoLog=True, bold=False, color='white', colorSpace='named', contrast=1.0, depth=-4.0, flipHoriz=False, flipVert=False, font='Arial', fontFiles=[], height=0.05, italic=False, languageStyle='LTR', name='repeatText', opacity=1.0, ori=0, pos=array([0., 0.]), rgb=array([255., 255., 255.]), text='default text', units='height', win=Window(...), wrapWidth=1)
3.0614 	EXP 	Created text = TextStim(__class__=<class 'psychopy.visual.text.TextStim'>, alignHoriz=method-wrapper(...), alignText='center', alignVert=method-wrapper(...), anchorHoriz='center', anchorVert='center', antialias=True, autoLog=True, bold=False, color='white', colorSpace='named', contrast=1.0, depth=0.0, flipHoriz=False, flipVert=False, font='Arial', fontFiles=[], height=0.03, italic=False, languageStyle='LTR', name='text', opacity=1.0, ori=0, pos=array([0., 0.]), rgb=array([255., 255., 255.]), text=str(...), units='height', win=Window(...), wrapWidth=1)
3.0673 	EXP 	Created endText = TextStim(__class__=<class 'psychopy.visual.text.TextStim'>, alignHoriz=method-wrapper(...), alignText='center', alignVert=method-wrapper(...), anchorHoriz='center', anchorVert='center', antialias=True, autoLog=True, bold=False, color='white', colorSpace='named', contrast=1.0, depth=0.0, flipHoriz=False, flipVert=False, font='Arial', fontFiles=[], height=0.05, italic=False, languageStyle='LTR', name='endText', opacity=1.0, ori=0, pos=array([0., 0.]), rgb=array([255., 255., 255.]), text=str(...), units='height', win=Window(...), wrapWidth=1)
3.0746 	EXP 	welcomeText: autoDraw = True
3.0746 	EXP 	welcomeText: text = ''
3.0819 	EXP 	welcomeText: text = ''
3.0974 	EXP 	welcomeText: text = ''
3.1140 	EXP 	welcomeText: text = ''
3.1307 	EXP 	welcomeText: text = ''
3.1474 	EXP 	welcomeText: text = ''
3.1642 	EXP 	welcomeText: text = ''
3.1804 	EXP 	welcomeText: text = ''
3.1970 	EXP 	welcomeText: text = ''
3.2140 	EXP 	welcomeText: text = ''
3.2308 	EXP 	welcomeText: text = ''
3.2475 	EXP 	welcomeText: text = ''
3.2641 	EXP 	welcomeText: text = ''
3.2802 	EXP 	welcomeText: text = ''
3.2969 	EXP 	welcomeText: text = ''
3.3142 	EXP 	welcomeText: text = ''
3.3306 	EXP 	welcomeText: text = ''
3.3474 	EXP 	welcomeText: text = ''
3.3641 	EXP 	welcomeText: text = ''
3.3805 	EXP 	welcomeText: text = ''
3.3973 	EXP 	welcomeText: text = ''
3.4141 	EXP 	welcomeText: text = ''
3.4308 	EXP 	welcomeText: text = ''
3.4477 	EXP 	welcomeText: text = ''
3.4641 	EXP 	welcomeText: text = ''
3.4803 	EXP 	welcomeText: text = ''
3.4972 	EXP 	welcomeText: text = ''
3.5140 	EXP 	welcomeText: text = ''
3.5306 	EXP 	welcomeText: text = ''
3.5475 	EXP 	welcomeText: text = ''
3.5640 	EXP 	welcomeText: text = ''
3.5803 	EXP 	welcomeText: text = ''
3.5973 	EXP 	welcomeText: text = ''
3.6141 	EXP 	welcomeText: text = ''
3.6308 	EXP 	welcomeText: text = ''
3.6475 	EXP 	welcomeText: text = ''
3.6642 	EXP 	welcomeText: text = ''
3.6805 	EXP 	welcomeText: text = ''
3.6973 	EXP 	welcomeText: text = ''
3.7141 	EXP 	welcomeText: text = ''
3.7304 	EXP 	welcomeText: text = ''
3.7476 	EXP 	welcomeText: text = ''
3.7642 	EXP 	welcomeText: text = ''
3.7811 	EXP 	welcomeText: text = ''
3.7974 	EXP 	welcomeText: text = ''
3.8141 	EXP 	welcomeText: text = ''
3.8310 	EXP 	welcomeText: text = ''
3.8476 	EXP 	welcomeText: text = ''
3.8644 	EXP 	welcomeText: text = ''
3.8805 	EXP 	welcomeText: text = ''
3.8977 	EXP 	welcomeText: text = ''
3.9142 	EXP 	welcomeText: text = ''
3.9308 	EXP 	welcomeText: text = ''
3.9478 	EXP 	welcomeText: text = ''
3.9646 	EXP 	welcomeText: text = ''
3.9805 	EXP 	welcomeText: text = ''
3.9977 	EXP 	welcomeText: text = ''
4.0144 	EXP 	welcomeText: text = ''
4.0311 	EXP 	welcomeText: text = ''
4.0478 	EXP 	welcomeText: text = ''
4.0645 	EXP 	welcomeText: text = ''
4.0806 	EXP 	welcomeText: text = ''
4.0979 	EXP 	welcomeText: text = ''
4.1144 	EXP 	welcomeText: text = ''
4.1310 	EXP 	welcomeText: text = ''
4.1475 	EXP 	welcomeText: text = ''
4.1642 	EXP 	welcomeText: text = ''
4.1805 	EXP 	welcomeText: text = ''
4.1975 	EXP 	welcomeText: text = ''
4.2142 	EXP 	welcomeText: text = ''
4.2311 	EXP 	welcomeText: text = ''
4.2479 	EXP 	welcomeText: text = ''
4.2640 	EXP 	welcomeText: text = ''
4.2807 	EXP 	welcomeText: text = ''
4.2975 	EXP 	welcomeText: text = ''
4.3145 	EXP 	welcomeText: text = ''
4.3310 	EXP 	welcomeText: text = ''
4.3480 	EXP 	welcomeText: text = ''
4.3640 	EXP 	welcomeText: text = ''
4.3807 	EXP 	welcomeText: text = ''
4.3974 	EXP 	welcomeText: text = ''
4.4144 	EXP 	welcomeText: text = ''
4.4311 	EXP 	welcomeText: text = ''
4.4479 	EXP 	welcomeText: text = ''
4.4641 	EXP 	welcomeText: text = ''
4.4808 	EXP 	welcomeText: text = ''
4.4977 	EXP 	welcomeText: text = ''
4.5143 	EXP 	welcomeText: text = ''
4.5311 	EXP 	welcomeText: text = ''
4.5479 	EXP 	welcomeText: text = ''
4.5642 	EXP 	welcomeText: text = ''
4.5808 	EXP 	welcomeText: text = ''
4.5979 	EXP 	welcomeText: text = ''
4.6146 	EXP 	welcomeText: text = ''
4.6311 	EXP 	welcomeText: text = ''
4.6412 	DATA 	Keypress: space
4.6489 	EXP 	welcomeText: text = ''
4.6640 	EXP 	welcomeText: text = ''
4.6814 	EXP 	welcomeText: text = 'space'
4.6977 	EXP 	welcomeText: text = 'space'
4.7144 	EXP 	welcomeText: text = 'space'
4.7319 	EXP 	welcomeText: text = 'space'
4.7472 	EXP 	welcomeText: text = 'space'
4.7643 	EXP 	welcomeText: text = 'space'
4.7808 	EXP 	welcomeText: text = 'space'
4.7977 	EXP 	welcomeText: text = 'space'
4.8146 	EXP 	welcomeText: text = 'space'
4.8311 	EXP 	welcomeText: text = 'space'
4.8479 	EXP 	welcomeText: text = 'space'
4.8644 	EXP 	welcomeText: text = 'space'
4.8809 	EXP 	welcomeText: text = 'space'
4.8984 	EXP 	welcomeText: text = 'space'
4.9146 	EXP 	welcomeText: text = 'space'
4.9311 	EXP 	welcomeText: text = 'space'
4.9479 	EXP 	welcomeText: text = 'space'
4.9643 	EXP 	welcomeText: text = 'space'
4.9811 	EXP 	welcomeText: text = 'space'
4.9978 	EXP 	welcomeText: text = 'space'
5.0147 	EXP 	welcomeText: text = 'space'
5.0314 	EXP 	welcomeText: text = 'space'
5.0482 	EXP 	welcomeText: text = 'space'
5.0650 	EXP 	welcomeText: text = 'space'
5.0811 	EXP 	welcomeText: text = 'space'
5.0979 	EXP 	welcomeText: text = 'space'
5.1147 	EXP 	welcomeText: text = 'space'
5.1317 	EXP 	welcomeText: text = 'space'
5.1482 	EXP 	welcomeText: text = 'space'
5.1643 	EXP 	welcomeText: text = 'space'
5.1812 	EXP 	welcomeText: text = 'space'
5.1980 	EXP 	welcomeText: text = 'space'
5.2149 	EXP 	welcomeText: text = 'space'
5.2319 	EXP 	welcomeText: text = 'space'
5.2479 	EXP 	welcomeText: text = 'space'
5.2485 	DATA 	Keypress: space
5.2642 	EXP 	welcomeText: text = 'space'
5.2814 	EXP 	welcomeText: text = 'spacespace'
5.2980 	EXP 	welcomeText: text = 'spacespace'
5.3147 	EXP 	welcomeText: text = 'spacespace'
5.3315 	EXP 	welcomeText: text = 'spacespace'
5.3480 	EXP 	welcomeText: text = 'spacespace'
5.3644 	EXP 	welcomeText: text = 'spacespace'
5.3814 	EXP 	welcomeText: text = 'spacespace'
5.3981 	EXP 	welcomeText: text = 'spacespace'
5.4147 	EXP 	welcomeText: text = 'spacespace'
5.4316 	EXP 	welcomeText: text = 'spacespace'
5.4480 	EXP 	welcomeText: text = 'spacespace'
5.4643 	EXP 	welcomeText: text = 'spacespace'
5.4813 	EXP 	welcomeText: text = 'spacespace'
5.4982 	EXP 	welcomeText: text = 'spacespace'
5.5149 	EXP 	welcomeText: text = 'spacespace'
5.5317 	EXP 	welcomeText: text = 'spacespace'
5.5482 	EXP 	welcomeText: text = 'spacespace'
5.5645 	EXP 	welcomeText: text = 'spacespace'
5.5812 	EXP 	welcomeText: text = 'spacespace'
5.5984 	EXP 	welcomeText: text = 'spacespace'
5.6149 	EXP 	welcomeText: text = 'spacespace'
5.6313 	EXP 	welcomeText: text = 'spacespace'
5.6483 	EXP 	welcomeText: text = 'spacespace'
5.6645 	EXP 	welcomeText: text = 'spacespace'
5.6811 	EXP 	welcomeText: text = 'spacespace'
5.6980 	EXP 	welcomeText: text = 'spacespace'
5.7149 	EXP 	welcomeText: text = 'spacespace'
5.7315 	EXP 	welcomeText: text = 'spacespace'
5.7479 	EXP 	welcomeText: text = 'spacespace'
5.7644 	EXP 	welcomeText: text = 'spacespace'
5.7813 	EXP 	welcomeText: text = 'spacespace'
5.7982 	EXP 	welcomeText: text = 'spacespace'
5.8150 	EXP 	welcomeText: text = 'spacespace'
5.8319 	EXP 	welcomeText: text = 'spacespace'
5.8477 	EXP 	welcomeText: text = 'spacespace'
5.8652 	EXP 	welcomeText: text = 'spacespace'
5.8743 	DATA 	Keypress: space
5.8818 	EXP 	welcomeText: text = 'spacespace'
5.8982 	EXP 	welcomeText: text = 'spacespace'
5.9147 	EXP 	welcomeText: text = 'spacespacespace'
5.9315 	EXP 	welcomeText: text = 'spacespacespace'
5.9483 	EXP 	welcomeText: text = 'spacespacespace'
5.9644 	EXP 	welcomeText: text = 'spacespacespace'
5.9815 	EXP 	welcomeText: text = 'spacespacespace'
5.9985 	EXP 	welcomeText: text = 'spacespacespace'
6.0150 	EXP 	welcomeText: text = 'spacespacespace'
6.0313 	EXP 	welcomeText: text = 'spacespacespace'
6.0484 	EXP 	welcomeText: text = 'spacespacespace'
6.0646 	EXP 	welcomeText: text = 'spacespacespace'
6.0815 	EXP 	welcomeText: text = 'spacespacespace'
6.0985 	EXP 	welcomeText: text = 'spacespacespace'
6.1150 	EXP 	welcomeText: text = 'spacespacespace'
6.1319 	EXP 	welcomeText: text = 'spacespacespace'
6.1481 	EXP 	welcomeText: text = 'spacespacespace'
6.1651 	EXP 	welcomeText: text = 'spacespacespace'
6.1813 	EXP 	welcomeText: text = 'spacespacespace'
6.1984 	EXP 	welcomeText: text = 'spacespacespace'
6.2145 	EXP 	welcomeText: text = 'spacespacespace'
6.2311 	EXP 	welcomeText: text = 'spacespacespace'
6.2480 	EXP 	welcomeText: text = 'spacespacespace'
6.2644 	EXP 	welcomeText: text = 'spacespacespace'
6.2813 	EXP 	welcomeText: text = 'spacespacespace'
6.2982 	EXP 	welcomeText: text = 'spacespacespace'
6.3151 	EXP 	welcomeText: text = 'spacespacespace'
6.3319 	EXP 	welcomeText: text = 'spacespacespace'
6.3481 	EXP 	welcomeText: text = 'spacespacespace'
6.3647 	EXP 	welcomeText: text = 'spacespacespace'
6.3814 	EXP 	welcomeText: text = 'spacespacespace'
6.3982 	EXP 	welcomeText: text = 'spacespacespace'
6.4151 	EXP 	welcomeText: text = 'spacespacespace'
6.4321 	EXP 	welcomeText: text = 'spacespacespace'
6.4327 	DATA 	Keypress: space
6.4480 	EXP 	welcomeText: text = 'spacespacespace'
6.4657 	EXP 	welcomeText: text = 'spacespacespacespace'
6.4817 	EXP 	welcomeText: text = 'spacespacespacespace'
6.4985 	EXP 	welcomeText: text = 'spacespacespacespace'
6.5155 	EXP 	welcomeText: text = 'spacespacespacespace'
6.5320 	EXP 	welcomeText: text = 'spacespacespacespace'
6.5481 	EXP 	welcomeText: text = 'spacespacespacespace'
6.5647 	EXP 	welcomeText: text = 'spacespacespacespace'
6.5818 	EXP 	welcomeText: text = 'spacespacespacespace'
6.5985 	EXP 	welcomeText: text = 'spacespacespacespace'
6.6153 	EXP 	welcomeText: text = 'spacespacespacespace'
6.6322 	EXP 	welcomeText: text = 'spacespacespacespace'
6.6482 	EXP 	welcomeText: text = 'spacespacespacespace'
6.6655 	EXP 	welcomeText: text = 'spacespacespacespace'
6.6823 	EXP 	welcomeText: text = 'spacespacespacespace'
6.6985 	EXP 	welcomeText: text = 'spacespacespacespace'
6.7151 	EXP 	welcomeText: text = 'spacespacespacespace'
6.7320 	EXP 	welcomeText: text = 'spacespacespacespace'
6.7485 	EXP 	welcomeText: text = 'spacespacespacespace'
6.7648 	EXP 	welcomeText: text = 'spacespacespacespace'
6.7822 	EXP 	welcomeText: text = 'spacespacespacespace'
6.7985 	EXP 	welcomeText: text = 'spacespacespacespace'
6.8152 	EXP 	welcomeText: text = 'spacespacespacespace'
6.8322 	EXP 	welcomeText: text = 'spacespacespacespace'
6.8482 	EXP 	welcomeText: text = 'spacespacespacespace'
6.8648 	EXP 	welcomeText: text = 'spacespacespacespace'
6.8819 	EXP 	welcomeText: text = 'spacespacespacespace'
6.8986 	EXP 	welcomeText: text = 'spacespacespacespace'
6.9153 	EXP 	welcomeText: text = 'spacespacespacespace'
6.9319 	EXP 	welcomeText: text = 'spacespacespacespace'
6.9481 	EXP 	welcomeText: text = 'spacespacespacespace'
6.9650 	EXP 	welcomeText: text = 'spacespacespacespace'
6.9818 	EXP 	welcomeText: text = 'spacespacespacespace'
6.9824 	DATA 	Keypress: space
6.9986 	EXP 	welcomeText: text = 'spacespacespacespace'
7.0174 	EXP 	welcomeText: text = 'spacespacespacespacespace'
7.0318 	EXP 	welcomeText: text = 'spacespacespacespacespace'
7.0487 	EXP 	welcomeText: text = 'spacespacespacespacespace'
7.0648 	EXP 	welcomeText: text = 'spacespacespacespacespace'
7.0817 	EXP 	welcomeText: text = 'spacespacespacespacespace'
7.0987 	EXP 	welcomeText: text = 'spacespacespacespacespace'
7.1154 	EXP 	welcomeText: text = 'spacespacespacespacespace'
7.1319 	EXP 	welcomeText: text = 'spacespacespacespacespace'
7.1481 	EXP 	welcomeText: text = 'spacespacespacespacespace'
7.1648 	EXP 	welcomeText: text = 'spacespacespacespacespace'
7.1817 	EXP 	welcomeText: text = 'spacespacespacespacespace'
7.1986 	EXP 	welcomeText: text = 'spacespacespacespacespace'
7.2156 	EXP 	welcomeText: text = 'spacespacespacespacespace'
7.2321 	EXP 	welcomeText: text = 'spacespacespacespacespace'
7.2482 	EXP 	welcomeText: text = 'spacespacespacespacespace'
7.2650 	EXP 	welcomeText: text = 'spacespacespacespacespace'
7.2814 	EXP 	welcomeText: text = 'spacespacespacespacespace'
7.2986 	EXP 	welcomeText: text = 'spacespacespacespacespace'
7.3154 	EXP 	welcomeText: text = 'spacespacespacespacespace'
7.3321 	EXP 	welcomeText: text = 'spacespacespacespacespace'
7.3483 	EXP 	welcomeText: text = 'spacespacespacespacespace'
7.3650 	EXP 	welcomeText: text = 'spacespacespacespacespace'
7.3656 	DATA 	Keypress: space
7.3819 	EXP 	welcomeText: text = 'spacespacespacespacespace'
7.4004 	EXP 	welcomeText: text = 'spacespacespacespacespacespace'
7.4151 	EXP 	welcomeText: text = 'spacespacespacespacespacespace'
7.4319 	EXP 	welcomeText: text = 'spacespacespacespacespacespace'
7.4483 	EXP 	welcomeText: text = 'spacespacespacespacespacespace'
7.4653 	EXP 	welcomeText: text = 'spacespacespacespacespacespace'
7.4821 	EXP 	welcomeText: text = 'spacespacespacespacespacespace'
7.4987 	EXP 	welcomeText: text = 'spacespacespacespacespacespace'
7.5156 	EXP 	welcomeText: text = 'spacespacespacespacespacespace'
7.5321 	EXP 	welcomeText: text = 'spacespacespacespacespacespace'
7.5483 	EXP 	welcomeText: text = 'spacespacespacespacespacespace'
7.5651 	EXP 	welcomeText: text = 'spacespacespacespacespacespace'
7.5657 	DATA 	Keypress: space
7.5819 	EXP 	welcomeText: text = 'spacespacespacespacespacespace'
7.6008 	EXP 	welcomeText: text = 'spacespacespacespacespacespacespace'
7.6158 	EXP 	welcomeText: text = 'spacespacespacespacespacespacespace'
7.6321 	EXP 	welcomeText: text = 'spacespacespacespacespacespacespace'
7.6485 	EXP 	welcomeText: text = 'spacespacespacespacespacespacespace'
7.6650 	EXP 	welcomeText: text = 'spacespacespacespacespacespacespace'
7.6821 	EXP 	welcomeText: text = 'spacespacespacespacespacespacespace'
7.6988 	EXP 	welcomeText: text = 'spacespacespacespacespacespacespace'
7.7158 	EXP 	welcomeText: text = 'spacespacespacespacespacespacespace'
7.7322 	EXP 	welcomeText: text = 'spacespacespacespacespacespacespace'
7.7329 	DATA 	Keypress: space
7.7484 	EXP 	welcomeText: text = 'spacespacespacespacespacespacespace'
7.7651 	EXP 	welcomeText: text = 'spacespacespacespacespacespacespace'
7.7845 	EXP 	welcomeText: text = 'spacespacespacespacespacespacespacespace'
7.7991 	EXP 	welcomeText: text = 'spacespacespacespacespacespacespacespace'
7.8159 	EXP 	welcomeText: text = 'spacespacespacespacespacespacespacespace'
7.8318 	EXP 	welcomeText: text = 'spacespacespacespacespacespacespacespace'
7.8483 	EXP 	welcomeText: text = 'spacespacespacespacespacespacespacespace'
7.8643 	EXP 	welcomeText: text = 'spacespacespacespacespacespacespacespace'
7.8808 	EXP 	welcomeText: text = 'spacespacespacespacespacespacespacespace'
7.8989 	EXP 	welcomeText: text = 'spacespacespacespacespacespacespacespace'
7.8994 	DATA 	Keypress: space
7.9154 	EXP 	welcomeText: text = 'spacespacespacespacespacespacespacespace'
7.9339 	EXP 	welcomeText: text = 'spacespacespacespacespacespacespacespacespace'
7.9483 	EXP 	welcomeText: text = 'spacespacespacespacespacespacespacespacespace'
7.9652 	EXP 	welcomeText: text = 'spacespacespacespacespacespacespacespacespace'
7.9823 	EXP 	welcomeText: text = 'spacespacespacespacespacespacespacespacespace'
7.9987 	EXP 	welcomeText: text = 'spacespacespacespacespacespacespacespacespace'
8.0156 	EXP 	welcomeText: text = 'spacespacespacespacespacespacespacespacespace'
8.0321 	EXP 	welcomeText: text = 'spacespacespacespacespacespacespacespacespace'
8.0422 	DATA 	Keypress: space
8.0495 	EXP 	welcomeText: text = 'spacespacespacespacespacespacespacespacespace'
8.0651 	EXP 	welcomeText: text = 'spacespacespacespacespacespacespacespacespace'
8.0862 	EXP 	welcomeText: text = 'spacespacespacespacespacespacespacespacespacespace'
8.0990 	EXP 	welcomeText: text = 'spacespacespacespacespacespacespacespacespacespace'
8.1156 	EXP 	welcomeText: text = 'spacespacespacespacespacespacespacespacespacespace'
8.1321 	EXP 	welcomeText: text = 'spacespacespacespacespacespacespacespacespacespace'
8.1483 	EXP 	welcomeText: text = 'spacespacespacespacespacespacespacespacespacespace'
8.1651 	EXP 	welcomeText: text = 'spacespacespacespacespacespacespacespacespacespace'
8.1825 	EXP 	welcomeText: text = 'spacespacespacespacespacespacespacespacespacespace'
8.1831 	DATA 	Keypress: space
8.1989 	EXP 	welcomeText: text = 'spacespacespacespacespacespacespacespacespacespace'
8.2199 	EXP 	welcomeText: text = 'spacespacespacespacespacespacespacespacespacespacespace'
8.2324 	EXP 	welcomeText: text = 'spacespacespacespacespacespacespacespacespacespacespace'
8.2486 	EXP 	welcomeText: text = 'spacespacespacespacespacespacespacespacespacespacespace'
8.2654 	EXP 	welcomeText: text = 'spacespacespacespacespacespacespacespacespacespacespace'
8.2822 	EXP 	welcomeText: text = 'spacespacespacespacespacespacespacespacespacespacespace'
8.2989 	EXP 	welcomeText: text = 'spacespacespacespacespacespacespacespacespacespacespace'
8.3158 	EXP 	welcomeText: text = 'spacespacespacespacespacespacespacespacespacespacespace'
8.3322 	EXP 	welcomeText: text = 'spacespacespacespacespacespacespacespacespacespacespace'
8.3485 	EXP 	welcomeText: text = 'spacespacespacespacespacespacespacespacespacespacespace'
8.3653 	EXP 	welcomeText: text = 'spacespacespacespacespacespacespacespacespacespacespace'
8.3822 	EXP 	welcomeText: text = 'spacespacespacespacespacespacespacespacespacespacespace'
8.3989 	EXP 	welcomeText: text = 'spacespacespacespacespacespacespacespacespacespacespace'
8.4156 	EXP 	welcomeText: text = 'spacespacespacespacespacespacespacespacespacespacespace'
8.4324 	EXP 	welcomeText: text = 'spacespacespacespacespacespacespacespacespacespacespace'
8.4485 	EXP 	welcomeText: text = 'spacespacespacespacespacespacespacespacespacespacespace'
8.4653 	EXP 	welcomeText: text = 'spacespacespacespacespacespacespacespacespacespacespace'
8.4824 	EXP 	welcomeText: text = 'spacespacespacespacespacespacespacespacespacespacespace'
8.4991 	EXP 	welcomeText: text = 'spacespacespacespacespacespacespacespacespacespacespace'
8.5157 	EXP 	welcomeText: text = 'spacespacespacespacespacespacespacespacespacespacespace'
8.5323 	EXP 	welcomeText: text = 'spacespacespacespacespacespacespacespacespacespacespace'
8.5486 	EXP 	welcomeText: text = 'spacespacespacespacespacespacespacespacespacespacespace'
8.5655 	EXP 	welcomeText: text = 'spacespacespacespacespacespacespacespacespacespacespace'
8.5821 	EXP 	welcomeText: text = 'spacespacespacespacespacespacespacespacespacespacespace'
8.5989 	EXP 	welcomeText: text = 'spacespacespacespacespacespacespacespacespacespacespace'
8.6159 	EXP 	welcomeText: text = 'spacespacespacespacespacespacespacespacespacespacespace'
8.6322 	EXP 	welcomeText: text = 'spacespacespacespacespacespacespacespacespacespacespace'
8.6486 	EXP 	welcomeText: text = 'spacespacespacespacespacespacespacespacespacespacespace'
8.6655 	EXP 	welcomeText: text = 'spacespacespacespacespacespacespacespacespacespacespace'
8.6827 	EXP 	welcomeText: text = 'spacespacespacespacespacespacespacespacespacespacespace'
8.6992 	EXP 	welcomeText: text = 'spacespacespacespacespacespacespacespacespacespacespace'
8.7159 	EXP 	welcomeText: text = 'spacespacespacespacespacespacespacespacespacespacespace'
8.7321 	EXP 	welcomeText: text = 'spacespacespacespacespacespacespacespacespacespacespace'
8.7487 	EXP 	welcomeText: text = 'spacespacespacespacespacespacespacespacespacespacespace'
8.7655 	EXP 	welcomeText: text = 'spacespacespacespacespacespacespacespacespacespacespace'
8.7753 	DATA 	Keypress: escape
8.7829 	EXP 	welcomeText: text = 'spacespacespacespacespacespacespacespacespacespacespace'
8.8100 	EXP 	window1: mouseVisible = True
