0.8389 	WARNING 	We strongly recommend you activate the PTB sound engine in PsychoPy prefs as the preferred audio engine. Its timing is vastly superior. Your prefs are currently set to use ['sounddevice', 'PTB', 'pyo', 'pygame'] (in that order).
2.5913 	WARNING 	Import Error: No module named 'psychtoolbox'. Using event module for keyboard component.
4.0632 	WARNING 	User requested fullscreen with size [1536  864], but screen is actually [1920, 1080]. Using actual size
4.9974 	EXP 	Created window1 = Window(allowGUI=False, allowStencil=False, args=UNKNOWN, autoLog=True, bitsMode=UNKNOWN, blendMode='avg', bpc=(8, 8, 8), color=array([0., 0., 0.]), colorSpace='rgb', depthBits=8, fullscr=<method-wrapper '__getattribute__' of attributeSetter object at 0x7f7fe7b62640>, gamma=None, gammaErrorPolicy='raise', kwargs=UNKNOWN, lms=UNKNOWN, monitor=<psychopy.monitors.calibTools.Monitor object at 0x7f7fe4a3e460>, multiSample=False, name='window1', numSamples=2, pos=[0.0, 0.0], screen=0, size=array([1920, 1080]), stencilBits=0, stereo=False, units='height', useFBO=True, useRetina=False, viewOri=0.0, viewPos=None, viewScale=None, waitBlanking=True, winType='pyglet')
4.9977 	EXP 	window1: mouseVisible = True
4.9978 	EXP 	window1: recordFrameIntervals = False
5.1622 	EXP 	window1: recordFrameIntervals = True
5.3458 	EXP 	window1: recordFrameIntervals = False
5.5662 	EXP 	Created Intro_1 = TextStim(__class__=<class 'psychopy.visual.text.TextStim'>, alignHoriz=method-wrapper(...), alignText='center', alignVert=method-wrapper(...), anchorHoriz='center', anchorVert='center', antialias=True, autoLog=True, bold=False, color='white', colorSpace='named', contrast=1.0, depth=0.0, flipHoriz=False, flipVert=False, font='Arial', fontFiles=[], height=0.03, italic=False, languageStyle='LTR', name='Intro_1', opacity=1.0, ori=0, pos=array([0., 0.]), rgb=array([255., 255., 255.]), text=str(...), units='height', win=Window(...), wrapWidth=1)
5.5732 	EXP 	Created fixImg = ImageStim(__class__=<class 'psychopy.visual.image.ImageStim'>, autoLog=True, color=array([1., 1., 1.]), colorSpace='rgb', contrast=1.0, depth=0.0, flipHoriz=False, flipVert=False, image='sin', interpolate=True, mask=None, maskParams=None, name='fixImg', opacity=1.0, ori=0.0, pos=array([0., 0.]), size=array([1.8, 1. ]), texRes=128, units='height', win=Window(...))
5.5798 	EXP 	Created text_4 = TextStim(__class__=<class 'psychopy.visual.text.TextStim'>, alignHoriz=method-wrapper(...), alignText='center', alignVert=method-wrapper(...), anchorHoriz='center', anchorVert='center', antialias=True, autoLog=True, bold=False, color='red', colorSpace='named', contrast=1.0, depth=-1.0, flipHoriz=False, flipVert=False, font='Arial', fontFiles=[], height=0.03, italic=False, languageStyle='LTR', name='text_4', opacity=1.0, ori=0, pos=array([ 0. , -0.4]), rgb=array([255.,   0.,   0.]), text='Please wait, you are expriencing the delay!', units='height', win=Window(...), wrapWidth=1)
5.5831 	EXP 	Created delayImg = ImageStim(__class__=<class 'psychopy.visual.image.ImageStim'>, autoLog=True, color=array([1., 1., 1.]), colorSpace='rgb', contrast=1.0, depth=0.0, flipHoriz=False, flipVert=False, image='sin', interpolate=True, mask=None, maskParams=None, name='delayImg', opacity=1.0, ori=0.0, pos=array([0., 0.]), size=array([1.8, 1. ]), texRes=128, units='height', win=Window(...))
5.5888 	EXP 	Created text_3 = TextStim(__class__=<class 'psychopy.visual.text.TextStim'>, alignHoriz=method-wrapper(...), alignText='center', alignVert=method-wrapper(...), anchorHoriz='center', anchorVert='center', antialias=True, autoLog=True, bold=False, color='red', colorSpace='named', contrast=1.0, depth=-1.0, flipHoriz=False, flipVert=False, font='Arial', fontFiles=[], height=0.03, italic=False, languageStyle='LTR', name='text_3', opacity=1.0, ori=0, pos=array([ 0. , -0.4]), rgb=array([255.,   0.,   0.]), text='Please wait, you are expriencing the delay!', units='height', win=Window(...), wrapWidth=1)
5.5981 	EXP 	Created text_2 = TextStim(__class__=<class 'psychopy.visual.text.TextStim'>, alignHoriz=method-wrapper(...), alignText='center', alignVert=method-wrapper(...), anchorHoriz='center', anchorVert='center', antialias=True, autoLog=True, bold=False, color='white', colorSpace='named', contrast=1.0, depth=0.0, flipHoriz=False, flipVert=False, font='Arial', fontFiles=[], height=0.03, italic=False, languageStyle='LTR', name='text_2', opacity=1.0, ori=0, pos=array([0., 0.]), rgb=array([255., 255., 255.]), text=str(...), units='height', win=Window(...), wrapWidth=1)
5.6012 	EXP 	Created choiceImg = ImageStim(__class__=<class 'psychopy.visual.image.ImageStim'>, autoLog=True, color=array([1., 1., 1.]), colorSpace='rgb', contrast=1.0, depth=0.0, flipHoriz=False, flipVert=False, image='sin', interpolate=True, mask=None, maskParams=None, name='choiceImg', opacity=1.0, ori=0.0, pos=array([0., 0.]), size=array([1.8, 1. ]), texRes=128, units='height', win=Window(...))
5.6209 	EXP 	Created choiceWarning = TextStim(__class__=<class 'psychopy.visual.text.TextStim'>, alignHoriz=method-wrapper(...), alignText='center', alignVert=method-wrapper(...), anchorHoriz='center', anchorVert='center', antialias=True, autoLog=True, bold=False, color='red', colorSpace='named', contrast=1.0, depth=-2.0, flipHoriz=False, flipVert=False, font='Arial', fontFiles=[], height=0.05, italic=False, languageStyle='LTR', name='choiceWarning', opacity=1.0, ori=0, pos=array([ 0. , -0.3]), rgb=array([255.,   0.,   0.]), text='default text', units='height', win=Window(...), wrapWidth=1)
5.6297 	EXP 	Created text_5 = TextStim(__class__=<class 'psychopy.visual.text.TextStim'>, alignHoriz=method-wrapper(...), alignText='center', alignVert=method-wrapper(...), anchorHoriz='center', anchorVert='center', antialias=True, autoLog=True, bold=False, color='red', colorSpace='named', contrast=1.0, depth=-4.0, flipHoriz=False, flipVert=False, font='Arial', fontFiles=[], height=0.03, italic=False, languageStyle='LTR', name='text_5', opacity=1.0, ori=0, pos=array([ 0.  , -0.35]), rgb=array([255.,   0.,   0.]), text=str(...), units='height', win=Window(...), wrapWidth=1)
5.6329 	EXP 	Created leftImg = ImageStim(__class__=<class 'psychopy.visual.image.ImageStim'>, autoLog=True, color=array([1., 1., 1.]), colorSpace='rgb', contrast=1.0, depth=0.0, flipHoriz=False, flipVert=False, image='sin', interpolate=True, mask=None, maskParams=None, name='leftImg', opacity=1.0, ori=0.0, pos=array([0., 0.]), size=array([1.8, 1. ]), texRes=128, units='height', win=Window(...))
5.6359 	EXP 	Created rewardImgLeft = ImageStim(__class__=<class 'psychopy.visual.image.ImageStim'>, autoLog=True, color=array([1., 1., 1.]), colorSpace='rgb', contrast=1.0, depth=0.0, flipHoriz=False, flipVert=False, image='sin', interpolate=True, mask=None, maskParams=None, name='rewardImgLeft', opacity=1.0, ori=0.0, pos=array([0., 0.]), size=array([1.8, 1. ]), texRes=128, units='height', win=Window(...))
5.6550 	EXP 	Created rewardText = TextStim(__class__=<class 'psychopy.visual.text.TextStim'>, alignHoriz=method-wrapper(...), alignText='center', alignVert=method-wrapper(...), anchorHoriz='center', anchorVert='center', antialias=True, autoLog=True, bold=False, color='red', colorSpace='named', contrast=1.0, depth=-1.0, flipHoriz=False, flipVert=False, font='Arial', fontFiles=[], height=0.1, italic=False, languageStyle='LTR', name='rewardText', opacity=1.0, ori=0, pos=array([0., 0.]), rgb=array([255.,   0.,   0.]), text='default text', units='height', win=Window(...), wrapWidth=1)
5.6581 	EXP 	Created rightImg = ImageStim(__class__=<class 'psychopy.visual.image.ImageStim'>, autoLog=True, color=array([1., 1., 1.]), colorSpace='rgb', contrast=1.0, depth=0.0, flipHoriz=False, flipVert=False, image='sin', interpolate=True, mask=None, maskParams=None, name='rightImg', opacity=1.0, ori=0.0, pos=array([0., 0.]), size=array([1.8, 1. ]), texRes=128, units='height', win=Window(...))
5.6611 	EXP 	Created rewardImgRight = ImageStim(__class__=<class 'psychopy.visual.image.ImageStim'>, autoLog=True, color=array([1., 1., 1.]), colorSpace='rgb', contrast=1.0, depth=0.0, flipHoriz=False, flipVert=False, image='sin', interpolate=True, mask=None, maskParams=None, name='rewardImgRight', opacity=1.0, ori=0.0, pos=array([0., 0.]), size=array([1.8, 1. ]), texRes=128, units='height', win=Window(...))
5.7602 	EXP 	Created rightText = TextStim(__class__=<class 'psychopy.visual.text.TextStim'>, alignHoriz=method-wrapper(...), alignText='center', alignVert=method-wrapper(...), anchorHoriz='center', anchorVert='center', antialias=True, autoLog=True, bold=False, color='red', colorSpace='named', contrast=1.0, depth=-1.0, flipHoriz=False, flipVert=False, font='Arial', fontFiles=[], height=0.1, italic=False, languageStyle='LTR', name='rightText', opacity=1.0, ori=0, pos=array([0., 0.]), rgb=array([255.,   0.,   0.]), text='default text', units='height', win=Window(...), wrapWidth=1)
5.7781 	EXP 	Created block4 = ImageStim(__class__=<class 'psychopy.visual.image.ImageStim'>, autoLog=True, color=array([1., 1., 1.]), colorSpace='rgb', contrast=1.0, depth=0.0, flipHoriz=False, flipVert=False, image='img/coffee.jpeg', interpolate=True, mask=None, maskParams=None, name='block4', opacity=1.0, ori=0.0, pos=array([ 0.5, -0.2]), size=array([0.35, 0.35]), texRes=128, units='height', win=Window(...))
5.7890 	EXP 	Created block3 = ImageStim(__class__=<class 'psychopy.visual.image.ImageStim'>, autoLog=True, color=array([1., 1., 1.]), colorSpace='rgb', contrast=1.0, depth=-1.0, flipHoriz=False, flipVert=False, image='img/cake.jpeg', interpolate=True, mask=None, maskParams=None, name='block3', opacity=1.0, ori=0.0, pos=array([0.5, 0.2]), size=array([0.35, 0.35]), texRes=128, units='height', win=Window(...))
5.7980 	EXP 	Created block2 = ImageStim(__class__=<class 'psychopy.visual.image.ImageStim'>, autoLog=True, color=array([1., 1., 1.]), colorSpace='rgb', contrast=1.0, depth=-2.0, flipHoriz=False, flipVert=False, image='img/gummi.jpeg', interpolate=True, mask=None, maskParams=None, name='block2', opacity=1.0, ori=0.0, pos=array([-0.5, -0.2]), size=array([0.35, 0.35]), texRes=128, units='height', win=Window(...))
5.8486 	EXP 	Created block1 = ImageStim(__class__=<class 'psychopy.visual.image.ImageStim'>, autoLog=True, color=array([1., 1., 1.]), colorSpace='rgb', contrast=1.0, depth=-3.0, flipHoriz=False, flipVert=False, image='img/tea.jpeg', interpolate=True, mask=None, maskParams=None, name='block1', opacity=1.0, ori=0.0, pos=array([-0.5,  0.2]), size=array([0.35, 0.35]), texRes=128, units='height', win=Window(...))
5.8531 	EXP 	Created repeatText = TextStim(__class__=<class 'psychopy.visual.text.TextStim'>, alignHoriz=method-wrapper(...), alignText='center', alignVert=method-wrapper(...), anchorHoriz='center', anchorVert='center', antialias=True, autoLog=True, bold=False, color='white', colorSpace='named', contrast=1.0, depth=-4.0, flipHoriz=False, flipVert=False, font='Arial', fontFiles=[], height=0.05, italic=False, languageStyle='LTR', name='repeatText', opacity=1.0, ori=0, pos=array([0., 0.]), rgb=array([255., 255., 255.]), text='default text', units='height', win=Window(...), wrapWidth=1)
5.8983 	EXP 	Created text = TextStim(__class__=<class 'psychopy.visual.text.TextStim'>, alignHoriz=method-wrapper(...), alignText='center', alignVert=method-wrapper(...), anchorHoriz='center', anchorVert='center', antialias=True, autoLog=True, bold=False, color='white', colorSpace='named', contrast=1.0, depth=0.0, flipHoriz=False, flipVert=False, font='Arial', fontFiles=[], height=0.03, italic=False, languageStyle='LTR', name='text', opacity=1.0, ori=0, pos=array([0., 0.]), rgb=array([255., 255., 255.]), text=str(...), units='height', win=Window(...), wrapWidth=1)
5.9101 	EXP 	Created endText = TextStim(__class__=<class 'psychopy.visual.text.TextStim'>, alignHoriz=method-wrapper(...), alignText='center', alignVert=method-wrapper(...), anchorHoriz='center', anchorVert='center', antialias=True, autoLog=True, bold=False, color='white', colorSpace='named', contrast=1.0, depth=0.0, flipHoriz=False, flipVert=False, font='Arial', fontFiles=[], height=0.05, italic=False, languageStyle='LTR', name='endText', opacity=1.0, ori=0, pos=array([0., 0.]), rgb=array([255., 255., 255.]), text=str(...), units='height', win=Window(...), wrapWidth=1)
5.9197 	EXP 	Intro_1: autoDraw = True
6.2465 	DATA 	Keypress: space
6.2480 	EXP 	Created sequence: sequential, trialTypes=1, nReps=200, seed=None
6.2511 	EXP 	New trial (rep=0, index=0): None
6.2520 	EXP 	Created sequence: random, trialTypes=1, nReps=0, seed=None
6.2528 	EXP 	Created sequence: sequential, trialTypes=1, nReps=0, seed=None
6.2535 	EXP 	Created sequence: sequential, trialTypes=1, nReps=0, seed=None
6.3761 	EXP 	Intro_1: autoDraw = False
6.3761 	EXP 	choiceImg: image = 'img/even_choice_4.png'
6.3761 	EXP 	choiceWarning: text = '32  for 67%              16  for 100%'
6.3761 	EXP 	choiceImg: autoDraw = True
6.3761 	EXP 	choiceWarning: autoDraw = True
6.3761 	EXP 	text_5: autoDraw = True
6.8632 	DATA 	Keypress: 1
6.8684 	EXP 	Created sequence: random, trialTypes=1, nReps=1, seed=None
6.8690 	EXP 	New trial (rep=0, index=0): None
6.9759 	EXP 	choiceImg: autoDraw = False
6.9759 	EXP 	choiceWarning: autoDraw = False
6.9759 	EXP 	text_5: autoDraw = False
6.9759 	EXP 	leftImg: image = 'img/even_8_circle_4.png'
6.9759 	EXP 	leftImg: autoDraw = True
10.1464 	EXP 	leftImg: autoDraw = False
10.1464 	EXP 	leftImg: autoDraw = False
10.1464 	EXP 	rewardImgLeft: opacity = 1.0
10.1464 	EXP 	rewardImgLeft: image = 'img/8m&m.png'
10.1464 	EXP 	rewardText: text = 'You got it!'
10.1464 	EXP 	rewardImgLeft: autoDraw = True
10.1464 	EXP 	rewardText: autoDraw = True
10.5813 	DATA 	Keypress: space
10.9823 	EXP 	Created sequence: random, trialTypes=1, nReps=0, seed=None
11.0127 	EXP 	rewardImgLeft: autoDraw = False
11.0127 	EXP 	rewardText: autoDraw = False
11.0127 	EXP 	block4: opacity = 0.0
11.0127 	EXP 	block3: opacity = 0.0
11.0127 	EXP 	block2: opacity = 0.0
11.0127 	EXP 	block1: opacity = 0.0
11.0127 	EXP 	repeatText: text = 'total gain:32 \n You are in level:0\n press space to continue'
11.0127 	EXP 	block4: autoDraw = True
11.0127 	EXP 	block3: autoDraw = True
11.0127 	EXP 	block2: autoDraw = True
11.0127 	EXP 	block1: autoDraw = True
11.0127 	EXP 	repeatText: autoDraw = True
11.2979 	DATA 	Keypress: space
11.3143 	EXP 	Created sequence: random, trialTypes=1, nReps=0, seed=None
11.3173 	EXP 	New trial (rep=1, index=0): None
11.3182 	EXP 	Created sequence: random, trialTypes=1, nReps=0, seed=None
11.3189 	EXP 	Created sequence: sequential, trialTypes=1, nReps=0, seed=None
11.3195 	EXP 	Created sequence: sequential, trialTypes=1, nReps=0, seed=None
11.4333 	EXP 	block4: autoDraw = False
11.4333 	EXP 	block3: autoDraw = False
11.4333 	EXP 	block2: autoDraw = False
11.4333 	EXP 	block1: autoDraw = False
11.4333 	EXP 	repeatText: autoDraw = False
11.4333 	EXP 	choiceImg: image = 'img/odd_choice_4.png'
11.4333 	EXP 	choiceWarning: text = '18  for 100%              32  for 67%'
11.4333 	EXP 	choiceImg: autoDraw = True
11.4333 	EXP 	choiceWarning: autoDraw = True
11.4333 	EXP 	text_5: autoDraw = True
11.6815 	DATA 	Keypress: 1
11.6865 	EXP 	Created sequence: random, trialTypes=1, nReps=1, seed=None
11.6871 	EXP 	New trial (rep=0, index=0): None
11.7814 	EXP 	choiceImg: autoDraw = False
11.7814 	EXP 	choiceWarning: autoDraw = False
11.7814 	EXP 	text_5: autoDraw = False
11.7814 	EXP 	leftImg: image = 'img/odd_4_circle.png'
11.7814 	EXP 	leftImg: autoDraw = True
12.9162 	EXP 	leftImg: autoDraw = False
12.9162 	EXP 	leftImg: autoDraw = False
12.9162 	EXP 	rewardImgLeft: opacity = 1.0
12.9162 	EXP 	rewardImgLeft: image = 'img/4m&m.png'
12.9162 	EXP 	rewardText: text = 'You got it!'
12.9162 	EXP 	rewardImgLeft: autoDraw = True
12.9162 	EXP 	rewardText: autoDraw = True
13.4150 	DATA 	Keypress: space
13.7824 	EXP 	Created sequence: random, trialTypes=1, nReps=0, seed=None
13.8097 	EXP 	rewardImgLeft: autoDraw = False
13.8097 	EXP 	rewardText: autoDraw = False
13.8097 	EXP 	block4: opacity = 0.0
13.8097 	EXP 	block3: opacity = 0.0
13.8097 	EXP 	block2: opacity = 0.0
13.8097 	EXP 	block1: opacity = 0.0
13.8097 	EXP 	repeatText: text = 'total gain:50 \n You are in level:0\n press space to continue'
13.8097 	EXP 	block4: autoDraw = True
13.8097 	EXP 	block3: autoDraw = True
13.8097 	EXP 	block2: autoDraw = True
13.8097 	EXP 	block1: autoDraw = True
13.8097 	EXP 	repeatText: autoDraw = True
14.1321 	DATA 	Keypress: space
14.1463 	EXP 	Created sequence: random, trialTypes=1, nReps=0, seed=None
14.1493 	EXP 	New trial (rep=2, index=0): None
14.1502 	EXP 	Created sequence: random, trialTypes=1, nReps=0, seed=None
14.1509 	EXP 	Created sequence: sequential, trialTypes=1, nReps=0, seed=None
14.1515 	EXP 	Created sequence: sequential, trialTypes=1, nReps=0, seed=None
14.2661 	EXP 	block4: autoDraw = False
14.2661 	EXP 	block3: autoDraw = False
14.2661 	EXP 	block2: autoDraw = False
14.2661 	EXP 	block1: autoDraw = False
14.2661 	EXP 	repeatText: autoDraw = False
14.2661 	EXP 	choiceImg: image = 'img/even_choice_4.png'
14.2661 	EXP 	choiceWarning: text = '32  for 67%              16  for 100%'
14.2661 	EXP 	choiceImg: autoDraw = True
14.2661 	EXP 	choiceWarning: autoDraw = True
14.2661 	EXP 	text_5: autoDraw = True
14.5657 	DATA 	Keypress: 1
14.5705 	EXP 	Created sequence: random, trialTypes=1, nReps=1, seed=None
14.5712 	EXP 	New trial (rep=0, index=0): None
14.6676 	EXP 	choiceImg: autoDraw = False
14.6676 	EXP 	choiceWarning: autoDraw = False
14.6676 	EXP 	text_5: autoDraw = False
14.6676 	EXP 	leftImg: image = 'img/even_8_circle_4.png'
14.6676 	EXP 	leftImg: autoDraw = True
17.8247 	EXP 	leftImg: autoDraw = False
17.8247 	EXP 	leftImg: autoDraw = False
17.8247 	EXP 	rewardImgLeft: opacity = 1.0
17.8247 	EXP 	rewardImgLeft: image = 'img/8m&m.png'
17.8247 	EXP 	rewardText: text = 'You got it!'
17.8247 	EXP 	rewardImgLeft: autoDraw = True
17.8247 	EXP 	rewardText: autoDraw = True
18.3089 	DATA 	Keypress: space
18.6671 	EXP 	Created sequence: random, trialTypes=1, nReps=0, seed=None
18.6918 	EXP 	rewardImgLeft: autoDraw = False
18.6918 	EXP 	rewardText: autoDraw = False
18.6918 	EXP 	block4: opacity = 0.0
18.6918 	EXP 	block3: opacity = 0.0
18.6918 	EXP 	block2: opacity = 0.0
18.6918 	EXP 	block1: opacity = 0.0
18.6918 	EXP 	repeatText: text = 'total gain:82 \n You are in level:0\n press space to continue'
18.6918 	EXP 	block4: autoDraw = True
18.6918 	EXP 	block3: autoDraw = True
18.6918 	EXP 	block2: autoDraw = True
18.6918 	EXP 	block1: autoDraw = True
18.6918 	EXP 	repeatText: autoDraw = True
19.2334 	DATA 	Keypress: 1
19.7923 	DATA 	Keypress: space
19.8134 	EXP 	Created sequence: random, trialTypes=1, nReps=0, seed=None
19.8165 	EXP 	New trial (rep=3, index=0): None
19.8174 	EXP 	Created sequence: random, trialTypes=1, nReps=0, seed=None
19.8181 	EXP 	Created sequence: sequential, trialTypes=1, nReps=0, seed=None
19.8187 	EXP 	Created sequence: sequential, trialTypes=1, nReps=0, seed=None
19.9352 	EXP 	block4: autoDraw = False
19.9352 	EXP 	block3: autoDraw = False
19.9352 	EXP 	block2: autoDraw = False
19.9352 	EXP 	block1: autoDraw = False
19.9352 	EXP 	repeatText: autoDraw = False
19.9352 	EXP 	choiceImg: image = 'img/odd_choice_4.png'
19.9352 	EXP 	choiceWarning: text = '18  for 100%              32  for 67%'
19.9352 	EXP 	choiceImg: autoDraw = True
19.9352 	EXP 	choiceWarning: autoDraw = True
19.9352 	EXP 	text_5: autoDraw = True
20.9261 	DATA 	Keypress: 1
20.9385 	EXP 	Created sequence: random, trialTypes=1, nReps=1, seed=None
20.9392 	EXP 	New trial (rep=0, index=0): None
21.0331 	EXP 	choiceImg: autoDraw = False
21.0331 	EXP 	choiceWarning: autoDraw = False
21.0331 	EXP 	text_5: autoDraw = False
21.0331 	EXP 	leftImg: image = 'img/odd_4_circle.png'
21.0331 	EXP 	leftImg: autoDraw = True
22.1716 	EXP 	leftImg: autoDraw = False
22.1716 	EXP 	leftImg: autoDraw = False
22.1716 	EXP 	rewardImgLeft: opacity = 1.0
22.1716 	EXP 	rewardImgLeft: image = 'img/4m&m.png'
22.1716 	EXP 	rewardText: text = 'You got it!'
22.1716 	EXP 	rewardImgLeft: autoDraw = True
22.1716 	EXP 	rewardText: autoDraw = True
23.0348 	EXP 	Created sequence: random, trialTypes=1, nReps=0, seed=None
23.0608 	EXP 	rewardImgLeft: autoDraw = False
23.0608 	EXP 	rewardText: autoDraw = False
23.0608 	EXP 	block4: opacity = 0.0
23.0608 	EXP 	block3: opacity = 0.0
23.0608 	EXP 	block2: opacity = 0.0
23.0608 	EXP 	block1: opacity = 0.0
23.0608 	EXP 	repeatText: text = 'total gain:0 \n You are in level:0\n press space to continue'
23.0608 	EXP 	block4: autoDraw = True
23.0608 	EXP 	block3: autoDraw = True
23.0608 	EXP 	block2: autoDraw = True
23.0608 	EXP 	block1: autoDraw = True
23.0608 	EXP 	repeatText: autoDraw = True
23.4935 	DATA 	Keypress: space
23.5156 	EXP 	Created sequence: random, trialTypes=1, nReps=1, seed=None
23.5162 	EXP 	New trial (rep=0, index=0): None
23.5259 	EXP 	block4: autoDraw = False
23.5259 	EXP 	block3: autoDraw = False
23.5259 	EXP 	block2: autoDraw = False
23.5259 	EXP 	block1: autoDraw = False
23.5259 	EXP 	repeatText: autoDraw = False
23.5259 	EXP 	text: autoDraw = True
24.7850 	DATA 	Keypress: 1
25.1177 	DATA 	Keypress: space
25.1236 	EXP 	New trial (rep=4, index=0): None
25.1248 	EXP 	Created sequence: random, trialTypes=1, nReps=1, seed=None
25.1254 	EXP 	New trial (rep=0, index=0): None
25.2516 	EXP 	text: autoDraw = False
25.2516 	EXP 	fixImg: image = 'img/even_4_square.png'
25.2516 	EXP 	fixImg: autoDraw = True
25.2516 	EXP 	text_4: autoDraw = True
26.0016 	DATA 	Keypress: space
26.2368 	EXP 	Created sequence: sequential, trialTypes=1, nReps=1, seed=None
26.2375 	EXP 	New trial (rep=0, index=0): None
26.3512 	EXP 	fixImg: autoDraw = False
26.3512 	EXP 	text_4: autoDraw = False
26.3512 	EXP 	fixImg: autoDraw = False
26.3512 	EXP 	text_4: autoDraw = False
26.3512 	EXP 	delayImg: image = 'img/even_8_square_4.png'
26.3512 	EXP 	delayImg: autoDraw = True
26.3512 	EXP 	text_3: autoDraw = True
26.7775 	DATA 	Keypress: space
27.3362 	EXP 	Created sequence: sequential, trialTypes=1, nReps=1, seed=None
27.3370 	EXP 	New trial (rep=0, index=0): None
27.3517 	EXP 	delayImg: autoDraw = False
27.3517 	EXP 	text_3: autoDraw = False
27.3517 	EXP 	delayImg: autoDraw = False
27.3517 	EXP 	text_3: autoDraw = False
27.3517 	EXP 	text_2: autoDraw = True
28.8356 	DATA 	Keypress: space
28.9392 	DATA 	Keypress: 1
28.9497 	EXP 	text_2: autoDraw = False
28.9497 	EXP 	choiceImg: image = 'img/even_choice_4.png'
28.9497 	EXP 	choiceWarning: text = '32  for 67%              16  for 100%'
28.9497 	EXP 	choiceImg: autoDraw = True
28.9497 	EXP 	choiceWarning: autoDraw = True
28.9497 	EXP 	text_5: autoDraw = True
29.5781 	DATA 	Keypress: 1
29.5906 	EXP 	Created sequence: random, trialTypes=1, nReps=1, seed=None
29.5913 	EXP 	New trial (rep=0, index=0): None
29.6877 	EXP 	choiceImg: autoDraw = False
29.6877 	EXP 	choiceWarning: autoDraw = False
29.6877 	EXP 	text_5: autoDraw = False
29.6877 	EXP 	leftImg: image = 'img/even_8_circle_4.png'
29.6877 	EXP 	leftImg: autoDraw = True
30.8611 	EXP 	leftImg: autoDraw = False
30.8611 	EXP 	leftImg: autoDraw = False
30.8611 	EXP 	rewardImgLeft: opacity = 1.0
30.8611 	EXP 	rewardImgLeft: image = 'img/8m&m.png'
30.8611 	EXP 	rewardText: text = 'You got it!'
30.8611 	EXP 	rewardImgLeft: autoDraw = True
30.8611 	EXP 	rewardText: autoDraw = True
31.4785 	DATA 	Keypress: 1
31.7037 	EXP 	Created sequence: random, trialTypes=1, nReps=0, seed=None
31.7284 	EXP 	rewardImgLeft: autoDraw = False
31.7284 	EXP 	rewardText: autoDraw = False
31.7284 	EXP 	block4: opacity = 0.0
31.7284 	EXP 	block3: opacity = 0.0
31.7284 	EXP 	block2: opacity = 0.0
31.7284 	EXP 	block1: opacity = 0.0
31.7284 	EXP 	repeatText: text = 'total gain:32 \n You are in level:0\n press space to continue'
31.7284 	EXP 	block4: autoDraw = True
31.7284 	EXP 	block3: autoDraw = True
31.7284 	EXP 	block2: autoDraw = True
31.7284 	EXP 	block1: autoDraw = True
31.7284 	EXP 	repeatText: autoDraw = True
31.8290 	DATA 	Keypress: space
31.8505 	EXP 	Created sequence: random, trialTypes=1, nReps=0, seed=None
31.8536 	EXP 	New trial (rep=5, index=0): None
31.8545 	EXP 	Created sequence: random, trialTypes=1, nReps=0, seed=None
31.8552 	EXP 	Created sequence: sequential, trialTypes=1, nReps=0, seed=None
31.8558 	EXP 	Created sequence: sequential, trialTypes=1, nReps=0, seed=None
31.9684 	EXP 	block4: autoDraw = False
31.9684 	EXP 	block3: autoDraw = False
31.9684 	EXP 	block2: autoDraw = False
31.9684 	EXP 	block1: autoDraw = False
31.9684 	EXP 	repeatText: autoDraw = False
31.9684 	EXP 	choiceImg: image = 'img/odd_choice_4.png'
31.9684 	EXP 	choiceWarning: text = '18  for 100%              32  for 67%'
31.9684 	EXP 	choiceImg: autoDraw = True
31.9684 	EXP 	choiceWarning: autoDraw = True
31.9684 	EXP 	text_5: autoDraw = True
32.3123 	DATA 	Keypress: 1
32.3251 	EXP 	Created sequence: random, trialTypes=1, nReps=1, seed=None
32.3257 	EXP 	New trial (rep=0, index=0): None
32.4187 	EXP 	choiceImg: autoDraw = False
32.4187 	EXP 	choiceWarning: autoDraw = False
32.4187 	EXP 	text_5: autoDraw = False
32.4187 	EXP 	leftImg: image = 'img/odd_4_circle.png'
32.4187 	EXP 	leftImg: autoDraw = True
33.5645 	EXP 	leftImg: autoDraw = False
33.5645 	EXP 	leftImg: autoDraw = False
33.5645 	EXP 	rewardImgLeft: opacity = 1.0
33.5645 	EXP 	rewardImgLeft: image = 'img/4m&m.png'
33.5645 	EXP 	rewardText: text = 'You got it!'
33.5645 	EXP 	rewardImgLeft: autoDraw = True
33.5645 	EXP 	rewardText: autoDraw = True
34.4216 	EXP 	Created sequence: random, trialTypes=1, nReps=0, seed=None
34.4463 	EXP 	rewardImgLeft: autoDraw = False
34.4463 	EXP 	rewardText: autoDraw = False
34.4463 	EXP 	block4: opacity = 0.0
34.4463 	EXP 	block3: opacity = 0.0
34.4463 	EXP 	block2: opacity = 0.0
34.4463 	EXP 	block1: opacity = 0.0
34.4463 	EXP 	repeatText: text = 'total gain:50 \n You are in level:0\n press space to continue'
34.4463 	EXP 	block4: autoDraw = True
34.4463 	EXP 	block3: autoDraw = True
34.4463 	EXP 	block2: autoDraw = True
34.4463 	EXP 	block1: autoDraw = True
34.4463 	EXP 	repeatText: autoDraw = True
34.9540 	DATA 	Keypress: 1
35.5798 	DATA 	Keypress: space
35.6015 	EXP 	Created sequence: random, trialTypes=1, nReps=0, seed=None
35.6046 	EXP 	New trial (rep=6, index=0): None
35.6055 	EXP 	Created sequence: random, trialTypes=1, nReps=0, seed=None
35.6062 	EXP 	Created sequence: sequential, trialTypes=1, nReps=0, seed=None
35.6069 	EXP 	Created sequence: sequential, trialTypes=1, nReps=0, seed=None
35.7223 	EXP 	block4: autoDraw = False
35.7223 	EXP 	block3: autoDraw = False
35.7223 	EXP 	block2: autoDraw = False
35.7223 	EXP 	block1: autoDraw = False
35.7223 	EXP 	repeatText: autoDraw = False
35.7223 	EXP 	choiceImg: image = 'img/even_choice_4.png'
35.7223 	EXP 	choiceWarning: text = '32  for 67%              16  for 100%'
35.7223 	EXP 	choiceImg: autoDraw = True
35.7223 	EXP 	choiceWarning: autoDraw = True
35.7223 	EXP 	text_5: autoDraw = True
36.1214 	DATA 	Keypress: 1
36.1264 	EXP 	Created sequence: random, trialTypes=1, nReps=1, seed=None
36.1271 	EXP 	New trial (rep=0, index=0): None
36.2237 	EXP 	choiceImg: autoDraw = False
36.2237 	EXP 	choiceWarning: autoDraw = False
36.2237 	EXP 	text_5: autoDraw = False
36.2237 	EXP 	leftImg: image = 'img/even_8_circle_4.png'
36.2237 	EXP 	leftImg: autoDraw = True
37.3956 	EXP 	leftImg: autoDraw = False
37.3956 	EXP 	leftImg: autoDraw = False
37.3956 	EXP 	rewardImgLeft: opacity = 0.0
37.3956 	EXP 	rewardImgLeft: image = 'img/8m&m.png'
37.3956 	EXP 	rewardText: text = 'You did not get it!'
37.3956 	EXP 	rewardImgLeft: autoDraw = True
37.3956 	EXP 	rewardText: autoDraw = True
38.1894 	DATA 	Keypress: space
38.2233 	EXP 	Created sequence: random, trialTypes=1, nReps=0, seed=None
38.2375 	EXP 	rewardImgLeft: autoDraw = False
38.2375 	EXP 	rewardText: autoDraw = False
38.2375 	EXP 	block4: opacity = 0.0
38.2375 	EXP 	block3: opacity = 0.0
38.2375 	EXP 	block2: opacity = 0.0
38.2375 	EXP 	block1: opacity = 0.0
38.2375 	EXP 	repeatText: text = 'total gain:50 \n You are in level:0\n press space to continue'
38.2375 	EXP 	block4: autoDraw = True
38.2375 	EXP 	block3: autoDraw = True
38.2375 	EXP 	block2: autoDraw = True
38.2375 	EXP 	block1: autoDraw = True
38.2375 	EXP 	repeatText: autoDraw = True
38.6471 	DATA 	Keypress: 1
39.0141 	DATA 	Keypress: space
39.0354 	EXP 	Created sequence: random, trialTypes=1, nReps=0, seed=None
39.0385 	EXP 	New trial (rep=7, index=0): None
39.0394 	EXP 	Created sequence: random, trialTypes=1, nReps=0, seed=None
39.0401 	EXP 	Created sequence: sequential, trialTypes=1, nReps=0, seed=None
39.0408 	EXP 	Created sequence: sequential, trialTypes=1, nReps=0, seed=None
39.1563 	EXP 	block4: autoDraw = False
39.1563 	EXP 	block3: autoDraw = False
39.1563 	EXP 	block2: autoDraw = False
39.1563 	EXP 	block1: autoDraw = False
39.1563 	EXP 	repeatText: autoDraw = False
39.1563 	EXP 	choiceImg: image = 'img/odd_choice_4.png'
39.1563 	EXP 	choiceWarning: text = '17  for 100%              32  for 67%'
39.1563 	EXP 	choiceImg: autoDraw = True
39.1563 	EXP 	choiceWarning: autoDraw = True
39.1563 	EXP 	text_5: autoDraw = True
40.5729 	DATA 	Keypress: space
40.8388 	DATA 	Keypress: 1
40.8438 	EXP 	Created sequence: random, trialTypes=1, nReps=1, seed=None
40.8445 	EXP 	New trial (rep=0, index=0): None
40.9418 	EXP 	choiceImg: autoDraw = False
40.9418 	EXP 	choiceWarning: autoDraw = False
40.9418 	EXP 	text_5: autoDraw = False
40.9418 	EXP 	leftImg: image = 'img/odd_4_circle.png'
40.9418 	EXP 	leftImg: autoDraw = True
42.0974 	EXP 	leftImg: autoDraw = False
42.0974 	EXP 	leftImg: autoDraw = False
42.0974 	EXP 	rewardImgLeft: opacity = 1.0
42.0974 	EXP 	rewardImgLeft: image = 'img/4m&m.png'
42.0974 	EXP 	rewardText: text = 'You got it!'
42.0974 	EXP 	rewardImgLeft: autoDraw = True
42.0974 	EXP 	rewardText: autoDraw = True
42.9402 	EXP 	Created sequence: random, trialTypes=1, nReps=0, seed=None
42.9645 	EXP 	rewardImgLeft: autoDraw = False
42.9645 	EXP 	rewardText: autoDraw = False
42.9645 	EXP 	block4: opacity = 0.0
42.9645 	EXP 	block3: opacity = 0.0
42.9645 	EXP 	block2: opacity = 0.0
42.9645 	EXP 	block1: opacity = 0.0
42.9645 	EXP 	repeatText: text = 'total gain:67 \n You are in level:0\n press space to continue'
42.9645 	EXP 	block4: autoDraw = True
42.9645 	EXP 	block3: autoDraw = True
42.9645 	EXP 	block2: autoDraw = True
42.9645 	EXP 	block1: autoDraw = True
42.9645 	EXP 	repeatText: autoDraw = True
43.9232 	DATA 	Keypress: space
43.9369 	EXP 	Created sequence: random, trialTypes=1, nReps=0, seed=None
43.9399 	EXP 	New trial (rep=8, index=0): None
43.9409 	EXP 	Created sequence: random, trialTypes=1, nReps=0, seed=None
43.9416 	EXP 	Created sequence: sequential, trialTypes=1, nReps=0, seed=None
43.9424 	EXP 	Created sequence: sequential, trialTypes=1, nReps=0, seed=None
44.0576 	EXP 	block4: autoDraw = False
44.0576 	EXP 	block3: autoDraw = False
44.0576 	EXP 	block2: autoDraw = False
44.0576 	EXP 	block1: autoDraw = False
44.0576 	EXP 	repeatText: autoDraw = False
44.0576 	EXP 	choiceImg: image = 'img/even_choice_4.png'
44.0576 	EXP 	choiceWarning: text = '32  for 67%              16  for 100%'
44.0576 	EXP 	choiceImg: autoDraw = True
44.0576 	EXP 	choiceWarning: autoDraw = True
44.0576 	EXP 	text_5: autoDraw = True
44.7987 	DATA 	Keypress: space
46.2824 	DATA 	Keypress: space
46.5497 	DATA 	Keypress: 1
46.5686 	EXP 	Created sequence: random, trialTypes=1, nReps=1, seed=None
46.5696 	EXP 	New trial (rep=0, index=0): None
46.6974 	EXP 	choiceImg: autoDraw = False
46.6974 	EXP 	choiceWarning: autoDraw = False
46.6974 	EXP 	text_5: autoDraw = False
46.6974 	EXP 	leftImg: image = 'img/even_8_circle_4.png'
46.6974 	EXP 	leftImg: autoDraw = True
47.8597 	EXP 	leftImg: autoDraw = False
47.8597 	EXP 	leftImg: autoDraw = False
47.8597 	EXP 	rewardImgLeft: opacity = 1.0
47.8597 	EXP 	rewardImgLeft: image = 'img/8m&m.png'
47.8597 	EXP 	rewardText: text = 'You got it!'
47.8597 	EXP 	rewardImgLeft: autoDraw = True
47.8597 	EXP 	rewardText: autoDraw = True
48.6917 	EXP 	Created sequence: random, trialTypes=1, nReps=0, seed=None
48.7184 	EXP 	rewardImgLeft: autoDraw = False
48.7184 	EXP 	rewardText: autoDraw = False
48.7184 	EXP 	block4: opacity = 0.0
48.7184 	EXP 	block3: opacity = 0.0
48.7184 	EXP 	block2: opacity = 0.0
48.7184 	EXP 	block1: opacity = 0.0
48.7184 	EXP 	repeatText: text = 'total gain:99 \n You are in level:0\n press space to continue'
48.7184 	EXP 	block4: autoDraw = True
48.7184 	EXP 	block3: autoDraw = True
48.7184 	EXP 	block2: autoDraw = True
48.7184 	EXP 	block1: autoDraw = True
48.7184 	EXP 	repeatText: autoDraw = True
49.7002 	DATA 	Keypress: space
49.7215 	EXP 	Created sequence: random, trialTypes=1, nReps=1, seed=None
49.7221 	EXP 	New trial (rep=0, index=0): None
49.7313 	EXP 	block4: autoDraw = False
49.7313 	EXP 	block3: autoDraw = False
49.7313 	EXP 	block2: autoDraw = False
49.7313 	EXP 	block1: autoDraw = False
49.7313 	EXP 	repeatText: autoDraw = False
49.7313 	EXP 	text: autoDraw = True
52.7176 	DATA 	Keypress: space
52.7308 	EXP 	New trial (rep=9, index=0): None
52.7319 	EXP 	Created sequence: random, trialTypes=1, nReps=1, seed=None
52.7326 	EXP 	New trial (rep=0, index=0): None
52.8531 	EXP 	text: autoDraw = False
52.8531 	EXP 	fixImg: image = 'img/odd_4_square.png'
52.8531 	EXP 	fixImg: autoDraw = True
52.8531 	EXP 	text_4: autoDraw = True
53.4678 	DATA 	Keypress: escape
53.5063 	EXP 	window1: mouseVisible = True
