0.6896 	WARNING 	We strongly recommend you activate the PTB sound engine in PsychoPy prefs as the preferred audio engine. Its timing is vastly superior. Your prefs are currently set to use ['sounddevice', 'PTB', 'pyo', 'pygame'] (in that order).
2.3727 	WARNING 	Import Error: No module named 'psychtoolbox'. Using event module for keyboard component.
3.9892 	WARNING 	User requested fullscreen with size [1536  864], but screen is actually [1920, 1080]. Using actual size
4.9053 	EXP 	Created window1 = Window(allowGUI=False, allowStencil=False, args=UNKNOWN, autoLog=True, bitsMode=UNKNOWN, blendMode='avg', bpc=(8, 8, 8), color=array([0., 0., 0.]), colorSpace='rgb', depthBits=8, fullscr=<method-wrapper '__getattribute__' of attributeSetter object at 0x7f3efbdca610>, gamma=None, gammaErrorPolicy='raise', kwargs=UNKNOWN, lms=UNKNOWN, monitor=<psychopy.monitors.calibTools.Monitor object at 0x7f3efbe7e430>, multiSample=False, name='window1', numSamples=2, pos=[0.0, 0.0], screen=0, size=array([1920, 1080]), stencilBits=0, stereo=False, units='height', useFBO=True, useRetina=False, viewOri=0.0, viewPos=None, viewScale=None, waitBlanking=True, winType='pyglet')
4.9056 	EXP 	window1: mouseVisible = True
4.9057 	EXP 	window1: recordFrameIntervals = False
5.0701 	EXP 	window1: recordFrameIntervals = True
5.2538 	EXP 	window1: recordFrameIntervals = False
5.2709 	EXP 	Created welcomeImage = ImageStim(__class__=<class 'psychopy.visual.image.ImageStim'>, autoLog=True, color=array([1., 1., 1.]), colorSpace='rgb', contrast=1.0, depth=0.0, flipHoriz=False, flipVert=False, image='sin', interpolate=True, mask=None, maskParams=None, name='welcomeImage', opacity=1.0, ori=0.0, pos=array([0., 0.]), size=array([1.8, 1. ]), texRes=128, units='height', win=Window(...))
5.2765 	EXP 	Created fixImg = ImageStim(__class__=<class 'psychopy.visual.image.ImageStim'>, autoLog=True, color=array([1., 1., 1.]), colorSpace='rgb', contrast=1.0, depth=0.0, flipHoriz=False, flipVert=False, image='sin', interpolate=True, mask=None, maskParams=None, name='fixImg', opacity=1.0, ori=0.0, pos=array([0., 0.]), size=array([1.8, 1. ]), texRes=128, units='height', win=Window(...))
5.2819 	EXP 	Created delayImg = ImageStim(__class__=<class 'psychopy.visual.image.ImageStim'>, autoLog=True, color=array([1., 1., 1.]), colorSpace='rgb', contrast=1.0, depth=0.0, flipHoriz=False, flipVert=False, image='sin', interpolate=True, mask=None, maskParams=None, name='delayImg', opacity=1.0, ori=0.0, pos=array([0., 0.]), size=array([1.8, 1. ]), texRes=128, units='height', win=Window(...))
5.2873 	EXP 	Created choiceImg = ImageStim(__class__=<class 'psychopy.visual.image.ImageStim'>, autoLog=True, color=array([1., 1., 1.]), colorSpace='rgb', contrast=1.0, depth=0.0, flipHoriz=False, flipVert=False, image='sin', interpolate=True, mask=None, maskParams=None, name='choiceImg', opacity=1.0, ori=0.0, pos=array([0., 0.]), size=array([1.8, 1. ]), texRes=128, units='height', win=Window(...))
5.4464 	EXP 	Created choiceWarning = TextStim(__class__=<class 'psychopy.visual.text.TextStim'>, alignHoriz=method-wrapper(...), alignText='center', alignVert=method-wrapper(...), anchorHoriz='center', anchorVert='center', antialias=True, autoLog=True, bold=False, color='red', colorSpace='named', contrast=1.0, depth=-2.0, flipHoriz=False, flipVert=False, font='Arial', fontFiles=[], height=0.05, italic=False, languageStyle='LTR', name='choiceWarning', opacity=1.0, ori=0, pos=array([ 0. , -0.3]), rgb=array([255.,   0.,   0.]), text='default text', units='height', win=Window(...), wrapWidth=1)
5.4502 	EXP 	Created leftImg = ImageStim(__class__=<class 'psychopy.visual.image.ImageStim'>, autoLog=True, color=array([1., 1., 1.]), colorSpace='rgb', contrast=1.0, depth=0.0, flipHoriz=False, flipVert=False, image='sin', interpolate=True, mask=None, maskParams=None, name='leftImg', opacity=1.0, ori=0.0, pos=array([0., 0.]), size=array([1.8, 1. ]), texRes=128, units='height', win=Window(...))
5.4531 	EXP 	Created rewardImgLeft = ImageStim(__class__=<class 'psychopy.visual.image.ImageStim'>, autoLog=True, color=array([1., 1., 1.]), colorSpace='rgb', contrast=1.0, depth=0.0, flipHoriz=False, flipVert=False, image='sin', interpolate=True, mask=None, maskParams=None, name='rewardImgLeft', opacity=1.0, ori=0.0, pos=array([0., 0.]), size=array([1.8, 1. ]), texRes=128, units='height', win=Window(...))
5.4692 	EXP 	Created rewardText = TextStim(__class__=<class 'psychopy.visual.text.TextStim'>, alignHoriz=method-wrapper(...), alignText='center', alignVert=method-wrapper(...), anchorHoriz='center', anchorVert='center', antialias=True, autoLog=True, bold=False, color='red', colorSpace='named', contrast=1.0, depth=-1.0, flipHoriz=False, flipVert=False, font='Arial', fontFiles=[], height=0.1, italic=False, languageStyle='LTR', name='rewardText', opacity=1.0, ori=0, pos=array([0., 0.]), rgb=array([255.,   0.,   0.]), text='default text', units='height', win=Window(...), wrapWidth=1)
5.4724 	EXP 	Created rightImg = ImageStim(__class__=<class 'psychopy.visual.image.ImageStim'>, autoLog=True, color=array([1., 1., 1.]), colorSpace='rgb', contrast=1.0, depth=0.0, flipHoriz=False, flipVert=False, image='sin', interpolate=True, mask=None, maskParams=None, name='rightImg', opacity=1.0, ori=0.0, pos=array([0., 0.]), size=array([1.8, 1. ]), texRes=128, units='height', win=Window(...))
5.4753 	EXP 	Created rewardImgRight = ImageStim(__class__=<class 'psychopy.visual.image.ImageStim'>, autoLog=True, color=array([1., 1., 1.]), colorSpace='rgb', contrast=1.0, depth=0.0, flipHoriz=False, flipVert=False, image='sin', interpolate=True, mask=None, maskParams=None, name='rewardImgRight', opacity=1.0, ori=0.0, pos=array([0., 0.]), size=array([1.8, 1. ]), texRes=128, units='height', win=Window(...))
5.4796 	EXP 	Created rightText = TextStim(__class__=<class 'psychopy.visual.text.TextStim'>, alignHoriz=method-wrapper(...), alignText='center', alignVert=method-wrapper(...), anchorHoriz='center', anchorVert='center', antialias=True, autoLog=True, bold=False, color='red', colorSpace='named', contrast=1.0, depth=-1.0, flipHoriz=False, flipVert=False, font='Arial', fontFiles=[], height=0.1, italic=False, languageStyle='LTR', name='rightText', opacity=1.0, ori=0, pos=array([0., 0.]), rgb=array([255.,   0.,   0.]), text='default text', units='height', win=Window(...), wrapWidth=1)
5.4901 	EXP 	Created block4 = ImageStim(__class__=<class 'psychopy.visual.image.ImageStim'>, autoLog=True, color=array([1., 1., 1.]), colorSpace='rgb', contrast=1.0, depth=0.0, flipHoriz=False, flipVert=False, image='img/coffee.jpeg', interpolate=True, mask=None, maskParams=None, name='block4', opacity=1.0, ori=0.0, pos=array([ 0.5, -0.2]), size=array([0.35, 0.35]), texRes=128, units='height', win=Window(...))
5.4960 	EXP 	Created block3 = ImageStim(__class__=<class 'psychopy.visual.image.ImageStim'>, autoLog=True, color=array([1., 1., 1.]), colorSpace='rgb', contrast=1.0, depth=-1.0, flipHoriz=False, flipVert=False, image='img/cake.jpeg', interpolate=True, mask=None, maskParams=None, name='block3', opacity=1.0, ori=0.0, pos=array([0.5, 0.2]), size=array([0.35, 0.35]), texRes=128, units='height', win=Window(...))
5.5013 	EXP 	Created block2 = ImageStim(__class__=<class 'psychopy.visual.image.ImageStim'>, autoLog=True, color=array([1., 1., 1.]), colorSpace='rgb', contrast=1.0, depth=-2.0, flipHoriz=False, flipVert=False, image='img/gummi.jpeg', interpolate=True, mask=None, maskParams=None, name='block2', opacity=1.0, ori=0.0, pos=array([-0.5, -0.2]), size=array([0.35, 0.35]), texRes=128, units='height', win=Window(...))
5.5431 	EXP 	Created block1 = ImageStim(__class__=<class 'psychopy.visual.image.ImageStim'>, autoLog=True, color=array([1., 1., 1.]), colorSpace='rgb', contrast=1.0, depth=-3.0, flipHoriz=False, flipVert=False, image='img/tea.jpeg', interpolate=True, mask=None, maskParams=None, name='block1', opacity=1.0, ori=0.0, pos=array([-0.5,  0.2]), size=array([0.35, 0.35]), texRes=128, units='height', win=Window(...))
5.5478 	EXP 	Created repeatText = TextStim(__class__=<class 'psychopy.visual.text.TextStim'>, alignHoriz=method-wrapper(...), alignText='center', alignVert=method-wrapper(...), anchorHoriz='center', anchorVert='center', antialias=True, autoLog=True, bold=False, color='white', colorSpace='named', contrast=1.0, depth=-4.0, flipHoriz=False, flipVert=False, font='Arial', fontFiles=[], height=0.05, italic=False, languageStyle='LTR', name='repeatText', opacity=1.0, ori=0, pos=array([0., 0.]), rgb=array([255., 255., 255.]), text='default text', units='height', win=Window(...), wrapWidth=1)
5.5790 	EXP 	Created text = TextStim(__class__=<class 'psychopy.visual.text.TextStim'>, alignHoriz=method-wrapper(...), alignText='center', alignVert=method-wrapper(...), anchorHoriz='center', anchorVert='center', antialias=True, autoLog=True, bold=False, color='white', colorSpace='named', contrast=1.0, depth=0.0, flipHoriz=False, flipVert=False, font='Arial', fontFiles=[], height=0.03, italic=False, languageStyle='LTR', name='text', opacity=1.0, ori=0, pos=array([0., 0.]), rgb=array([255., 255., 255.]), text=str(...), units='height', win=Window(...), wrapWidth=1)
5.5915 	EXP 	Created endText = TextStim(__class__=<class 'psychopy.visual.text.TextStim'>, alignHoriz=method-wrapper(...), alignText='center', alignVert=method-wrapper(...), anchorHoriz='center', anchorVert='center', antialias=True, autoLog=True, bold=False, color='white', colorSpace='named', contrast=1.0, depth=0.0, flipHoriz=False, flipVert=False, font='Arial', fontFiles=[], height=0.05, italic=False, languageStyle='LTR', name='endText', opacity=1.0, ori=0, pos=array([0., 0.]), rgb=array([255., 255., 255.]), text=str(...), units='height', win=Window(...), wrapWidth=1)
5.5921 	EXP 	Created sequence: sequential, trialTypes=1, nReps=8, seed=None
5.5925 	EXP 	New trial (rep=0, index=0): None
5.6563 	EXP 	welcomeImage: image = 'img/intro/1.png'
5.6563 	EXP 	welcomeImage: autoDraw = True
6.5047 	DATA 	Keypress: space
6.5081 	EXP 	New trial (rep=1, index=0): None
6.6320 	EXP 	welcomeImage: autoDraw = False
6.6320 	EXP 	welcomeImage: image = 'img/intro/2.png'
6.6320 	EXP 	welcomeImage: autoDraw = True
7.6051 	DATA 	Keypress: space
7.6080 	EXP 	New trial (rep=2, index=0): None
7.6989 	EXP 	welcomeImage: autoDraw = False
7.6989 	EXP 	welcomeImage: image = 'img/intro/3.png'
7.6989 	EXP 	welcomeImage: autoDraw = True
8.3385 	DATA 	Keypress: space
8.3411 	EXP 	New trial (rep=3, index=0): None
8.4778 	EXP 	welcomeImage: autoDraw = False
8.4778 	EXP 	welcomeImage: image = 'img/intro/4.png'
8.4778 	EXP 	welcomeImage: autoDraw = True
8.9882 	DATA 	Keypress: space
8.9909 	EXP 	New trial (rep=4, index=0): None
9.0775 	EXP 	welcomeImage: autoDraw = False
9.0775 	EXP 	welcomeImage: image = 'img/intro/5.png'
9.0775 	EXP 	welcomeImage: autoDraw = True
9.8054 	DATA 	Keypress: space
9.8146 	EXP 	New trial (rep=5, index=0): None
9.9589 	EXP 	welcomeImage: autoDraw = False
9.9589 	EXP 	welcomeImage: image = 'img/intro/6.png'
9.9589 	EXP 	welcomeImage: autoDraw = True
10.9568 	EXP 	New trial (rep=6, index=0): None
11.1012 	EXP 	welcomeImage: autoDraw = False
11.1012 	EXP 	welcomeImage: image = 'img/intro/7.png'
11.1012 	EXP 	welcomeImage: autoDraw = True
18.1095 	EXP 	New trial (rep=7, index=0): None
18.2173 	EXP 	welcomeImage: autoDraw = False
18.2173 	EXP 	welcomeImage: image = 'img/intro/8.png'
18.2173 	EXP 	welcomeImage: autoDraw = True
21.6009 	DATA 	Keypress: space
21.6115 	EXP 	Created sequence: sequential, trialTypes=1, nReps=200, seed=None
21.6151 	EXP 	New trial (rep=0, index=0): None
21.6162 	EXP 	Created sequence: random, trialTypes=1, nReps=1, seed=None
21.6169 	EXP 	New trial (rep=0, index=0): None
21.7454 	EXP 	welcomeImage: autoDraw = False
21.7454 	EXP 	fixImg: image = 'img/even_4_square.png'
21.7454 	EXP 	fixImg: autoDraw = True
22.7435 	EXP 	Created sequence: sequential, trialTypes=1, nReps=1, seed=None
22.7442 	EXP 	New trial (rep=0, index=0): None
22.8607 	EXP 	fixImg: autoDraw = False
22.8607 	EXP 	fixImg: autoDraw = False
22.8607 	EXP 	delayImg: image = 'img/even_8_square_4.png'
22.8607 	EXP 	delayImg: autoDraw = True
23.9842 	EXP 	delayImg: autoDraw = False
23.9842 	EXP 	delayImg: autoDraw = False
23.9842 	EXP 	choiceImg: image = 'img/even_choice_4.png'
23.9842 	EXP 	choiceWarning: text = '32  for 67%              16  for 100%'
23.9842 	EXP 	choiceImg: autoDraw = True
23.9842 	EXP 	choiceWarning: autoDraw = True
25.5686 	DATA 	Keypress: 1
25.5823 	EXP 	Created sequence: random, trialTypes=1, nReps=1, seed=None
25.5829 	EXP 	New trial (rep=0, index=0): None
25.6916 	EXP 	choiceImg: autoDraw = False
25.6916 	EXP 	choiceWarning: autoDraw = False
25.6916 	EXP 	leftImg: image = 'img/even_8_circle_4.png'
25.6916 	EXP 	leftImg: autoDraw = True
26.8729 	EXP 	leftImg: autoDraw = False
26.8729 	EXP 	leftImg: autoDraw = False
26.8729 	EXP 	rewardImgLeft: opacity = 1.0
26.8729 	EXP 	rewardImgLeft: image = 'img/8m&m.png'
26.8729 	EXP 	rewardText: text = 'You got it!'
26.8729 	EXP 	rewardImgLeft: autoDraw = True
26.8729 	EXP 	rewardText: autoDraw = True
27.6782 	EXP 	Created sequence: random, trialTypes=1, nReps=0, seed=None
27.8417 	EXP 	rewardImgLeft: autoDraw = False
27.8417 	EXP 	rewardText: autoDraw = False
27.8417 	EXP 	block4: opacity = 0.0
27.8417 	EXP 	block3: opacity = 0.0
27.8417 	EXP 	block2: opacity = 0.0
27.8417 	EXP 	block1: opacity = 0.0
27.8417 	EXP 	repeatText: text = 'total gain:32. You are in level:0.               press space to continue'
27.8417 	EXP 	block4: autoDraw = True
27.8417 	EXP 	block3: autoDraw = True
27.8417 	EXP 	block2: autoDraw = True
27.8417 	EXP 	block1: autoDraw = True
27.8417 	EXP 	repeatText: autoDraw = True
31.3534 	DATA 	Keypress: space
31.3762 	EXP 	Created sequence: random, trialTypes=1, nReps=0, seed=None
31.3794 	EXP 	New trial (rep=1, index=0): None
31.3803 	EXP 	Created sequence: random, trialTypes=1, nReps=0, seed=None
31.3810 	EXP 	Created sequence: sequential, trialTypes=1, nReps=0, seed=None
31.5102 	EXP 	block4: autoDraw = False
31.5102 	EXP 	block3: autoDraw = False
31.5102 	EXP 	block2: autoDraw = False
31.5102 	EXP 	block1: autoDraw = False
31.5102 	EXP 	repeatText: autoDraw = False
31.5102 	EXP 	choiceImg: image = 'img/odd_choice_4.png'
31.5102 	EXP 	choiceWarning: text = '18  for 100%              32  for 67%'
31.5102 	EXP 	choiceImg: autoDraw = True
31.5102 	EXP 	choiceWarning: autoDraw = True
35.4219 	DATA 	Keypress: 1
35.4355 	EXP 	Created sequence: random, trialTypes=1, nReps=1, seed=None
35.4362 	EXP 	New trial (rep=0, index=0): None
35.5451 	EXP 	choiceImg: autoDraw = False
35.5451 	EXP 	choiceWarning: autoDraw = False
35.5451 	EXP 	leftImg: image = 'img/odd_4_circle.png'
35.5451 	EXP 	leftImg: autoDraw = True
36.6893 	EXP 	leftImg: autoDraw = False
36.6893 	EXP 	leftImg: autoDraw = False
36.6893 	EXP 	rewardImgLeft: opacity = 1.0
36.6893 	EXP 	rewardImgLeft: image = 'img/4m&m.png'
36.6893 	EXP 	rewardText: text = 'You got it!'
36.6893 	EXP 	rewardImgLeft: autoDraw = True
36.6893 	EXP 	rewardText: autoDraw = True
37.5307 	EXP 	Created sequence: random, trialTypes=1, nReps=0, seed=None
37.5576 	EXP 	rewardImgLeft: autoDraw = False
37.5576 	EXP 	rewardText: autoDraw = False
37.5576 	EXP 	block4: opacity = 0.0
37.5576 	EXP 	block3: opacity = 0.0
37.5576 	EXP 	block2: opacity = 0.0
37.5576 	EXP 	block1: opacity = 0.0
37.5576 	EXP 	repeatText: text = 'total gain:50. You are in level:0.               press space to continue'
37.5576 	EXP 	block4: autoDraw = True
37.5576 	EXP 	block3: autoDraw = True
37.5576 	EXP 	block2: autoDraw = True
37.5576 	EXP 	block1: autoDraw = True
37.5576 	EXP 	repeatText: autoDraw = True
40.2228 	DATA 	Keypress: space
40.2454 	EXP 	Created sequence: random, trialTypes=1, nReps=0, seed=None
40.2487 	EXP 	New trial (rep=2, index=0): None
40.2495 	EXP 	Created sequence: random, trialTypes=1, nReps=0, seed=None
40.2502 	EXP 	Created sequence: sequential, trialTypes=1, nReps=0, seed=None
40.3675 	EXP 	block4: autoDraw = False
40.3675 	EXP 	block3: autoDraw = False
40.3675 	EXP 	block2: autoDraw = False
40.3675 	EXP 	block1: autoDraw = False
40.3675 	EXP 	repeatText: autoDraw = False
40.3675 	EXP 	choiceImg: image = 'img/even_choice_4.png'
40.3675 	EXP 	choiceWarning: text = '32  for 67%              16  for 100%'
40.3675 	EXP 	choiceImg: autoDraw = True
40.3675 	EXP 	choiceWarning: autoDraw = True
41.7979 	DATA 	Keypress: space
44.7239 	DATA 	Keypress: space
49.0751 	DATA 	Keypress: space
49.6585 	DATA 	Keypress: escape
49.6908 	EXP 	window1: mouseVisible = True
