0.9061 	WARNING 	We strongly recommend you activate the PTB sound engine in PsychoPy prefs as the preferred audio engine. Its timing is vastly superior. Your prefs are currently set to use ['sounddevice', 'PTB', 'pyo', 'pygame'] (in that order).
2.5483 	WARNING 	Import Error: No module named 'psychtoolbox'. Using event module for keyboard component.
4.0840 	WARNING 	User requested fullscreen with size [1536  864], but screen is actually [1920, 1080]. Using actual size
5.0501 	EXP 	Created window1 = Window(allowGUI=False, allowStencil=False, args=UNKNOWN, autoLog=True, bitsMode=UNKNOWN, blendMode='avg', bpc=(8, 8, 8), color=array([0., 0., 0.]), colorSpace='rgb', depthBits=8, fullscr=<method-wrapper '__getattribute__' of attributeSetter object at 0x7f6b783fa820>, gamma=None, gammaErrorPolicy='raise', kwargs=UNKNOWN, lms=UNKNOWN, monitor=<psychopy.monitors.calibTools.Monitor object at 0x7f6b783be340>, multiSample=False, name='window1', numSamples=2, pos=[0.0, 0.0], screen=0, size=array([1920, 1080]), stencilBits=0, stereo=False, units='height', useFBO=True, useRetina=False, viewOri=0.0, viewPos=None, viewScale=None, waitBlanking=True, winType='pyglet')
5.0504 	EXP 	window1: mouseVisible = True
5.0505 	EXP 	window1: recordFrameIntervals = False
5.2147 	EXP 	window1: recordFrameIntervals = True
5.3983 	EXP 	window1: recordFrameIntervals = False
5.4159 	EXP 	Created welcomeImage = ImageStim(__class__=<class 'psychopy.visual.image.ImageStim'>, autoLog=True, color=array([1., 1., 1.]), colorSpace='rgb', contrast=1.0, depth=0.0, flipHoriz=False, flipVert=False, image='sin', interpolate=True, mask=None, maskParams=None, name='welcomeImage', opacity=1.0, ori=0.0, pos=array([0., 0.]), size=array([1.8, 1. ]), texRes=128, units='height', win=Window(...))
5.4217 	EXP 	Created fixImg = ImageStim(__class__=<class 'psychopy.visual.image.ImageStim'>, autoLog=True, color=array([1., 1., 1.]), colorSpace='rgb', contrast=1.0, depth=0.0, flipHoriz=False, flipVert=False, image='sin', interpolate=True, mask=None, maskParams=None, name='fixImg', opacity=1.0, ori=0.0, pos=array([0., 0.]), size=array([1.8, 1. ]), texRes=128, units='height', win=Window(...))
5.4272 	EXP 	Created delayImg = ImageStim(__class__=<class 'psychopy.visual.image.ImageStim'>, autoLog=True, color=array([1., 1., 1.]), colorSpace='rgb', contrast=1.0, depth=0.0, flipHoriz=False, flipVert=False, image='sin', interpolate=True, mask=None, maskParams=None, name='delayImg', opacity=1.0, ori=0.0, pos=array([0., 0.]), size=array([1.8, 1. ]), texRes=128, units='height', win=Window(...))
5.4326 	EXP 	Created choiceImg = ImageStim(__class__=<class 'psychopy.visual.image.ImageStim'>, autoLog=True, color=array([1., 1., 1.]), colorSpace='rgb', contrast=1.0, depth=0.0, flipHoriz=False, flipVert=False, image='sin', interpolate=True, mask=None, maskParams=None, name='choiceImg', opacity=1.0, ori=0.0, pos=array([0., 0.]), size=array([1.8, 1. ]), texRes=128, units='height', win=Window(...))
5.6032 	EXP 	Created choiceWarning = TextStim(__class__=<class 'psychopy.visual.text.TextStim'>, alignHoriz=method-wrapper(...), alignText='center', alignVert=method-wrapper(...), anchorHoriz='center', anchorVert='center', antialias=True, autoLog=True, bold=False, color='red', colorSpace='named', contrast=1.0, depth=-2.0, flipHoriz=False, flipVert=False, font='Arial', fontFiles=[], height=0.05, italic=False, languageStyle='LTR', name='choiceWarning', opacity=1.0, ori=0, pos=array([ 0. , -0.3]), rgb=array([255.,   0.,   0.]), text='default text', units='height', win=Window(...), wrapWidth=1)
5.6069 	EXP 	Created leftImg = ImageStim(__class__=<class 'psychopy.visual.image.ImageStim'>, autoLog=True, color=array([1., 1., 1.]), colorSpace='rgb', contrast=1.0, depth=0.0, flipHoriz=False, flipVert=False, image='sin', interpolate=True, mask=None, maskParams=None, name='leftImg', opacity=1.0, ori=0.0, pos=array([0., 0.]), size=array([1.8, 1. ]), texRes=128, units='height', win=Window(...))
5.6098 	EXP 	Created rewardImgLeft = ImageStim(__class__=<class 'psychopy.visual.image.ImageStim'>, autoLog=True, color=array([1., 1., 1.]), colorSpace='rgb', contrast=1.0, depth=0.0, flipHoriz=False, flipVert=False, image='sin', interpolate=True, mask=None, maskParams=None, name='rewardImgLeft', opacity=1.0, ori=0.0, pos=array([0., 0.]), size=array([1.8, 1. ]), texRes=128, units='height', win=Window(...))
5.6263 	EXP 	Created rewardText = TextStim(__class__=<class 'psychopy.visual.text.TextStim'>, alignHoriz=method-wrapper(...), alignText='center', alignVert=method-wrapper(...), anchorHoriz='center', anchorVert='center', antialias=True, autoLog=True, bold=False, color='red', colorSpace='named', contrast=1.0, depth=-1.0, flipHoriz=False, flipVert=False, font='Arial', fontFiles=[], height=0.1, italic=False, languageStyle='LTR', name='rewardText', opacity=1.0, ori=0, pos=array([0., 0.]), rgb=array([255.,   0.,   0.]), text='default text', units='height', win=Window(...), wrapWidth=1)
5.6294 	EXP 	Created rightImg = ImageStim(__class__=<class 'psychopy.visual.image.ImageStim'>, autoLog=True, color=array([1., 1., 1.]), colorSpace='rgb', contrast=1.0, depth=0.0, flipHoriz=False, flipVert=False, image='sin', interpolate=True, mask=None, maskParams=None, name='rightImg', opacity=1.0, ori=0.0, pos=array([0., 0.]), size=array([1.8, 1. ]), texRes=128, units='height', win=Window(...))
5.6324 	EXP 	Created rewardImgRight = ImageStim(__class__=<class 'psychopy.visual.image.ImageStim'>, autoLog=True, color=array([1., 1., 1.]), colorSpace='rgb', contrast=1.0, depth=0.0, flipHoriz=False, flipVert=False, image='sin', interpolate=True, mask=None, maskParams=None, name='rewardImgRight', opacity=1.0, ori=0.0, pos=array([0., 0.]), size=array([1.8, 1. ]), texRes=128, units='height', win=Window(...))
5.6369 	EXP 	Created rightText = TextStim(__class__=<class 'psychopy.visual.text.TextStim'>, alignHoriz=method-wrapper(...), alignText='center', alignVert=method-wrapper(...), anchorHoriz='center', anchorVert='center', antialias=True, autoLog=True, bold=False, color='red', colorSpace='named', contrast=1.0, depth=-1.0, flipHoriz=False, flipVert=False, font='Arial', fontFiles=[], height=0.1, italic=False, languageStyle='LTR', name='rightText', opacity=1.0, ori=0, pos=array([0., 0.]), rgb=array([255.,   0.,   0.]), text='default text', units='height', win=Window(...), wrapWidth=1)
5.6475 	EXP 	Created block4 = ImageStim(__class__=<class 'psychopy.visual.image.ImageStim'>, autoLog=True, color=array([1., 1., 1.]), colorSpace='rgb', contrast=1.0, depth=0.0, flipHoriz=False, flipVert=False, image='img/coffee.jpeg', interpolate=True, mask=None, maskParams=None, name='block4', opacity=1.0, ori=0.0, pos=array([ 0.5, -0.2]), size=array([0.35, 0.35]), texRes=128, units='height', win=Window(...))
5.6536 	EXP 	Created block3 = ImageStim(__class__=<class 'psychopy.visual.image.ImageStim'>, autoLog=True, color=array([1., 1., 1.]), colorSpace='rgb', contrast=1.0, depth=-1.0, flipHoriz=False, flipVert=False, image='img/cake.jpeg', interpolate=True, mask=None, maskParams=None, name='block3', opacity=1.0, ori=0.0, pos=array([0.5, 0.2]), size=array([0.35, 0.35]), texRes=128, units='height', win=Window(...))
5.6591 	EXP 	Created block2 = ImageStim(__class__=<class 'psychopy.visual.image.ImageStim'>, autoLog=True, color=array([1., 1., 1.]), colorSpace='rgb', contrast=1.0, depth=-2.0, flipHoriz=False, flipVert=False, image='img/gummi.jpeg', interpolate=True, mask=None, maskParams=None, name='block2', opacity=1.0, ori=0.0, pos=array([-0.5, -0.2]), size=array([0.35, 0.35]), texRes=128, units='height', win=Window(...))
5.7017 	EXP 	Created block1 = ImageStim(__class__=<class 'psychopy.visual.image.ImageStim'>, autoLog=True, color=array([1., 1., 1.]), colorSpace='rgb', contrast=1.0, depth=-3.0, flipHoriz=False, flipVert=False, image='img/tea.jpeg', interpolate=True, mask=None, maskParams=None, name='block1', opacity=1.0, ori=0.0, pos=array([-0.5,  0.2]), size=array([0.35, 0.35]), texRes=128, units='height', win=Window(...))
5.7065 	EXP 	Created repeatText = TextStim(__class__=<class 'psychopy.visual.text.TextStim'>, alignHoriz=method-wrapper(...), alignText='center', alignVert=method-wrapper(...), anchorHoriz='center', anchorVert='center', antialias=True, autoLog=True, bold=False, color='white', colorSpace='named', contrast=1.0, depth=-4.0, flipHoriz=False, flipVert=False, font='Arial', fontFiles=[], height=0.05, italic=False, languageStyle='LTR', name='repeatText', opacity=1.0, ori=0, pos=array([0., 0.]), rgb=array([255., 255., 255.]), text='default text', units='height', win=Window(...), wrapWidth=1)
5.7382 	EXP 	Created text = TextStim(__class__=<class 'psychopy.visual.text.TextStim'>, alignHoriz=method-wrapper(...), alignText='center', alignVert=method-wrapper(...), anchorHoriz='center', anchorVert='center', antialias=True, autoLog=True, bold=False, color='white', colorSpace='named', contrast=1.0, depth=0.0, flipHoriz=False, flipVert=False, font='Arial', fontFiles=[], height=0.03, italic=False, languageStyle='LTR', name='text', opacity=1.0, ori=0, pos=array([0., 0.]), rgb=array([255., 255., 255.]), text=str(...), units='height', win=Window(...), wrapWidth=1)
5.7510 	EXP 	Created endText = TextStim(__class__=<class 'psychopy.visual.text.TextStim'>, alignHoriz=method-wrapper(...), alignText='center', alignVert=method-wrapper(...), anchorHoriz='center', anchorVert='center', antialias=True, autoLog=True, bold=False, color='white', colorSpace='named', contrast=1.0, depth=0.0, flipHoriz=False, flipVert=False, font='Arial', fontFiles=[], height=0.05, italic=False, languageStyle='LTR', name='endText', opacity=1.0, ori=0, pos=array([0., 0.]), rgb=array([255., 255., 255.]), text=str(...), units='height', win=Window(...), wrapWidth=1)
5.7516 	EXP 	Created sequence: sequential, trialTypes=1, nReps=8, seed=None
5.7520 	EXP 	New trial (rep=0, index=0): None
5.8160 	EXP 	welcomeImage: image = 'img/intro/1.png'
5.8160 	EXP 	welcomeImage: autoDraw = True
14.9195 	DATA 	Keypress: space
14.9233 	EXP 	New trial (rep=1, index=0): None
15.0575 	EXP 	welcomeImage: autoDraw = False
15.0575 	EXP 	welcomeImage: image = 'img/intro/2.png'
15.0575 	EXP 	welcomeImage: autoDraw = True
24.7708 	DATA 	Keypress: space
24.7734 	EXP 	New trial (rep=2, index=0): None
24.8712 	EXP 	welcomeImage: autoDraw = False
24.8712 	EXP 	welcomeImage: image = 'img/intro/3.png'
24.8712 	EXP 	welcomeImage: autoDraw = True
31.4651 	DATA 	Keypress: space
31.4770 	EXP 	New trial (rep=3, index=0): None
31.6268 	EXP 	welcomeImage: autoDraw = False
31.6268 	EXP 	welcomeImage: image = 'img/intro/4.png'
31.6268 	EXP 	welcomeImage: autoDraw = True
39.6171 	DATA 	Keypress: space
39.6281 	EXP 	New trial (rep=4, index=0): None
39.7297 	EXP 	welcomeImage: autoDraw = False
39.7297 	EXP 	welcomeImage: image = 'img/intro/5.png'
39.7297 	EXP 	welcomeImage: autoDraw = True
43.7763 	DATA 	Keypress: space
43.7852 	EXP 	New trial (rep=5, index=0): None
43.9373 	EXP 	welcomeImage: autoDraw = False
43.9373 	EXP 	welcomeImage: image = 'img/intro/6.png'
43.9373 	EXP 	welcomeImage: autoDraw = True
44.9451 	EXP 	New trial (rep=6, index=0): None
45.0894 	EXP 	welcomeImage: autoDraw = False
45.0894 	EXP 	welcomeImage: image = 'img/intro/7.png'
45.0894 	EXP 	welcomeImage: autoDraw = True
52.0969 	EXP 	New trial (rep=7, index=0): None
52.2035 	EXP 	welcomeImage: autoDraw = False
52.2035 	EXP 	welcomeImage: image = 'img/intro/8.png'
52.2035 	EXP 	welcomeImage: autoDraw = True
58.4725 	DATA 	Keypress: space
58.4834 	EXP 	Created sequence: sequential, trialTypes=1, nReps=200, seed=None
58.4867 	EXP 	New trial (rep=0, index=0): None
58.4879 	EXP 	Created sequence: random, trialTypes=1, nReps=1, seed=None
58.4886 	EXP 	New trial (rep=0, index=0): None
58.6159 	EXP 	welcomeImage: autoDraw = False
58.6159 	EXP 	fixImg: image = 'img/even_4_square.png'
58.6159 	EXP 	fixImg: autoDraw = True
59.6156 	EXP 	Created sequence: sequential, trialTypes=1, nReps=1, seed=None
59.6164 	EXP 	New trial (rep=0, index=0): None
59.7330 	EXP 	fixImg: autoDraw = False
59.7330 	EXP 	fixImg: autoDraw = False
59.7330 	EXP 	delayImg: image = 'img/even_8_square_4.png'
59.7330 	EXP 	delayImg: autoDraw = True
60.8479 	EXP 	delayImg: autoDraw = False
60.8479 	EXP 	delayImg: autoDraw = False
60.8479 	EXP 	choiceImg: image = 'img/even_choice_4.png'
60.8479 	EXP 	choiceWarning: text = '32  for 67%              16  for 100%'
60.8479 	EXP 	choiceImg: autoDraw = True
60.8479 	EXP 	choiceWarning: autoDraw = True
74.5435 	DATA 	Keypress: 1
74.5571 	EXP 	Created sequence: random, trialTypes=1, nReps=1, seed=None
74.5579 	EXP 	New trial (rep=0, index=0): None
74.6673 	EXP 	choiceImg: autoDraw = False
74.6673 	EXP 	choiceWarning: autoDraw = False
74.6673 	EXP 	leftImg: image = 'img/even_8_circle_4.png'
74.6673 	EXP 	leftImg: autoDraw = True
75.8368 	EXP 	leftImg: autoDraw = False
75.8368 	EXP 	leftImg: autoDraw = False
75.8368 	EXP 	rewardImgLeft: opacity = 1.0
75.8368 	EXP 	rewardImgLeft: image = 'img/8m&m.png'
75.8368 	EXP 	rewardText: text = 'You got it!'
75.8368 	EXP 	rewardImgLeft: autoDraw = True
75.8368 	EXP 	rewardText: autoDraw = True
76.6700 	EXP 	Created sequence: random, trialTypes=1, nReps=0, seed=None
76.8283 	EXP 	rewardImgLeft: autoDraw = False
76.8283 	EXP 	rewardText: autoDraw = False
76.8283 	EXP 	block4: opacity = 0.0
76.8283 	EXP 	block3: opacity = 0.0
76.8283 	EXP 	block2: opacity = 0.0
76.8283 	EXP 	block1: opacity = 0.0
76.8283 	EXP 	repeatText: text = 'total gain:32. You are in level:0.               press space to continue'
76.8283 	EXP 	block4: autoDraw = True
76.8283 	EXP 	block3: autoDraw = True
76.8283 	EXP 	block2: autoDraw = True
76.8283 	EXP 	block1: autoDraw = True
76.8283 	EXP 	repeatText: autoDraw = True
78.8620 	DATA 	Keypress: space
78.8863 	EXP 	Created sequence: random, trialTypes=1, nReps=0, seed=None
78.8892 	EXP 	New trial (rep=1, index=0): None
78.8901 	EXP 	Created sequence: random, trialTypes=1, nReps=0, seed=None
78.8908 	EXP 	Created sequence: sequential, trialTypes=1, nReps=0, seed=None
79.0072 	EXP 	block4: autoDraw = False
79.0072 	EXP 	block3: autoDraw = False
79.0072 	EXP 	block2: autoDraw = False
79.0072 	EXP 	block1: autoDraw = False
79.0072 	EXP 	repeatText: autoDraw = False
79.0072 	EXP 	choiceImg: image = 'img/odd_choice_4.png'
79.0072 	EXP 	choiceWarning: text = '18  for 100%              32  for 67%'
79.0072 	EXP 	choiceImg: autoDraw = True
79.0072 	EXP 	choiceWarning: autoDraw = True
79.9454 	DATA 	Keypress: 2
79.9588 	EXP 	Created sequence: random, trialTypes=1, nReps=0, seed=None
79.9598 	EXP 	Created sequence: random, trialTypes=1, nReps=1, seed=None
79.9605 	EXP 	New trial (rep=0, index=0): None
80.0671 	EXP 	choiceImg: autoDraw = False
80.0671 	EXP 	choiceWarning: autoDraw = False
80.0671 	EXP 	rightImg: image = 'img/odd_8_circle_4.png'
80.0671 	EXP 	rightImg: autoDraw = True
81.2334 	EXP 	rightImg: autoDraw = False
81.2334 	EXP 	rightImg: autoDraw = False
81.2334 	EXP 	rewardImgRight: opacity = 0.0
81.2334 	EXP 	rewardImgRight: image = 'img/8m&m.png'
81.2334 	EXP 	rightText: text = 'You did not get it!'
81.2334 	EXP 	rewardImgRight: autoDraw = True
81.2334 	EXP 	rightText: autoDraw = True
82.0696 	EXP 	rewardImgRight: autoDraw = False
82.0696 	EXP 	rightText: autoDraw = False
82.0696 	EXP 	block4: opacity = 0.0
82.0696 	EXP 	block3: opacity = 0.0
82.0696 	EXP 	block2: opacity = 0.0
82.0696 	EXP 	block1: opacity = 0.0
82.0696 	EXP 	repeatText: text = 'total gain:32. You are in level:0.               press space to continue'
82.0696 	EXP 	block4: autoDraw = True
82.0696 	EXP 	block3: autoDraw = True
82.0696 	EXP 	block2: autoDraw = True
82.0696 	EXP 	block1: autoDraw = True
82.0696 	EXP 	repeatText: autoDraw = True
83.1708 	DATA 	Keypress: space
83.1842 	EXP 	Created sequence: random, trialTypes=1, nReps=0, seed=None
83.1872 	EXP 	New trial (rep=2, index=0): None
83.1881 	EXP 	Created sequence: random, trialTypes=1, nReps=0, seed=None
83.1888 	EXP 	Created sequence: sequential, trialTypes=1, nReps=0, seed=None
83.3046 	EXP 	block4: autoDraw = False
83.3046 	EXP 	block3: autoDraw = False
83.3046 	EXP 	block2: autoDraw = False
83.3046 	EXP 	block1: autoDraw = False
83.3046 	EXP 	repeatText: autoDraw = False
83.3046 	EXP 	choiceImg: image = 'img/even_choice_5.png'
83.3046 	EXP 	choiceWarning: text = '32  for 67%              20  for 100%'
83.3046 	EXP 	choiceImg: autoDraw = True
83.3046 	EXP 	choiceWarning: autoDraw = True
86.1883 	DATA 	Keypress: 1
86.1939 	EXP 	Created sequence: random, trialTypes=1, nReps=1, seed=None
86.1946 	EXP 	New trial (rep=0, index=0): None
86.3094 	EXP 	choiceImg: autoDraw = False
86.3094 	EXP 	choiceWarning: autoDraw = False
86.3094 	EXP 	leftImg: image = 'img/even_8_circle_5.png'
86.3094 	EXP 	leftImg: autoDraw = True
87.4777 	EXP 	leftImg: autoDraw = False
87.4777 	EXP 	leftImg: autoDraw = False
87.4777 	EXP 	rewardImgLeft: opacity = 1.0
87.4777 	EXP 	rewardImgLeft: image = 'img/8m&m.png'
87.4777 	EXP 	rewardText: text = 'You got it!'
87.4777 	EXP 	rewardImgLeft: autoDraw = True
87.4777 	EXP 	rewardText: autoDraw = True
88.3232 	EXP 	Created sequence: random, trialTypes=1, nReps=0, seed=None
88.3509 	EXP 	rewardImgLeft: autoDraw = False
88.3509 	EXP 	rewardText: autoDraw = False
88.3509 	EXP 	block4: opacity = 0.0
88.3509 	EXP 	block3: opacity = 0.0
88.3509 	EXP 	block2: opacity = 0.0
88.3509 	EXP 	block1: opacity = 0.0
88.3509 	EXP 	repeatText: text = 'total gain:64. You are in level:0.               press space to continue'
88.3509 	EXP 	block4: autoDraw = True
88.3509 	EXP 	block3: autoDraw = True
88.3509 	EXP 	block2: autoDraw = True
88.3509 	EXP 	block1: autoDraw = True
88.3509 	EXP 	repeatText: autoDraw = True
89.0726 	DATA 	Keypress: space
89.0879 	EXP 	Created sequence: random, trialTypes=1, nReps=0, seed=None
89.0913 	EXP 	New trial (rep=3, index=0): None
89.0922 	EXP 	Created sequence: random, trialTypes=1, nReps=0, seed=None
89.0930 	EXP 	Created sequence: sequential, trialTypes=1, nReps=0, seed=None
89.2096 	EXP 	block4: autoDraw = False
89.2096 	EXP 	block3: autoDraw = False
89.2096 	EXP 	block2: autoDraw = False
89.2096 	EXP 	block1: autoDraw = False
89.2096 	EXP 	repeatText: autoDraw = False
89.2096 	EXP 	choiceImg: image = 'img/odd_choice_6.png'
89.2096 	EXP 	choiceWarning: text = '22  for 100%              32  for 67%'
89.2096 	EXP 	choiceImg: autoDraw = True
89.2096 	EXP 	choiceWarning: autoDraw = True
89.9812 	DATA 	Keypress: escape
90.0150 	EXP 	window1: mouseVisible = True
