0.8550 	WARNING 	We strongly recommend you activate the PTB sound engine in PsychoPy prefs as the preferred audio engine. Its timing is vastly superior. Your prefs are currently set to use ['sounddevice', 'PTB', 'pyo', 'pygame'] (in that order).
2.4411 	WARNING 	Import Error: No module named 'psychtoolbox'. Using event module for keyboard component.
3.9974 	WARNING 	User requested fullscreen with size [1536  864], but screen is actually [1920, 1080]. Using actual size
4.9781 	EXP 	Created window1 = Window(allowGUI=False, allowStencil=False, args=UNKNOWN, autoLog=True, bitsMode=UNKNOWN, blendMode='avg', bpc=(8, 8, 8), color=array([0., 0., 0.]), colorSpace='rgb', depthBits=8, fullscr=<method-wrapper '__getattribute__' of attributeSetter object at 0x7f1eacee1640>, gamma=None, gammaErrorPolicy='raise', kwargs=UNKNOWN, lms=UNKNOWN, monitor=<psychopy.monitors.calibTools.Monitor object at 0x7f1ea42a7460>, multiSample=False, name='window1', numSamples=2, pos=[0.0, 0.0], screen=0, size=array([1920, 1080]), stencilBits=0, stereo=False, units='height', useFBO=True, useRetina=False, viewOri=0.0, viewPos=None, viewScale=None, waitBlanking=True, winType='pyglet')
4.9784 	EXP 	window1: mouseVisible = True
4.9785 	EXP 	window1: recordFrameIntervals = False
5.1427 	EXP 	window1: recordFrameIntervals = True
5.3267 	EXP 	window1: recordFrameIntervals = False
5.5268 	EXP 	Created Intro_1 = TextStim(__class__=<class 'psychopy.visual.text.TextStim'>, alignHoriz=method-wrapper(...), alignText='center', alignVert=method-wrapper(...), anchorHoriz='center', anchorVert='center', antialias=True, autoLog=True, bold=False, color='white', colorSpace='named', contrast=1.0, depth=0.0, flipHoriz=False, flipVert=False, font='Arial', fontFiles=[], height=0.03, italic=False, languageStyle='LTR', name='Intro_1', opacity=1.0, ori=0, pos=array([0., 0.]), rgb=array([255., 255., 255.]), text=str(...), units='height', win=Window(...), wrapWidth=1)
5.5336 	EXP 	Created fixImg = ImageStim(__class__=<class 'psychopy.visual.image.ImageStim'>, autoLog=True, color=array([1., 1., 1.]), colorSpace='rgb', contrast=1.0, depth=0.0, flipHoriz=False, flipVert=False, image='sin', interpolate=True, mask=None, maskParams=None, name='fixImg', opacity=1.0, ori=0.0, pos=array([0., 0.]), size=array([1.8, 1. ]), texRes=128, units='height', win=Window(...))
5.5400 	EXP 	Created text_4 = TextStim(__class__=<class 'psychopy.visual.text.TextStim'>, alignHoriz=method-wrapper(...), alignText='center', alignVert=method-wrapper(...), anchorHoriz='center', anchorVert='center', antialias=True, autoLog=True, bold=False, color='red', colorSpace='named', contrast=1.0, depth=-1.0, flipHoriz=False, flipVert=False, font='Arial', fontFiles=[], height=0.03, italic=False, languageStyle='LTR', name='text_4', opacity=1.0, ori=0, pos=array([ 0. , -0.4]), rgb=array([255.,   0.,   0.]), text='Please wait, you are expriencing the delay!', units='height', win=Window(...), wrapWidth=1)
5.5432 	EXP 	Created delayImg = ImageStim(__class__=<class 'psychopy.visual.image.ImageStim'>, autoLog=True, color=array([1., 1., 1.]), colorSpace='rgb', contrast=1.0, depth=0.0, flipHoriz=False, flipVert=False, image='sin', interpolate=True, mask=None, maskParams=None, name='delayImg', opacity=1.0, ori=0.0, pos=array([0., 0.]), size=array([1.8, 1. ]), texRes=128, units='height', win=Window(...))
5.5488 	EXP 	Created text_3 = TextStim(__class__=<class 'psychopy.visual.text.TextStim'>, alignHoriz=method-wrapper(...), alignText='center', alignVert=method-wrapper(...), anchorHoriz='center', anchorVert='center', antialias=True, autoLog=True, bold=False, color='red', colorSpace='named', contrast=1.0, depth=-1.0, flipHoriz=False, flipVert=False, font='Arial', fontFiles=[], height=0.03, italic=False, languageStyle='LTR', name='text_3', opacity=1.0, ori=0, pos=array([ 0. , -0.4]), rgb=array([255.,   0.,   0.]), text='Please wait, you are expriencing the delay!', units='height', win=Window(...), wrapWidth=1)
5.5580 	EXP 	Created text_2 = TextStim(__class__=<class 'psychopy.visual.text.TextStim'>, alignHoriz=method-wrapper(...), alignText='center', alignVert=method-wrapper(...), anchorHoriz='center', anchorVert='center', antialias=True, autoLog=True, bold=False, color='white', colorSpace='named', contrast=1.0, depth=0.0, flipHoriz=False, flipVert=False, font='Arial', fontFiles=[], height=0.03, italic=False, languageStyle='LTR', name='text_2', opacity=1.0, ori=0, pos=array([0., 0.]), rgb=array([255., 255., 255.]), text=str(...), units='height', win=Window(...), wrapWidth=1)
5.5610 	EXP 	Created choiceImg = ImageStim(__class__=<class 'psychopy.visual.image.ImageStim'>, autoLog=True, color=array([1., 1., 1.]), colorSpace='rgb', contrast=1.0, depth=0.0, flipHoriz=False, flipVert=False, image='sin', interpolate=True, mask=None, maskParams=None, name='choiceImg', opacity=1.0, ori=0.0, pos=array([0., 0.]), size=array([1.8, 1. ]), texRes=128, units='height', win=Window(...))
5.5804 	EXP 	Created choiceWarning = TextStim(__class__=<class 'psychopy.visual.text.TextStim'>, alignHoriz=method-wrapper(...), alignText='center', alignVert=method-wrapper(...), anchorHoriz='center', anchorVert='center', antialias=True, autoLog=True, bold=False, color='red', colorSpace='named', contrast=1.0, depth=-2.0, flipHoriz=False, flipVert=False, font='Arial', fontFiles=[], height=0.05, italic=False, languageStyle='LTR', name='choiceWarning', opacity=1.0, ori=0, pos=array([ 0. , -0.3]), rgb=array([255.,   0.,   0.]), text='default text', units='height', win=Window(...), wrapWidth=1)
5.5889 	EXP 	Created text_5 = TextStim(__class__=<class 'psychopy.visual.text.TextStim'>, alignHoriz=method-wrapper(...), alignText='center', alignVert=method-wrapper(...), anchorHoriz='center', anchorVert='center', antialias=True, autoLog=True, bold=False, color='red', colorSpace='named', contrast=1.0, depth=-4.0, flipHoriz=False, flipVert=False, font='Arial', fontFiles=[], height=0.03, italic=False, languageStyle='LTR', name='text_5', opacity=1.0, ori=0, pos=array([ 0.  , -0.35]), rgb=array([255.,   0.,   0.]), text=str(...), units='height', win=Window(...), wrapWidth=1)
5.5921 	EXP 	Created leftImg = ImageStim(__class__=<class 'psychopy.visual.image.ImageStim'>, autoLog=True, color=array([1., 1., 1.]), colorSpace='rgb', contrast=1.0, depth=0.0, flipHoriz=False, flipVert=False, image='sin', interpolate=True, mask=None, maskParams=None, name='leftImg', opacity=1.0, ori=0.0, pos=array([0., 0.]), size=array([1.8, 1. ]), texRes=128, units='height', win=Window(...))
5.5950 	EXP 	Created rewardImgLeft = ImageStim(__class__=<class 'psychopy.visual.image.ImageStim'>, autoLog=True, color=array([1., 1., 1.]), colorSpace='rgb', contrast=1.0, depth=0.0, flipHoriz=False, flipVert=False, image='sin', interpolate=True, mask=None, maskParams=None, name='rewardImgLeft', opacity=1.0, ori=0.0, pos=array([0., 0.]), size=array([1.8, 1. ]), texRes=128, units='height', win=Window(...))
5.6142 	EXP 	Created rewardText = TextStim(__class__=<class 'psychopy.visual.text.TextStim'>, alignHoriz=method-wrapper(...), alignText='center', alignVert=method-wrapper(...), anchorHoriz='center', anchorVert='center', antialias=True, autoLog=True, bold=False, color='red', colorSpace='named', contrast=1.0, depth=-1.0, flipHoriz=False, flipVert=False, font='Arial', fontFiles=[], height=0.1, italic=False, languageStyle='LTR', name='rewardText', opacity=1.0, ori=0, pos=array([0., 0.]), rgb=array([255.,   0.,   0.]), text='default text', units='height', win=Window(...), wrapWidth=1)
5.6174 	EXP 	Created rightImg = ImageStim(__class__=<class 'psychopy.visual.image.ImageStim'>, autoLog=True, color=array([1., 1., 1.]), colorSpace='rgb', contrast=1.0, depth=0.0, flipHoriz=False, flipVert=False, image='sin', interpolate=True, mask=None, maskParams=None, name='rightImg', opacity=1.0, ori=0.0, pos=array([0., 0.]), size=array([1.8, 1. ]), texRes=128, units='height', win=Window(...))
5.6204 	EXP 	Created rewardImgRight = ImageStim(__class__=<class 'psychopy.visual.image.ImageStim'>, autoLog=True, color=array([1., 1., 1.]), colorSpace='rgb', contrast=1.0, depth=0.0, flipHoriz=False, flipVert=False, image='sin', interpolate=True, mask=None, maskParams=None, name='rewardImgRight', opacity=1.0, ori=0.0, pos=array([0., 0.]), size=array([1.8, 1. ]), texRes=128, units='height', win=Window(...))
5.6964 	EXP 	Created rightText = TextStim(__class__=<class 'psychopy.visual.text.TextStim'>, alignHoriz=method-wrapper(...), alignText='center', alignVert=method-wrapper(...), anchorHoriz='center', anchorVert='center', antialias=True, autoLog=True, bold=False, color='red', colorSpace='named', contrast=1.0, depth=-1.0, flipHoriz=False, flipVert=False, font='Arial', fontFiles=[], height=0.1, italic=False, languageStyle='LTR', name='rightText', opacity=1.0, ori=0, pos=array([0., 0.]), rgb=array([255.,   0.,   0.]), text='default text', units='height', win=Window(...), wrapWidth=1)
5.7116 	EXP 	Created block4 = ImageStim(__class__=<class 'psychopy.visual.image.ImageStim'>, autoLog=True, color=array([1., 1., 1.]), colorSpace='rgb', contrast=1.0, depth=0.0, flipHoriz=False, flipVert=False, image='img/coffee.jpeg', interpolate=True, mask=None, maskParams=None, name='block4', opacity=1.0, ori=0.0, pos=array([ 0.5, -0.2]), size=array([0.35, 0.35]), texRes=128, units='height', win=Window(...))
5.7184 	EXP 	Created block3 = ImageStim(__class__=<class 'psychopy.visual.image.ImageStim'>, autoLog=True, color=array([1., 1., 1.]), colorSpace='rgb', contrast=1.0, depth=-1.0, flipHoriz=False, flipVert=False, image='img/cake.jpeg', interpolate=True, mask=None, maskParams=None, name='block3', opacity=1.0, ori=0.0, pos=array([0.5, 0.2]), size=array([0.35, 0.35]), texRes=128, units='height', win=Window(...))
5.7240 	EXP 	Created block2 = ImageStim(__class__=<class 'psychopy.visual.image.ImageStim'>, autoLog=True, color=array([1., 1., 1.]), colorSpace='rgb', contrast=1.0, depth=-2.0, flipHoriz=False, flipVert=False, image='img/gummi.jpeg', interpolate=True, mask=None, maskParams=None, name='block2', opacity=1.0, ori=0.0, pos=array([-0.5, -0.2]), size=array([0.35, 0.35]), texRes=128, units='height', win=Window(...))
5.7664 	EXP 	Created block1 = ImageStim(__class__=<class 'psychopy.visual.image.ImageStim'>, autoLog=True, color=array([1., 1., 1.]), colorSpace='rgb', contrast=1.0, depth=-3.0, flipHoriz=False, flipVert=False, image='img/tea.jpeg', interpolate=True, mask=None, maskParams=None, name='block1', opacity=1.0, ori=0.0, pos=array([-0.5,  0.2]), size=array([0.35, 0.35]), texRes=128, units='height', win=Window(...))
5.7709 	EXP 	Created repeatText = TextStim(__class__=<class 'psychopy.visual.text.TextStim'>, alignHoriz=method-wrapper(...), alignText='center', alignVert=method-wrapper(...), anchorHoriz='center', anchorVert='center', antialias=True, autoLog=True, bold=False, color='white', colorSpace='named', contrast=1.0, depth=-4.0, flipHoriz=False, flipVert=False, font='Arial', fontFiles=[], height=0.05, italic=False, languageStyle='LTR', name='repeatText', opacity=1.0, ori=0, pos=array([0., 0.]), rgb=array([255., 255., 255.]), text='default text', units='height', win=Window(...), wrapWidth=1)
5.7808 	EXP 	Created text = TextStim(__class__=<class 'psychopy.visual.text.TextStim'>, alignHoriz=method-wrapper(...), alignText='center', alignVert=method-wrapper(...), anchorHoriz='center', anchorVert='center', antialias=True, autoLog=True, bold=False, color='white', colorSpace='named', contrast=1.0, depth=0.0, flipHoriz=False, flipVert=False, font='Arial', fontFiles=[], height=0.03, italic=False, languageStyle='LTR', name='text', opacity=1.0, ori=0, pos=array([0., 0.]), rgb=array([255., 255., 255.]), text='default text', units='height', win=Window(...), wrapWidth=1)
5.7951 	EXP 	Created endText = TextStim(__class__=<class 'psychopy.visual.text.TextStim'>, alignHoriz=method-wrapper(...), alignText='center', alignVert=method-wrapper(...), anchorHoriz='center', anchorVert='center', antialias=True, autoLog=True, bold=False, color='white', colorSpace='named', contrast=1.0, depth=0.0, flipHoriz=False, flipVert=False, font='Arial', fontFiles=[], height=0.05, italic=False, languageStyle='LTR', name='endText', opacity=1.0, ori=0, pos=array([0., 0.]), rgb=array([255., 255., 255.]), text=str(...), units='height', win=Window(...), wrapWidth=1)
5.8043 	EXP 	Intro_1: autoDraw = True
8.1941 	DATA 	Mouse: Left button down, pos=(417,1)
8.3695 	DATA 	Mouse:  Left button up, pos=(417,1)
9.8864 	DATA 	Mouse: Left button down, pos=(1156,594)
10.0613 	DATA 	Mouse:  Left button up, pos=(1156,594)
14.5541 	DATA 	Mouse: Left button down, pos=(969,765)
14.7789 	DATA 	Mouse:  Left button up, pos=(969,765)
14.9958 	DATA 	Mouse: Left button down, pos=(969,765)
15.1876 	DATA 	Mouse:  Left button up, pos=(969,765)
22.7479 	DATA 	Keypress: space
22.7496 	EXP 	Created sequence: sequential, trialTypes=1, nReps=200, seed=None
22.7531 	EXP 	New trial (rep=0, index=0): None
22.7545 	EXP 	Created sequence: random, trialTypes=1, nReps=0, seed=None
22.7553 	EXP 	Created sequence: sequential, trialTypes=1, nReps=0, seed=None
22.7561 	EXP 	Created sequence: sequential, trialTypes=1, nReps=0, seed=None
22.8942 	EXP 	Intro_1: autoDraw = False
22.8942 	EXP 	choiceImg: image = 'img/even_choice_4.png'
22.8942 	EXP 	choiceWarning: text = '32  for 67%              16  for 100%'
22.8942 	EXP 	choiceImg: autoDraw = True
22.8942 	EXP 	choiceWarning: autoDraw = True
22.8942 	EXP 	text_5: autoDraw = True
25.9573 	DATA 	Keypress: escape
25.9875 	EXP 	window1: mouseVisible = True
0.9055 	WARNING 	We strongly recommend you activate the PTB sound engine in PsychoPy prefs as the preferred audio engine. Its timing is vastly superior. Your prefs are currently set to use ['sounddevice', 'PTB', 'pyo', 'pygame'] (in that order).
2.5074 	WARNING 	Import Error: No module named 'psychtoolbox'. Using event module for keyboard component.
3.8263 	WARNING 	User requested fullscreen with size [1536  864], but screen is actually [1920, 1080]. Using actual size
4.7281 	EXP 	Created window1 = Window(allowGUI=False, allowStencil=False, args=UNKNOWN, autoLog=True, bitsMode=UNKNOWN, blendMode='avg', bpc=(8, 8, 8), color=array([0., 0., 0.]), colorSpace='rgb', depthBits=8, fullscr=<method-wrapper '__getattribute__' of attributeSetter object at 0x7f0aec47c580>, gamma=None, gammaErrorPolicy='raise', kwargs=UNKNOWN, lms=UNKNOWN, monitor=<psychopy.monitors.calibTools.Monitor object at 0x7f0ae40cb3a0>, multiSample=False, name='window1', numSamples=2, pos=[0.0, 0.0], screen=0, size=array([1920, 1080]), stencilBits=0, stereo=False, units='height', useFBO=True, useRetina=False, viewOri=0.0, viewPos=None, viewScale=None, waitBlanking=True, winType='pyglet')
4.7284 	EXP 	window1: mouseVisible = True
4.7285 	EXP 	window1: recordFrameIntervals = False
4.8929 	EXP 	window1: recordFrameIntervals = True
5.0770 	EXP 	window1: recordFrameIntervals = False
5.2768 	EXP 	Created Intro_1 = TextStim(__class__=<class 'psychopy.visual.text.TextStim'>, alignHoriz=method-wrapper(...), alignText='center', alignVert=method-wrapper(...), anchorHoriz='center', anchorVert='center', antialias=True, autoLog=True, bold=False, color='white', colorSpace='named', contrast=1.0, depth=0.0, flipHoriz=False, flipVert=False, font='Arial', fontFiles=[], height=0.03, italic=False, languageStyle='LTR', name='Intro_1', opacity=1.0, ori=0, pos=array([0., 0.]), rgb=array([255., 255., 255.]), text=str(...), units='height', win=Window(...), wrapWidth=1)
5.2837 	EXP 	Created fixImg = ImageStim(__class__=<class 'psychopy.visual.image.ImageStim'>, autoLog=True, color=array([1., 1., 1.]), colorSpace='rgb', contrast=1.0, depth=0.0, flipHoriz=False, flipVert=False, image='sin', interpolate=True, mask=None, maskParams=None, name='fixImg', opacity=1.0, ori=0.0, pos=array([0., 0.]), size=array([1.8, 1. ]), texRes=128, units='height', win=Window(...))
5.2902 	EXP 	Created text_4 = TextStim(__class__=<class 'psychopy.visual.text.TextStim'>, alignHoriz=method-wrapper(...), alignText='center', alignVert=method-wrapper(...), anchorHoriz='center', anchorVert='center', antialias=True, autoLog=True, bold=False, color='red', colorSpace='named', contrast=1.0, depth=-1.0, flipHoriz=False, flipVert=False, font='Arial', fontFiles=[], height=0.03, italic=False, languageStyle='LTR', name='text_4', opacity=1.0, ori=0, pos=array([ 0. , -0.4]), rgb=array([255.,   0.,   0.]), text='Please wait, you are expriencing the delay!', units='height', win=Window(...), wrapWidth=1)
5.2934 	EXP 	Created delayImg = ImageStim(__class__=<class 'psychopy.visual.image.ImageStim'>, autoLog=True, color=array([1., 1., 1.]), colorSpace='rgb', contrast=1.0, depth=0.0, flipHoriz=False, flipVert=False, image='sin', interpolate=True, mask=None, maskParams=None, name='delayImg', opacity=1.0, ori=0.0, pos=array([0., 0.]), size=array([1.8, 1. ]), texRes=128, units='height', win=Window(...))
5.2988 	EXP 	Created text_3 = TextStim(__class__=<class 'psychopy.visual.text.TextStim'>, alignHoriz=method-wrapper(...), alignText='center', alignVert=method-wrapper(...), anchorHoriz='center', anchorVert='center', antialias=True, autoLog=True, bold=False, color='red', colorSpace='named', contrast=1.0, depth=-1.0, flipHoriz=False, flipVert=False, font='Arial', fontFiles=[], height=0.03, italic=False, languageStyle='LTR', name='text_3', opacity=1.0, ori=0, pos=array([ 0. , -0.4]), rgb=array([255.,   0.,   0.]), text='Please wait, you are expriencing the delay!', units='height', win=Window(...), wrapWidth=1)
5.3080 	EXP 	Created text_2 = TextStim(__class__=<class 'psychopy.visual.text.TextStim'>, alignHoriz=method-wrapper(...), alignText='center', alignVert=method-wrapper(...), anchorHoriz='center', anchorVert='center', antialias=True, autoLog=True, bold=False, color='white', colorSpace='named', contrast=1.0, depth=0.0, flipHoriz=False, flipVert=False, font='Arial', fontFiles=[], height=0.03, italic=False, languageStyle='LTR', name='text_2', opacity=1.0, ori=0, pos=array([0., 0.]), rgb=array([255., 255., 255.]), text=str(...), units='height', win=Window(...), wrapWidth=1)
5.3111 	EXP 	Created choiceImg = ImageStim(__class__=<class 'psychopy.visual.image.ImageStim'>, autoLog=True, color=array([1., 1., 1.]), colorSpace='rgb', contrast=1.0, depth=0.0, flipHoriz=False, flipVert=False, image='sin', interpolate=True, mask=None, maskParams=None, name='choiceImg', opacity=1.0, ori=0.0, pos=array([0., 0.]), size=array([1.8, 1. ]), texRes=128, units='height', win=Window(...))
5.3305 	EXP 	Created choiceWarning = TextStim(__class__=<class 'psychopy.visual.text.TextStim'>, alignHoriz=method-wrapper(...), alignText='center', alignVert=method-wrapper(...), anchorHoriz='center', anchorVert='center', antialias=True, autoLog=True, bold=False, color='red', colorSpace='named', contrast=1.0, depth=-2.0, flipHoriz=False, flipVert=False, font='Arial', fontFiles=[], height=0.05, italic=False, languageStyle='LTR', name='choiceWarning', opacity=1.0, ori=0, pos=array([ 0. , -0.3]), rgb=array([255.,   0.,   0.]), text='default text', units='height', win=Window(...), wrapWidth=1)
5.3390 	EXP 	Created text_5 = TextStim(__class__=<class 'psychopy.visual.text.TextStim'>, alignHoriz=method-wrapper(...), alignText='center', alignVert=method-wrapper(...), anchorHoriz='center', anchorVert='center', antialias=True, autoLog=True, bold=False, color='red', colorSpace='named', contrast=1.0, depth=-4.0, flipHoriz=False, flipVert=False, font='Arial', fontFiles=[], height=0.03, italic=False, languageStyle='LTR', name='text_5', opacity=1.0, ori=0, pos=array([ 0.  , -0.35]), rgb=array([255.,   0.,   0.]), text=str(...), units='height', win=Window(...), wrapWidth=1)
5.3421 	EXP 	Created leftImg = ImageStim(__class__=<class 'psychopy.visual.image.ImageStim'>, autoLog=True, color=array([1., 1., 1.]), colorSpace='rgb', contrast=1.0, depth=0.0, flipHoriz=False, flipVert=False, image='sin', interpolate=True, mask=None, maskParams=None, name='leftImg', opacity=1.0, ori=0.0, pos=array([0., 0.]), size=array([1.8, 1. ]), texRes=128, units='height', win=Window(...))
5.3450 	EXP 	Created rewardImgLeft = ImageStim(__class__=<class 'psychopy.visual.image.ImageStim'>, autoLog=True, color=array([1., 1., 1.]), colorSpace='rgb', contrast=1.0, depth=0.0, flipHoriz=False, flipVert=False, image='sin', interpolate=True, mask=None, maskParams=None, name='rewardImgLeft', opacity=1.0, ori=0.0, pos=array([0., 0.]), size=array([1.8, 1. ]), texRes=128, units='height', win=Window(...))
5.3636 	EXP 	Created rewardText = TextStim(__class__=<class 'psychopy.visual.text.TextStim'>, alignHoriz=method-wrapper(...), alignText='center', alignVert=method-wrapper(...), anchorHoriz='center', anchorVert='center', antialias=True, autoLog=True, bold=False, color='red', colorSpace='named', contrast=1.0, depth=-1.0, flipHoriz=False, flipVert=False, font='Arial', fontFiles=[], height=0.1, italic=False, languageStyle='LTR', name='rewardText', opacity=1.0, ori=0, pos=array([0., 0.]), rgb=array([255.,   0.,   0.]), text='default text', units='height', win=Window(...), wrapWidth=1)
5.3667 	EXP 	Created rightImg = ImageStim(__class__=<class 'psychopy.visual.image.ImageStim'>, autoLog=True, color=array([1., 1., 1.]), colorSpace='rgb', contrast=1.0, depth=0.0, flipHoriz=False, flipVert=False, image='sin', interpolate=True, mask=None, maskParams=None, name='rightImg', opacity=1.0, ori=0.0, pos=array([0., 0.]), size=array([1.8, 1. ]), texRes=128, units='height', win=Window(...))
5.3697 	EXP 	Created rewardImgRight = ImageStim(__class__=<class 'psychopy.visual.image.ImageStim'>, autoLog=True, color=array([1., 1., 1.]), colorSpace='rgb', contrast=1.0, depth=0.0, flipHoriz=False, flipVert=False, image='sin', interpolate=True, mask=None, maskParams=None, name='rewardImgRight', opacity=1.0, ori=0.0, pos=array([0., 0.]), size=array([1.8, 1. ]), texRes=128, units='height', win=Window(...))
5.4432 	EXP 	Created rightText = TextStim(__class__=<class 'psychopy.visual.text.TextStim'>, alignHoriz=method-wrapper(...), alignText='center', alignVert=method-wrapper(...), anchorHoriz='center', anchorVert='center', antialias=True, autoLog=True, bold=False, color='red', colorSpace='named', contrast=1.0, depth=-1.0, flipHoriz=False, flipVert=False, font='Arial', fontFiles=[], height=0.1, italic=False, languageStyle='LTR', name='rightText', opacity=1.0, ori=0, pos=array([0., 0.]), rgb=array([255.,   0.,   0.]), text='default text', units='height', win=Window(...), wrapWidth=1)
5.4532 	EXP 	Created block4 = ImageStim(__class__=<class 'psychopy.visual.image.ImageStim'>, autoLog=True, color=array([1., 1., 1.]), colorSpace='rgb', contrast=1.0, depth=0.0, flipHoriz=False, flipVert=False, image='img/coffee.jpeg', interpolate=True, mask=None, maskParams=None, name='block4', opacity=1.0, ori=0.0, pos=array([ 0.5, -0.2]), size=array([0.35, 0.35]), texRes=128, units='height', win=Window(...))
5.4589 	EXP 	Created block3 = ImageStim(__class__=<class 'psychopy.visual.image.ImageStim'>, autoLog=True, color=array([1., 1., 1.]), colorSpace='rgb', contrast=1.0, depth=-1.0, flipHoriz=False, flipVert=False, image='img/cake.jpeg', interpolate=True, mask=None, maskParams=None, name='block3', opacity=1.0, ori=0.0, pos=array([0.5, 0.2]), size=array([0.35, 0.35]), texRes=128, units='height', win=Window(...))
5.4640 	EXP 	Created block2 = ImageStim(__class__=<class 'psychopy.visual.image.ImageStim'>, autoLog=True, color=array([1., 1., 1.]), colorSpace='rgb', contrast=1.0, depth=-2.0, flipHoriz=False, flipVert=False, image='img/gummi.jpeg', interpolate=True, mask=None, maskParams=None, name='block2', opacity=1.0, ori=0.0, pos=array([-0.5, -0.2]), size=array([0.35, 0.35]), texRes=128, units='height', win=Window(...))
5.5079 	EXP 	Created block1 = ImageStim(__class__=<class 'psychopy.visual.image.ImageStim'>, autoLog=True, color=array([1., 1., 1.]), colorSpace='rgb', contrast=1.0, depth=-3.0, flipHoriz=False, flipVert=False, image='img/tea.jpeg', interpolate=True, mask=None, maskParams=None, name='block1', opacity=1.0, ori=0.0, pos=array([-0.5,  0.2]), size=array([0.35, 0.35]), texRes=128, units='height', win=Window(...))
5.5123 	EXP 	Created repeatText = TextStim(__class__=<class 'psychopy.visual.text.TextStim'>, alignHoriz=method-wrapper(...), alignText='center', alignVert=method-wrapper(...), anchorHoriz='center', anchorVert='center', antialias=True, autoLog=True, bold=False, color='white', colorSpace='named', contrast=1.0, depth=-4.0, flipHoriz=False, flipVert=False, font='Arial', fontFiles=[], height=0.05, italic=False, languageStyle='LTR', name='repeatText', opacity=1.0, ori=0, pos=array([0., 0.]), rgb=array([255., 255., 255.]), text='default text', units='height', win=Window(...), wrapWidth=1)
5.5222 	EXP 	Created text = TextStim(__class__=<class 'psychopy.visual.text.TextStim'>, alignHoriz=method-wrapper(...), alignText='center', alignVert=method-wrapper(...), anchorHoriz='center', anchorVert='center', antialias=True, autoLog=True, bold=False, color='white', colorSpace='named', contrast=1.0, depth=0.0, flipHoriz=False, flipVert=False, font='Arial', fontFiles=[], height=0.03, italic=False, languageStyle='LTR', name='text', opacity=1.0, ori=0, pos=array([0., 0.]), rgb=array([255., 255., 255.]), text='default text', units='height', win=Window(...), wrapWidth=1)
5.5365 	EXP 	Created endText = TextStim(__class__=<class 'psychopy.visual.text.TextStim'>, alignHoriz=method-wrapper(...), alignText='center', alignVert=method-wrapper(...), anchorHoriz='center', anchorVert='center', antialias=True, autoLog=True, bold=False, color='white', colorSpace='named', contrast=1.0, depth=0.0, flipHoriz=False, flipVert=False, font='Arial', fontFiles=[], height=0.05, italic=False, languageStyle='LTR', name='endText', opacity=1.0, ori=0, pos=array([0., 0.]), rgb=array([255., 255., 255.]), text=str(...), units='height', win=Window(...), wrapWidth=1)
5.5460 	EXP 	Intro_1: autoDraw = True
6.3614 	DATA 	Keypress: space
6.3630 	EXP 	Created sequence: sequential, trialTypes=1, nReps=200, seed=None
6.3664 	EXP 	New trial (rep=0, index=0): None
6.3673 	EXP 	Created sequence: random, trialTypes=1, nReps=0, seed=None
6.3685 	EXP 	Created sequence: sequential, trialTypes=1, nReps=0, seed=None
6.3691 	EXP 	Created sequence: sequential, trialTypes=1, nReps=0, seed=None
6.4987 	EXP 	Intro_1: autoDraw = False
6.4987 	EXP 	choiceImg: image = 'img/even_choice_4.png'
6.4987 	EXP 	choiceWarning: text = '32  for 67%              16  for 100%'
6.4987 	EXP 	choiceImg: autoDraw = True
6.4987 	EXP 	choiceWarning: autoDraw = True
6.4987 	EXP 	text_5: autoDraw = True
7.2279 	DATA 	Keypress: escape
7.2487 	EXP 	window1: mouseVisible = True
