0.3705 	WARNING 	We strongly recommend you activate the PTB sound engine in PsychoPy prefs as the preferred audio engine. Its timing is vastly superior. Your prefs are currently set to use ['sounddevice', 'PTB', 'pyo', 'pygame'] (in that order).
1.0176 	WARNING 	Import Error: No module named 'psychtoolbox'. Using event module for keyboard component.
3.9462 	WARNING 	User requested fullscreen with size [1536  864], but screen is actually [1920, 1080]. Using actual size
4.5043 	EXP 	Created window1 = Window(allowGUI=False, allowStencil=False, args=UNKNOWN, autoLog=True, bitsMode=UNKNOWN, blendMode='avg', bpc=(8, 8, 8), color=array([0., 0., 0.]), colorSpace='rgb', depthBits=8, fullscr=<method-wrapper '__getattribute__' of attributeSetter object at 0x7f94dc362610>, gamma=None, gammaErrorPolicy='raise', kwargs=UNKNOWN, lms=UNKNOWN, monitor=<psychopy.monitors.calibTools.Monitor object at 0x7f94dc2bf430>, multiSample=False, name='window1', numSamples=2, pos=[0.0, 0.0], screen=0, size=array([1920, 1080]), stencilBits=0, stereo=False, units='height', useFBO=True, useRetina=False, viewOri=0.0, viewPos=None, viewScale=None, waitBlanking=True, winType='pyglet')
4.5047 	EXP 	window1: mouseVisible = True
4.5048 	EXP 	window1: recordFrameIntervals = False
4.6697 	EXP 	window1: recordFrameIntervals = True
4.8536 	EXP 	window1: recordFrameIntervals = False
4.8744 	EXP 	Created welcomeImage = ImageStim(__class__=<class 'psychopy.visual.image.ImageStim'>, autoLog=True, color=array([1., 1., 1.]), colorSpace='rgb', contrast=1.0, depth=0.0, flipHoriz=False, flipVert=False, image='sin', interpolate=True, mask=None, maskParams=None, name='welcomeImage', opacity=1.0, ori=0.0, pos=array([0. , 0.2]), size=array([0.5, 0.5]), texRes=128, units='height', win=Window(...))
4.9400 	EXP 	Created welcomeText = TextStim(__class__=<class 'psychopy.visual.text.TextStim'>, alignHoriz=method-wrapper(...), alignText='center', alignVert=method-wrapper(...), anchorHoriz='center', anchorVert='center', antialias=True, autoLog=True, bold=False, color='white', colorSpace='named', contrast=1.0, depth=-1.0, flipHoriz=False, flipVert=False, font='Arial', fontFiles=[], height=0.03, italic=False, languageStyle='LTR', name='welcomeText', opacity=1.0, ori=0, pos=array([ 0. , -0.3]), rgb=array([255., 255., 255.]), text='default text', units='height', win=Window(...), wrapWidth=1)
4.9415 	EXP 	Created fixImg = ImageStim(__class__=<class 'psychopy.visual.image.ImageStim'>, autoLog=True, color=array([1., 1., 1.]), colorSpace='rgb', contrast=1.0, depth=0.0, flipHoriz=False, flipVert=False, image='sin', interpolate=True, mask=None, maskParams=None, name='fixImg', opacity=1.0, ori=0.0, pos=array([0., 0.]), size=array([1.8, 1. ]), texRes=128, units='height', win=Window(...))
4.9426 	EXP 	Created delayImg = ImageStim(__class__=<class 'psychopy.visual.image.ImageStim'>, autoLog=True, color=array([1., 1., 1.]), colorSpace='rgb', contrast=1.0, depth=0.0, flipHoriz=False, flipVert=False, image='sin', interpolate=True, mask=None, maskParams=None, name='delayImg', opacity=1.0, ori=0.0, pos=array([0., 0.]), size=array([1.8, 1. ]), texRes=128, units='height', win=Window(...))
4.9437 	EXP 	Created choiceImg = ImageStim(__class__=<class 'psychopy.visual.image.ImageStim'>, autoLog=True, color=array([1., 1., 1.]), colorSpace='rgb', contrast=1.0, depth=0.0, flipHoriz=False, flipVert=False, image='sin', interpolate=True, mask=None, maskParams=None, name='choiceImg', opacity=1.0, ori=0.0, pos=array([0., 0.]), size=array([1.8, 1. ]), texRes=128, units='height', win=Window(...))
4.9503 	EXP 	Created choiceWarning = TextStim(__class__=<class 'psychopy.visual.text.TextStim'>, alignHoriz=method-wrapper(...), alignText='center', alignVert=method-wrapper(...), anchorHoriz='center', anchorVert='center', antialias=True, autoLog=True, bold=False, color='red', colorSpace='named', contrast=1.0, depth=-2.0, flipHoriz=False, flipVert=False, font='Arial', fontFiles=[], height=0.05, italic=False, languageStyle='LTR', name='choiceWarning', opacity=1.0, ori=0, pos=array([ 0. , -0.3]), rgb=array([255.,   0.,   0.]), text='default text', units='height', win=Window(...), wrapWidth=1)
4.9514 	EXP 	Created leftImg = ImageStim(__class__=<class 'psychopy.visual.image.ImageStim'>, autoLog=True, color=array([1., 1., 1.]), colorSpace='rgb', contrast=1.0, depth=0.0, flipHoriz=False, flipVert=False, image='sin', interpolate=True, mask=None, maskParams=None, name='leftImg', opacity=1.0, ori=0.0, pos=array([0., 0.]), size=array([1.8, 1. ]), texRes=128, units='height', win=Window(...))
4.9524 	EXP 	Created rewardImgLeft = ImageStim(__class__=<class 'psychopy.visual.image.ImageStim'>, autoLog=True, color=array([1., 1., 1.]), colorSpace='rgb', contrast=1.0, depth=0.0, flipHoriz=False, flipVert=False, image='sin', interpolate=True, mask=None, maskParams=None, name='rewardImgLeft', opacity=1.0, ori=0.0, pos=array([0., 0.]), size=array([1.8, 1. ]), texRes=128, units='height', win=Window(...))
4.9592 	EXP 	Created rewardText = TextStim(__class__=<class 'psychopy.visual.text.TextStim'>, alignHoriz=method-wrapper(...), alignText='center', alignVert=method-wrapper(...), anchorHoriz='center', anchorVert='center', antialias=True, autoLog=True, bold=False, color='red', colorSpace='named', contrast=1.0, depth=-1.0, flipHoriz=False, flipVert=False, font='Arial', fontFiles=[], height=0.1, italic=False, languageStyle='LTR', name='rewardText', opacity=1.0, ori=0, pos=array([0., 0.]), rgb=array([255.,   0.,   0.]), text='default text', units='height', win=Window(...), wrapWidth=1)
4.9606 	EXP 	Created rightImg = ImageStim(__class__=<class 'psychopy.visual.image.ImageStim'>, autoLog=True, color=array([1., 1., 1.]), colorSpace='rgb', contrast=1.0, depth=0.0, flipHoriz=False, flipVert=False, image='sin', interpolate=True, mask=None, maskParams=None, name='rightImg', opacity=1.0, ori=0.0, pos=array([0., 0.]), size=array([1.8, 1. ]), texRes=128, units='height', win=Window(...))
4.9622 	EXP 	Created rewardImgRight = ImageStim(__class__=<class 'psychopy.visual.image.ImageStim'>, autoLog=True, color=array([1., 1., 1.]), colorSpace='rgb', contrast=1.0, depth=0.0, flipHoriz=False, flipVert=False, image='sin', interpolate=True, mask=None, maskParams=None, name='rewardImgRight', opacity=1.0, ori=0.0, pos=array([0., 0.]), size=array([1.8, 1. ]), texRes=128, units='height', win=Window(...))
4.9643 	EXP 	Created rightText = TextStim(__class__=<class 'psychopy.visual.text.TextStim'>, alignHoriz=method-wrapper(...), alignText='center', alignVert=method-wrapper(...), anchorHoriz='center', anchorVert='center', antialias=True, autoLog=True, bold=False, color='red', colorSpace='named', contrast=1.0, depth=-1.0, flipHoriz=False, flipVert=False, font='Arial', fontFiles=[], height=0.1, italic=False, languageStyle='LTR', name='rightText', opacity=1.0, ori=0, pos=array([0., 0.]), rgb=array([255.,   0.,   0.]), text='default text', units='height', win=Window(...), wrapWidth=1)
4.9682 	EXP 	Created block4 = ImageStim(__class__=<class 'psychopy.visual.image.ImageStim'>, autoLog=True, color=array([1., 1., 1.]), colorSpace='rgb', contrast=1.0, depth=0.0, flipHoriz=False, flipVert=False, image='img/coffee.jpeg', interpolate=True, mask=None, maskParams=None, name='block4', opacity=1.0, ori=0.0, pos=array([ 0.5, -0.2]), size=array([0.35, 0.35]), texRes=128, units='height', win=Window(...))
4.9712 	EXP 	Created block3 = ImageStim(__class__=<class 'psychopy.visual.image.ImageStim'>, autoLog=True, color=array([1., 1., 1.]), colorSpace='rgb', contrast=1.0, depth=-1.0, flipHoriz=False, flipVert=False, image='img/cake.jpeg', interpolate=True, mask=None, maskParams=None, name='block3', opacity=1.0, ori=0.0, pos=array([0.5, 0.2]), size=array([0.35, 0.35]), texRes=128, units='height', win=Window(...))
4.9730 	EXP 	Created block2 = ImageStim(__class__=<class 'psychopy.visual.image.ImageStim'>, autoLog=True, color=array([1., 1., 1.]), colorSpace='rgb', contrast=1.0, depth=-2.0, flipHoriz=False, flipVert=False, image='img/gummi.jpeg', interpolate=True, mask=None, maskParams=None, name='block2', opacity=1.0, ori=0.0, pos=array([-0.5, -0.2]), size=array([0.35, 0.35]), texRes=128, units='height', win=Window(...))
4.9885 	EXP 	Created block1 = ImageStim(__class__=<class 'psychopy.visual.image.ImageStim'>, autoLog=True, color=array([1., 1., 1.]), colorSpace='rgb', contrast=1.0, depth=-3.0, flipHoriz=False, flipVert=False, image='img/tea.jpeg', interpolate=True, mask=None, maskParams=None, name='block1', opacity=1.0, ori=0.0, pos=array([-0.5,  0.2]), size=array([0.35, 0.35]), texRes=128, units='height', win=Window(...))
4.9901 	EXP 	Created repeatText = TextStim(__class__=<class 'psychopy.visual.text.TextStim'>, alignHoriz=method-wrapper(...), alignText='center', alignVert=method-wrapper(...), anchorHoriz='center', anchorVert='center', antialias=True, autoLog=True, bold=False, color='white', colorSpace='named', contrast=1.0, depth=-4.0, flipHoriz=False, flipVert=False, font='Arial', fontFiles=[], height=0.05, italic=False, languageStyle='LTR', name='repeatText', opacity=1.0, ori=0, pos=array([0., 0.]), rgb=array([255., 255., 255.]), text='default text', units='height', win=Window(...), wrapWidth=1)
4.9973 	EXP 	Created text = TextStim(__class__=<class 'psychopy.visual.text.TextStim'>, alignHoriz=method-wrapper(...), alignText='center', alignVert=method-wrapper(...), anchorHoriz='center', anchorVert='center', antialias=True, autoLog=True, bold=False, color='white', colorSpace='named', contrast=1.0, depth=0.0, flipHoriz=False, flipVert=False, font='Arial', fontFiles=[], height=0.03, italic=False, languageStyle='LTR', name='text', opacity=1.0, ori=0, pos=array([0., 0.]), rgb=array([255., 255., 255.]), text=str(...), units='height', win=Window(...), wrapWidth=1)
5.0030 	EXP 	Created endText = TextStim(__class__=<class 'psychopy.visual.text.TextStim'>, alignHoriz=method-wrapper(...), alignText='center', alignVert=method-wrapper(...), anchorHoriz='center', anchorVert='center', antialias=True, autoLog=True, bold=False, color='white', colorSpace='named', contrast=1.0, depth=0.0, flipHoriz=False, flipVert=False, font='Arial', fontFiles=[], height=0.05, italic=False, languageStyle='LTR', name='endText', opacity=1.0, ori=0, pos=array([0., 0.]), rgb=array([255., 255., 255.]), text=str(...), units='height', win=Window(...), wrapWidth=1)
5.0032 	EXP 	Created sequence: sequential, trialTypes=1, nReps=8, seed=None
5.0034 	EXP 	New trial (rep=0, index=0): None
5.0571 	EXP 	welcomeImage: autoDraw = True
5.0571 	EXP 	welcomeImage: image = 'img/0m&m.png'
5.0571 	EXP 	welcomeText: autoDraw = True
5.0571 	EXP 	welcomeText: text = 'Добро пожаловать в игру!'
5.1148 	EXP 	welcomeImage: image = 'img/0m&m.png'
5.1148 	EXP 	welcomeText: text = 'Добро пожаловать в игру!'
5.1670 	EXP 	welcomeImage: image = 'img/0m&m.png'
5.1670 	EXP 	welcomeText: text = 'Добро пожаловать в игру!'
5.2076 	EXP 	welcomeImage: image = 'img/0m&m.png'
5.2076 	EXP 	welcomeText: text = 'Добро пожаловать в игру!'
5.2484 	EXP 	welcomeImage: image = 'img/0m&m.png'
5.2484 	EXP 	welcomeText: text = 'Добро пожаловать в игру!'
5.2883 	EXP 	welcomeImage: image = 'img/0m&m.png'
5.2883 	EXP 	welcomeText: text = 'Добро пожаловать в игру!'
5.3283 	EXP 	welcomeImage: image = 'img/0m&m.png'
5.3283 	EXP 	welcomeText: text = 'Добро пожаловать в игру!'
5.3687 	EXP 	welcomeImage: image = 'img/0m&m.png'
5.3687 	EXP 	welcomeText: text = 'Добро пожаловать в игру!'
5.4086 	EXP 	welcomeImage: image = 'img/0m&m.png'
5.4086 	EXP 	welcomeText: text = 'Добро пожаловать в игру!'
5.4494 	EXP 	welcomeImage: image = 'img/0m&m.png'
5.4494 	EXP 	welcomeText: text = 'Добро пожаловать в игру!'
5.4897 	EXP 	welcomeImage: image = 'img/0m&m.png'
5.4897 	EXP 	welcomeText: text = 'Добро пожаловать в игру!'
5.5468 	EXP 	welcomeImage: image = 'img/0m&m.png'
5.5468 	EXP 	welcomeText: text = 'Добро пожаловать в игру!'
5.5882 	EXP 	welcomeImage: image = 'img/0m&m.png'
5.5882 	EXP 	welcomeText: text = 'Добро пожаловать в игру!'
5.6311 	EXP 	welcomeImage: image = 'img/0m&m.png'
5.6311 	EXP 	welcomeText: text = 'Добро пожаловать в игру!'
5.6723 	EXP 	welcomeImage: image = 'img/0m&m.png'
5.6723 	EXP 	welcomeText: text = 'Добро пожаловать в игру!'
5.7142 	EXP 	welcomeImage: image = 'img/0m&m.png'
5.7142 	EXP 	welcomeText: text = 'Добро пожаловать в игру!'
5.7550 	EXP 	welcomeImage: image = 'img/0m&m.png'
5.7550 	EXP 	welcomeText: text = 'Добро пожаловать в игру!'
5.8121 	EXP 	welcomeImage: image = 'img/0m&m.png'
5.8121 	EXP 	welcomeText: text = 'Добро пожаловать в игру!'
5.8510 	EXP 	welcomeImage: image = 'img/0m&m.png'
5.8510 	EXP 	welcomeText: text = 'Добро пожаловать в игру!'
5.8913 	EXP 	welcomeImage: image = 'img/0m&m.png'
5.8913 	EXP 	welcomeText: text = 'Добро пожаловать в игру!'
5.9315 	EXP 	welcomeImage: image = 'img/0m&m.png'
5.9315 	EXP 	welcomeText: text = 'Добро пожаловать в игру!'
5.9711 	EXP 	welcomeImage: image = 'img/0m&m.png'
5.9711 	EXP 	welcomeText: text = 'Добро пожаловать в игру!'
6.0109 	EXP 	welcomeImage: image = 'img/0m&m.png'
6.0109 	EXP 	welcomeText: text = 'Добро пожаловать в игру!'
6.0509 	EXP 	welcomeImage: image = 'img/0m&m.png'
6.0509 	EXP 	welcomeText: text = 'Добро пожаловать в игру!'
6.0912 	EXP 	welcomeImage: image = 'img/0m&m.png'
6.0912 	EXP 	welcomeText: text = 'Добро пожаловать в игру!'
6.1325 	EXP 	welcomeImage: image = 'img/0m&m.png'
6.1325 	EXP 	welcomeText: text = 'Добро пожаловать в игру!'
6.1718 	EXP 	welcomeImage: image = 'img/0m&m.png'
6.1718 	EXP 	welcomeText: text = 'Добро пожаловать в игру!'
6.2112 	EXP 	welcomeImage: image = 'img/0m&m.png'
6.2112 	EXP 	welcomeText: text = 'Добро пожаловать в игру!'
6.2502 	EXP 	welcomeImage: image = 'img/0m&m.png'
6.2502 	EXP 	welcomeText: text = 'Добро пожаловать в игру!'
6.2911 	EXP 	welcomeImage: image = 'img/0m&m.png'
6.2911 	EXP 	welcomeText: text = 'Добро пожаловать в игру!'
6.3460 	EXP 	welcomeImage: image = 'img/0m&m.png'
6.3460 	EXP 	welcomeText: text = 'Добро пожаловать в игру!'
6.3870 	EXP 	welcomeImage: image = 'img/0m&m.png'
6.3870 	EXP 	welcomeText: text = 'Добро пожаловать в игру!'
6.4274 	EXP 	welcomeImage: image = 'img/0m&m.png'
6.4274 	EXP 	welcomeText: text = 'Добро пожаловать в игру!'
6.4677 	EXP 	welcomeImage: image = 'img/0m&m.png'
6.4677 	EXP 	welcomeText: text = 'Добро пожаловать в игру!'
6.5090 	EXP 	welcomeImage: image = 'img/0m&m.png'
6.5090 	EXP 	welcomeText: text = 'Добро пожаловать в игру!'
6.5533 	EXP 	welcomeImage: image = 'img/0m&m.png'
6.5533 	EXP 	welcomeText: text = 'Добро пожаловать в игру!'
6.5950 	EXP 	welcomeImage: image = 'img/0m&m.png'
6.5950 	EXP 	welcomeText: text = 'Добро пожаловать в игру!'
6.6352 	EXP 	welcomeImage: image = 'img/0m&m.png'
6.6352 	EXP 	welcomeText: text = 'Добро пожаловать в игру!'
6.6754 	EXP 	welcomeImage: image = 'img/0m&m.png'
6.6754 	EXP 	welcomeText: text = 'Добро пожаловать в игру!'
6.7171 	EXP 	welcomeImage: image = 'img/0m&m.png'
6.7171 	EXP 	welcomeText: text = 'Добро пожаловать в игру!'
6.7581 	EXP 	welcomeImage: image = 'img/0m&m.png'
6.7581 	EXP 	welcomeText: text = 'Добро пожаловать в игру!'
6.7988 	EXP 	welcomeImage: image = 'img/0m&m.png'
6.7988 	EXP 	welcomeText: text = 'Добро пожаловать в игру!'
6.8398 	EXP 	welcomeImage: image = 'img/0m&m.png'
6.8398 	EXP 	welcomeText: text = 'Добро пожаловать в игру!'
6.8810 	EXP 	welcomeImage: image = 'img/0m&m.png'
6.8810 	EXP 	welcomeText: text = 'Добро пожаловать в игру!'
6.9230 	EXP 	welcomeImage: image = 'img/0m&m.png'
6.9230 	EXP 	welcomeText: text = 'Добро пожаловать в игру!'
6.9638 	EXP 	welcomeImage: image = 'img/0m&m.png'
6.9638 	EXP 	welcomeText: text = 'Добро пожаловать в игру!'
7.0520 	EXP 	welcomeImage: image = 'img/0m&m.png'
7.0520 	EXP 	welcomeText: text = 'Добро пожаловать в игру!'
7.0926 	EXP 	welcomeImage: image = 'img/0m&m.png'
7.0926 	EXP 	welcomeText: text = 'Добро пожаловать в игру!'
7.1319 	EXP 	welcomeImage: image = 'img/0m&m.png'
7.1319 	EXP 	welcomeText: text = 'Добро пожаловать в игру!'
7.1726 	EXP 	welcomeImage: image = 'img/0m&m.png'
7.1726 	EXP 	welcomeText: text = 'Добро пожаловать в игру!'
7.2131 	EXP 	welcomeImage: image = 'img/0m&m.png'
7.2131 	EXP 	welcomeText: text = 'Добро пожаловать в игру!'
7.2530 	EXP 	welcomeImage: image = 'img/0m&m.png'
7.2530 	EXP 	welcomeText: text = 'Добро пожаловать в игру!'
7.2839 	DATA 	Keypress: escape
7.2900 	EXP 	window1: mouseVisible = True
