0.4034 	WARNING 	We strongly recommend you activate the PTB sound engine in PsychoPy prefs as the preferred audio engine. Its timing is vastly superior. Your prefs are currently set to use ['sounddevice', 'PTB', 'pyo', 'pygame'] (in that order).
1.0476 	WARNING 	Import Error: No module named 'psychtoolbox'. Using event module for keyboard component.
2.8879 	WARNING 	User requested fullscreen with size [1536  864], but screen is actually [1920, 1080]. Using actual size
3.4428 	EXP 	Created window1 = Window(allowGUI=False, allowStencil=False, args=UNKNOWN, autoLog=True, bitsMode=UNKNOWN, blendMode='avg', bpc=(8, 8, 8), color=array([0., 0., 0.]), colorSpace='rgb', depthBits=8, fullscr=<method-wrapper '__getattribute__' of attributeSetter object at 0x7fdb199406d0>, gamma=None, gammaErrorPolicy='raise', kwargs=UNKNOWN, lms=UNKNOWN, monitor=<psychopy.monitors.calibTools.Monitor object at 0x7fdb199054f0>, multiSample=False, name='window1', numSamples=2, pos=[0.0, 0.0], screen=0, size=array([1920, 1080]), stencilBits=0, stereo=False, units='height', useFBO=True, useRetina=False, viewOri=0.0, viewPos=None, viewScale=None, waitBlanking=True, winType='pyglet')
3.4432 	EXP 	window1: mouseVisible = True
3.4433 	EXP 	window1: recordFrameIntervals = False
3.6083 	EXP 	window1: recordFrameIntervals = True
3.7920 	EXP 	window1: recordFrameIntervals = False
3.8094 	EXP 	Created welcomeImage = ImageStim(__class__=<class 'psychopy.visual.image.ImageStim'>, autoLog=True, color=array([1., 1., 1.]), colorSpace='rgb', contrast=1.0, depth=0.0, flipHoriz=False, flipVert=False, image='sin', interpolate=True, mask=None, maskParams=None, name='welcomeImage', opacity=1.0, ori=0.0, pos=array([0. , 0.2]), size=array([0.5, 0.5]), texRes=128, units='height', win=Window(...))
3.8712 	EXP 	Created welcomeText = TextStim(__class__=<class 'psychopy.visual.text.TextStim'>, alignHoriz=method-wrapper(...), alignText='center', alignVert=method-wrapper(...), anchorHoriz='center', anchorVert='center', antialias=True, autoLog=True, bold=False, color='white', colorSpace='named', contrast=1.0, depth=-1.0, flipHoriz=False, flipVert=False, font='Arial', fontFiles=[], height=0.03, italic=False, languageStyle='LTR', name='welcomeText', opacity=1.0, ori=0, pos=array([ 0. , -0.3]), rgb=array([255., 255., 255.]), text='default text', units='height', win=Window(...), wrapWidth=1)
3.8877 	EXP 	Created welcome_text_2 = TextStim(__class__=<class 'psychopy.visual.text.TextStim'>, alignHoriz=method-wrapper(...), alignText='center', alignVert=method-wrapper(...), anchorHoriz='center', anchorVert='center', antialias=True, autoLog=True, bold=False, color='white', colorSpace='named', contrast=1.0, depth=0.0, flipHoriz=False, flipVert=False, font='Arial', fontFiles=[], height=0.03, italic=False, languageStyle='LTR', name='welcome_text_2', opacity=1.0, ori=0, pos=array([0., 0.]), rgb=array([255., 255., 255.]), text=str(...), units='height', win=Window(...), wrapWidth=1)
3.9156 	EXP 	Created onesecond = ImageStim(__class__=<class 'psychopy.visual.image.ImageStim'>, autoLog=True, color=array([1., 1., 1.]), colorSpace='rgb', contrast=1.0, depth=-2.0, flipHoriz=False, flipVert=False, image='img/odd_4_square.png', interpolate=True, mask=None, maskParams=None, name='onesecond', opacity=1.0, ori=0.0, pos=array([0., 0.]), size=array([1.8, 1. ]), texRes=128, units='height', win=Window(...))
3.9390 	EXP 	Created seven_second = ImageStim(__class__=<class 'psychopy.visual.image.ImageStim'>, autoLog=True, color=array([1., 1., 1.]), colorSpace='rgb', contrast=1.0, depth=-3.0, flipHoriz=False, flipVert=False, image='img/odd_8_square_4.png', interpolate=True, mask=None, maskParams=None, name='seven_second', opacity=1.0, ori=0.0, pos=array([0., 0.]), size=array([1.8, 1. ]), texRes=128, units='height', win=Window(...))
3.9401 	EXP 	Created fixImg = ImageStim(__class__=<class 'psychopy.visual.image.ImageStim'>, autoLog=True, color=array([1., 1., 1.]), colorSpace='rgb', contrast=1.0, depth=0.0, flipHoriz=False, flipVert=False, image='sin', interpolate=True, mask=None, maskParams=None, name='fixImg', opacity=1.0, ori=0.0, pos=array([0., 0.]), size=array([1.8, 1. ]), texRes=128, units='height', win=Window(...))
3.9412 	EXP 	Created delayImg = ImageStim(__class__=<class 'psychopy.visual.image.ImageStim'>, autoLog=True, color=array([1., 1., 1.]), colorSpace='rgb', contrast=1.0, depth=0.0, flipHoriz=False, flipVert=False, image='sin', interpolate=True, mask=None, maskParams=None, name='delayImg', opacity=1.0, ori=0.0, pos=array([0., 0.]), size=array([1.8, 1. ]), texRes=128, units='height', win=Window(...))
3.9422 	EXP 	Created choiceImg = ImageStim(__class__=<class 'psychopy.visual.image.ImageStim'>, autoLog=True, color=array([1., 1., 1.]), colorSpace='rgb', contrast=1.0, depth=0.0, flipHoriz=False, flipVert=False, image='sin', interpolate=True, mask=None, maskParams=None, name='choiceImg', opacity=1.0, ori=0.0, pos=array([0., 0.]), size=array([1.8, 1. ]), texRes=128, units='height', win=Window(...))
3.9504 	EXP 	Created choiceWarning = TextStim(__class__=<class 'psychopy.visual.text.TextStim'>, alignHoriz=method-wrapper(...), alignText='center', alignVert=method-wrapper(...), anchorHoriz='center', anchorVert='center', antialias=True, autoLog=True, bold=False, color='red', colorSpace='named', contrast=1.0, depth=-2.0, flipHoriz=False, flipVert=False, font='Arial', fontFiles=[], height=0.05, italic=False, languageStyle='LTR', name='choiceWarning', opacity=1.0, ori=0, pos=array([ 0. , -0.3]), rgb=array([255.,   0.,   0.]), text='default text', units='height', win=Window(...), wrapWidth=1)
3.9516 	EXP 	Created leftImg = ImageStim(__class__=<class 'psychopy.visual.image.ImageStim'>, autoLog=True, color=array([1., 1., 1.]), colorSpace='rgb', contrast=1.0, depth=0.0, flipHoriz=False, flipVert=False, image='sin', interpolate=True, mask=None, maskParams=None, name='leftImg', opacity=1.0, ori=0.0, pos=array([0., 0.]), size=array([1.8, 1. ]), texRes=128, units='height', win=Window(...))
3.9526 	EXP 	Created rewardImgLeft = ImageStim(__class__=<class 'psychopy.visual.image.ImageStim'>, autoLog=True, color=array([1., 1., 1.]), colorSpace='rgb', contrast=1.0, depth=0.0, flipHoriz=False, flipVert=False, image='sin', interpolate=True, mask=None, maskParams=None, name='rewardImgLeft', opacity=1.0, ori=0.0, pos=array([0., 0.]), size=array([1.8, 1. ]), texRes=128, units='height', win=Window(...))
3.9594 	EXP 	Created rewardText = TextStim(__class__=<class 'psychopy.visual.text.TextStim'>, alignHoriz=method-wrapper(...), alignText='center', alignVert=method-wrapper(...), anchorHoriz='center', anchorVert='center', antialias=True, autoLog=True, bold=False, color='red', colorSpace='named', contrast=1.0, depth=-1.0, flipHoriz=False, flipVert=False, font='Arial', fontFiles=[], height=0.1, italic=False, languageStyle='LTR', name='rewardText', opacity=1.0, ori=0, pos=array([0., 0.]), rgb=array([255.,   0.,   0.]), text='default text', units='height', win=Window(...), wrapWidth=1)
3.9611 	EXP 	Created rightImg = ImageStim(__class__=<class 'psychopy.visual.image.ImageStim'>, autoLog=True, color=array([1., 1., 1.]), colorSpace='rgb', contrast=1.0, depth=0.0, flipHoriz=False, flipVert=False, image='sin', interpolate=True, mask=None, maskParams=None, name='rightImg', opacity=1.0, ori=0.0, pos=array([0., 0.]), size=array([1.8, 1. ]), texRes=128, units='height', win=Window(...))
3.9624 	EXP 	Created rewardImgRight = ImageStim(__class__=<class 'psychopy.visual.image.ImageStim'>, autoLog=True, color=array([1., 1., 1.]), colorSpace='rgb', contrast=1.0, depth=0.0, flipHoriz=False, flipVert=False, image='sin', interpolate=True, mask=None, maskParams=None, name='rewardImgRight', opacity=1.0, ori=0.0, pos=array([0., 0.]), size=array([1.8, 1. ]), texRes=128, units='height', win=Window(...))
3.9639 	EXP 	Created rightText = TextStim(__class__=<class 'psychopy.visual.text.TextStim'>, alignHoriz=method-wrapper(...), alignText='center', alignVert=method-wrapper(...), anchorHoriz='center', anchorVert='center', antialias=True, autoLog=True, bold=False, color='red', colorSpace='named', contrast=1.0, depth=-1.0, flipHoriz=False, flipVert=False, font='Arial', fontFiles=[], height=0.1, italic=False, languageStyle='LTR', name='rightText', opacity=1.0, ori=0, pos=array([0., 0.]), rgb=array([255.,   0.,   0.]), text='default text', units='height', win=Window(...), wrapWidth=1)
3.9662 	EXP 	Created block4 = ImageStim(__class__=<class 'psychopy.visual.image.ImageStim'>, autoLog=True, color=array([1., 1., 1.]), colorSpace='rgb', contrast=1.0, depth=0.0, flipHoriz=False, flipVert=False, image='img/coffee.jpeg', interpolate=True, mask=None, maskParams=None, name='block4', opacity=1.0, ori=0.0, pos=array([ 0.5, -0.2]), size=array([0.35, 0.35]), texRes=128, units='height', win=Window(...))
3.9682 	EXP 	Created block3 = ImageStim(__class__=<class 'psychopy.visual.image.ImageStim'>, autoLog=True, color=array([1., 1., 1.]), colorSpace='rgb', contrast=1.0, depth=-1.0, flipHoriz=False, flipVert=False, image='img/cake.jpeg', interpolate=True, mask=None, maskParams=None, name='block3', opacity=1.0, ori=0.0, pos=array([0.5, 0.2]), size=array([0.35, 0.35]), texRes=128, units='height', win=Window(...))
3.9709 	EXP 	Created block2 = ImageStim(__class__=<class 'psychopy.visual.image.ImageStim'>, autoLog=True, color=array([1., 1., 1.]), colorSpace='rgb', contrast=1.0, depth=-2.0, flipHoriz=False, flipVert=False, image='img/gummi.jpeg', interpolate=True, mask=None, maskParams=None, name='block2', opacity=1.0, ori=0.0, pos=array([-0.5, -0.2]), size=array([0.35, 0.35]), texRes=128, units='height', win=Window(...))
3.9858 	EXP 	Created block1 = ImageStim(__class__=<class 'psychopy.visual.image.ImageStim'>, autoLog=True, color=array([1., 1., 1.]), colorSpace='rgb', contrast=1.0, depth=-3.0, flipHoriz=False, flipVert=False, image='img/tea.jpeg', interpolate=True, mask=None, maskParams=None, name='block1', opacity=1.0, ori=0.0, pos=array([-0.5,  0.2]), size=array([0.35, 0.35]), texRes=128, units='height', win=Window(...))
3.9874 	EXP 	Created repeatText = TextStim(__class__=<class 'psychopy.visual.text.TextStim'>, alignHoriz=method-wrapper(...), alignText='center', alignVert=method-wrapper(...), anchorHoriz='center', anchorVert='center', antialias=True, autoLog=True, bold=False, color='white', colorSpace='named', contrast=1.0, depth=-4.0, flipHoriz=False, flipVert=False, font='Arial', fontFiles=[], height=0.05, italic=False, languageStyle='LTR', name='repeatText', opacity=1.0, ori=0, pos=array([0., 0.]), rgb=array([255., 255., 255.]), text='default text', units='height', win=Window(...), wrapWidth=1)
4.0341 	EXP 	Created text = TextStim(__class__=<class 'psychopy.visual.text.TextStim'>, alignHoriz=method-wrapper(...), alignText='center', alignVert=method-wrapper(...), anchorHoriz='center', anchorVert='center', antialias=True, autoLog=True, bold=False, color='white', colorSpace='named', contrast=1.0, depth=0.0, flipHoriz=False, flipVert=False, font='Arial', fontFiles=[], height=0.03, italic=False, languageStyle='LTR', name='text', opacity=1.0, ori=0, pos=array([0., 0.]), rgb=array([255., 255., 255.]), text=str(...), units='height', win=Window(...), wrapWidth=1)
4.0404 	EXP 	Created endText = TextStim(__class__=<class 'psychopy.visual.text.TextStim'>, alignHoriz=method-wrapper(...), alignText='center', alignVert=method-wrapper(...), anchorHoriz='center', anchorVert='center', antialias=True, autoLog=True, bold=False, color='white', colorSpace='named', contrast=1.0, depth=0.0, flipHoriz=False, flipVert=False, font='Arial', fontFiles=[], height=0.05, italic=False, languageStyle='LTR', name='endText', opacity=1.0, ori=0, pos=array([0., 0.]), rgb=array([255., 255., 255.]), text=str(...), units='height', win=Window(...), wrapWidth=1)
4.0406 	EXP 	Created sequence: sequential, trialTypes=1, nReps=200, seed=None
4.0414 	EXP 	New trial (rep=0, index=0): None
4.0909 	EXP 	welcomeImage: autoDraw = True
4.0909 	EXP 	welcomeImage: image = 'img/0m&m.png'
4.0909 	EXP 	welcomeText: autoDraw = True
4.0909 	EXP 	welcomeText: text = 'a'
4.1465 	EXP 	welcomeImage: image = 'img/0m&m.png'
4.1465 	EXP 	welcomeText: text = 'a'
4.1870 	EXP 	welcomeImage: image = 'img/0m&m.png'
4.1870 	EXP 	welcomeText: text = 'a'
4.2277 	EXP 	welcomeImage: image = 'img/0m&m.png'
4.2277 	EXP 	welcomeText: text = 'a'
4.2702 	EXP 	welcomeImage: image = 'img/0m&m.png'
4.2702 	EXP 	welcomeText: text = 'a'
4.3104 	EXP 	welcomeImage: image = 'img/0m&m.png'
4.3104 	EXP 	welcomeText: text = 'a'
4.3510 	EXP 	welcomeImage: image = 'img/0m&m.png'
4.3510 	EXP 	welcomeText: text = 'a'
4.3914 	EXP 	welcomeImage: image = 'img/0m&m.png'
4.3914 	EXP 	welcomeText: text = 'a'
4.4318 	EXP 	welcomeImage: image = 'img/0m&m.png'
4.4318 	EXP 	welcomeText: text = 'a'
4.4735 	EXP 	welcomeImage: image = 'img/0m&m.png'
4.4735 	EXP 	welcomeText: text = 'a'
4.5139 	EXP 	welcomeImage: image = 'img/0m&m.png'
4.5139 	EXP 	welcomeText: text = 'a'
4.5549 	EXP 	welcomeImage: image = 'img/0m&m.png'
4.5549 	EXP 	welcomeText: text = 'a'
4.5957 	EXP 	welcomeImage: image = 'img/0m&m.png'
4.5957 	EXP 	welcomeText: text = 'a'
4.6362 	EXP 	welcomeImage: image = 'img/0m&m.png'
4.6362 	EXP 	welcomeText: text = 'a'
4.6773 	EXP 	welcomeImage: image = 'img/0m&m.png'
4.6773 	EXP 	welcomeText: text = 'a'
4.7190 	EXP 	welcomeImage: image = 'img/0m&m.png'
4.7190 	EXP 	welcomeText: text = 'a'
4.7597 	EXP 	welcomeImage: image = 'img/0m&m.png'
4.7597 	EXP 	welcomeText: text = 'a'
4.8003 	EXP 	welcomeImage: image = 'img/0m&m.png'
4.8003 	EXP 	welcomeText: text = 'a'
4.8567 	EXP 	welcomeImage: image = 'img/0m&m.png'
4.8567 	EXP 	welcomeText: text = 'a'
4.8968 	EXP 	welcomeImage: image = 'img/0m&m.png'
4.8968 	EXP 	welcomeText: text = 'a'
4.9361 	EXP 	welcomeImage: image = 'img/0m&m.png'
4.9361 	EXP 	welcomeText: text = 'a'
4.9754 	EXP 	welcomeImage: image = 'img/0m&m.png'
4.9754 	EXP 	welcomeText: text = 'a'
5.0399 	EXP 	welcomeImage: image = 'img/0m&m.png'
5.0399 	EXP 	welcomeText: text = 'a'
5.0807 	EXP 	welcomeImage: image = 'img/0m&m.png'
5.0807 	EXP 	welcomeText: text = 'a'
5.1217 	EXP 	welcomeImage: image = 'img/0m&m.png'
5.1217 	EXP 	welcomeText: text = 'a'
5.1619 	EXP 	welcomeImage: image = 'img/0m&m.png'
5.1619 	EXP 	welcomeText: text = 'a'
5.2028 	EXP 	welcomeImage: image = 'img/0m&m.png'
5.2028 	EXP 	welcomeText: text = 'a'
5.2443 	EXP 	welcomeImage: image = 'img/0m&m.png'
5.2443 	EXP 	welcomeText: text = 'a'
5.2852 	EXP 	welcomeImage: image = 'img/0m&m.png'
5.2852 	EXP 	welcomeText: text = 'a'
5.3261 	EXP 	welcomeImage: image = 'img/0m&m.png'
5.3261 	EXP 	welcomeText: text = 'a'
5.3690 	EXP 	welcomeImage: image = 'img/0m&m.png'
5.3690 	EXP 	welcomeText: text = 'a'
5.4014 	DATA 	Keypress: space
5.4110 	EXP 	welcomeImage: image = 'img/0m&m.png'
5.4110 	EXP 	welcomeText: text = 'a'
5.4533 	EXP 	welcomeImage: image = 'img/0m&m.png'
5.4533 	EXP 	welcomeText: text = 'a'
5.4940 	EXP 	welcomeImage: image = 'img/0m&m.png'
5.4940 	EXP 	welcomeText: text = 'a'
5.5330 	EXP 	welcomeImage: image = 'img/0m&m.png'
5.5330 	EXP 	welcomeText: text = 'a'
5.5727 	EXP 	welcomeImage: image = 'img/0m&m.png'
5.5727 	EXP 	welcomeText: text = 'a'
5.6127 	EXP 	welcomeImage: image = 'img/0m&m.png'
5.6127 	EXP 	welcomeText: text = 'a'
5.6522 	EXP 	welcomeImage: image = 'img/0m&m.png'
5.6522 	EXP 	welcomeText: text = 'a'
5.6917 	EXP 	welcomeImage: image = 'img/0m&m.png'
5.6917 	EXP 	welcomeText: text = 'a'
5.7325 	EXP 	welcomeImage: image = 'img/0m&m.png'
5.7325 	EXP 	welcomeText: text = 'a'
5.7720 	EXP 	welcomeImage: image = 'img/0m&m.png'
5.7720 	EXP 	welcomeText: text = 'a'
5.8114 	EXP 	welcomeImage: image = 'img/0m&m.png'
5.8114 	EXP 	welcomeText: text = 'a'
5.8514 	EXP 	welcomeImage: image = 'img/0m&m.png'
5.8514 	EXP 	welcomeText: text = 'a'
5.8911 	EXP 	welcomeImage: image = 'img/0m&m.png'
5.8911 	EXP 	welcomeText: text = 'a'
5.9308 	EXP 	welcomeImage: image = 'img/0m&m.png'
5.9308 	EXP 	welcomeText: text = 'a'
5.9709 	EXP 	welcomeImage: image = 'img/0m&m.png'
5.9709 	EXP 	welcomeText: text = 'a'
6.0121 	EXP 	welcomeImage: image = 'img/0m&m.png'
6.0121 	EXP 	welcomeText: text = 'a'
6.0510 	EXP 	welcomeImage: image = 'img/0m&m.png'
6.0510 	EXP 	welcomeText: text = 'a'
6.1043 	EXP 	welcomeImage: image = 'img/0m&m.png'
6.1043 	EXP 	welcomeText: text = 'a'
6.1579 	EXP 	welcomeImage: image = 'img/0m&m.png'
6.1579 	EXP 	welcomeText: text = 'a'
6.2001 	EXP 	welcomeImage: image = 'img/0m&m.png'
6.2001 	EXP 	welcomeText: text = 'a'
6.2409 	EXP 	welcomeImage: image = 'img/0m&m.png'
6.2409 	EXP 	welcomeText: text = 'a'
6.2813 	EXP 	welcomeImage: image = 'img/0m&m.png'
6.2813 	EXP 	welcomeText: text = 'a'
6.3233 	EXP 	welcomeImage: image = 'img/0m&m.png'
6.3233 	EXP 	welcomeText: text = 'a'
6.3640 	EXP 	welcomeImage: image = 'img/0m&m.png'
6.3640 	EXP 	welcomeText: text = 'a'
6.4067 	EXP 	welcomeImage: image = 'img/0m&m.png'
6.4067 	EXP 	welcomeText: text = 'a'
6.4527 	EXP 	welcomeImage: image = 'img/0m&m.png'
6.4527 	EXP 	welcomeText: text = 'a'
6.4945 	EXP 	welcomeImage: image = 'img/0m&m.png'
6.4945 	EXP 	welcomeText: text = 'a'
6.5413 	EXP 	welcomeImage: image = 'img/0m&m.png'
6.5413 	EXP 	welcomeText: text = 'a'
6.5872 	EXP 	welcomeImage: image = 'img/0m&m.png'
6.5872 	EXP 	welcomeText: text = 'a'
6.6287 	EXP 	welcomeImage: image = 'img/0m&m.png'
6.6287 	EXP 	welcomeText: text = 'a'
6.6717 	EXP 	welcomeImage: image = 'img/0m&m.png'
6.6717 	EXP 	welcomeText: text = 'a'
6.7153 	EXP 	welcomeImage: image = 'img/0m&m.png'
6.7153 	EXP 	welcomeText: text = 'a'
6.7697 	EXP 	welcomeImage: image = 'img/0m&m.png'
6.7697 	EXP 	welcomeText: text = 'a'
6.8120 	EXP 	welcomeImage: image = 'img/0m&m.png'
6.8120 	EXP 	welcomeText: text = 'a'
6.8555 	EXP 	welcomeImage: image = 'img/0m&m.png'
6.8555 	EXP 	welcomeText: text = 'a'
6.9005 	EXP 	welcomeImage: image = 'img/0m&m.png'
6.9005 	EXP 	welcomeText: text = 'a'
6.9647 	EXP 	welcomeImage: image = 'img/0m&m.png'
6.9647 	EXP 	welcomeText: text = 'a'
7.0058 	EXP 	welcomeImage: image = 'img/0m&m.png'
7.0058 	EXP 	welcomeText: text = 'a'
7.0471 	EXP 	welcomeImage: image = 'img/0m&m.png'
7.0471 	EXP 	welcomeText: text = 'a'
7.0882 	EXP 	welcomeImage: image = 'img/0m&m.png'
7.0882 	EXP 	welcomeText: text = 'a'
7.1292 	EXP 	welcomeImage: image = 'img/0m&m.png'
7.1292 	EXP 	welcomeText: text = 'a'
7.1694 	EXP 	welcomeImage: image = 'img/0m&m.png'
7.1694 	EXP 	welcomeText: text = 'a'
7.2085 	EXP 	welcomeImage: image = 'img/0m&m.png'
7.2085 	EXP 	welcomeText: text = 'a'
7.2495 	EXP 	welcomeImage: image = 'img/0m&m.png'
7.2495 	EXP 	welcomeText: text = 'a'
7.2898 	EXP 	welcomeImage: image = 'img/0m&m.png'
7.2898 	EXP 	welcomeText: text = 'a'
7.3299 	EXP 	welcomeImage: image = 'img/0m&m.png'
7.3299 	EXP 	welcomeText: text = 'a'
7.3702 	EXP 	welcomeImage: image = 'img/0m&m.png'
7.3702 	EXP 	welcomeText: text = 'a'
7.4118 	EXP 	welcomeImage: image = 'img/0m&m.png'
7.4118 	EXP 	welcomeText: text = 'a'
7.4516 	EXP 	welcomeImage: image = 'img/0m&m.png'
7.4516 	EXP 	welcomeText: text = 'a'
7.4914 	EXP 	welcomeImage: image = 'img/0m&m.png'
7.4914 	EXP 	welcomeText: text = 'a'
7.5325 	EXP 	welcomeImage: image = 'img/0m&m.png'
7.5325 	EXP 	welcomeText: text = 'a'
7.5755 	EXP 	welcomeImage: image = 'img/0m&m.png'
7.5755 	EXP 	welcomeText: text = 'a'
7.6212 	EXP 	welcomeImage: image = 'img/0m&m.png'
7.6212 	EXP 	welcomeText: text = 'a'
7.6618 	EXP 	welcomeImage: image = 'img/0m&m.png'
7.6618 	EXP 	welcomeText: text = 'a'
7.7034 	EXP 	welcomeImage: image = 'img/0m&m.png'
7.7034 	EXP 	welcomeText: text = 'a'
7.7450 	EXP 	welcomeImage: image = 'img/0m&m.png'
7.7450 	EXP 	welcomeText: text = 'a'
7.7850 	EXP 	welcomeImage: image = 'img/0m&m.png'
7.7850 	EXP 	welcomeText: text = 'a'
7.8264 	EXP 	welcomeImage: image = 'img/0m&m.png'
7.8264 	EXP 	welcomeText: text = 'a'
7.8675 	EXP 	welcomeImage: image = 'img/0m&m.png'
7.8675 	EXP 	welcomeText: text = 'a'
7.9080 	EXP 	welcomeImage: image = 'img/0m&m.png'
7.9080 	EXP 	welcomeText: text = 'a'
7.9482 	EXP 	welcomeImage: image = 'img/0m&m.png'
7.9482 	EXP 	welcomeText: text = 'a'
7.9897 	EXP 	welcomeImage: image = 'img/0m&m.png'
7.9897 	EXP 	welcomeText: text = 'a'
8.0311 	EXP 	welcomeImage: image = 'img/0m&m.png'
8.0311 	EXP 	welcomeText: text = 'a'
8.0714 	EXP 	welcomeImage: image = 'img/0m&m.png'
8.0714 	EXP 	welcomeText: text = 'a'
8.1131 	EXP 	welcomeImage: image = 'img/0m&m.png'
8.1131 	EXP 	welcomeText: text = 'a'
8.1539 	EXP 	welcomeImage: image = 'img/0m&m.png'
8.1539 	EXP 	welcomeText: text = 'a'
8.1948 	EXP 	welcomeImage: image = 'img/0m&m.png'
8.1948 	EXP 	welcomeText: text = 'a'
8.2360 	EXP 	welcomeImage: image = 'img/0m&m.png'
8.2360 	EXP 	welcomeText: text = 'a'
8.2761 	EXP 	welcomeImage: image = 'img/0m&m.png'
8.2761 	EXP 	welcomeText: text = 'a'
8.3171 	EXP 	welcomeImage: image = 'img/0m&m.png'
8.3171 	EXP 	welcomeText: text = 'a'
8.3578 	EXP 	welcomeImage: image = 'img/0m&m.png'
8.3578 	EXP 	welcomeText: text = 'a'
8.3977 	EXP 	welcomeImage: image = 'img/0m&m.png'
8.3977 	EXP 	welcomeText: text = 'a'
8.4394 	EXP 	welcomeImage: image = 'img/0m&m.png'
8.4394 	EXP 	welcomeText: text = 'a'
8.4810 	EXP 	welcomeImage: image = 'img/0m&m.png'
8.4810 	EXP 	welcomeText: text = 'a'
8.5226 	EXP 	welcomeImage: image = 'img/0m&m.png'
8.5226 	EXP 	welcomeText: text = 'a'
8.5646 	EXP 	welcomeImage: image = 'img/0m&m.png'
8.5646 	EXP 	welcomeText: text = 'a'
8.6231 	EXP 	welcomeImage: image = 'img/0m&m.png'
8.6231 	EXP 	welcomeText: text = 'a'
8.6642 	EXP 	welcomeImage: image = 'img/0m&m.png'
8.6642 	EXP 	welcomeText: text = 'a'
8.7049 	EXP 	welcomeImage: image = 'img/0m&m.png'
8.7049 	EXP 	welcomeText: text = 'a'
8.7461 	EXP 	welcomeImage: image = 'img/0m&m.png'
8.7461 	EXP 	welcomeText: text = 'a'
8.7863 	EXP 	welcomeImage: image = 'img/0m&m.png'
8.7863 	EXP 	welcomeText: text = 'a'
8.8275 	EXP 	welcomeImage: image = 'img/0m&m.png'
8.8275 	EXP 	welcomeText: text = 'a'
8.8681 	EXP 	welcomeImage: image = 'img/0m&m.png'
8.8681 	EXP 	welcomeText: text = 'a'
8.9089 	EXP 	welcomeImage: image = 'img/0m&m.png'
8.9089 	EXP 	welcomeText: text = 'a'
8.9492 	EXP 	welcomeImage: image = 'img/0m&m.png'
8.9492 	EXP 	welcomeText: text = 'a'
8.9905 	EXP 	welcomeImage: image = 'img/0m&m.png'
8.9905 	EXP 	welcomeText: text = 'a'
9.0312 	EXP 	welcomeImage: image = 'img/0m&m.png'
9.0312 	EXP 	welcomeText: text = 'a'
9.0723 	EXP 	welcomeImage: image = 'img/0m&m.png'
9.0723 	EXP 	welcomeText: text = 'a'
9.1129 	EXP 	welcomeImage: image = 'img/0m&m.png'
9.1129 	EXP 	welcomeText: text = 'a'
9.1541 	EXP 	welcomeImage: image = 'img/0m&m.png'
9.1541 	EXP 	welcomeText: text = 'a'
9.1954 	EXP 	welcomeImage: image = 'img/0m&m.png'
9.1954 	EXP 	welcomeText: text = 'a'
9.2364 	EXP 	welcomeImage: image = 'img/0m&m.png'
9.2364 	EXP 	welcomeText: text = 'a'
9.2767 	EXP 	welcomeImage: image = 'img/0m&m.png'
9.2767 	EXP 	welcomeText: text = 'a'
9.3178 	EXP 	welcomeImage: image = 'img/0m&m.png'
9.3178 	EXP 	welcomeText: text = 'a'
9.3583 	EXP 	welcomeImage: image = 'img/0m&m.png'
9.3583 	EXP 	welcomeText: text = 'a'
9.3987 	EXP 	welcomeImage: image = 'img/0m&m.png'
9.3987 	EXP 	welcomeText: text = 'a'
9.4392 	EXP 	welcomeImage: image = 'img/0m&m.png'
9.4392 	EXP 	welcomeText: text = 'a'
9.4810 	EXP 	welcomeImage: image = 'img/0m&m.png'
9.4810 	EXP 	welcomeText: text = 'a'
9.5337 	EXP 	welcomeImage: image = 'img/0m&m.png'
9.5337 	EXP 	welcomeText: text = 'a'
9.5736 	EXP 	welcomeImage: image = 'img/0m&m.png'
9.5736 	EXP 	welcomeText: text = 'a'
9.6133 	EXP 	welcomeImage: image = 'img/0m&m.png'
9.6133 	EXP 	welcomeText: text = 'a'
9.6542 	EXP 	welcomeImage: image = 'img/0m&m.png'
9.6542 	EXP 	welcomeText: text = 'a'
9.7110 	EXP 	welcomeImage: image = 'img/0m&m.png'
9.7110 	EXP 	welcomeText: text = 'a'
9.7518 	EXP 	welcomeImage: image = 'img/0m&m.png'
9.7518 	EXP 	welcomeText: text = 'a'
9.7935 	EXP 	welcomeImage: image = 'img/0m&m.png'
9.7935 	EXP 	welcomeText: text = 'a'
9.8414 	EXP 	welcomeImage: image = 'img/0m&m.png'
9.8414 	EXP 	welcomeText: text = 'a'
9.8887 	EXP 	welcomeImage: image = 'img/0m&m.png'
9.8887 	EXP 	welcomeText: text = 'a'
9.9360 	EXP 	welcomeImage: image = 'img/0m&m.png'
9.9360 	EXP 	welcomeText: text = 'a'
9.9765 	EXP 	welcomeImage: image = 'img/0m&m.png'
9.9765 	EXP 	welcomeText: text = 'a'
10.0169 	EXP 	welcomeImage: image = 'img/0m&m.png'
10.0169 	EXP 	welcomeText: text = 'a'
10.0615 	EXP 	welcomeImage: image = 'img/0m&m.png'
10.0615 	EXP 	welcomeText: text = 'a'
10.1030 	EXP 	welcomeImage: image = 'img/0m&m.png'
10.1030 	EXP 	welcomeText: text = 'a'
10.1443 	EXP 	welcomeImage: image = 'img/0m&m.png'
10.1443 	EXP 	welcomeText: text = 'a'
10.2015 	EXP 	welcomeImage: image = 'img/0m&m.png'
10.2015 	EXP 	welcomeText: text = 'a'
10.2435 	EXP 	welcomeImage: image = 'img/0m&m.png'
10.2435 	EXP 	welcomeText: text = 'a'
10.2847 	EXP 	welcomeImage: image = 'img/0m&m.png'
10.2847 	EXP 	welcomeText: text = 'a'
10.3250 	EXP 	welcomeImage: image = 'img/0m&m.png'
10.3250 	EXP 	welcomeText: text = 'a'
10.3649 	EXP 	welcomeImage: image = 'img/0m&m.png'
10.3649 	EXP 	welcomeText: text = 'a'
10.4062 	EXP 	welcomeImage: image = 'img/0m&m.png'
10.4062 	EXP 	welcomeText: text = 'a'
10.4470 	EXP 	welcomeImage: image = 'img/0m&m.png'
10.4470 	EXP 	welcomeText: text = 'a'
10.4875 	EXP 	welcomeImage: image = 'img/0m&m.png'
10.4875 	EXP 	welcomeText: text = 'a'
10.5287 	EXP 	welcomeImage: image = 'img/0m&m.png'
10.5287 	EXP 	welcomeText: text = 'a'
10.5699 	EXP 	welcomeImage: image = 'img/0m&m.png'
10.5699 	EXP 	welcomeText: text = 'a'
10.6120 	EXP 	welcomeImage: image = 'img/0m&m.png'
10.6120 	EXP 	welcomeText: text = 'a'
10.6537 	EXP 	welcomeImage: image = 'img/0m&m.png'
10.6537 	EXP 	welcomeText: text = 'a'
10.6925 	EXP 	welcomeImage: image = 'img/0m&m.png'
10.6925 	EXP 	welcomeText: text = 'a'
10.7318 	EXP 	welcomeImage: image = 'img/0m&m.png'
10.7318 	EXP 	welcomeText: text = 'a'
10.7725 	EXP 	welcomeImage: image = 'img/0m&m.png'
10.7725 	EXP 	welcomeText: text = 'a'
10.8133 	EXP 	welcomeImage: image = 'img/0m&m.png'
10.8133 	EXP 	welcomeText: text = 'a'
10.8540 	EXP 	welcomeImage: image = 'img/0m&m.png'
10.8540 	EXP 	welcomeText: text = 'a'
10.9109 	EXP 	welcomeImage: image = 'img/0m&m.png'
10.9109 	EXP 	welcomeText: text = 'a'
10.9515 	EXP 	welcomeImage: image = 'img/0m&m.png'
10.9515 	EXP 	welcomeText: text = 'a'
10.9924 	EXP 	welcomeImage: image = 'img/0m&m.png'
10.9924 	EXP 	welcomeText: text = 'a'
11.0338 	EXP 	welcomeImage: image = 'img/0m&m.png'
11.0338 	EXP 	welcomeText: text = 'a'
11.0746 	EXP 	welcomeImage: image = 'img/0m&m.png'
11.0746 	EXP 	welcomeText: text = 'a'
11.1157 	EXP 	welcomeImage: image = 'img/0m&m.png'
11.1157 	EXP 	welcomeText: text = 'a'
11.1558 	EXP 	welcomeImage: image = 'img/0m&m.png'
11.1558 	EXP 	welcomeText: text = 'a'
11.1988 	EXP 	welcomeImage: image = 'img/0m&m.png'
11.1988 	EXP 	welcomeText: text = 'a'
11.2394 	EXP 	welcomeImage: image = 'img/0m&m.png'
11.2394 	EXP 	welcomeText: text = 'a'
11.2803 	EXP 	welcomeImage: image = 'img/0m&m.png'
11.2803 	EXP 	welcomeText: text = 'a'
11.3208 	EXP 	welcomeImage: image = 'img/0m&m.png'
11.3208 	EXP 	welcomeText: text = 'a'
11.3621 	EXP 	welcomeImage: image = 'img/0m&m.png'
11.3621 	EXP 	welcomeText: text = 'a'
11.4038 	EXP 	welcomeImage: image = 'img/0m&m.png'
11.4038 	EXP 	welcomeText: text = 'a'
11.4452 	EXP 	welcomeImage: image = 'img/0m&m.png'
11.4452 	EXP 	welcomeText: text = 'a'
11.4852 	EXP 	welcomeImage: image = 'img/0m&m.png'
11.4852 	EXP 	welcomeText: text = 'a'
11.5260 	EXP 	welcomeImage: image = 'img/0m&m.png'
11.5260 	EXP 	welcomeText: text = 'a'
11.5669 	EXP 	welcomeImage: image = 'img/0m&m.png'
11.5669 	EXP 	welcomeText: text = 'a'
11.6080 	EXP 	welcomeImage: image = 'img/0m&m.png'
11.6080 	EXP 	welcomeText: text = 'a'
11.6487 	EXP 	welcomeImage: image = 'img/0m&m.png'
11.6487 	EXP 	welcomeText: text = 'a'
11.6889 	EXP 	welcomeImage: image = 'img/0m&m.png'
11.6889 	EXP 	welcomeText: text = 'a'
11.7297 	EXP 	welcomeImage: image = 'img/0m&m.png'
11.7297 	EXP 	welcomeText: text = 'a'
11.7605 	DATA 	Keypress: escape
11.7680 	EXP 	window1: mouseVisible = True
0.3600 	WARNING 	We strongly recommend you activate the PTB sound engine in PsychoPy prefs as the preferred audio engine. Its timing is vastly superior. Your prefs are currently set to use ['sounddevice', 'PTB', 'pyo', 'pygame'] (in that order).
1.0026 	WARNING 	Import Error: No module named 'psychtoolbox'. Using event module for keyboard component.
2.5089 	WARNING 	User requested fullscreen with size [1536  864], but screen is actually [1920, 1080]. Using actual size
3.1125 	EXP 	Created window1 = Window(allowGUI=False, allowStencil=False, args=UNKNOWN, autoLog=True, bitsMode=UNKNOWN, blendMode='avg', bpc=(8, 8, 8), color=array([0., 0., 0.]), colorSpace='rgb', depthBits=8, fullscr=<method-wrapper '__getattribute__' of attributeSetter object at 0x7f86e78e76a0>, gamma=None, gammaErrorPolicy='raise', kwargs=UNKNOWN, lms=UNKNOWN, monitor=<psychopy.monitors.calibTools.Monitor object at 0x7f86e78ac4c0>, multiSample=False, name='window1', numSamples=2, pos=[0.0, 0.0], screen=0, size=array([1920, 1080]), stencilBits=0, stereo=False, units='height', useFBO=True, useRetina=False, viewOri=0.0, viewPos=None, viewScale=None, waitBlanking=True, winType='pyglet')
3.1128 	EXP 	window1: mouseVisible = True
3.1129 	EXP 	window1: recordFrameIntervals = False
3.2774 	EXP 	window1: recordFrameIntervals = True
3.4609 	EXP 	window1: recordFrameIntervals = False
3.4787 	EXP 	Created welcomeImage = ImageStim(__class__=<class 'psychopy.visual.image.ImageStim'>, autoLog=True, color=array([1., 1., 1.]), colorSpace='rgb', contrast=1.0, depth=0.0, flipHoriz=False, flipVert=False, image='sin', interpolate=True, mask=None, maskParams=None, name='welcomeImage', opacity=1.0, ori=0.0, pos=array([0. , 0.2]), size=array([0.5, 0.5]), texRes=128, units='height', win=Window(...))
3.5346 	EXP 	Created welcomeText = TextStim(__class__=<class 'psychopy.visual.text.TextStim'>, alignHoriz=method-wrapper(...), alignText='center', alignVert=method-wrapper(...), anchorHoriz='center', anchorVert='center', antialias=True, autoLog=True, bold=False, color='white', colorSpace='named', contrast=1.0, depth=-1.0, flipHoriz=False, flipVert=False, font='Arial', fontFiles=[], height=0.03, italic=False, languageStyle='LTR', name='welcomeText', opacity=1.0, ori=0, pos=array([ 0. , -0.3]), rgb=array([255., 255., 255.]), text='default text', units='height', win=Window(...), wrapWidth=1)
3.5564 	EXP 	Created welcome_text_2 = TextStim(__class__=<class 'psychopy.visual.text.TextStim'>, alignHoriz=method-wrapper(...), alignText='center', alignVert=method-wrapper(...), anchorHoriz='center', anchorVert='center', antialias=True, autoLog=True, bold=False, color='white', colorSpace='named', contrast=1.0, depth=0.0, flipHoriz=False, flipVert=False, font='Arial', fontFiles=[], height=0.03, italic=False, languageStyle='LTR', name='welcome_text_2', opacity=1.0, ori=0, pos=array([0., 0.]), rgb=array([255., 255., 255.]), text=str(...), units='height', win=Window(...), wrapWidth=1)
3.5837 	EXP 	Created onesecond = ImageStim(__class__=<class 'psychopy.visual.image.ImageStim'>, autoLog=True, color=array([1., 1., 1.]), colorSpace='rgb', contrast=1.0, depth=-2.0, flipHoriz=False, flipVert=False, image='img/odd_4_square.png', interpolate=True, mask=None, maskParams=None, name='onesecond', opacity=1.0, ori=0.0, pos=array([0., 0.]), size=array([1.8, 1. ]), texRes=128, units='height', win=Window(...))
3.6071 	EXP 	Created seven_second = ImageStim(__class__=<class 'psychopy.visual.image.ImageStim'>, autoLog=True, color=array([1., 1., 1.]), colorSpace='rgb', contrast=1.0, depth=-3.0, flipHoriz=False, flipVert=False, image='img/odd_8_square_4.png', interpolate=True, mask=None, maskParams=None, name='seven_second', opacity=1.0, ori=0.0, pos=array([0., 0.]), size=array([1.8, 1. ]), texRes=128, units='height', win=Window(...))
3.6087 	EXP 	Created fixImg = ImageStim(__class__=<class 'psychopy.visual.image.ImageStim'>, autoLog=True, color=array([1., 1., 1.]), colorSpace='rgb', contrast=1.0, depth=0.0, flipHoriz=False, flipVert=False, image='sin', interpolate=True, mask=None, maskParams=None, name='fixImg', opacity=1.0, ori=0.0, pos=array([0., 0.]), size=array([1.8, 1. ]), texRes=128, units='height', win=Window(...))
3.6100 	EXP 	Created delayImg = ImageStim(__class__=<class 'psychopy.visual.image.ImageStim'>, autoLog=True, color=array([1., 1., 1.]), colorSpace='rgb', contrast=1.0, depth=0.0, flipHoriz=False, flipVert=False, image='sin', interpolate=True, mask=None, maskParams=None, name='delayImg', opacity=1.0, ori=0.0, pos=array([0., 0.]), size=array([1.8, 1. ]), texRes=128, units='height', win=Window(...))
3.6110 	EXP 	Created choiceImg = ImageStim(__class__=<class 'psychopy.visual.image.ImageStim'>, autoLog=True, color=array([1., 1., 1.]), colorSpace='rgb', contrast=1.0, depth=0.0, flipHoriz=False, flipVert=False, image='sin', interpolate=True, mask=None, maskParams=None, name='choiceImg', opacity=1.0, ori=0.0, pos=array([0., 0.]), size=array([1.8, 1. ]), texRes=128, units='height', win=Window(...))
3.6191 	EXP 	Created choiceWarning = TextStim(__class__=<class 'psychopy.visual.text.TextStim'>, alignHoriz=method-wrapper(...), alignText='center', alignVert=method-wrapper(...), anchorHoriz='center', anchorVert='center', antialias=True, autoLog=True, bold=False, color='red', colorSpace='named', contrast=1.0, depth=-2.0, flipHoriz=False, flipVert=False, font='Arial', fontFiles=[], height=0.05, italic=False, languageStyle='LTR', name='choiceWarning', opacity=1.0, ori=0, pos=array([ 0. , -0.3]), rgb=array([255.,   0.,   0.]), text='default text', units='height', win=Window(...), wrapWidth=1)
3.6208 	EXP 	Created leftImg = ImageStim(__class__=<class 'psychopy.visual.image.ImageStim'>, autoLog=True, color=array([1., 1., 1.]), colorSpace='rgb', contrast=1.0, depth=0.0, flipHoriz=False, flipVert=False, image='sin', interpolate=True, mask=None, maskParams=None, name='leftImg', opacity=1.0, ori=0.0, pos=array([0., 0.]), size=array([1.8, 1. ]), texRes=128, units='height', win=Window(...))
3.6218 	EXP 	Created rewardImgLeft = ImageStim(__class__=<class 'psychopy.visual.image.ImageStim'>, autoLog=True, color=array([1., 1., 1.]), colorSpace='rgb', contrast=1.0, depth=0.0, flipHoriz=False, flipVert=False, image='sin', interpolate=True, mask=None, maskParams=None, name='rewardImgLeft', opacity=1.0, ori=0.0, pos=array([0., 0.]), size=array([1.8, 1. ]), texRes=128, units='height', win=Window(...))
3.6289 	EXP 	Created rewardText = TextStim(__class__=<class 'psychopy.visual.text.TextStim'>, alignHoriz=method-wrapper(...), alignText='center', alignVert=method-wrapper(...), anchorHoriz='center', anchorVert='center', antialias=True, autoLog=True, bold=False, color='red', colorSpace='named', contrast=1.0, depth=-1.0, flipHoriz=False, flipVert=False, font='Arial', fontFiles=[], height=0.1, italic=False, languageStyle='LTR', name='rewardText', opacity=1.0, ori=0, pos=array([0., 0.]), rgb=array([255.,   0.,   0.]), text='default text', units='height', win=Window(...), wrapWidth=1)
3.6300 	EXP 	Created rightImg = ImageStim(__class__=<class 'psychopy.visual.image.ImageStim'>, autoLog=True, color=array([1., 1., 1.]), colorSpace='rgb', contrast=1.0, depth=0.0, flipHoriz=False, flipVert=False, image='sin', interpolate=True, mask=None, maskParams=None, name='rightImg', opacity=1.0, ori=0.0, pos=array([0., 0.]), size=array([1.8, 1. ]), texRes=128, units='height', win=Window(...))
3.6310 	EXP 	Created rewardImgRight = ImageStim(__class__=<class 'psychopy.visual.image.ImageStim'>, autoLog=True, color=array([1., 1., 1.]), colorSpace='rgb', contrast=1.0, depth=0.0, flipHoriz=False, flipVert=False, image='sin', interpolate=True, mask=None, maskParams=None, name='rewardImgRight', opacity=1.0, ori=0.0, pos=array([0., 0.]), size=array([1.8, 1. ]), texRes=128, units='height', win=Window(...))
3.6325 	EXP 	Created rightText = TextStim(__class__=<class 'psychopy.visual.text.TextStim'>, alignHoriz=method-wrapper(...), alignText='center', alignVert=method-wrapper(...), anchorHoriz='center', anchorVert='center', antialias=True, autoLog=True, bold=False, color='red', colorSpace='named', contrast=1.0, depth=-1.0, flipHoriz=False, flipVert=False, font='Arial', fontFiles=[], height=0.1, italic=False, languageStyle='LTR', name='rightText', opacity=1.0, ori=0, pos=array([0., 0.]), rgb=array([255.,   0.,   0.]), text='default text', units='height', win=Window(...), wrapWidth=1)
3.6347 	EXP 	Created block4 = ImageStim(__class__=<class 'psychopy.visual.image.ImageStim'>, autoLog=True, color=array([1., 1., 1.]), colorSpace='rgb', contrast=1.0, depth=0.0, flipHoriz=False, flipVert=False, image='img/coffee.jpeg', interpolate=True, mask=None, maskParams=None, name='block4', opacity=1.0, ori=0.0, pos=array([ 0.5, -0.2]), size=array([0.35, 0.35]), texRes=128, units='height', win=Window(...))
3.6372 	EXP 	Created block3 = ImageStim(__class__=<class 'psychopy.visual.image.ImageStim'>, autoLog=True, color=array([1., 1., 1.]), colorSpace='rgb', contrast=1.0, depth=-1.0, flipHoriz=False, flipVert=False, image='img/cake.jpeg', interpolate=True, mask=None, maskParams=None, name='block3', opacity=1.0, ori=0.0, pos=array([0.5, 0.2]), size=array([0.35, 0.35]), texRes=128, units='height', win=Window(...))
3.6390 	EXP 	Created block2 = ImageStim(__class__=<class 'psychopy.visual.image.ImageStim'>, autoLog=True, color=array([1., 1., 1.]), colorSpace='rgb', contrast=1.0, depth=-2.0, flipHoriz=False, flipVert=False, image='img/gummi.jpeg', interpolate=True, mask=None, maskParams=None, name='block2', opacity=1.0, ori=0.0, pos=array([-0.5, -0.2]), size=array([0.35, 0.35]), texRes=128, units='height', win=Window(...))
3.6550 	EXP 	Created block1 = ImageStim(__class__=<class 'psychopy.visual.image.ImageStim'>, autoLog=True, color=array([1., 1., 1.]), colorSpace='rgb', contrast=1.0, depth=-3.0, flipHoriz=False, flipVert=False, image='img/tea.jpeg', interpolate=True, mask=None, maskParams=None, name='block1', opacity=1.0, ori=0.0, pos=array([-0.5,  0.2]), size=array([0.35, 0.35]), texRes=128, units='height', win=Window(...))
3.6566 	EXP 	Created repeatText = TextStim(__class__=<class 'psychopy.visual.text.TextStim'>, alignHoriz=method-wrapper(...), alignText='center', alignVert=method-wrapper(...), anchorHoriz='center', anchorVert='center', antialias=True, autoLog=True, bold=False, color='white', colorSpace='named', contrast=1.0, depth=-4.0, flipHoriz=False, flipVert=False, font='Arial', fontFiles=[], height=0.05, italic=False, languageStyle='LTR', name='repeatText', opacity=1.0, ori=0, pos=array([0., 0.]), rgb=array([255., 255., 255.]), text='default text', units='height', win=Window(...), wrapWidth=1)
3.7037 	EXP 	Created text = TextStim(__class__=<class 'psychopy.visual.text.TextStim'>, alignHoriz=method-wrapper(...), alignText='center', alignVert=method-wrapper(...), anchorHoriz='center', anchorVert='center', antialias=True, autoLog=True, bold=False, color='white', colorSpace='named', contrast=1.0, depth=0.0, flipHoriz=False, flipVert=False, font='Arial', fontFiles=[], height=0.03, italic=False, languageStyle='LTR', name='text', opacity=1.0, ori=0, pos=array([0., 0.]), rgb=array([255., 255., 255.]), text=str(...), units='height', win=Window(...), wrapWidth=1)
3.7100 	EXP 	Created endText = TextStim(__class__=<class 'psychopy.visual.text.TextStim'>, alignHoriz=method-wrapper(...), alignText='center', alignVert=method-wrapper(...), anchorHoriz='center', anchorVert='center', antialias=True, autoLog=True, bold=False, color='white', colorSpace='named', contrast=1.0, depth=0.0, flipHoriz=False, flipVert=False, font='Arial', fontFiles=[], height=0.05, italic=False, languageStyle='LTR', name='endText', opacity=1.0, ori=0, pos=array([0., 0.]), rgb=array([255., 255., 255.]), text=str(...), units='height', win=Window(...), wrapWidth=1)
3.7103 	EXP 	Created sequence: sequential, trialTypes=1, nReps=200, seed=None
3.7111 	EXP 	New trial (rep=0, index=0): None
3.7625 	EXP 	welcomeImage: autoDraw = True
3.7625 	EXP 	welcomeImage: image = 'img/0m&m.png'
3.7625 	EXP 	welcomeText: autoDraw = True
3.7625 	EXP 	welcomeText: text = 'a'
3.8047 	EXP 	welcomeImage: image = 'img/0m&m.png'
3.8047 	EXP 	welcomeText: text = 'a'
3.8462 	EXP 	welcomeImage: image = 'img/0m&m.png'
3.8462 	EXP 	welcomeText: text = 'a'
3.8878 	EXP 	welcomeImage: image = 'img/0m&m.png'
3.8878 	EXP 	welcomeText: text = 'a'
3.9241 	EXP 	welcomeImage: image = 'img/0m&m.png'
3.9241 	EXP 	welcomeText: text = 'a'
3.9619 	EXP 	welcomeImage: image = 'img/0m&m.png'
3.9619 	EXP 	welcomeText: text = 'a'
3.9993 	EXP 	welcomeImage: image = 'img/0m&m.png'
3.9993 	EXP 	welcomeText: text = 'a'
4.0398 	EXP 	welcomeImage: image = 'img/0m&m.png'
4.0398 	EXP 	welcomeText: text = 'a'
4.0817 	EXP 	welcomeImage: image = 'img/0m&m.png'
4.0817 	EXP 	welcomeText: text = 'a'
4.1238 	EXP 	welcomeImage: image = 'img/0m&m.png'
4.1238 	EXP 	welcomeText: text = 'a'
4.1652 	EXP 	welcomeImage: image = 'img/0m&m.png'
4.1652 	EXP 	welcomeText: text = 'a'
4.2069 	EXP 	welcomeImage: image = 'img/0m&m.png'
4.2069 	EXP 	welcomeText: text = 'a'
4.2661 	EXP 	welcomeImage: image = 'img/0m&m.png'
4.2661 	EXP 	welcomeText: text = 'a'
4.3089 	EXP 	welcomeImage: image = 'img/0m&m.png'
4.3089 	EXP 	welcomeText: text = 'a'
4.3509 	EXP 	welcomeImage: image = 'img/0m&m.png'
4.3509 	EXP 	welcomeText: text = 'a'
4.3932 	EXP 	welcomeImage: image = 'img/0m&m.png'
4.3932 	EXP 	welcomeText: text = 'a'
4.4354 	EXP 	welcomeImage: image = 'img/0m&m.png'
4.4354 	EXP 	welcomeText: text = 'a'
4.4670 	DATA 	Keypress: space
4.4692 	EXP 	New trial (rep=1, index=0): None
4.5079 	EXP 	welcomeImage: image = 'img/0m&m.png'
4.5079 	EXP 	welcomeText: text = 'a'
4.5079 	EXP 	welcomeImage: autoDraw = False
4.5079 	EXP 	welcomeText: autoDraw = False
4.5079 	EXP 	welcomeImage: autoDraw = True
4.5079 	EXP 	welcomeImage: image = 'img/0m&m.png'
4.5079 	EXP 	welcomeText: autoDraw = True
4.5079 	EXP 	welcomeText: text = 'a'
4.5453 	EXP 	welcomeImage: image = 'img/0m&m.png'
4.5453 	EXP 	welcomeText: text = 'a'
4.5838 	EXP 	welcomeImage: image = 'img/0m&m.png'
4.5838 	EXP 	welcomeText: text = 'a'
4.6254 	EXP 	welcomeImage: image = 'img/0m&m.png'
4.6254 	EXP 	welcomeText: text = 'a'
4.6661 	EXP 	welcomeImage: image = 'img/0m&m.png'
4.6661 	EXP 	welcomeText: text = 'a'
4.7077 	EXP 	welcomeImage: image = 'img/0m&m.png'
4.7077 	EXP 	welcomeText: text = 'a'
4.7493 	EXP 	welcomeImage: image = 'img/0m&m.png'
4.7493 	EXP 	welcomeText: text = 'a'
4.7904 	EXP 	welcomeImage: image = 'img/0m&m.png'
4.7904 	EXP 	welcomeText: text = 'a'
4.8319 	EXP 	welcomeImage: image = 'img/0m&m.png'
4.8319 	EXP 	welcomeText: text = 'a'
4.8727 	EXP 	welcomeImage: image = 'img/0m&m.png'
4.8727 	EXP 	welcomeText: text = 'a'
4.9155 	EXP 	welcomeImage: image = 'img/0m&m.png'
4.9155 	EXP 	welcomeText: text = 'a'
4.9570 	EXP 	welcomeImage: image = 'img/0m&m.png'
4.9570 	EXP 	welcomeText: text = 'a'
4.9983 	EXP 	welcomeImage: image = 'img/0m&m.png'
4.9983 	EXP 	welcomeText: text = 'a'
5.0390 	EXP 	welcomeImage: image = 'img/0m&m.png'
5.0390 	EXP 	welcomeText: text = 'a'
5.0793 	EXP 	welcomeImage: image = 'img/0m&m.png'
5.0793 	EXP 	welcomeText: text = 'a'
5.1213 	EXP 	welcomeImage: image = 'img/0m&m.png'
5.1213 	EXP 	welcomeText: text = 'a'
5.1625 	EXP 	welcomeImage: image = 'img/0m&m.png'
5.1625 	EXP 	welcomeText: text = 'a'
5.2040 	EXP 	welcomeImage: image = 'img/0m&m.png'
5.2040 	EXP 	welcomeText: text = 'a'
5.2459 	EXP 	welcomeImage: image = 'img/0m&m.png'
5.2459 	EXP 	welcomeText: text = 'a'
5.2866 	EXP 	welcomeImage: image = 'img/0m&m.png'
5.2866 	EXP 	welcomeText: text = 'a'
5.3410 	EXP 	welcomeImage: image = 'img/0m&m.png'
5.3410 	EXP 	welcomeText: text = 'a'
5.3907 	EXP 	welcomeImage: image = 'img/0m&m.png'
5.3907 	EXP 	welcomeText: text = 'a'
5.4277 	EXP 	welcomeImage: image = 'img/0m&m.png'
5.4277 	EXP 	welcomeText: text = 'a'
5.4658 	EXP 	welcomeImage: image = 'img/0m&m.png'
5.4658 	EXP 	welcomeText: text = 'a'
5.5075 	EXP 	welcomeImage: image = 'img/0m&m.png'
5.5075 	EXP 	welcomeText: text = 'a'
5.5486 	EXP 	welcomeImage: image = 'img/0m&m.png'
5.5486 	EXP 	welcomeText: text = 'a'
5.5892 	EXP 	welcomeImage: image = 'img/0m&m.png'
5.5892 	EXP 	welcomeText: text = 'a'
5.6319 	EXP 	welcomeImage: image = 'img/0m&m.png'
5.6319 	EXP 	welcomeText: text = 'a'
5.6742 	EXP 	welcomeImage: image = 'img/0m&m.png'
5.6742 	EXP 	welcomeText: text = 'a'
5.7144 	EXP 	welcomeImage: image = 'img/0m&m.png'
5.7144 	EXP 	welcomeText: text = 'a'
5.7560 	EXP 	welcomeImage: image = 'img/0m&m.png'
5.7560 	EXP 	welcomeText: text = 'a'
5.7970 	EXP 	welcomeImage: image = 'img/0m&m.png'
5.7970 	EXP 	welcomeText: text = 'a'
5.8385 	EXP 	welcomeImage: image = 'img/0m&m.png'
5.8385 	EXP 	welcomeText: text = 'a'
5.8802 	EXP 	welcomeImage: image = 'img/0m&m.png'
5.8802 	EXP 	welcomeText: text = 'a'
5.9219 	EXP 	welcomeImage: image = 'img/0m&m.png'
5.9219 	EXP 	welcomeText: text = 'a'
5.9623 	EXP 	welcomeImage: image = 'img/0m&m.png'
5.9623 	EXP 	welcomeText: text = 'a'
6.0049 	EXP 	welcomeImage: image = 'img/0m&m.png'
6.0049 	EXP 	welcomeText: text = 'a'
6.0462 	EXP 	welcomeImage: image = 'img/0m&m.png'
6.0462 	EXP 	welcomeText: text = 'a'
6.0869 	EXP 	welcomeImage: image = 'img/0m&m.png'
6.0869 	EXP 	welcomeText: text = 'a'
6.1292 	EXP 	welcomeImage: image = 'img/0m&m.png'
6.1292 	EXP 	welcomeText: text = 'a'
6.1706 	EXP 	welcomeImage: image = 'img/0m&m.png'
6.1706 	EXP 	welcomeText: text = 'a'
6.2113 	EXP 	welcomeImage: image = 'img/0m&m.png'
6.2113 	EXP 	welcomeText: text = 'a'
6.2512 	EXP 	welcomeImage: image = 'img/0m&m.png'
6.2512 	EXP 	welcomeText: text = 'a'
6.3071 	EXP 	welcomeImage: image = 'img/0m&m.png'
6.3071 	EXP 	welcomeText: text = 'a'
6.3602 	EXP 	welcomeImage: image = 'img/0m&m.png'
6.3602 	EXP 	welcomeText: text = 'a'
6.4013 	EXP 	welcomeImage: image = 'img/0m&m.png'
6.4013 	EXP 	welcomeText: text = 'a'
6.4438 	EXP 	welcomeImage: image = 'img/0m&m.png'
6.4438 	EXP 	welcomeText: text = 'a'
6.4848 	EXP 	welcomeImage: image = 'img/0m&m.png'
6.4848 	EXP 	welcomeText: text = 'a'
6.5319 	DATA 	Keypress: space
6.5337 	EXP 	New trial (rep=2, index=0): None
6.5751 	EXP 	welcomeImage: image = 'img/0m&m.png'
6.5751 	EXP 	welcomeText: text = 'a'
6.5751 	EXP 	welcomeImage: autoDraw = False
6.5751 	EXP 	welcomeText: autoDraw = False
6.5751 	EXP 	welcomeImage: autoDraw = True
6.5751 	EXP 	welcomeImage: image = 'img/0m&m.png'
6.5751 	EXP 	welcomeText: autoDraw = True
6.5751 	EXP 	welcomeText: text = 'a'
6.6309 	EXP 	welcomeImage: image = 'img/0m&m.png'
6.6309 	EXP 	welcomeText: text = 'a'
6.6736 	EXP 	welcomeImage: image = 'img/0m&m.png'
6.6736 	EXP 	welcomeText: text = 'a'
6.7151 	EXP 	welcomeImage: image = 'img/0m&m.png'
6.7151 	EXP 	welcomeText: text = 'a'
6.7565 	EXP 	welcomeImage: image = 'img/0m&m.png'
6.7565 	EXP 	welcomeText: text = 'a'
6.7974 	EXP 	welcomeImage: image = 'img/0m&m.png'
6.7974 	EXP 	welcomeText: text = 'a'
6.8388 	EXP 	welcomeImage: image = 'img/0m&m.png'
6.8388 	EXP 	welcomeText: text = 'a'
6.8804 	EXP 	welcomeImage: image = 'img/0m&m.png'
6.8804 	EXP 	welcomeText: text = 'a'
6.9231 	EXP 	welcomeImage: image = 'img/0m&m.png'
6.9231 	EXP 	welcomeText: text = 'a'
6.9633 	EXP 	welcomeImage: image = 'img/0m&m.png'
6.9633 	EXP 	welcomeText: text = 'a'
7.0042 	EXP 	welcomeImage: image = 'img/0m&m.png'
7.0042 	EXP 	welcomeText: text = 'a'
7.0568 	EXP 	welcomeImage: image = 'img/0m&m.png'
7.0568 	EXP 	welcomeText: text = 'a'
7.0968 	EXP 	welcomeImage: image = 'img/0m&m.png'
7.0968 	EXP 	welcomeText: text = 'a'
7.1538 	EXP 	welcomeImage: image = 'img/0m&m.png'
7.1538 	EXP 	welcomeText: text = 'a'
7.2097 	EXP 	welcomeImage: image = 'img/0m&m.png'
7.2097 	EXP 	welcomeText: text = 'a'
7.2501 	EXP 	welcomeImage: image = 'img/0m&m.png'
7.2501 	EXP 	welcomeText: text = 'a'
7.2923 	EXP 	welcomeImage: image = 'img/0m&m.png'
7.2923 	EXP 	welcomeText: text = 'a'
7.3327 	EXP 	welcomeImage: image = 'img/0m&m.png'
7.3327 	EXP 	welcomeText: text = 'a'
7.3734 	EXP 	welcomeImage: image = 'img/0m&m.png'
7.3734 	EXP 	welcomeText: text = 'a'
7.4152 	EXP 	welcomeImage: image = 'img/0m&m.png'
7.4152 	EXP 	welcomeText: text = 'a'
7.4559 	EXP 	welcomeImage: image = 'img/0m&m.png'
7.4559 	EXP 	welcomeText: text = 'a'
7.4964 	EXP 	welcomeImage: image = 'img/0m&m.png'
7.4964 	EXP 	welcomeText: text = 'a'
7.5374 	EXP 	welcomeImage: image = 'img/0m&m.png'
7.5374 	EXP 	welcomeText: text = 'a'
7.5703 	DATA 	Keypress: q
7.5724 	EXP 	New trial (rep=3, index=0): None
7.6146 	EXP 	welcomeImage: image = 'img/0m&m.png'
7.6146 	EXP 	welcomeText: text = 'a'
7.6146 	EXP 	welcomeImage: autoDraw = False
7.6146 	EXP 	welcomeText: autoDraw = False
7.6146 	EXP 	welcomeImage: autoDraw = True
7.6146 	EXP 	welcomeImage: image = 'img/0m&m.png'
7.6146 	EXP 	welcomeText: autoDraw = True
7.6146 	EXP 	welcomeText: text = 'a'
7.6558 	EXP 	welcomeImage: image = 'img/0m&m.png'
7.6558 	EXP 	welcomeText: text = 'a'
7.6971 	EXP 	welcomeImage: image = 'img/0m&m.png'
7.6971 	EXP 	welcomeText: text = 'a'
7.7382 	EXP 	welcomeImage: image = 'img/0m&m.png'
7.7382 	EXP 	welcomeText: text = 'a'
7.7798 	EXP 	welcomeImage: image = 'img/0m&m.png'
7.7798 	EXP 	welcomeText: text = 'a'
7.8206 	EXP 	welcomeImage: image = 'img/0m&m.png'
7.8206 	EXP 	welcomeText: text = 'a'
7.8619 	EXP 	welcomeImage: image = 'img/0m&m.png'
7.8619 	EXP 	welcomeText: text = 'a'
7.9038 	EXP 	welcomeImage: image = 'img/0m&m.png'
7.9038 	EXP 	welcomeText: text = 'a'
7.9454 	EXP 	welcomeImage: image = 'img/0m&m.png'
7.9454 	EXP 	welcomeText: text = 'a'
7.9875 	EXP 	welcomeImage: image = 'img/0m&m.png'
7.9875 	EXP 	welcomeText: text = 'a'
8.0285 	EXP 	welcomeImage: image = 'img/0m&m.png'
8.0285 	EXP 	welcomeText: text = 'a'
8.0713 	EXP 	welcomeImage: image = 'img/0m&m.png'
8.0713 	EXP 	welcomeText: text = 'a'
8.1132 	EXP 	welcomeImage: image = 'img/0m&m.png'
8.1132 	EXP 	welcomeText: text = 'a'
8.1547 	EXP 	welcomeImage: image = 'img/0m&m.png'
8.1547 	EXP 	welcomeText: text = 'a'
8.1964 	EXP 	welcomeImage: image = 'img/0m&m.png'
8.1964 	EXP 	welcomeText: text = 'a'
8.2374 	EXP 	welcomeImage: image = 'img/0m&m.png'
8.2374 	EXP 	welcomeText: text = 'a'
8.2800 	EXP 	welcomeImage: image = 'img/0m&m.png'
8.2800 	EXP 	welcomeText: text = 'a'
8.3205 	EXP 	welcomeImage: image = 'img/0m&m.png'
8.3205 	EXP 	welcomeText: text = 'a'
8.3616 	EXP 	welcomeImage: image = 'img/0m&m.png'
8.3616 	EXP 	welcomeText: text = 'a'
8.4034 	EXP 	welcomeImage: image = 'img/0m&m.png'
8.4034 	EXP 	welcomeText: text = 'a'
8.4598 	EXP 	welcomeImage: image = 'img/0m&m.png'
8.4598 	EXP 	welcomeText: text = 'a'
8.5025 	EXP 	welcomeImage: image = 'img/0m&m.png'
8.5025 	EXP 	welcomeText: text = 'a'
8.5435 	EXP 	welcomeImage: image = 'img/0m&m.png'
8.5435 	EXP 	welcomeText: text = 'a'
8.5859 	EXP 	welcomeImage: image = 'img/0m&m.png'
8.5859 	EXP 	welcomeText: text = 'a'
8.6287 	EXP 	welcomeImage: image = 'img/0m&m.png'
8.6287 	EXP 	welcomeText: text = 'a'
8.6705 	EXP 	welcomeImage: image = 'img/0m&m.png'
8.6705 	EXP 	welcomeText: text = 'a'
8.7117 	EXP 	welcomeImage: image = 'img/0m&m.png'
8.7117 	EXP 	welcomeText: text = 'a'
8.7525 	EXP 	welcomeImage: image = 'img/0m&m.png'
8.7525 	EXP 	welcomeText: text = 'a'
8.7938 	EXP 	welcomeImage: image = 'img/0m&m.png'
8.7938 	EXP 	welcomeText: text = 'a'
8.8262 	DATA 	Keypress: q
8.8281 	EXP 	New trial (rep=4, index=0): None
8.8700 	EXP 	welcomeImage: image = 'img/0m&m.png'
8.8700 	EXP 	welcomeText: text = 'a'
8.8700 	EXP 	welcomeImage: autoDraw = False
8.8700 	EXP 	welcomeText: autoDraw = False
8.8700 	EXP 	welcomeImage: autoDraw = True
8.8700 	EXP 	welcomeImage: image = 'img/0m&m.png'
8.8700 	EXP 	welcomeText: autoDraw = True
8.8700 	EXP 	welcomeText: text = 'a'
8.9117 	EXP 	welcomeImage: image = 'img/0m&m.png'
8.9117 	EXP 	welcomeText: text = 'a'
8.9529 	EXP 	welcomeImage: image = 'img/0m&m.png'
8.9529 	EXP 	welcomeText: text = 'a'
8.9953 	EXP 	welcomeImage: image = 'img/0m&m.png'
8.9953 	EXP 	welcomeText: text = 'a'
9.0272 	DATA 	Keypress: q
9.0290 	EXP 	New trial (rep=5, index=0): None
9.0712 	EXP 	welcomeImage: image = 'img/0m&m.png'
9.0712 	EXP 	welcomeText: text = 'a'
9.0712 	EXP 	welcomeImage: autoDraw = False
9.0712 	EXP 	welcomeText: autoDraw = False
9.0712 	EXP 	welcomeImage: autoDraw = True
9.0712 	EXP 	welcomeImage: image = 'img/0m&m.png'
9.0712 	EXP 	welcomeText: autoDraw = True
9.0712 	EXP 	welcomeText: text = 'a'
9.1136 	EXP 	welcomeImage: image = 'img/0m&m.png'
9.1136 	EXP 	welcomeText: text = 'a'
9.1562 	EXP 	welcomeImage: image = 'img/0m&m.png'
9.1562 	EXP 	welcomeText: text = 'a'
9.1988 	EXP 	welcomeImage: image = 'img/0m&m.png'
9.1988 	EXP 	welcomeText: text = 'a'
9.2401 	EXP 	welcomeImage: image = 'img/0m&m.png'
9.2401 	EXP 	welcomeText: text = 'a'
9.2735 	DATA 	Keypress: q
9.2753 	EXP 	New trial (rep=6, index=0): None
9.3169 	EXP 	welcomeImage: image = 'img/0m&m.png'
9.3169 	EXP 	welcomeText: text = 'a'
9.3169 	EXP 	welcomeImage: autoDraw = False
9.3169 	EXP 	welcomeText: autoDraw = False
9.3169 	EXP 	welcomeImage: autoDraw = True
9.3169 	EXP 	welcomeImage: image = 'img/0m&m.png'
9.3169 	EXP 	welcomeText: autoDraw = True
9.3169 	EXP 	welcomeText: text = 'a'
9.3577 	EXP 	welcomeImage: image = 'img/0m&m.png'
9.3577 	EXP 	welcomeText: text = 'a'
9.3996 	EXP 	welcomeImage: image = 'img/0m&m.png'
9.3996 	EXP 	welcomeText: text = 'a'
9.4409 	EXP 	welcomeImage: image = 'img/0m&m.png'
9.4409 	EXP 	welcomeText: text = 'a'
9.4830 	EXP 	welcomeImage: image = 'img/0m&m.png'
9.4830 	EXP 	welcomeText: text = 'a'
9.5166 	DATA 	Keypress: q
9.5194 	EXP 	New trial (rep=7, index=0): None
9.5620 	EXP 	welcomeImage: image = 'img/0m&m.png'
9.5620 	EXP 	welcomeText: text = 'a'
9.5620 	EXP 	welcomeImage: autoDraw = False
9.5620 	EXP 	welcomeText: autoDraw = False
9.5620 	EXP 	welcomeImage: autoDraw = True
9.5620 	EXP 	welcomeImage: image = 'img/0m&m.png'
9.5620 	EXP 	welcomeText: autoDraw = True
9.5620 	EXP 	welcomeText: text = 'a'
9.6047 	EXP 	welcomeImage: image = 'img/0m&m.png'
9.6047 	EXP 	welcomeText: text = 'a'
9.6462 	EXP 	welcomeImage: image = 'img/0m&m.png'
9.6462 	EXP 	welcomeText: text = 'a'
9.6870 	EXP 	welcomeImage: image = 'img/0m&m.png'
9.6870 	EXP 	welcomeText: text = 'a'
9.7366 	DATA 	Keypress: q
9.7386 	EXP 	New trial (rep=8, index=0): None
9.7823 	EXP 	welcomeImage: image = 'img/0m&m.png'
9.7823 	EXP 	welcomeText: text = 'a'
9.7823 	EXP 	welcomeImage: autoDraw = False
9.7823 	EXP 	welcomeText: autoDraw = False
9.7823 	EXP 	welcomeImage: autoDraw = True
9.7823 	EXP 	welcomeImage: image = 'img/0m&m.png'
9.7823 	EXP 	welcomeText: autoDraw = True
9.7823 	EXP 	welcomeText: text = 'a'
9.8237 	EXP 	welcomeImage: image = 'img/0m&m.png'
9.8237 	EXP 	welcomeText: text = 'a'
9.8653 	EXP 	welcomeImage: image = 'img/0m&m.png'
9.8653 	EXP 	welcomeText: text = 'a'
9.8984 	DATA 	Keypress: q
9.9003 	EXP 	New trial (rep=9, index=0): None
9.9420 	EXP 	welcomeImage: image = 'img/0m&m.png'
9.9420 	EXP 	welcomeText: text = 'a'
9.9420 	EXP 	welcomeImage: autoDraw = False
9.9420 	EXP 	welcomeText: autoDraw = False
9.9420 	EXP 	welcomeImage: autoDraw = True
9.9420 	EXP 	welcomeImage: image = 'img/0m&m.png'
9.9420 	EXP 	welcomeText: autoDraw = True
9.9420 	EXP 	welcomeText: text = 'a'
9.9956 	EXP 	welcomeImage: image = 'img/0m&m.png'
9.9956 	EXP 	welcomeText: text = 'a'
10.0369 	EXP 	welcomeImage: image = 'img/0m&m.png'
10.0369 	EXP 	welcomeText: text = 'a'
10.0781 	EXP 	welcomeImage: image = 'img/0m&m.png'
10.0781 	EXP 	welcomeText: text = 'a'
10.1101 	DATA 	Keypress: q
10.1119 	EXP 	New trial (rep=10, index=0): None
10.1538 	EXP 	welcomeImage: image = 'img/0m&m.png'
10.1538 	EXP 	welcomeText: text = 'a'
10.1538 	EXP 	welcomeImage: autoDraw = False
10.1538 	EXP 	welcomeText: autoDraw = False
10.1538 	EXP 	welcomeImage: autoDraw = True
10.1538 	EXP 	welcomeImage: image = 'img/0m&m.png'
10.1538 	EXP 	welcomeText: autoDraw = True
10.1538 	EXP 	welcomeText: text = 'a'
10.1957 	EXP 	welcomeImage: image = 'img/0m&m.png'
10.1957 	EXP 	welcomeText: text = 'a'
10.2370 	EXP 	welcomeImage: image = 'img/0m&m.png'
10.2370 	EXP 	welcomeText: text = 'a'
10.2790 	EXP 	welcomeImage: image = 'img/0m&m.png'
10.2790 	EXP 	welcomeText: text = 'a'
10.3117 	DATA 	Keypress: q
10.3135 	EXP 	New trial (rep=11, index=0): None
10.3560 	EXP 	welcomeImage: image = 'img/0m&m.png'
10.3560 	EXP 	welcomeText: text = 'a'
10.3560 	EXP 	welcomeImage: autoDraw = False
10.3560 	EXP 	welcomeText: autoDraw = False
10.3560 	EXP 	welcomeImage: autoDraw = True
10.3560 	EXP 	welcomeImage: image = 'img/0m&m.png'
10.3560 	EXP 	welcomeText: autoDraw = True
10.3560 	EXP 	welcomeText: text = 'a'
10.3986 	EXP 	welcomeImage: image = 'img/0m&m.png'
10.3986 	EXP 	welcomeText: text = 'a'
10.4411 	EXP 	welcomeImage: image = 'img/0m&m.png'
10.4411 	EXP 	welcomeText: text = 'a'
10.4835 	EXP 	welcomeImage: image = 'img/0m&m.png'
10.4835 	EXP 	welcomeText: text = 'a'
10.5254 	EXP 	welcomeImage: image = 'img/0m&m.png'
10.5254 	EXP 	welcomeText: text = 'a'
10.5669 	EXP 	welcomeImage: image = 'img/0m&m.png'
10.5669 	EXP 	welcomeText: text = 'a'
10.6072 	EXP 	welcomeImage: image = 'img/0m&m.png'
10.6072 	EXP 	welcomeText: text = 'a'
10.6489 	EXP 	welcomeImage: image = 'img/0m&m.png'
10.6489 	EXP 	welcomeText: text = 'a'
10.6902 	EXP 	welcomeImage: image = 'img/0m&m.png'
10.6902 	EXP 	welcomeText: text = 'a'
10.7313 	EXP 	welcomeImage: image = 'img/0m&m.png'
10.7313 	EXP 	welcomeText: text = 'a'
10.7718 	EXP 	welcomeImage: image = 'img/0m&m.png'
10.7718 	EXP 	welcomeText: text = 'a'
10.8122 	EXP 	welcomeImage: image = 'img/0m&m.png'
10.8122 	EXP 	welcomeText: text = 'a'
10.8539 	EXP 	welcomeImage: image = 'img/0m&m.png'
10.8539 	EXP 	welcomeText: text = 'a'
10.8957 	EXP 	welcomeImage: image = 'img/0m&m.png'
10.8957 	EXP 	welcomeText: text = 'a'
10.9506 	EXP 	welcomeImage: image = 'img/0m&m.png'
10.9506 	EXP 	welcomeText: text = 'a'
10.9921 	EXP 	welcomeImage: image = 'img/0m&m.png'
10.9921 	EXP 	welcomeText: text = 'a'
11.0337 	EXP 	welcomeImage: image = 'img/0m&m.png'
11.0337 	EXP 	welcomeText: text = 'a'
11.0740 	EXP 	welcomeImage: image = 'img/0m&m.png'
11.0740 	EXP 	welcomeText: text = 'a'
11.1147 	EXP 	welcomeImage: image = 'img/0m&m.png'
11.1147 	EXP 	welcomeText: text = 'a'
11.1570 	EXP 	welcomeImage: image = 'img/0m&m.png'
11.1570 	EXP 	welcomeText: text = 'a'
11.1898 	DATA 	Keypress: escape
11.1969 	EXP 	window1: mouseVisible = True
