0.3276 	WARNING 	We strongly recommend you activate the PTB sound engine in PsychoPy prefs as the preferred audio engine. Its timing is vastly superior. Your prefs are currently set to use ['sounddevice', 'PTB', 'pyo', 'pygame'] (in that order).
0.9604 	WARNING 	Import Error: No module named 'psychtoolbox'. Using event module for keyboard component.
2.3354 	WARNING 	User requested fullscreen with size [1536  864], but screen is actually [1920, 1080]. Using actual size
2.9096 	EXP 	Created window1 = Window(allowGUI=False, allowStencil=False, args=UNKNOWN, autoLog=True, bitsMode=UNKNOWN, blendMode='avg', bpc=(8, 8, 8), color=array([0., 0., 0.]), colorSpace='rgb', depthBits=8, fullscr=<method-wrapper '__getattribute__' of attributeSetter object at 0x7f580cdc6610>, gamma=None, gammaErrorPolicy='raise', kwargs=UNKNOWN, lms=UNKNOWN, monitor=<psychopy.monitors.calibTools.Monitor object at 0x7f580cd8b430>, multiSample=False, name='window1', numSamples=2, pos=[0.0, 0.0], screen=0, size=array([1920, 1080]), stencilBits=0, stereo=False, units='height', useFBO=True, useRetina=False, viewOri=0.0, viewPos=None, viewScale=None, waitBlanking=True, winType='pyglet')
2.9099 	EXP 	window1: mouseVisible = True
2.9100 	EXP 	window1: recordFrameIntervals = False
3.0744 	EXP 	window1: recordFrameIntervals = True
3.2580 	EXP 	window1: recordFrameIntervals = False
3.3410 	EXP 	Created welcomeText = TextStim(__class__=<class 'psychopy.visual.text.TextStim'>, alignHoriz=method-wrapper(...), alignText='center', alignVert=method-wrapper(...), anchorHoriz='center', anchorVert='center', antialias=True, autoLog=True, bold=False, color='white', colorSpace='named', contrast=1.0, depth=0.0, flipHoriz=False, flipVert=False, font='Arial', fontFiles=[], height=0.03, italic=False, languageStyle='LTR', name='welcomeText', opacity=1.0, ori=0, pos=array([0., 0.]), rgb=array([255., 255., 255.]), text='default text', units='height', win=Window(...), wrapWidth=1)
3.3592 	EXP 	Created welcome_text_2 = TextStim(__class__=<class 'psychopy.visual.text.TextStim'>, alignHoriz=method-wrapper(...), alignText='center', alignVert=method-wrapper(...), anchorHoriz='center', anchorVert='center', antialias=True, autoLog=True, bold=False, color='white', colorSpace='named', contrast=1.0, depth=0.0, flipHoriz=False, flipVert=False, font='Arial', fontFiles=[], height=0.03, italic=False, languageStyle='LTR', name='welcome_text_2', opacity=1.0, ori=0, pos=array([0., 0.]), rgb=array([255., 255., 255.]), text=str(...), units='height', win=Window(...), wrapWidth=1)
3.3855 	EXP 	Created onesecond = ImageStim(__class__=<class 'psychopy.visual.image.ImageStim'>, autoLog=True, color=array([1., 1., 1.]), colorSpace='rgb', contrast=1.0, depth=-2.0, flipHoriz=False, flipVert=False, image='img/odd_4_square.png', interpolate=True, mask=None, maskParams=None, name='onesecond', opacity=1.0, ori=0.0, pos=array([0., 0.]), size=array([1.8, 1. ]), texRes=128, units='height', win=Window(...))
3.4072 	EXP 	Created seven_second = ImageStim(__class__=<class 'psychopy.visual.image.ImageStim'>, autoLog=True, color=array([1., 1., 1.]), colorSpace='rgb', contrast=1.0, depth=-3.0, flipHoriz=False, flipVert=False, image='img/odd_8_square_4.png', interpolate=True, mask=None, maskParams=None, name='seven_second', opacity=1.0, ori=0.0, pos=array([0., 0.]), size=array([1.8, 1. ]), texRes=128, units='height', win=Window(...))
3.4096 	EXP 	Created fixImg = ImageStim(__class__=<class 'psychopy.visual.image.ImageStim'>, autoLog=True, color=array([1., 1., 1.]), colorSpace='rgb', contrast=1.0, depth=0.0, flipHoriz=False, flipVert=False, image='sin', interpolate=True, mask=None, maskParams=None, name='fixImg', opacity=1.0, ori=0.0, pos=array([0., 0.]), size=array([1.8, 1. ]), texRes=128, units='height', win=Window(...))
3.4106 	EXP 	Created delayImg = ImageStim(__class__=<class 'psychopy.visual.image.ImageStim'>, autoLog=True, color=array([1., 1., 1.]), colorSpace='rgb', contrast=1.0, depth=0.0, flipHoriz=False, flipVert=False, image='sin', interpolate=True, mask=None, maskParams=None, name='delayImg', opacity=1.0, ori=0.0, pos=array([0., 0.]), size=array([1.8, 1. ]), texRes=128, units='height', win=Window(...))
3.4117 	EXP 	Created choiceImg = ImageStim(__class__=<class 'psychopy.visual.image.ImageStim'>, autoLog=True, color=array([1., 1., 1.]), colorSpace='rgb', contrast=1.0, depth=0.0, flipHoriz=False, flipVert=False, image='sin', interpolate=True, mask=None, maskParams=None, name='choiceImg', opacity=1.0, ori=0.0, pos=array([0., 0.]), size=array([1.8, 1. ]), texRes=128, units='height', win=Window(...))
3.4199 	EXP 	Created choiceWarning = TextStim(__class__=<class 'psychopy.visual.text.TextStim'>, alignHoriz=method-wrapper(...), alignText='center', alignVert=method-wrapper(...), anchorHoriz='center', anchorVert='center', antialias=True, autoLog=True, bold=False, color='red', colorSpace='named', contrast=1.0, depth=-2.0, flipHoriz=False, flipVert=False, font='Arial', fontFiles=[], height=0.05, italic=False, languageStyle='LTR', name='choiceWarning', opacity=1.0, ori=0, pos=array([ 0. , -0.3]), rgb=array([255.,   0.,   0.]), text='default text', units='height', win=Window(...), wrapWidth=1)
3.4210 	EXP 	Created leftImg = ImageStim(__class__=<class 'psychopy.visual.image.ImageStim'>, autoLog=True, color=array([1., 1., 1.]), colorSpace='rgb', contrast=1.0, depth=0.0, flipHoriz=False, flipVert=False, image='sin', interpolate=True, mask=None, maskParams=None, name='leftImg', opacity=1.0, ori=0.0, pos=array([0., 0.]), size=array([1.8, 1. ]), texRes=128, units='height', win=Window(...))
3.4221 	EXP 	Created rewardImgLeft = ImageStim(__class__=<class 'psychopy.visual.image.ImageStim'>, autoLog=True, color=array([1., 1., 1.]), colorSpace='rgb', contrast=1.0, depth=0.0, flipHoriz=False, flipVert=False, image='sin', interpolate=True, mask=None, maskParams=None, name='rewardImgLeft', opacity=1.0, ori=0.0, pos=array([0., 0.]), size=array([1.8, 1. ]), texRes=128, units='height', win=Window(...))
3.4291 	EXP 	Created rewardText = TextStim(__class__=<class 'psychopy.visual.text.TextStim'>, alignHoriz=method-wrapper(...), alignText='center', alignVert=method-wrapper(...), anchorHoriz='center', anchorVert='center', antialias=True, autoLog=True, bold=False, color='red', colorSpace='named', contrast=1.0, depth=-1.0, flipHoriz=False, flipVert=False, font='Arial', fontFiles=[], height=0.1, italic=False, languageStyle='LTR', name='rewardText', opacity=1.0, ori=0, pos=array([0., 0.]), rgb=array([255.,   0.,   0.]), text='default text', units='height', win=Window(...), wrapWidth=1)
3.4301 	EXP 	Created rightImg = ImageStim(__class__=<class 'psychopy.visual.image.ImageStim'>, autoLog=True, color=array([1., 1., 1.]), colorSpace='rgb', contrast=1.0, depth=0.0, flipHoriz=False, flipVert=False, image='sin', interpolate=True, mask=None, maskParams=None, name='rightImg', opacity=1.0, ori=0.0, pos=array([0., 0.]), size=array([1.8, 1. ]), texRes=128, units='height', win=Window(...))
3.4311 	EXP 	Created rewardImgRight = ImageStim(__class__=<class 'psychopy.visual.image.ImageStim'>, autoLog=True, color=array([1., 1., 1.]), colorSpace='rgb', contrast=1.0, depth=0.0, flipHoriz=False, flipVert=False, image='sin', interpolate=True, mask=None, maskParams=None, name='rewardImgRight', opacity=1.0, ori=0.0, pos=array([0., 0.]), size=array([1.8, 1. ]), texRes=128, units='height', win=Window(...))
3.4325 	EXP 	Created rightText = TextStim(__class__=<class 'psychopy.visual.text.TextStim'>, alignHoriz=method-wrapper(...), alignText='center', alignVert=method-wrapper(...), anchorHoriz='center', anchorVert='center', antialias=True, autoLog=True, bold=False, color='red', colorSpace='named', contrast=1.0, depth=-1.0, flipHoriz=False, flipVert=False, font='Arial', fontFiles=[], height=0.1, italic=False, languageStyle='LTR', name='rightText', opacity=1.0, ori=0, pos=array([0., 0.]), rgb=array([255.,   0.,   0.]), text='default text', units='height', win=Window(...), wrapWidth=1)
3.4347 	EXP 	Created block4 = ImageStim(__class__=<class 'psychopy.visual.image.ImageStim'>, autoLog=True, color=array([1., 1., 1.]), colorSpace='rgb', contrast=1.0, depth=0.0, flipHoriz=False, flipVert=False, image='img/coffee.jpeg', interpolate=True, mask=None, maskParams=None, name='block4', opacity=1.0, ori=0.0, pos=array([ 0.5, -0.2]), size=array([0.35, 0.35]), texRes=128, units='height', win=Window(...))
3.4368 	EXP 	Created block3 = ImageStim(__class__=<class 'psychopy.visual.image.ImageStim'>, autoLog=True, color=array([1., 1., 1.]), colorSpace='rgb', contrast=1.0, depth=-1.0, flipHoriz=False, flipVert=False, image='img/cake.jpeg', interpolate=True, mask=None, maskParams=None, name='block3', opacity=1.0, ori=0.0, pos=array([0.5, 0.2]), size=array([0.35, 0.35]), texRes=128, units='height', win=Window(...))
3.4387 	EXP 	Created block2 = ImageStim(__class__=<class 'psychopy.visual.image.ImageStim'>, autoLog=True, color=array([1., 1., 1.]), colorSpace='rgb', contrast=1.0, depth=-2.0, flipHoriz=False, flipVert=False, image='img/gummi.jpeg', interpolate=True, mask=None, maskParams=None, name='block2', opacity=1.0, ori=0.0, pos=array([-0.5, -0.2]), size=array([0.35, 0.35]), texRes=128, units='height', win=Window(...))
3.4526 	EXP 	Created block1 = ImageStim(__class__=<class 'psychopy.visual.image.ImageStim'>, autoLog=True, color=array([1., 1., 1.]), colorSpace='rgb', contrast=1.0, depth=-3.0, flipHoriz=False, flipVert=False, image='img/tea.jpeg', interpolate=True, mask=None, maskParams=None, name='block1', opacity=1.0, ori=0.0, pos=array([-0.5,  0.2]), size=array([0.35, 0.35]), texRes=128, units='height', win=Window(...))
3.4553 	EXP 	Created repeatText = TextStim(__class__=<class 'psychopy.visual.text.TextStim'>, alignHoriz=method-wrapper(...), alignText='center', alignVert=method-wrapper(...), anchorHoriz='center', anchorVert='center', antialias=True, autoLog=True, bold=False, color='white', colorSpace='named', contrast=1.0, depth=-4.0, flipHoriz=False, flipVert=False, font='Arial', fontFiles=[], height=0.05, italic=False, languageStyle='LTR', name='repeatText', opacity=1.0, ori=0, pos=array([0., 0.]), rgb=array([255., 255., 255.]), text='default text', units='height', win=Window(...), wrapWidth=1)
3.5016 	EXP 	Created text = TextStim(__class__=<class 'psychopy.visual.text.TextStim'>, alignHoriz=method-wrapper(...), alignText='center', alignVert=method-wrapper(...), anchorHoriz='center', anchorVert='center', antialias=True, autoLog=True, bold=False, color='white', colorSpace='named', contrast=1.0, depth=0.0, flipHoriz=False, flipVert=False, font='Arial', fontFiles=[], height=0.03, italic=False, languageStyle='LTR', name='text', opacity=1.0, ori=0, pos=array([0., 0.]), rgb=array([255., 255., 255.]), text=str(...), units='height', win=Window(...), wrapWidth=1)
3.5082 	EXP 	Created endText = TextStim(__class__=<class 'psychopy.visual.text.TextStim'>, alignHoriz=method-wrapper(...), alignText='center', alignVert=method-wrapper(...), anchorHoriz='center', anchorVert='center', antialias=True, autoLog=True, bold=False, color='white', colorSpace='named', contrast=1.0, depth=0.0, flipHoriz=False, flipVert=False, font='Arial', fontFiles=[], height=0.05, italic=False, languageStyle='LTR', name='endText', opacity=1.0, ori=0, pos=array([0., 0.]), rgb=array([255., 255., 255.]), text=str(...), units='height', win=Window(...), wrapWidth=1)
3.5170 	EXP 	welcomeText: autoDraw = True
3.5170 	EXP 	welcomeText: text = 'a'
3.5244 	EXP 	welcomeText: text = 'a'
3.5407 	EXP 	welcomeText: text = 'a'
3.5574 	EXP 	welcomeText: text = 'a'
3.5737 	EXP 	welcomeText: text = 'a'
3.5908 	EXP 	welcomeText: text = 'a'
3.6076 	EXP 	welcomeText: text = 'a'
3.6243 	EXP 	welcomeText: text = 'a'
3.6409 	EXP 	welcomeText: text = 'a'
3.6572 	EXP 	welcomeText: text = 'a'
3.6740 	EXP 	welcomeText: text = 'a'
3.6910 	EXP 	welcomeText: text = 'a'
3.7077 	EXP 	welcomeText: text = 'a'
3.7247 	EXP 	welcomeText: text = 'a'
3.7411 	EXP 	welcomeText: text = 'a'
3.7576 	EXP 	welcomeText: text = 'a'
3.7739 	EXP 	welcomeText: text = 'a'
3.7909 	EXP 	welcomeText: text = 'a'
3.8077 	EXP 	welcomeText: text = 'a'
3.8246 	EXP 	welcomeText: text = 'a'
3.8413 	EXP 	welcomeText: text = 'a'
3.8578 	EXP 	welcomeText: text = 'a'
3.8742 	EXP 	welcomeText: text = 'a'
3.8912 	EXP 	welcomeText: text = 'a'
3.9078 	EXP 	welcomeText: text = 'a'
3.9246 	EXP 	welcomeText: text = 'a'
3.9410 	EXP 	welcomeText: text = 'a'
3.9575 	EXP 	welcomeText: text = 'a'
3.9742 	EXP 	welcomeText: text = 'a'
3.9910 	EXP 	welcomeText: text = 'a'
4.0079 	EXP 	welcomeText: text = 'a'
4.0247 	EXP 	welcomeText: text = 'a'
4.0411 	EXP 	welcomeText: text = 'a'
4.0574 	EXP 	welcomeText: text = 'a'
4.0743 	EXP 	welcomeText: text = 'a'
4.0910 	EXP 	welcomeText: text = 'a'
4.1080 	EXP 	welcomeText: text = 'a'
4.1244 	EXP 	welcomeText: text = 'a'
4.1414 	EXP 	welcomeText: text = 'a'
4.1575 	EXP 	welcomeText: text = 'a'
4.1742 	EXP 	welcomeText: text = 'a'
4.1911 	EXP 	welcomeText: text = 'a'
4.2077 	EXP 	welcomeText: text = 'a'
4.2244 	EXP 	welcomeText: text = 'a'
4.2410 	EXP 	welcomeText: text = 'a'
4.2569 	EXP 	welcomeText: text = 'a'
4.2745 	EXP 	welcomeText: text = 'a'
4.2908 	EXP 	welcomeText: text = 'a'
4.3080 	EXP 	welcomeText: text = 'a'
4.3248 	EXP 	welcomeText: text = 'a'
4.3413 	EXP 	welcomeText: text = 'a'
4.3575 	EXP 	welcomeText: text = 'a'
4.3744 	EXP 	welcomeText: text = 'a'
4.3911 	EXP 	welcomeText: text = 'a'
4.4079 	EXP 	welcomeText: text = 'a'
4.4248 	EXP 	welcomeText: text = 'a'
4.4413 	EXP 	welcomeText: text = 'a'
4.4575 	EXP 	welcomeText: text = 'a'
4.4745 	EXP 	welcomeText: text = 'a'
4.4913 	EXP 	welcomeText: text = 'a'
4.5079 	EXP 	welcomeText: text = 'a'
4.5244 	EXP 	welcomeText: text = 'a'
4.5414 	EXP 	welcomeText: text = 'a'
4.5576 	EXP 	welcomeText: text = 'a'
4.5745 	EXP 	welcomeText: text = 'a'
4.5911 	EXP 	welcomeText: text = 'a'
4.6080 	EXP 	welcomeText: text = 'a'
4.6245 	EXP 	welcomeText: text = 'a'
4.6414 	EXP 	welcomeText: text = 'a'
4.6577 	EXP 	welcomeText: text = 'a'
4.6742 	EXP 	welcomeText: text = 'a'
4.6912 	EXP 	welcomeText: text = 'a'
4.7073 	EXP 	welcomeText: text = 'a'
4.7236 	EXP 	welcomeText: text = 'a'
4.7405 	EXP 	welcomeText: text = 'a'
4.7579 	EXP 	welcomeText: text = 'a'
4.7738 	EXP 	welcomeText: text = 'a'
4.7907 	EXP 	welcomeText: text = 'a'
4.8076 	EXP 	welcomeText: text = 'a'
4.8247 	EXP 	welcomeText: text = 'a'
4.8414 	EXP 	welcomeText: text = 'a'
4.8576 	EXP 	welcomeText: text = 'a'
4.8744 	EXP 	welcomeText: text = 'a'
4.8911 	EXP 	welcomeText: text = 'a'
4.9082 	EXP 	welcomeText: text = 'a'
4.9249 	EXP 	welcomeText: text = 'a'
4.9412 	EXP 	welcomeText: text = 'a'
4.9577 	EXP 	welcomeText: text = 'a'
4.9745 	EXP 	welcomeText: text = 'a'
4.9916 	EXP 	welcomeText: text = 'a'
5.0079 	EXP 	welcomeText: text = 'a'
5.0249 	EXP 	welcomeText: text = 'a'
5.0412 	EXP 	welcomeText: text = 'a'
5.0515 	DATA 	Keypress: space
5.0589 	EXP 	welcomeText: text = 'a'
5.0748 	EXP 	welcomeText: text = 'a'
5.0912 	EXP 	welcomeText: text = 'a'
5.1081 	EXP 	welcomeText: text = 'a'
5.1250 	EXP 	welcomeText: text = 'a'
5.1410 	EXP 	welcomeText: text = 'a'
5.1580 	EXP 	welcomeText: text = 'a'
5.1745 	EXP 	welcomeText: text = 'a'
5.1916 	EXP 	welcomeText: text = 'a'
5.2084 	EXP 	welcomeText: text = 'a'
5.2241 	EXP 	welcomeText: text = 'a'
5.2411 	EXP 	welcomeText: text = 'a'
5.2577 	EXP 	welcomeText: text = 'a'
5.2747 	EXP 	welcomeText: text = 'a'
5.2916 	EXP 	welcomeText: text = 'a'
5.3082 	EXP 	welcomeText: text = 'a'
5.3249 	EXP 	welcomeText: text = 'a'
5.3412 	EXP 	welcomeText: text = 'a'
5.3577 	EXP 	welcomeText: text = 'a'
5.3748 	EXP 	welcomeText: text = 'a'
5.3916 	EXP 	welcomeText: text = 'a'
5.4087 	EXP 	welcomeText: text = 'a'
5.4250 	EXP 	welcomeText: text = 'a'
5.4419 	EXP 	welcomeText: text = 'a'
5.4578 	EXP 	welcomeText: text = 'a'
5.4749 	EXP 	welcomeText: text = 'a'
5.4919 	EXP 	welcomeText: text = 'a'
5.5084 	EXP 	welcomeText: text = 'a'
5.5249 	EXP 	welcomeText: text = 'a'
5.5412 	EXP 	welcomeText: text = 'a'
5.5578 	EXP 	welcomeText: text = 'a'
5.5756 	EXP 	welcomeText: text = 'a'
5.5916 	EXP 	welcomeText: text = 'a'
5.6085 	EXP 	welcomeText: text = 'a'
5.6249 	EXP 	welcomeText: text = 'a'
5.6411 	EXP 	welcomeText: text = 'a'
5.6580 	EXP 	welcomeText: text = 'a'
5.6751 	EXP 	welcomeText: text = 'a'
5.6918 	EXP 	welcomeText: text = 'a'
5.7086 	EXP 	welcomeText: text = 'a'
5.7251 	EXP 	welcomeText: text = 'a'
5.7410 	EXP 	welcomeText: text = 'a'
5.7579 	EXP 	welcomeText: text = 'a'
5.7748 	EXP 	welcomeText: text = 'a'
5.7916 	EXP 	welcomeText: text = 'a'
5.8085 	EXP 	welcomeText: text = 'a'
5.8248 	EXP 	welcomeText: text = 'a'
5.8417 	EXP 	welcomeText: text = 'a'
5.8578 	EXP 	welcomeText: text = 'a'
5.8750 	EXP 	welcomeText: text = 'a'
5.8916 	EXP 	welcomeText: text = 'a'
5.9085 	EXP 	welcomeText: text = 'a'
5.9252 	EXP 	welcomeText: text = 'a'
5.9415 	EXP 	welcomeText: text = 'a'
5.9582 	EXP 	welcomeText: text = 'a'
5.9751 	EXP 	welcomeText: text = 'a'
5.9916 	EXP 	welcomeText: text = 'a'
6.0085 	EXP 	welcomeText: text = 'a'
6.0252 	EXP 	welcomeText: text = 'a'
6.0412 	EXP 	welcomeText: text = 'a'
6.0579 	EXP 	welcomeText: text = 'a'
6.0751 	EXP 	welcomeText: text = 'a'
6.0918 	EXP 	welcomeText: text = 'a'
6.1085 	EXP 	welcomeText: text = 'a'
6.1253 	EXP 	welcomeText: text = 'a'
6.1412 	EXP 	welcomeText: text = 'a'
6.1581 	EXP 	welcomeText: text = 'a'
6.1750 	EXP 	welcomeText: text = 'a'
6.1919 	EXP 	welcomeText: text = 'a'
6.2087 	EXP 	welcomeText: text = 'a'
6.2252 	EXP 	welcomeText: text = 'a'
6.2414 	EXP 	welcomeText: text = 'a'
6.2583 	EXP 	welcomeText: text = 'a'
6.2750 	EXP 	welcomeText: text = 'a'
6.2918 	EXP 	welcomeText: text = 'a'
6.3087 	EXP 	welcomeText: text = 'a'
6.3252 	EXP 	welcomeText: text = 'a'
6.3413 	EXP 	welcomeText: text = 'a'
6.3583 	EXP 	welcomeText: text = 'a'
6.3751 	EXP 	welcomeText: text = 'a'
6.3918 	EXP 	welcomeText: text = 'a'
6.4085 	EXP 	welcomeText: text = 'a'
6.4254 	EXP 	welcomeText: text = 'a'
6.4414 	EXP 	welcomeText: text = 'a'
6.4582 	EXP 	welcomeText: text = 'a'
6.4750 	EXP 	welcomeText: text = 'a'
6.4919 	EXP 	welcomeText: text = 'a'
6.5086 	EXP 	welcomeText: text = 'a'
6.5252 	EXP 	welcomeText: text = 'a'
6.5415 	EXP 	welcomeText: text = 'a'
6.5581 	EXP 	welcomeText: text = 'a'
6.5751 	EXP 	welcomeText: text = 'a'
6.5920 	EXP 	welcomeText: text = 'a'
6.6085 	EXP 	welcomeText: text = 'a'
6.6254 	EXP 	welcomeText: text = 'a'
6.6415 	EXP 	welcomeText: text = 'a'
6.6584 	EXP 	welcomeText: text = 'a'
6.6752 	EXP 	welcomeText: text = 'a'
6.6919 	EXP 	welcomeText: text = 'a'
6.7089 	EXP 	welcomeText: text = 'a'
6.7252 	EXP 	welcomeText: text = 'a'
6.7415 	EXP 	welcomeText: text = 'a'
6.7582 	EXP 	welcomeText: text = 'a'
6.7752 	EXP 	welcomeText: text = 'a'
6.7920 	EXP 	welcomeText: text = 'a'
6.8087 	EXP 	welcomeText: text = 'a'
6.8254 	EXP 	welcomeText: text = 'a'
6.8416 	EXP 	welcomeText: text = 'a'
6.8583 	EXP 	welcomeText: text = 'a'
6.8754 	EXP 	welcomeText: text = 'a'
6.8922 	EXP 	welcomeText: text = 'a'
6.9090 	EXP 	welcomeText: text = 'a'
6.9251 	EXP 	welcomeText: text = 'a'
6.9416 	EXP 	welcomeText: text = 'a'
6.9586 	EXP 	welcomeText: text = 'a'
6.9752 	EXP 	welcomeText: text = 'a'
6.9922 	EXP 	welcomeText: text = 'a'
7.0090 	EXP 	welcomeText: text = 'a'
7.0250 	EXP 	welcomeText: text = 'a'
7.0416 	EXP 	welcomeText: text = 'a'
7.0586 	EXP 	welcomeText: text = 'a'
7.0754 	EXP 	welcomeText: text = 'a'
7.0921 	EXP 	welcomeText: text = 'a'
7.1090 	EXP 	welcomeText: text = 'a'
7.1251 	EXP 	welcomeText: text = 'a'
7.1416 	EXP 	welcomeText: text = 'a'
7.1587 	EXP 	welcomeText: text = 'a'
7.1754 	EXP 	welcomeText: text = 'a'
7.1921 	EXP 	welcomeText: text = 'a'
7.2090 	EXP 	welcomeText: text = 'a'
7.2251 	EXP 	welcomeText: text = 'a'
7.2417 	EXP 	welcomeText: text = 'a'
7.2586 	EXP 	welcomeText: text = 'a'
7.2756 	EXP 	welcomeText: text = 'a'
7.2923 	EXP 	welcomeText: text = 'a'
7.3091 	EXP 	welcomeText: text = 'a'
7.3250 	EXP 	welcomeText: text = 'a'
7.3417 	EXP 	welcomeText: text = 'a'
7.3585 	EXP 	welcomeText: text = 'a'
7.3754 	EXP 	welcomeText: text = 'a'
7.3925 	EXP 	welcomeText: text = 'a'
7.4076 	EXP 	welcomeText: text = 'a'
7.4248 	EXP 	welcomeText: text = 'a'
7.4417 	EXP 	welcomeText: text = 'a'
7.4581 	EXP 	welcomeText: text = 'a'
7.4753 	EXP 	welcomeText: text = 'a'
7.4920 	EXP 	welcomeText: text = 'a'
7.5090 	EXP 	welcomeText: text = 'a'
7.5253 	EXP 	welcomeText: text = 'a'
7.5418 	EXP 	welcomeText: text = 'a'
7.5586 	EXP 	welcomeText: text = 'a'
7.5754 	EXP 	welcomeText: text = 'a'
7.5924 	EXP 	welcomeText: text = 'a'
7.6090 	EXP 	welcomeText: text = 'a'
7.6249 	EXP 	welcomeText: text = 'a'
7.6417 	EXP 	welcomeText: text = 'a'
7.6588 	EXP 	welcomeText: text = 'a'
7.6757 	EXP 	welcomeText: text = 'a'
7.6925 	EXP 	welcomeText: text = 'a'
7.7091 	EXP 	welcomeText: text = 'a'
7.7251 	EXP 	welcomeText: text = 'a'
7.7418 	EXP 	welcomeText: text = 'a'
7.7590 	EXP 	welcomeText: text = 'a'
7.7756 	EXP 	welcomeText: text = 'a'
7.7925 	EXP 	welcomeText: text = 'a'
7.8091 	EXP 	welcomeText: text = 'a'
7.8251 	EXP 	welcomeText: text = 'a'
7.8419 	EXP 	welcomeText: text = 'a'
7.8589 	EXP 	welcomeText: text = 'a'
7.8758 	EXP 	welcomeText: text = 'a'
7.8923 	EXP 	welcomeText: text = 'a'
7.9090 	EXP 	welcomeText: text = 'a'
7.9252 	EXP 	welcomeText: text = 'a'
7.9417 	EXP 	welcomeText: text = 'a'
7.9589 	EXP 	welcomeText: text = 'a'
7.9755 	EXP 	welcomeText: text = 'a'
7.9925 	EXP 	welcomeText: text = 'a'
8.0092 	EXP 	welcomeText: text = 'a'
8.0252 	EXP 	welcomeText: text = 'a'
8.0420 	EXP 	welcomeText: text = 'a'
8.0588 	EXP 	welcomeText: text = 'a'
8.0757 	EXP 	welcomeText: text = 'a'
8.0925 	EXP 	welcomeText: text = 'a'
8.1091 	EXP 	welcomeText: text = 'a'
8.1252 	EXP 	welcomeText: text = 'a'
8.1418 	EXP 	welcomeText: text = 'a'
8.1590 	EXP 	welcomeText: text = 'a'
8.1758 	EXP 	welcomeText: text = 'a'
8.1924 	EXP 	welcomeText: text = 'a'
8.2092 	EXP 	welcomeText: text = 'a'
8.2251 	EXP 	welcomeText: text = 'a'
8.2419 	EXP 	welcomeText: text = 'a'
8.2595 	EXP 	welcomeText: text = 'a'
8.2758 	EXP 	welcomeText: text = 'a'
8.2924 	EXP 	welcomeText: text = 'a'
8.3092 	EXP 	welcomeText: text = 'a'
8.3252 	EXP 	welcomeText: text = 'a'
8.3423 	EXP 	welcomeText: text = 'a'
8.3591 	EXP 	welcomeText: text = 'a'
8.3757 	EXP 	welcomeText: text = 'a'
8.3925 	EXP 	welcomeText: text = 'a'
8.4086 	EXP 	welcomeText: text = 'a'
8.4260 	EXP 	welcomeText: text = 'a'
8.4421 	EXP 	welcomeText: text = 'a'
8.4590 	EXP 	welcomeText: text = 'a'
8.4757 	EXP 	welcomeText: text = 'a'
8.4924 	EXP 	welcomeText: text = 'a'
8.5092 	EXP 	welcomeText: text = 'a'
8.5254 	EXP 	welcomeText: text = 'a'
8.5423 	EXP 	welcomeText: text = 'a'
8.5591 	EXP 	welcomeText: text = 'a'
8.5758 	EXP 	welcomeText: text = 'a'
8.5925 	EXP 	welcomeText: text = 'a'
8.6092 	EXP 	welcomeText: text = 'a'
8.6260 	EXP 	welcomeText: text = 'a'
8.6420 	EXP 	welcomeText: text = 'a'
8.6592 	EXP 	welcomeText: text = 'a'
8.6760 	EXP 	welcomeText: text = 'a'
8.6929 	EXP 	welcomeText: text = 'a'
8.7089 	EXP 	welcomeText: text = 'a'
8.7253 	EXP 	welcomeText: text = 'a'
8.7419 	EXP 	welcomeText: text = 'a'
8.7591 	EXP 	welcomeText: text = 'a'
8.7758 	EXP 	welcomeText: text = 'a'
8.7928 	EXP 	welcomeText: text = 'a'
8.8093 	EXP 	welcomeText: text = 'a'
8.8253 	EXP 	welcomeText: text = 'a'
8.8423 	EXP 	welcomeText: text = 'a'
8.8593 	EXP 	welcomeText: text = 'a'
8.8761 	EXP 	welcomeText: text = 'a'
8.8928 	EXP 	welcomeText: text = 'a'
8.9093 	EXP 	welcomeText: text = 'a'
8.9255 	EXP 	welcomeText: text = 'a'
8.9424 	EXP 	welcomeText: text = 'a'
8.9592 	EXP 	welcomeText: text = 'a'
8.9758 	EXP 	welcomeText: text = 'a'
8.9928 	EXP 	welcomeText: text = 'a'
9.0089 	EXP 	welcomeText: text = 'a'
9.0256 	EXP 	welcomeText: text = 'a'
9.0422 	EXP 	welcomeText: text = 'a'
9.0593 	EXP 	welcomeText: text = 'a'
9.0759 	EXP 	welcomeText: text = 'a'
9.0927 	EXP 	welcomeText: text = 'a'
9.1095 	EXP 	welcomeText: text = 'a'
9.1255 	EXP 	welcomeText: text = 'a'
9.1430 	EXP 	welcomeText: text = 'a'
9.1593 	EXP 	welcomeText: text = 'a'
9.1764 	EXP 	welcomeText: text = 'a'
9.1929 	EXP 	welcomeText: text = 'a'
9.2092 	EXP 	welcomeText: text = 'a'
9.2255 	EXP 	welcomeText: text = 'a'
9.2423 	EXP 	welcomeText: text = 'a'
9.2593 	EXP 	welcomeText: text = 'a'
9.2760 	EXP 	welcomeText: text = 'a'
9.2929 	EXP 	welcomeText: text = 'a'
9.3090 	EXP 	welcomeText: text = 'a'
9.3255 	EXP 	welcomeText: text = 'a'
9.3426 	EXP 	welcomeText: text = 'a'
9.3594 	EXP 	welcomeText: text = 'a'
9.3759 	EXP 	welcomeText: text = 'a'
9.3929 	EXP 	welcomeText: text = 'a'
9.4090 	EXP 	welcomeText: text = 'a'
9.4262 	EXP 	welcomeText: text = 'a'
9.4424 	EXP 	welcomeText: text = 'a'
9.4595 	EXP 	welcomeText: text = 'a'
9.4761 	EXP 	welcomeText: text = 'a'
9.4927 	EXP 	welcomeText: text = 'a'
9.5095 	EXP 	welcomeText: text = 'a'
9.5255 	EXP 	welcomeText: text = 'a'
9.5424 	EXP 	welcomeText: text = 'a'
9.5595 	EXP 	welcomeText: text = 'a'
9.5763 	EXP 	welcomeText: text = 'a'
9.5930 	EXP 	welcomeText: text = 'a'
9.6092 	EXP 	welcomeText: text = 'a'
9.6255 	EXP 	welcomeText: text = 'a'
9.6427 	EXP 	welcomeText: text = 'a'
9.6593 	EXP 	welcomeText: text = 'a'
9.6761 	EXP 	welcomeText: text = 'a'
9.6930 	EXP 	welcomeText: text = 'a'
9.7092 	EXP 	welcomeText: text = 'a'
9.7258 	EXP 	welcomeText: text = 'a'
9.7425 	EXP 	welcomeText: text = 'a'
9.7594 	EXP 	welcomeText: text = 'a'
9.7763 	EXP 	welcomeText: text = 'a'
9.7929 	EXP 	welcomeText: text = 'a'
9.8095 	EXP 	welcomeText: text = 'a'
9.8256 	EXP 	welcomeText: text = 'a'
9.8432 	EXP 	welcomeText: text = 'a'
9.8595 	EXP 	welcomeText: text = 'a'
9.8761 	EXP 	welcomeText: text = 'a'
9.8930 	EXP 	welcomeText: text = 'a'
9.9092 	EXP 	welcomeText: text = 'a'
9.9259 	EXP 	welcomeText: text = 'a'
9.9427 	EXP 	welcomeText: text = 'a'
9.9597 	EXP 	welcomeText: text = 'a'
9.9763 	EXP 	welcomeText: text = 'a'
9.9930 	EXP 	welcomeText: text = 'a'
10.0093 	EXP 	welcomeText: text = 'a'
10.0256 	EXP 	welcomeText: text = 'a'
10.0428 	EXP 	welcomeText: text = 'a'
10.0597 	EXP 	welcomeText: text = 'a'
10.0764 	EXP 	welcomeText: text = 'a'
10.0929 	EXP 	welcomeText: text = 'a'
10.1091 	EXP 	welcomeText: text = 'a'
10.1256 	EXP 	welcomeText: text = 'a'
10.1428 	EXP 	welcomeText: text = 'a'
10.1597 	EXP 	welcomeText: text = 'a'
10.1764 	EXP 	welcomeText: text = 'a'
10.1929 	EXP 	welcomeText: text = 'a'
10.2098 	EXP 	welcomeText: text = 'a'
10.2258 	EXP 	welcomeText: text = 'a'
10.2431 	EXP 	welcomeText: text = 'a'
10.2594 	EXP 	welcomeText: text = 'a'
10.2760 	EXP 	welcomeText: text = 'a'
10.2930 	EXP 	welcomeText: text = 'a'
10.3091 	EXP 	welcomeText: text = 'a'
10.3258 	EXP 	welcomeText: text = 'a'
10.3427 	EXP 	welcomeText: text = 'a'
10.3597 	EXP 	welcomeText: text = 'a'
10.3764 	EXP 	welcomeText: text = 'a'
10.3931 	EXP 	welcomeText: text = 'a'
10.4093 	EXP 	welcomeText: text = 'a'
10.4259 	EXP 	welcomeText: text = 'a'
10.4430 	EXP 	welcomeText: text = 'a'
10.4596 	EXP 	welcomeText: text = 'a'
10.4767 	EXP 	welcomeText: text = 'a'
10.4931 	EXP 	welcomeText: text = 'a'
10.5091 	EXP 	welcomeText: text = 'a'
10.5258 	EXP 	welcomeText: text = 'a'
10.5431 	EXP 	welcomeText: text = 'a'
10.5596 	EXP 	welcomeText: text = 'a'
10.5767 	EXP 	welcomeText: text = 'a'
10.5931 	EXP 	welcomeText: text = 'a'
10.6093 	EXP 	welcomeText: text = 'a'
10.6260 	EXP 	welcomeText: text = 'a'
10.6430 	EXP 	welcomeText: text = 'a'
10.6597 	EXP 	welcomeText: text = 'a'
10.6764 	EXP 	welcomeText: text = 'a'
10.6931 	EXP 	welcomeText: text = 'a'
10.7093 	EXP 	welcomeText: text = 'a'
10.7260 	EXP 	welcomeText: text = 'a'
10.7428 	EXP 	welcomeText: text = 'a'
10.7599 	EXP 	welcomeText: text = 'a'
10.7763 	EXP 	welcomeText: text = 'a'
10.7929 	EXP 	welcomeText: text = 'a'
10.8093 	EXP 	welcomeText: text = 'a'
10.8258 	EXP 	welcomeText: text = 'a'
10.8432 	EXP 	welcomeText: text = 'a'
10.8598 	EXP 	welcomeText: text = 'a'
10.8764 	EXP 	welcomeText: text = 'a'
10.8929 	EXP 	welcomeText: text = 'a'
10.9092 	EXP 	welcomeText: text = 'a'
10.9259 	EXP 	welcomeText: text = 'a'
10.9438 	EXP 	welcomeText: text = 'a'
10.9599 	EXP 	welcomeText: text = 'a'
10.9766 	EXP 	welcomeText: text = 'a'
10.9931 	EXP 	welcomeText: text = 'a'
11.0094 	EXP 	welcomeText: text = 'a'
11.0261 	EXP 	welcomeText: text = 'a'
11.0430 	EXP 	welcomeText: text = 'a'
11.0597 	EXP 	welcomeText: text = 'a'
11.0766 	EXP 	welcomeText: text = 'a'
11.0930 	EXP 	welcomeText: text = 'a'
11.1093 	EXP 	welcomeText: text = 'a'
11.1259 	EXP 	welcomeText: text = 'a'
11.1431 	EXP 	welcomeText: text = 'a'
11.1602 	EXP 	welcomeText: text = 'a'
11.1769 	EXP 	welcomeText: text = 'a'
11.1929 	EXP 	welcomeText: text = 'a'
11.2093 	EXP 	welcomeText: text = 'a'
11.2195 	DATA 	Keypress: space
11.2269 	EXP 	welcomeText: text = 'a'
11.2436 	EXP 	welcomeText: text = 'a'
11.2596 	EXP 	welcomeText: text = 'a'
11.2769 	EXP 	welcomeText: text = 'a'
11.2929 	EXP 	welcomeText: text = 'a'
11.3101 	EXP 	welcomeText: text = 'a'
11.3262 	EXP 	welcomeText: text = 'a'
11.3433 	EXP 	welcomeText: text = 'a'
11.3598 	EXP 	welcomeText: text = 'a'
11.3766 	EXP 	welcomeText: text = 'a'
11.3933 	EXP 	welcomeText: text = 'a'
11.4093 	EXP 	welcomeText: text = 'a'
11.4263 	EXP 	welcomeText: text = 'a'
11.4432 	EXP 	welcomeText: text = 'a'
11.4601 	EXP 	welcomeText: text = 'a'
11.4769 	EXP 	welcomeText: text = 'a'
11.4931 	EXP 	welcomeText: text = 'a'
11.5095 	EXP 	welcomeText: text = 'a'
11.5263 	EXP 	welcomeText: text = 'a'
11.5432 	EXP 	welcomeText: text = 'a'
11.5601 	EXP 	welcomeText: text = 'a'
11.5766 	EXP 	welcomeText: text = 'a'
11.5935 	EXP 	welcomeText: text = 'a'
11.6095 	EXP 	welcomeText: text = 'a'
11.6263 	EXP 	welcomeText: text = 'a'
11.6430 	EXP 	welcomeText: text = 'a'
11.6601 	EXP 	welcomeText: text = 'a'
11.6769 	EXP 	welcomeText: text = 'a'
11.6929 	EXP 	welcomeText: text = 'a'
11.7096 	EXP 	welcomeText: text = 'a'
11.7264 	EXP 	welcomeText: text = 'a'
11.7431 	EXP 	welcomeText: text = 'a'
11.7532 	DATA 	Keypress: space
11.7608 	EXP 	welcomeText: text = 'a'
11.7770 	EXP 	welcomeText: text = 'a'
11.7930 	EXP 	welcomeText: text = 'a'
11.8096 	EXP 	welcomeText: text = 'a'
11.8265 	EXP 	welcomeText: text = 'a'
11.8434 	EXP 	welcomeText: text = 'a'
11.8601 	EXP 	welcomeText: text = 'a'
11.8766 	EXP 	welcomeText: text = 'a'
11.8935 	EXP 	welcomeText: text = 'a'
11.9097 	EXP 	welcomeText: text = 'a'
11.9265 	EXP 	welcomeText: text = 'a'
11.9432 	EXP 	welcomeText: text = 'a'
11.9602 	EXP 	welcomeText: text = 'a'
11.9771 	EXP 	welcomeText: text = 'a'
11.9933 	EXP 	welcomeText: text = 'a'
12.0097 	EXP 	welcomeText: text = 'a'
12.0266 	EXP 	welcomeText: text = 'a'
12.0435 	EXP 	welcomeText: text = 'a'
12.0602 	EXP 	welcomeText: text = 'a'
12.0771 	EXP 	welcomeText: text = 'a'
12.0931 	EXP 	welcomeText: text = 'a'
12.1097 	EXP 	welcomeText: text = 'a'
12.1264 	EXP 	welcomeText: text = 'a'
12.1432 	EXP 	welcomeText: text = 'a'
12.1604 	EXP 	welcomeText: text = 'a'
12.1767 	EXP 	welcomeText: text = 'a'
12.1936 	EXP 	welcomeText: text = 'a'
12.2095 	EXP 	welcomeText: text = 'a'
12.2266 	EXP 	welcomeText: text = 'a'
12.2434 	EXP 	welcomeText: text = 'a'
12.2601 	EXP 	welcomeText: text = 'a'
12.2771 	EXP 	welcomeText: text = 'a'
12.2864 	DATA 	Keypress: space
12.2937 	EXP 	welcomeText: text = 'a'
12.3097 	EXP 	welcomeText: text = 'a'
12.3265 	EXP 	welcomeText: text = 'a'
12.3435 	EXP 	welcomeText: text = 'a'
12.3603 	EXP 	welcomeText: text = 'a'
12.3770 	EXP 	welcomeText: text = 'a'
12.3930 	EXP 	welcomeText: text = 'a'
12.4098 	EXP 	welcomeText: text = 'a'
12.4268 	EXP 	welcomeText: text = 'a'
12.4436 	EXP 	welcomeText: text = 'a'
12.4604 	EXP 	welcomeText: text = 'a'
12.4767 	EXP 	welcomeText: text = 'a'
12.4935 	EXP 	welcomeText: text = 'a'
12.5098 	EXP 	welcomeText: text = 'a'
12.5274 	EXP 	welcomeText: text = 'a'
12.5437 	EXP 	welcomeText: text = 'a'
12.5605 	EXP 	welcomeText: text = 'a'
12.5771 	EXP 	welcomeText: text = 'a'
12.5931 	EXP 	welcomeText: text = 'a'
12.6098 	EXP 	welcomeText: text = 'a'
12.6267 	EXP 	welcomeText: text = 'a'
12.6438 	EXP 	welcomeText: text = 'a'
12.6592 	EXP 	welcomeText: text = 'a'
12.6761 	EXP 	welcomeText: text = 'a'
12.6930 	EXP 	welcomeText: text = 'a'
12.7095 	EXP 	welcomeText: text = 'a'
12.7265 	EXP 	welcomeText: text = 'a'
12.7436 	EXP 	welcomeText: text = 'a'
12.7603 	EXP 	welcomeText: text = 'a'
12.7769 	EXP 	welcomeText: text = 'a'
12.7933 	EXP 	welcomeText: text = 'a'
12.8098 	EXP 	welcomeText: text = 'a'
12.8268 	EXP 	welcomeText: text = 'a'
12.8437 	EXP 	welcomeText: text = 'a'
12.8602 	EXP 	welcomeText: text = 'a'
12.8771 	EXP 	welcomeText: text = 'a'
12.8778 	DATA 	Keypress: space
12.8933 	EXP 	welcomeText: text = 'a'
12.9100 	EXP 	welcomeText: text = 'a'
12.9267 	EXP 	welcomeText: text = 'a'
12.9434 	EXP 	welcomeText: text = 'a'
12.9602 	EXP 	welcomeText: text = 'a'
12.9770 	EXP 	welcomeText: text = 'a'
12.9934 	EXP 	welcomeText: text = 'a'
13.0100 	EXP 	welcomeText: text = 'a'
13.0270 	EXP 	welcomeText: text = 'a'
13.0439 	EXP 	welcomeText: text = 'a'
13.0606 	EXP 	welcomeText: text = 'a'
13.0772 	EXP 	welcomeText: text = 'a'
13.0934 	EXP 	welcomeText: text = 'a'
13.1105 	EXP 	welcomeText: text = 'a'
13.1267 	EXP 	welcomeText: text = 'a'
13.1436 	EXP 	welcomeText: text = 'a'
13.1606 	EXP 	welcomeText: text = 'a'
13.1769 	EXP 	welcomeText: text = 'a'
13.1932 	EXP 	welcomeText: text = 'a'
13.2101 	EXP 	welcomeText: text = 'a'
13.2267 	EXP 	welcomeText: text = 'a'
13.2435 	EXP 	welcomeText: text = 'a'
13.2602 	EXP 	welcomeText: text = 'a'
13.2771 	EXP 	welcomeText: text = 'a'
13.2932 	EXP 	welcomeText: text = 'a'
13.3099 	EXP 	welcomeText: text = 'a'
13.3271 	EXP 	welcomeText: text = 'a'
13.3437 	EXP 	welcomeText: text = 'a'
13.3605 	EXP 	welcomeText: text = 'a'
13.3771 	EXP 	welcomeText: text = 'a'
13.3932 	EXP 	welcomeText: text = 'a'
13.4103 	EXP 	welcomeText: text = 'a'
13.4270 	EXP 	welcomeText: text = 'a'
13.4439 	EXP 	welcomeText: text = 'a'
13.4606 	EXP 	welcomeText: text = 'a'
13.4771 	EXP 	welcomeText: text = 'a'
13.4932 	EXP 	welcomeText: text = 'a'
13.5104 	EXP 	welcomeText: text = 'a'
13.5275 	EXP 	welcomeText: text = 'a'
13.5437 	EXP 	welcomeText: text = 'a'
13.5528 	DATA 	Keypress: space
13.5600 	EXP 	welcomeText: text = 'a'
13.5767 	EXP 	welcomeText: text = 'a'
13.5935 	EXP 	welcomeText: text = 'a'
13.6108 	EXP 	welcomeText: text = 'a'
13.6274 	EXP 	welcomeText: text = 'a'
13.6439 	EXP 	welcomeText: text = 'a'
13.6606 	EXP 	welcomeText: text = 'a'
13.6769 	EXP 	welcomeText: text = 'a'
13.6941 	EXP 	welcomeText: text = 'a'
13.7101 	EXP 	welcomeText: text = 'a'
13.7271 	EXP 	welcomeText: text = 'a'
13.7440 	EXP 	welcomeText: text = 'a'
13.7609 	EXP 	welcomeText: text = 'a'
13.7770 	EXP 	welcomeText: text = 'a'
13.7934 	EXP 	welcomeText: text = 'a'
13.8100 	EXP 	welcomeText: text = 'a'
13.8271 	EXP 	welcomeText: text = 'a'
13.8439 	EXP 	welcomeText: text = 'a'
13.8604 	EXP 	welcomeText: text = 'a'
13.8774 	EXP 	welcomeText: text = 'a'
13.8943 	EXP 	welcomeText: text = 'a'
13.9104 	EXP 	welcomeText: text = 'a'
13.9272 	EXP 	welcomeText: text = 'a'
13.9442 	EXP 	welcomeText: text = 'a'
13.9609 	EXP 	welcomeText: text = 'a'
13.9768 	EXP 	welcomeText: text = 'a'
13.9942 	EXP 	welcomeText: text = 'a'
14.0105 	EXP 	welcomeText: text = 'a'
14.0273 	EXP 	welcomeText: text = 'a'
14.0440 	EXP 	welcomeText: text = 'a'
14.0609 	EXP 	welcomeText: text = 'a'
14.0775 	EXP 	welcomeText: text = 'a'
14.0942 	EXP 	welcomeText: text = 'a'
14.1107 	EXP 	welcomeText: text = 'a'
14.1269 	EXP 	welcomeText: text = 'a'
14.1445 	EXP 	welcomeText: text = 'a'
14.1610 	EXP 	welcomeText: text = 'a'
14.1772 	EXP 	welcomeText: text = 'a'
14.1940 	EXP 	welcomeText: text = 'a'
14.2109 	EXP 	welcomeText: text = 'a'
14.2277 	EXP 	welcomeText: text = 'a'
14.2433 	EXP 	welcomeText: text = 'a'
14.2600 	EXP 	welcomeText: text = 'a'
14.2767 	EXP 	welcomeText: text = 'a'
14.2937 	EXP 	welcomeText: text = 'a'
14.3104 	EXP 	welcomeText: text = 'a'
14.3273 	EXP 	welcomeText: text = 'a'
14.3439 	EXP 	welcomeText: text = 'a'
14.3609 	EXP 	welcomeText: text = 'a'
14.3771 	EXP 	welcomeText: text = 'a'
14.3936 	EXP 	welcomeText: text = 'a'
14.4103 	EXP 	welcomeText: text = 'a'
14.4275 	EXP 	welcomeText: text = 'a'
14.4439 	EXP 	welcomeText: text = 'a'
14.4608 	EXP 	welcomeText: text = 'a'
14.4774 	EXP 	welcomeText: text = 'a'
14.4938 	EXP 	welcomeText: text = 'a'
14.5106 	EXP 	welcomeText: text = 'a'
14.5273 	EXP 	welcomeText: text = 'a'
14.5442 	EXP 	welcomeText: text = 'a'
14.5612 	EXP 	welcomeText: text = 'a'
14.5770 	EXP 	welcomeText: text = 'a'
14.5937 	EXP 	welcomeText: text = 'a'
14.6108 	EXP 	welcomeText: text = 'a'
14.6275 	EXP 	welcomeText: text = 'a'
14.6443 	EXP 	welcomeText: text = 'a'
14.6609 	EXP 	welcomeText: text = 'a'
14.6771 	EXP 	welcomeText: text = 'a'
14.6868 	DATA 	Keypress: escape
14.6939 	EXP 	welcomeText: text = 'a'
14.7250 	EXP 	window1: mouseVisible = True
