0.3335 	WARNING 	We strongly recommend you activate the PTB sound engine in PsychoPy prefs as the preferred audio engine. Its timing is vastly superior. Your prefs are currently set to use ['sounddevice', 'PTB', 'pyo', 'pygame'] (in that order).
0.9352 	WARNING 	Import Error: No module named 'psychtoolbox'. Using event module for keyboard component.
2.1288 	WARNING 	User requested fullscreen with size [1536  864], but screen is actually [1920, 1080]. Using actual size
2.6842 	EXP 	Created window1 = Window(allowGUI=False, allowStencil=False, args=UNKNOWN, autoLog=True, bitsMode=UNKNOWN, blendMode='avg', bpc=(8, 8, 8), color=array([0., 0., 0.]), colorSpace='rgb', depthBits=8, fullscr=<method-wrapper '__getattribute__' of attributeSetter object at 0x7f33851846a0>, gamma=None, gammaErrorPolicy='raise', kwargs=UNKNOWN, lms=UNKNOWN, monitor=<psychopy.monitors.calibTools.Monitor object at 0x7f337def24c0>, multiSample=False, name='window1', numSamples=2, pos=[0.0, 0.0], screen=0, size=array([1920, 1080]), stencilBits=0, stereo=False, units='height', useFBO=True, useRetina=False, viewOri=0.0, viewPos=None, viewScale=None, waitBlanking=True, winType='pyglet')
2.6846 	EXP 	window1: mouseVisible = True
2.6847 	EXP 	window1: recordFrameIntervals = False
2.8496 	EXP 	window1: recordFrameIntervals = True
3.0338 	EXP 	window1: recordFrameIntervals = False
3.1220 	EXP 	Created welcomeText = TextStim(__class__=<class 'psychopy.visual.text.TextStim'>, alignHoriz=method-wrapper(...), alignText='center', alignVert=method-wrapper(...), anchorHoriz='center', anchorVert='center', antialias=True, autoLog=True, bold=False, color='white', colorSpace='named', contrast=1.0, depth=0.0, flipHoriz=False, flipVert=False, font='Arial', fontFiles=[], height=0.03, italic=False, languageStyle='LTR', name='welcomeText', opacity=1.0, ori=0, pos=array([ 0. , -0.3]), rgb=array([255., 255., 255.]), text='default text', units='height', win=Window(...), wrapWidth=1)
3.1249 	EXP 	Created welcomeImage = ImageStim(__class__=<class 'psychopy.visual.image.ImageStim'>, autoLog=True, color=array([1., 1., 1.]), colorSpace='rgb', contrast=1.0, depth=-3.0, flipHoriz=False, flipVert=False, image='sin', interpolate=True, mask=None, maskParams=None, name='welcomeImage', opacity=1.0, ori=0.0, pos=array([0. , 0.5]), size=array([0.5, 0.5]), texRes=128, units='height', win=Window(...))
3.1427 	EXP 	Created welcome_text_2 = TextStim(__class__=<class 'psychopy.visual.text.TextStim'>, alignHoriz=method-wrapper(...), alignText='center', alignVert=method-wrapper(...), anchorHoriz='center', anchorVert='center', antialias=True, autoLog=True, bold=False, color='white', colorSpace='named', contrast=1.0, depth=0.0, flipHoriz=False, flipVert=False, font='Arial', fontFiles=[], height=0.03, italic=False, languageStyle='LTR', name='welcome_text_2', opacity=1.0, ori=0, pos=array([0., 0.]), rgb=array([255., 255., 255.]), text=str(...), units='height', win=Window(...), wrapWidth=1)
3.1680 	EXP 	Created onesecond = ImageStim(__class__=<class 'psychopy.visual.image.ImageStim'>, autoLog=True, color=array([1., 1., 1.]), colorSpace='rgb', contrast=1.0, depth=-2.0, flipHoriz=False, flipVert=False, image='img/odd_4_square.png', interpolate=True, mask=None, maskParams=None, name='onesecond', opacity=1.0, ori=0.0, pos=array([0., 0.]), size=array([1.8, 1. ]), texRes=128, units='height', win=Window(...))
3.1897 	EXP 	Created seven_second = ImageStim(__class__=<class 'psychopy.visual.image.ImageStim'>, autoLog=True, color=array([1., 1., 1.]), colorSpace='rgb', contrast=1.0, depth=-3.0, flipHoriz=False, flipVert=False, image='img/odd_8_square_4.png', interpolate=True, mask=None, maskParams=None, name='seven_second', opacity=1.0, ori=0.0, pos=array([0., 0.]), size=array([1.8, 1. ]), texRes=128, units='height', win=Window(...))
3.1908 	EXP 	Created fixImg = ImageStim(__class__=<class 'psychopy.visual.image.ImageStim'>, autoLog=True, color=array([1., 1., 1.]), colorSpace='rgb', contrast=1.0, depth=0.0, flipHoriz=False, flipVert=False, image='sin', interpolate=True, mask=None, maskParams=None, name='fixImg', opacity=1.0, ori=0.0, pos=array([0., 0.]), size=array([1.8, 1. ]), texRes=128, units='height', win=Window(...))
3.1918 	EXP 	Created delayImg = ImageStim(__class__=<class 'psychopy.visual.image.ImageStim'>, autoLog=True, color=array([1., 1., 1.]), colorSpace='rgb', contrast=1.0, depth=0.0, flipHoriz=False, flipVert=False, image='sin', interpolate=True, mask=None, maskParams=None, name='delayImg', opacity=1.0, ori=0.0, pos=array([0., 0.]), size=array([1.8, 1. ]), texRes=128, units='height', win=Window(...))
3.1928 	EXP 	Created choiceImg = ImageStim(__class__=<class 'psychopy.visual.image.ImageStim'>, autoLog=True, color=array([1., 1., 1.]), colorSpace='rgb', contrast=1.0, depth=0.0, flipHoriz=False, flipVert=False, image='sin', interpolate=True, mask=None, maskParams=None, name='choiceImg', opacity=1.0, ori=0.0, pos=array([0., 0.]), size=array([1.8, 1. ]), texRes=128, units='height', win=Window(...))
3.2011 	EXP 	Created choiceWarning = TextStim(__class__=<class 'psychopy.visual.text.TextStim'>, alignHoriz=method-wrapper(...), alignText='center', alignVert=method-wrapper(...), anchorHoriz='center', anchorVert='center', antialias=True, autoLog=True, bold=False, color='red', colorSpace='named', contrast=1.0, depth=-2.0, flipHoriz=False, flipVert=False, font='Arial', fontFiles=[], height=0.05, italic=False, languageStyle='LTR', name='choiceWarning', opacity=1.0, ori=0, pos=array([ 0. , -0.3]), rgb=array([255.,   0.,   0.]), text='default text', units='height', win=Window(...), wrapWidth=1)
3.2022 	EXP 	Created leftImg = ImageStim(__class__=<class 'psychopy.visual.image.ImageStim'>, autoLog=True, color=array([1., 1., 1.]), colorSpace='rgb', contrast=1.0, depth=0.0, flipHoriz=False, flipVert=False, image='sin', interpolate=True, mask=None, maskParams=None, name='leftImg', opacity=1.0, ori=0.0, pos=array([0., 0.]), size=array([1.8, 1. ]), texRes=128, units='height', win=Window(...))
3.2032 	EXP 	Created rewardImgLeft = ImageStim(__class__=<class 'psychopy.visual.image.ImageStim'>, autoLog=True, color=array([1., 1., 1.]), colorSpace='rgb', contrast=1.0, depth=0.0, flipHoriz=False, flipVert=False, image='sin', interpolate=True, mask=None, maskParams=None, name='rewardImgLeft', opacity=1.0, ori=0.0, pos=array([0., 0.]), size=array([1.8, 1. ]), texRes=128, units='height', win=Window(...))
3.2105 	EXP 	Created rewardText = TextStim(__class__=<class 'psychopy.visual.text.TextStim'>, alignHoriz=method-wrapper(...), alignText='center', alignVert=method-wrapper(...), anchorHoriz='center', anchorVert='center', antialias=True, autoLog=True, bold=False, color='red', colorSpace='named', contrast=1.0, depth=-1.0, flipHoriz=False, flipVert=False, font='Arial', fontFiles=[], height=0.1, italic=False, languageStyle='LTR', name='rewardText', opacity=1.0, ori=0, pos=array([0., 0.]), rgb=array([255.,   0.,   0.]), text='default text', units='height', win=Window(...), wrapWidth=1)
3.2115 	EXP 	Created rightImg = ImageStim(__class__=<class 'psychopy.visual.image.ImageStim'>, autoLog=True, color=array([1., 1., 1.]), colorSpace='rgb', contrast=1.0, depth=0.0, flipHoriz=False, flipVert=False, image='sin', interpolate=True, mask=None, maskParams=None, name='rightImg', opacity=1.0, ori=0.0, pos=array([0., 0.]), size=array([1.8, 1. ]), texRes=128, units='height', win=Window(...))
3.2125 	EXP 	Created rewardImgRight = ImageStim(__class__=<class 'psychopy.visual.image.ImageStim'>, autoLog=True, color=array([1., 1., 1.]), colorSpace='rgb', contrast=1.0, depth=0.0, flipHoriz=False, flipVert=False, image='sin', interpolate=True, mask=None, maskParams=None, name='rewardImgRight', opacity=1.0, ori=0.0, pos=array([0., 0.]), size=array([1.8, 1. ]), texRes=128, units='height', win=Window(...))
3.2143 	EXP 	Created rightText = TextStim(__class__=<class 'psychopy.visual.text.TextStim'>, alignHoriz=method-wrapper(...), alignText='center', alignVert=method-wrapper(...), anchorHoriz='center', anchorVert='center', antialias=True, autoLog=True, bold=False, color='red', colorSpace='named', contrast=1.0, depth=-1.0, flipHoriz=False, flipVert=False, font='Arial', fontFiles=[], height=0.1, italic=False, languageStyle='LTR', name='rightText', opacity=1.0, ori=0, pos=array([0., 0.]), rgb=array([255.,   0.,   0.]), text='default text', units='height', win=Window(...), wrapWidth=1)
3.2165 	EXP 	Created block4 = ImageStim(__class__=<class 'psychopy.visual.image.ImageStim'>, autoLog=True, color=array([1., 1., 1.]), colorSpace='rgb', contrast=1.0, depth=0.0, flipHoriz=False, flipVert=False, image='img/coffee.jpeg', interpolate=True, mask=None, maskParams=None, name='block4', opacity=1.0, ori=0.0, pos=array([ 0.5, -0.2]), size=array([0.35, 0.35]), texRes=128, units='height', win=Window(...))
3.2185 	EXP 	Created block3 = ImageStim(__class__=<class 'psychopy.visual.image.ImageStim'>, autoLog=True, color=array([1., 1., 1.]), colorSpace='rgb', contrast=1.0, depth=-1.0, flipHoriz=False, flipVert=False, image='img/cake.jpeg', interpolate=True, mask=None, maskParams=None, name='block3', opacity=1.0, ori=0.0, pos=array([0.5, 0.2]), size=array([0.35, 0.35]), texRes=128, units='height', win=Window(...))
3.2204 	EXP 	Created block2 = ImageStim(__class__=<class 'psychopy.visual.image.ImageStim'>, autoLog=True, color=array([1., 1., 1.]), colorSpace='rgb', contrast=1.0, depth=-2.0, flipHoriz=False, flipVert=False, image='img/gummi.jpeg', interpolate=True, mask=None, maskParams=None, name='block2', opacity=1.0, ori=0.0, pos=array([-0.5, -0.2]), size=array([0.35, 0.35]), texRes=128, units='height', win=Window(...))
3.2335 	EXP 	Created block1 = ImageStim(__class__=<class 'psychopy.visual.image.ImageStim'>, autoLog=True, color=array([1., 1., 1.]), colorSpace='rgb', contrast=1.0, depth=-3.0, flipHoriz=False, flipVert=False, image='img/tea.jpeg', interpolate=True, mask=None, maskParams=None, name='block1', opacity=1.0, ori=0.0, pos=array([-0.5,  0.2]), size=array([0.35, 0.35]), texRes=128, units='height', win=Window(...))
3.2352 	EXP 	Created repeatText = TextStim(__class__=<class 'psychopy.visual.text.TextStim'>, alignHoriz=method-wrapper(...), alignText='center', alignVert=method-wrapper(...), anchorHoriz='center', anchorVert='center', antialias=True, autoLog=True, bold=False, color='white', colorSpace='named', contrast=1.0, depth=-4.0, flipHoriz=False, flipVert=False, font='Arial', fontFiles=[], height=0.05, italic=False, languageStyle='LTR', name='repeatText', opacity=1.0, ori=0, pos=array([0., 0.]), rgb=array([255., 255., 255.]), text='default text', units='height', win=Window(...), wrapWidth=1)
3.2824 	EXP 	Created text = TextStim(__class__=<class 'psychopy.visual.text.TextStim'>, alignHoriz=method-wrapper(...), alignText='center', alignVert=method-wrapper(...), anchorHoriz='center', anchorVert='center', antialias=True, autoLog=True, bold=False, color='white', colorSpace='named', contrast=1.0, depth=0.0, flipHoriz=False, flipVert=False, font='Arial', fontFiles=[], height=0.03, italic=False, languageStyle='LTR', name='text', opacity=1.0, ori=0, pos=array([0., 0.]), rgb=array([255., 255., 255.]), text=str(...), units='height', win=Window(...), wrapWidth=1)
3.2904 	EXP 	Created endText = TextStim(__class__=<class 'psychopy.visual.text.TextStim'>, alignHoriz=method-wrapper(...), alignText='center', alignVert=method-wrapper(...), anchorHoriz='center', anchorVert='center', antialias=True, autoLog=True, bold=False, color='white', colorSpace='named', contrast=1.0, depth=0.0, flipHoriz=False, flipVert=False, font='Arial', fontFiles=[], height=0.05, italic=False, languageStyle='LTR', name='endText', opacity=1.0, ori=0, pos=array([0., 0.]), rgb=array([255., 255., 255.]), text=str(...), units='height', win=Window(...), wrapWidth=1)
3.3389 	EXP 	welcomeText: autoDraw = True
3.3389 	EXP 	welcomeText: text = 'a'
3.3389 	EXP 	welcomeImage: autoDraw = True
3.3389 	EXP 	welcomeImage: image = 'img/0m&m.png'
3.3778 	EXP 	welcomeText: text = 'a'
3.3778 	EXP 	welcomeImage: image = 'img/0m&m.png'
3.4128 	EXP 	welcomeText: text = 'a'
3.4128 	EXP 	welcomeImage: image = 'img/0m&m.png'
3.4479 	EXP 	welcomeText: text = 'a'
3.4479 	EXP 	welcomeImage: image = 'img/0m&m.png'
3.4831 	EXP 	welcomeText: text = 'a'
3.4831 	EXP 	welcomeImage: image = 'img/0m&m.png'
3.5225 	EXP 	welcomeText: text = 'a'
3.5225 	EXP 	welcomeImage: image = 'img/0m&m.png'
3.5622 	EXP 	welcomeText: text = 'a'
3.5622 	EXP 	welcomeImage: image = 'img/0m&m.png'
3.6019 	EXP 	welcomeText: text = 'a'
3.6019 	EXP 	welcomeImage: image = 'img/0m&m.png'
3.6413 	EXP 	welcomeText: text = 'a'
3.6413 	EXP 	welcomeImage: image = 'img/0m&m.png'
3.6809 	EXP 	welcomeText: text = 'a'
3.6809 	EXP 	welcomeImage: image = 'img/0m&m.png'
3.7207 	EXP 	welcomeText: text = 'a'
3.7207 	EXP 	welcomeImage: image = 'img/0m&m.png'
3.7607 	EXP 	welcomeText: text = 'a'
3.7607 	EXP 	welcomeImage: image = 'img/0m&m.png'
3.8149 	EXP 	welcomeText: text = 'a'
3.8149 	EXP 	welcomeImage: image = 'img/0m&m.png'
3.8537 	EXP 	welcomeText: text = 'a'
3.8537 	EXP 	welcomeImage: image = 'img/0m&m.png'
3.8932 	EXP 	welcomeText: text = 'a'
3.8932 	EXP 	welcomeImage: image = 'img/0m&m.png'
3.9328 	EXP 	welcomeText: text = 'a'
3.9328 	EXP 	welcomeImage: image = 'img/0m&m.png'
3.9719 	EXP 	welcomeText: text = 'a'
3.9719 	EXP 	welcomeImage: image = 'img/0m&m.png'
4.0112 	EXP 	welcomeText: text = 'a'
4.0112 	EXP 	welcomeImage: image = 'img/0m&m.png'
4.0462 	EXP 	welcomeText: text = 'a'
4.0462 	EXP 	welcomeImage: image = 'img/0m&m.png'
4.0810 	EXP 	welcomeText: text = 'a'
4.0810 	EXP 	welcomeImage: image = 'img/0m&m.png'
4.1163 	EXP 	welcomeText: text = 'a'
4.1163 	EXP 	welcomeImage: image = 'img/0m&m.png'
4.1559 	EXP 	welcomeText: text = 'a'
4.1559 	EXP 	welcomeImage: image = 'img/0m&m.png'
4.1952 	EXP 	welcomeText: text = 'a'
4.1952 	EXP 	welcomeImage: image = 'img/0m&m.png'
4.2349 	EXP 	welcomeText: text = 'a'
4.2349 	EXP 	welcomeImage: image = 'img/0m&m.png'
4.2744 	EXP 	welcomeText: text = 'a'
4.2744 	EXP 	welcomeImage: image = 'img/0m&m.png'
4.3137 	EXP 	welcomeText: text = 'a'
4.3137 	EXP 	welcomeImage: image = 'img/0m&m.png'
4.3530 	EXP 	welcomeText: text = 'a'
4.3530 	EXP 	welcomeImage: image = 'img/0m&m.png'
4.3921 	EXP 	welcomeText: text = 'a'
4.3921 	EXP 	welcomeImage: image = 'img/0m&m.png'
4.4316 	EXP 	welcomeText: text = 'a'
4.4316 	EXP 	welcomeImage: image = 'img/0m&m.png'
4.4623 	DATA 	Keypress: space
4.4718 	EXP 	welcomeText: text = 'a'
4.4718 	EXP 	welcomeImage: image = 'img/0m&m.png'
4.5115 	EXP 	welcomeText: text = 'a'
4.5115 	EXP 	welcomeImage: image = 'img/0m&m.png'
4.5512 	EXP 	welcomeText: text = 'a'
4.5512 	EXP 	welcomeImage: image = 'img/0m&m.png'
4.5903 	EXP 	welcomeText: text = 'a'
4.5903 	EXP 	welcomeImage: image = 'img/0m&m.png'
4.6297 	EXP 	welcomeText: text = 'a'
4.6297 	EXP 	welcomeImage: image = 'img/0m&m.png'
4.6688 	EXP 	welcomeText: text = 'a'
4.6688 	EXP 	welcomeImage: image = 'img/0m&m.png'
4.7078 	EXP 	welcomeText: text = 'a'
4.7078 	EXP 	welcomeImage: image = 'img/0m&m.png'
4.7486 	EXP 	welcomeText: text = 'a'
4.7486 	EXP 	welcomeImage: image = 'img/0m&m.png'
4.7878 	EXP 	welcomeText: text = 'a'
4.7878 	EXP 	welcomeImage: image = 'img/0m&m.png'
4.8276 	EXP 	welcomeText: text = 'a'
4.8276 	EXP 	welcomeImage: image = 'img/0m&m.png'
4.8672 	EXP 	welcomeText: text = 'a'
4.8672 	EXP 	welcomeImage: image = 'img/0m&m.png'
4.9061 	EXP 	welcomeText: text = 'a'
4.9061 	EXP 	welcomeImage: image = 'img/0m&m.png'
4.9457 	EXP 	welcomeText: text = 'a'
4.9457 	EXP 	welcomeImage: image = 'img/0m&m.png'
4.9851 	EXP 	welcomeText: text = 'a'
4.9851 	EXP 	welcomeImage: image = 'img/0m&m.png'
5.0247 	EXP 	welcomeText: text = 'a'
5.0247 	EXP 	welcomeImage: image = 'img/0m&m.png'
5.0648 	EXP 	welcomeText: text = 'a'
5.0648 	EXP 	welcomeImage: image = 'img/0m&m.png'
5.1044 	EXP 	welcomeText: text = 'a'
5.1044 	EXP 	welcomeImage: image = 'img/0m&m.png'
5.1432 	EXP 	welcomeText: text = 'a'
5.1432 	EXP 	welcomeImage: image = 'img/0m&m.png'
5.1820 	EXP 	welcomeText: text = 'a'
5.1820 	EXP 	welcomeImage: image = 'img/0m&m.png'
5.2217 	EXP 	welcomeText: text = 'a'
5.2217 	EXP 	welcomeImage: image = 'img/0m&m.png'
5.2611 	EXP 	welcomeText: text = 'a'
5.2611 	EXP 	welcomeImage: image = 'img/0m&m.png'
5.3003 	EXP 	welcomeText: text = 'a'
5.3003 	EXP 	welcomeImage: image = 'img/0m&m.png'
5.3396 	EXP 	welcomeText: text = 'a'
5.3396 	EXP 	welcomeImage: image = 'img/0m&m.png'
5.3794 	EXP 	welcomeText: text = 'a'
5.3794 	EXP 	welcomeImage: image = 'img/0m&m.png'
5.4187 	EXP 	welcomeText: text = 'a'
5.4187 	EXP 	welcomeImage: image = 'img/0m&m.png'
5.4581 	EXP 	welcomeText: text = 'a'
5.4581 	EXP 	welcomeImage: image = 'img/0m&m.png'
5.4977 	EXP 	welcomeText: text = 'a'
5.4977 	EXP 	welcomeImage: image = 'img/0m&m.png'
5.5368 	EXP 	welcomeText: text = 'a'
5.5368 	EXP 	welcomeImage: image = 'img/0m&m.png'
5.5759 	EXP 	welcomeText: text = 'a'
5.5759 	EXP 	welcomeImage: image = 'img/0m&m.png'
5.6150 	EXP 	welcomeText: text = 'a'
5.6150 	EXP 	welcomeImage: image = 'img/0m&m.png'
5.6554 	EXP 	welcomeText: text = 'a'
5.6554 	EXP 	welcomeImage: image = 'img/0m&m.png'
5.6955 	EXP 	welcomeText: text = 'a'
5.6955 	EXP 	welcomeImage: image = 'img/0m&m.png'
5.7344 	EXP 	welcomeText: text = 'a'
5.7344 	EXP 	welcomeImage: image = 'img/0m&m.png'
5.7732 	EXP 	welcomeText: text = 'a'
5.7732 	EXP 	welcomeImage: image = 'img/0m&m.png'
5.8122 	EXP 	welcomeText: text = 'a'
5.8122 	EXP 	welcomeImage: image = 'img/0m&m.png'
5.8515 	EXP 	welcomeText: text = 'a'
5.8515 	EXP 	welcomeImage: image = 'img/0m&m.png'
5.8906 	EXP 	welcomeText: text = 'a'
5.8906 	EXP 	welcomeImage: image = 'img/0m&m.png'
5.9297 	EXP 	welcomeText: text = 'a'
5.9297 	EXP 	welcomeImage: image = 'img/0m&m.png'
5.9689 	EXP 	welcomeText: text = 'a'
5.9689 	EXP 	welcomeImage: image = 'img/0m&m.png'
6.0082 	EXP 	welcomeText: text = 'a'
6.0082 	EXP 	welcomeImage: image = 'img/0m&m.png'
6.0477 	EXP 	welcomeText: text = 'a'
6.0477 	EXP 	welcomeImage: image = 'img/0m&m.png'
6.0876 	EXP 	welcomeText: text = 'a'
6.0876 	EXP 	welcomeImage: image = 'img/0m&m.png'
6.1265 	EXP 	welcomeText: text = 'a'
6.1265 	EXP 	welcomeImage: image = 'img/0m&m.png'
6.1669 	EXP 	welcomeText: text = 'a'
6.1669 	EXP 	welcomeImage: image = 'img/0m&m.png'
6.2060 	EXP 	welcomeText: text = 'a'
6.2060 	EXP 	welcomeImage: image = 'img/0m&m.png'
6.2450 	EXP 	welcomeText: text = 'a'
6.2450 	EXP 	welcomeImage: image = 'img/0m&m.png'
6.2843 	EXP 	welcomeText: text = 'a'
6.2843 	EXP 	welcomeImage: image = 'img/0m&m.png'
6.3232 	EXP 	welcomeText: text = 'a'
6.3232 	EXP 	welcomeImage: image = 'img/0m&m.png'
6.3624 	EXP 	welcomeText: text = 'a'
6.3624 	EXP 	welcomeImage: image = 'img/0m&m.png'
6.4014 	EXP 	welcomeText: text = 'a'
6.4014 	EXP 	welcomeImage: image = 'img/0m&m.png'
6.4401 	EXP 	welcomeText: text = 'a'
6.4401 	EXP 	welcomeImage: image = 'img/0m&m.png'
6.4792 	EXP 	welcomeText: text = 'a'
6.4792 	EXP 	welcomeImage: image = 'img/0m&m.png'
6.5180 	EXP 	welcomeText: text = 'a'
6.5180 	EXP 	welcomeImage: image = 'img/0m&m.png'
6.5571 	EXP 	welcomeText: text = 'a'
6.5571 	EXP 	welcomeImage: image = 'img/0m&m.png'
6.5959 	EXP 	welcomeText: text = 'a'
6.5959 	EXP 	welcomeImage: image = 'img/0m&m.png'
6.6357 	EXP 	welcomeText: text = 'a'
6.6357 	EXP 	welcomeImage: image = 'img/0m&m.png'
6.6759 	EXP 	welcomeText: text = 'a'
6.6759 	EXP 	welcomeImage: image = 'img/0m&m.png'
6.7159 	EXP 	welcomeText: text = 'a'
6.7159 	EXP 	welcomeImage: image = 'img/0m&m.png'
6.7553 	EXP 	welcomeText: text = 'a'
6.7553 	EXP 	welcomeImage: image = 'img/0m&m.png'
6.7852 	DATA 	Keypress: space
6.7945 	EXP 	welcomeText: text = 'a'
6.7945 	EXP 	welcomeImage: image = 'img/0m&m.png'
6.8334 	EXP 	welcomeText: text = 'a'
6.8334 	EXP 	welcomeImage: image = 'img/0m&m.png'
6.8737 	EXP 	welcomeText: text = 'a'
6.8737 	EXP 	welcomeImage: image = 'img/0m&m.png'
6.9137 	EXP 	welcomeText: text = 'a'
6.9137 	EXP 	welcomeImage: image = 'img/0m&m.png'
6.9526 	EXP 	welcomeText: text = 'a'
6.9526 	EXP 	welcomeImage: image = 'img/0m&m.png'
6.9945 	EXP 	welcomeText: text = 'a'
6.9945 	EXP 	welcomeImage: image = 'img/0m&m.png'
7.0343 	EXP 	welcomeText: text = 'a'
7.0343 	EXP 	welcomeImage: image = 'img/0m&m.png'
7.0657 	DATA 	Keypress: space
7.0752 	EXP 	welcomeText: text = 'a'
7.0752 	EXP 	welcomeImage: image = 'img/0m&m.png'
7.1142 	EXP 	welcomeText: text = 'a'
7.1142 	EXP 	welcomeImage: image = 'img/0m&m.png'
7.1588 	EXP 	welcomeText: text = 'a'
7.1588 	EXP 	welcomeImage: image = 'img/0m&m.png'
7.2015 	EXP 	welcomeText: text = 'a'
7.2015 	EXP 	welcomeImage: image = 'img/0m&m.png'
7.2438 	EXP 	welcomeText: text = 'a'
7.2438 	EXP 	welcomeImage: image = 'img/0m&m.png'
7.2856 	EXP 	welcomeText: text = 'a'
7.2856 	EXP 	welcomeImage: image = 'img/0m&m.png'
7.3170 	DATA 	Keypress: space
7.3264 	EXP 	welcomeText: text = 'a'
7.3264 	EXP 	welcomeImage: image = 'img/0m&m.png'
7.3664 	EXP 	welcomeText: text = 'a'
7.3664 	EXP 	welcomeImage: image = 'img/0m&m.png'
7.4069 	EXP 	welcomeText: text = 'a'
7.4069 	EXP 	welcomeImage: image = 'img/0m&m.png'
7.4473 	EXP 	welcomeText: text = 'a'
7.4473 	EXP 	welcomeImage: image = 'img/0m&m.png'
7.4880 	EXP 	welcomeText: text = 'a'
7.4880 	EXP 	welcomeImage: image = 'img/0m&m.png'
7.5286 	EXP 	welcomeText: text = 'a'
7.5286 	EXP 	welcomeImage: image = 'img/0m&m.png'
7.5604 	DATA 	Keypress: space
7.5699 	EXP 	welcomeText: text = 'a'
7.5699 	EXP 	welcomeImage: image = 'img/0m&m.png'
7.6249 	EXP 	welcomeText: text = 'a'
7.6249 	EXP 	welcomeImage: image = 'img/0m&m.png'
7.6642 	EXP 	welcomeText: text = 'a'
7.6642 	EXP 	welcomeImage: image = 'img/0m&m.png'
7.7052 	EXP 	welcomeText: text = 'a'
7.7052 	EXP 	welcomeImage: image = 'img/0m&m.png'
7.7456 	EXP 	welcomeText: text = 'a'
7.7456 	EXP 	welcomeImage: image = 'img/0m&m.png'
7.7861 	EXP 	welcomeText: text = 'a'
7.7861 	EXP 	welcomeImage: image = 'img/0m&m.png'
7.8171 	DATA 	Keypress: space
7.8265 	EXP 	welcomeText: text = 'a'
7.8265 	EXP 	welcomeImage: image = 'img/0m&m.png'
7.8670 	EXP 	welcomeText: text = 'a'
7.8670 	EXP 	welcomeImage: image = 'img/0m&m.png'
7.9075 	EXP 	welcomeText: text = 'a'
7.9075 	EXP 	welcomeImage: image = 'img/0m&m.png'
7.9479 	EXP 	welcomeText: text = 'a'
7.9479 	EXP 	welcomeImage: image = 'img/0m&m.png'
7.9896 	EXP 	welcomeText: text = 'a'
7.9896 	EXP 	welcomeImage: image = 'img/0m&m.png'
8.0206 	DATA 	Keypress: space
8.0299 	EXP 	welcomeText: text = 'a'
8.0299 	EXP 	welcomeImage: image = 'img/0m&m.png'
8.0701 	EXP 	welcomeText: text = 'a'
8.0701 	EXP 	welcomeImage: image = 'img/0m&m.png'
8.1106 	EXP 	welcomeText: text = 'a'
8.1106 	EXP 	welcomeImage: image = 'img/0m&m.png'
8.1506 	EXP 	welcomeText: text = 'a'
8.1506 	EXP 	welcomeImage: image = 'img/0m&m.png'
8.1918 	EXP 	welcomeText: text = 'a'
8.1918 	EXP 	welcomeImage: image = 'img/0m&m.png'
8.2227 	DATA 	Keypress: space
8.2319 	EXP 	welcomeText: text = 'a'
8.2319 	EXP 	welcomeImage: image = 'img/0m&m.png'
8.2724 	EXP 	welcomeText: text = 'a'
8.2724 	EXP 	welcomeImage: image = 'img/0m&m.png'
8.3124 	EXP 	welcomeText: text = 'a'
8.3124 	EXP 	welcomeImage: image = 'img/0m&m.png'
8.3517 	EXP 	welcomeText: text = 'a'
8.3517 	EXP 	welcomeImage: image = 'img/0m&m.png'
8.3933 	EXP 	welcomeText: text = 'a'
8.3933 	EXP 	welcomeImage: image = 'img/0m&m.png'
8.4335 	EXP 	welcomeText: text = 'a'
8.4335 	EXP 	welcomeImage: image = 'img/0m&m.png'
8.4731 	EXP 	welcomeText: text = 'a'
8.4731 	EXP 	welcomeImage: image = 'img/0m&m.png'
8.5148 	EXP 	welcomeText: text = 'a'
8.5148 	EXP 	welcomeImage: image = 'img/0m&m.png'
8.5541 	EXP 	welcomeText: text = 'a'
8.5541 	EXP 	welcomeImage: image = 'img/0m&m.png'
8.5950 	EXP 	welcomeText: text = 'a'
8.5950 	EXP 	welcomeImage: image = 'img/0m&m.png'
8.6307 	EXP 	welcomeText: text = 'a'
8.6307 	EXP 	welcomeImage: image = 'img/0m&m.png'
8.6667 	EXP 	welcomeText: text = 'a'
8.6667 	EXP 	welcomeImage: image = 'img/0m&m.png'
8.7042 	EXP 	welcomeText: text = 'a'
8.7042 	EXP 	welcomeImage: image = 'img/0m&m.png'
8.7447 	EXP 	welcomeText: text = 'a'
8.7447 	EXP 	welcomeImage: image = 'img/0m&m.png'
8.7807 	EXP 	welcomeText: text = 'a'
8.7807 	EXP 	welcomeImage: image = 'img/0m&m.png'
8.8165 	EXP 	welcomeText: text = 'a'
8.8165 	EXP 	welcomeImage: image = 'img/0m&m.png'
8.8522 	EXP 	welcomeText: text = 'a'
8.8522 	EXP 	welcomeImage: image = 'img/0m&m.png'
8.8921 	EXP 	welcomeText: text = 'a'
8.8921 	EXP 	welcomeImage: image = 'img/0m&m.png'
8.9327 	EXP 	welcomeText: text = 'a'
8.9327 	EXP 	welcomeImage: image = 'img/0m&m.png'
8.9732 	EXP 	welcomeText: text = 'a'
8.9732 	EXP 	welcomeImage: image = 'img/0m&m.png'
9.0137 	EXP 	welcomeText: text = 'a'
9.0137 	EXP 	welcomeImage: image = 'img/0m&m.png'
9.0536 	EXP 	welcomeText: text = 'a'
9.0536 	EXP 	welcomeImage: image = 'img/0m&m.png'
9.0943 	EXP 	welcomeText: text = 'a'
9.0943 	EXP 	welcomeImage: image = 'img/0m&m.png'
9.1337 	EXP 	welcomeText: text = 'a'
9.1337 	EXP 	welcomeImage: image = 'img/0m&m.png'
9.1734 	EXP 	welcomeText: text = 'a'
9.1734 	EXP 	welcomeImage: image = 'img/0m&m.png'
9.2137 	EXP 	welcomeText: text = 'a'
9.2137 	EXP 	welcomeImage: image = 'img/0m&m.png'
9.2535 	EXP 	welcomeText: text = 'a'
9.2535 	EXP 	welcomeImage: image = 'img/0m&m.png'
9.2935 	EXP 	welcomeText: text = 'a'
9.2935 	EXP 	welcomeImage: image = 'img/0m&m.png'
9.3336 	EXP 	welcomeText: text = 'a'
9.3336 	EXP 	welcomeImage: image = 'img/0m&m.png'
9.3744 	EXP 	welcomeText: text = 'a'
9.3744 	EXP 	welcomeImage: image = 'img/0m&m.png'
9.4147 	EXP 	welcomeText: text = 'a'
9.4147 	EXP 	welcomeImage: image = 'img/0m&m.png'
9.4547 	EXP 	welcomeText: text = 'a'
9.4547 	EXP 	welcomeImage: image = 'img/0m&m.png'
9.4947 	EXP 	welcomeText: text = 'a'
9.4947 	EXP 	welcomeImage: image = 'img/0m&m.png'
9.5349 	EXP 	welcomeText: text = 'a'
9.5349 	EXP 	welcomeImage: image = 'img/0m&m.png'
9.5757 	EXP 	welcomeText: text = 'a'
9.5757 	EXP 	welcomeImage: image = 'img/0m&m.png'
9.6157 	EXP 	welcomeText: text = 'a'
9.6157 	EXP 	welcomeImage: image = 'img/0m&m.png'
9.6557 	EXP 	welcomeText: text = 'a'
9.6557 	EXP 	welcomeImage: image = 'img/0m&m.png'
9.6977 	EXP 	welcomeText: text = 'a'
9.6977 	EXP 	welcomeImage: image = 'img/0m&m.png'
9.7378 	EXP 	welcomeText: text = 'a'
9.7378 	EXP 	welcomeImage: image = 'img/0m&m.png'
9.7776 	EXP 	welcomeText: text = 'a'
9.7776 	EXP 	welcomeImage: image = 'img/0m&m.png'
9.8147 	EXP 	welcomeText: text = 'a'
9.8147 	EXP 	welcomeImage: image = 'img/0m&m.png'
9.8511 	EXP 	welcomeText: text = 'a'
9.8511 	EXP 	welcomeImage: image = 'img/0m&m.png'
9.8868 	EXP 	welcomeText: text = 'a'
9.8868 	EXP 	welcomeImage: image = 'img/0m&m.png'
9.9270 	EXP 	welcomeText: text = 'a'
9.9270 	EXP 	welcomeImage: image = 'img/0m&m.png'
9.9665 	EXP 	welcomeText: text = 'a'
9.9665 	EXP 	welcomeImage: image = 'img/0m&m.png'
10.0065 	EXP 	welcomeText: text = 'a'
10.0065 	EXP 	welcomeImage: image = 'img/0m&m.png'
10.0476 	EXP 	welcomeText: text = 'a'
10.0476 	EXP 	welcomeImage: image = 'img/0m&m.png'
10.0885 	EXP 	welcomeText: text = 'a'
10.0885 	EXP 	welcomeImage: image = 'img/0m&m.png'
10.1295 	EXP 	welcomeText: text = 'a'
10.1295 	EXP 	welcomeImage: image = 'img/0m&m.png'
10.1696 	EXP 	welcomeText: text = 'a'
10.1696 	EXP 	welcomeImage: image = 'img/0m&m.png'
10.2094 	EXP 	welcomeText: text = 'a'
10.2094 	EXP 	welcomeImage: image = 'img/0m&m.png'
10.2494 	EXP 	welcomeText: text = 'a'
10.2494 	EXP 	welcomeImage: image = 'img/0m&m.png'
10.2891 	EXP 	welcomeText: text = 'a'
10.2891 	EXP 	welcomeImage: image = 'img/0m&m.png'
10.3296 	EXP 	welcomeText: text = 'a'
10.3296 	EXP 	welcomeImage: image = 'img/0m&m.png'
10.3696 	EXP 	welcomeText: text = 'a'
10.3696 	EXP 	welcomeImage: image = 'img/0m&m.png'
10.4096 	EXP 	welcomeText: text = 'a'
10.4096 	EXP 	welcomeImage: image = 'img/0m&m.png'
10.4494 	EXP 	welcomeText: text = 'a'
10.4494 	EXP 	welcomeImage: image = 'img/0m&m.png'
10.4891 	EXP 	welcomeText: text = 'a'
10.4891 	EXP 	welcomeImage: image = 'img/0m&m.png'
10.5291 	EXP 	welcomeText: text = 'a'
10.5291 	EXP 	welcomeImage: image = 'img/0m&m.png'
10.5644 	EXP 	welcomeText: text = 'a'
10.5644 	EXP 	welcomeImage: image = 'img/0m&m.png'
10.5997 	EXP 	welcomeText: text = 'a'
10.5997 	EXP 	welcomeImage: image = 'img/0m&m.png'
10.6353 	EXP 	welcomeText: text = 'a'
10.6353 	EXP 	welcomeImage: image = 'img/0m&m.png'
10.6750 	EXP 	welcomeText: text = 'a'
10.6750 	EXP 	welcomeImage: image = 'img/0m&m.png'
10.7153 	EXP 	welcomeText: text = 'a'
10.7153 	EXP 	welcomeImage: image = 'img/0m&m.png'
10.7550 	EXP 	welcomeText: text = 'a'
10.7550 	EXP 	welcomeImage: image = 'img/0m&m.png'
10.7949 	EXP 	welcomeText: text = 'a'
10.7949 	EXP 	welcomeImage: image = 'img/0m&m.png'
10.8354 	EXP 	welcomeText: text = 'a'
10.8354 	EXP 	welcomeImage: image = 'img/0m&m.png'
10.8755 	EXP 	welcomeText: text = 'a'
10.8755 	EXP 	welcomeImage: image = 'img/0m&m.png'
10.9155 	EXP 	welcomeText: text = 'a'
10.9155 	EXP 	welcomeImage: image = 'img/0m&m.png'
10.9554 	EXP 	welcomeText: text = 'a'
10.9554 	EXP 	welcomeImage: image = 'img/0m&m.png'
10.9960 	EXP 	welcomeText: text = 'a'
10.9960 	EXP 	welcomeImage: image = 'img/0m&m.png'
11.0366 	EXP 	welcomeText: text = 'a'
11.0366 	EXP 	welcomeImage: image = 'img/0m&m.png'
11.0772 	EXP 	welcomeText: text = 'a'
11.0772 	EXP 	welcomeImage: image = 'img/0m&m.png'
11.1174 	EXP 	welcomeText: text = 'a'
11.1174 	EXP 	welcomeImage: image = 'img/0m&m.png'
11.1573 	EXP 	welcomeText: text = 'a'
11.1573 	EXP 	welcomeImage: image = 'img/0m&m.png'
11.1969 	EXP 	welcomeText: text = 'a'
11.1969 	EXP 	welcomeImage: image = 'img/0m&m.png'
11.2365 	EXP 	welcomeText: text = 'a'
11.2365 	EXP 	welcomeImage: image = 'img/0m&m.png'
11.2764 	EXP 	welcomeText: text = 'a'
11.2764 	EXP 	welcomeImage: image = 'img/0m&m.png'
11.3164 	EXP 	welcomeText: text = 'a'
11.3164 	EXP 	welcomeImage: image = 'img/0m&m.png'
11.3565 	EXP 	welcomeText: text = 'a'
11.3565 	EXP 	welcomeImage: image = 'img/0m&m.png'
11.3964 	EXP 	welcomeText: text = 'a'
11.3964 	EXP 	welcomeImage: image = 'img/0m&m.png'
11.4379 	EXP 	welcomeText: text = 'a'
11.4379 	EXP 	welcomeImage: image = 'img/0m&m.png'
11.4945 	EXP 	welcomeText: text = 'a'
11.4945 	EXP 	welcomeImage: image = 'img/0m&m.png'
11.5356 	EXP 	welcomeText: text = 'a'
11.5356 	EXP 	welcomeImage: image = 'img/0m&m.png'
11.5762 	EXP 	welcomeText: text = 'a'
11.5762 	EXP 	welcomeImage: image = 'img/0m&m.png'
11.6164 	EXP 	welcomeText: text = 'a'
11.6164 	EXP 	welcomeImage: image = 'img/0m&m.png'
11.6576 	EXP 	welcomeText: text = 'a'
11.6576 	EXP 	welcomeImage: image = 'img/0m&m.png'
11.6976 	EXP 	welcomeText: text = 'a'
11.6976 	EXP 	welcomeImage: image = 'img/0m&m.png'
11.7372 	EXP 	welcomeText: text = 'a'
11.7372 	EXP 	welcomeImage: image = 'img/0m&m.png'
11.7766 	EXP 	welcomeText: text = 'a'
11.7766 	EXP 	welcomeImage: image = 'img/0m&m.png'
11.8168 	EXP 	welcomeText: text = 'a'
11.8168 	EXP 	welcomeImage: image = 'img/0m&m.png'
11.8568 	EXP 	welcomeText: text = 'a'
11.8568 	EXP 	welcomeImage: image = 'img/0m&m.png'
11.8968 	EXP 	welcomeText: text = 'a'
11.8968 	EXP 	welcomeImage: image = 'img/0m&m.png'
11.9374 	EXP 	welcomeText: text = 'a'
11.9374 	EXP 	welcomeImage: image = 'img/0m&m.png'
11.9774 	EXP 	welcomeText: text = 'a'
11.9774 	EXP 	welcomeImage: image = 'img/0m&m.png'
12.0176 	EXP 	welcomeText: text = 'a'
12.0176 	EXP 	welcomeImage: image = 'img/0m&m.png'
12.0579 	EXP 	welcomeText: text = 'a'
12.0579 	EXP 	welcomeImage: image = 'img/0m&m.png'
12.0975 	EXP 	welcomeText: text = 'a'
12.0975 	EXP 	welcomeImage: image = 'img/0m&m.png'
12.1372 	EXP 	welcomeText: text = 'a'
12.1372 	EXP 	welcomeImage: image = 'img/0m&m.png'
12.1775 	EXP 	welcomeText: text = 'a'
12.1775 	EXP 	welcomeImage: image = 'img/0m&m.png'
12.2183 	EXP 	welcomeText: text = 'a'
12.2183 	EXP 	welcomeImage: image = 'img/0m&m.png'
12.2587 	EXP 	welcomeText: text = 'a'
12.2587 	EXP 	welcomeImage: image = 'img/0m&m.png'
12.2986 	EXP 	welcomeText: text = 'a'
12.2986 	EXP 	welcomeImage: image = 'img/0m&m.png'
12.3396 	EXP 	welcomeText: text = 'a'
12.3396 	EXP 	welcomeImage: image = 'img/0m&m.png'
12.3796 	EXP 	welcomeText: text = 'a'
12.3796 	EXP 	welcomeImage: image = 'img/0m&m.png'
12.4195 	EXP 	welcomeText: text = 'a'
12.4195 	EXP 	welcomeImage: image = 'img/0m&m.png'
12.4595 	EXP 	welcomeText: text = 'a'
12.4595 	EXP 	welcomeImage: image = 'img/0m&m.png'
12.4994 	EXP 	welcomeText: text = 'a'
12.4994 	EXP 	welcomeImage: image = 'img/0m&m.png'
12.5401 	EXP 	welcomeText: text = 'a'
12.5401 	EXP 	welcomeImage: image = 'img/0m&m.png'
12.5808 	EXP 	welcomeText: text = 'a'
12.5808 	EXP 	welcomeImage: image = 'img/0m&m.png'
12.6201 	EXP 	welcomeText: text = 'a'
12.6201 	EXP 	welcomeImage: image = 'img/0m&m.png'
12.6607 	EXP 	welcomeText: text = 'a'
12.6607 	EXP 	welcomeImage: image = 'img/0m&m.png'
12.7014 	EXP 	welcomeText: text = 'a'
12.7014 	EXP 	welcomeImage: image = 'img/0m&m.png'
12.7419 	EXP 	welcomeText: text = 'a'
12.7419 	EXP 	welcomeImage: image = 'img/0m&m.png'
12.7824 	EXP 	welcomeText: text = 'a'
12.7824 	EXP 	welcomeImage: image = 'img/0m&m.png'
12.8219 	EXP 	welcomeText: text = 'a'
12.8219 	EXP 	welcomeImage: image = 'img/0m&m.png'
12.8612 	EXP 	welcomeText: text = 'a'
12.8612 	EXP 	welcomeImage: image = 'img/0m&m.png'
12.9008 	EXP 	welcomeText: text = 'a'
12.9008 	EXP 	welcomeImage: image = 'img/0m&m.png'
12.9408 	EXP 	welcomeText: text = 'a'
12.9408 	EXP 	welcomeImage: image = 'img/0m&m.png'
12.9802 	EXP 	welcomeText: text = 'a'
12.9802 	EXP 	welcomeImage: image = 'img/0m&m.png'
13.0200 	EXP 	welcomeText: text = 'a'
13.0200 	EXP 	welcomeImage: image = 'img/0m&m.png'
13.0608 	EXP 	welcomeText: text = 'a'
13.0608 	EXP 	welcomeImage: image = 'img/0m&m.png'
13.1010 	EXP 	welcomeText: text = 'a'
13.1010 	EXP 	welcomeImage: image = 'img/0m&m.png'
13.1409 	EXP 	welcomeText: text = 'a'
13.1409 	EXP 	welcomeImage: image = 'img/0m&m.png'
13.1806 	EXP 	welcomeText: text = 'a'
13.1806 	EXP 	welcomeImage: image = 'img/0m&m.png'
13.2214 	EXP 	welcomeText: text = 'a'
13.2214 	EXP 	welcomeImage: image = 'img/0m&m.png'
13.2620 	EXP 	welcomeText: text = 'a'
13.2620 	EXP 	welcomeImage: image = 'img/0m&m.png'
13.3015 	EXP 	welcomeText: text = 'a'
13.3015 	EXP 	welcomeImage: image = 'img/0m&m.png'
13.3411 	EXP 	welcomeText: text = 'a'
13.3411 	EXP 	welcomeImage: image = 'img/0m&m.png'
13.3808 	EXP 	welcomeText: text = 'a'
13.3808 	EXP 	welcomeImage: image = 'img/0m&m.png'
13.4202 	EXP 	welcomeText: text = 'a'
13.4202 	EXP 	welcomeImage: image = 'img/0m&m.png'
13.4620 	EXP 	welcomeText: text = 'a'
13.4620 	EXP 	welcomeImage: image = 'img/0m&m.png'
13.5026 	EXP 	welcomeText: text = 'a'
13.5026 	EXP 	welcomeImage: image = 'img/0m&m.png'
13.5428 	EXP 	welcomeText: text = 'a'
13.5428 	EXP 	welcomeImage: image = 'img/0m&m.png'
13.5822 	EXP 	welcomeText: text = 'a'
13.5822 	EXP 	welcomeImage: image = 'img/0m&m.png'
13.6215 	EXP 	welcomeText: text = 'a'
13.6215 	EXP 	welcomeImage: image = 'img/0m&m.png'
13.6621 	EXP 	welcomeText: text = 'a'
13.6621 	EXP 	welcomeImage: image = 'img/0m&m.png'
13.7027 	EXP 	welcomeText: text = 'a'
13.7027 	EXP 	welcomeImage: image = 'img/0m&m.png'
13.7427 	EXP 	welcomeText: text = 'a'
13.7427 	EXP 	welcomeImage: image = 'img/0m&m.png'
13.7824 	EXP 	welcomeText: text = 'a'
13.7824 	EXP 	welcomeImage: image = 'img/0m&m.png'
13.8214 	EXP 	welcomeText: text = 'a'
13.8214 	EXP 	welcomeImage: image = 'img/0m&m.png'
13.8616 	EXP 	welcomeText: text = 'a'
13.8616 	EXP 	welcomeImage: image = 'img/0m&m.png'
13.9014 	EXP 	welcomeText: text = 'a'
13.9014 	EXP 	welcomeImage: image = 'img/0m&m.png'
13.9413 	EXP 	welcomeText: text = 'a'
13.9413 	EXP 	welcomeImage: image = 'img/0m&m.png'
13.9956 	EXP 	welcomeText: text = 'a'
13.9956 	EXP 	welcomeImage: image = 'img/0m&m.png'
14.0348 	EXP 	welcomeText: text = 'a'
14.0348 	EXP 	welcomeImage: image = 'img/0m&m.png'
14.0754 	EXP 	welcomeText: text = 'a'
14.0754 	EXP 	welcomeImage: image = 'img/0m&m.png'
14.1155 	EXP 	welcomeText: text = 'a'
14.1155 	EXP 	welcomeImage: image = 'img/0m&m.png'
14.1554 	EXP 	welcomeText: text = 'a'
14.1554 	EXP 	welcomeImage: image = 'img/0m&m.png'
14.1957 	EXP 	welcomeText: text = 'a'
14.1957 	EXP 	welcomeImage: image = 'img/0m&m.png'
14.2368 	EXP 	welcomeText: text = 'a'
14.2368 	EXP 	welcomeImage: image = 'img/0m&m.png'
14.2774 	EXP 	welcomeText: text = 'a'
14.2774 	EXP 	welcomeImage: image = 'img/0m&m.png'
14.3175 	EXP 	welcomeText: text = 'a'
14.3175 	EXP 	welcomeImage: image = 'img/0m&m.png'
14.3577 	EXP 	welcomeText: text = 'a'
14.3577 	EXP 	welcomeImage: image = 'img/0m&m.png'
14.3973 	EXP 	welcomeText: text = 'a'
14.3973 	EXP 	welcomeImage: image = 'img/0m&m.png'
14.4372 	EXP 	welcomeText: text = 'a'
14.4372 	EXP 	welcomeImage: image = 'img/0m&m.png'
14.4766 	EXP 	welcomeText: text = 'a'
14.4766 	EXP 	welcomeImage: image = 'img/0m&m.png'
14.5165 	EXP 	welcomeText: text = 'a'
14.5165 	EXP 	welcomeImage: image = 'img/0m&m.png'
14.5566 	EXP 	welcomeText: text = 'a'
14.5566 	EXP 	welcomeImage: image = 'img/0m&m.png'
14.5969 	EXP 	welcomeText: text = 'a'
14.5969 	EXP 	welcomeImage: image = 'img/0m&m.png'
14.6370 	EXP 	welcomeText: text = 'a'
14.6370 	EXP 	welcomeImage: image = 'img/0m&m.png'
14.6759 	EXP 	welcomeText: text = 'a'
14.6759 	EXP 	welcomeImage: image = 'img/0m&m.png'
14.7153 	EXP 	welcomeText: text = 'a'
14.7153 	EXP 	welcomeImage: image = 'img/0m&m.png'
14.7545 	EXP 	welcomeText: text = 'a'
14.7545 	EXP 	welcomeImage: image = 'img/0m&m.png'
14.7937 	EXP 	welcomeText: text = 'a'
14.7937 	EXP 	welcomeImage: image = 'img/0m&m.png'
14.8336 	EXP 	welcomeText: text = 'a'
14.8336 	EXP 	welcomeImage: image = 'img/0m&m.png'
14.8746 	EXP 	welcomeText: text = 'a'
14.8746 	EXP 	welcomeImage: image = 'img/0m&m.png'
14.9145 	EXP 	welcomeText: text = 'a'
14.9145 	EXP 	welcomeImage: image = 'img/0m&m.png'
14.9544 	EXP 	welcomeText: text = 'a'
14.9544 	EXP 	welcomeImage: image = 'img/0m&m.png'
14.9944 	EXP 	welcomeText: text = 'a'
14.9944 	EXP 	welcomeImage: image = 'img/0m&m.png'
15.0342 	EXP 	welcomeText: text = 'a'
15.0342 	EXP 	welcomeImage: image = 'img/0m&m.png'
15.0866 	EXP 	welcomeText: text = 'a'
15.0866 	EXP 	welcomeImage: image = 'img/0m&m.png'
15.1257 	EXP 	welcomeText: text = 'a'
15.1257 	EXP 	welcomeImage: image = 'img/0m&m.png'
15.1656 	EXP 	welcomeText: text = 'a'
15.1656 	EXP 	welcomeImage: image = 'img/0m&m.png'
15.2049 	EXP 	welcomeText: text = 'a'
15.2049 	EXP 	welcomeImage: image = 'img/0m&m.png'
15.2446 	EXP 	welcomeText: text = 'a'
15.2446 	EXP 	welcomeImage: image = 'img/0m&m.png'
15.2853 	EXP 	welcomeText: text = 'a'
15.2853 	EXP 	welcomeImage: image = 'img/0m&m.png'
15.3246 	EXP 	welcomeText: text = 'a'
15.3246 	EXP 	welcomeImage: image = 'img/0m&m.png'
15.3644 	EXP 	welcomeText: text = 'a'
15.3644 	EXP 	welcomeImage: image = 'img/0m&m.png'
15.4037 	EXP 	welcomeText: text = 'a'
15.4037 	EXP 	welcomeImage: image = 'img/0m&m.png'
15.4436 	EXP 	welcomeText: text = 'a'
15.4436 	EXP 	welcomeImage: image = 'img/0m&m.png'
15.4843 	EXP 	welcomeText: text = 'a'
15.4843 	EXP 	welcomeImage: image = 'img/0m&m.png'
15.5243 	EXP 	welcomeText: text = 'a'
15.5243 	EXP 	welcomeImage: image = 'img/0m&m.png'
15.5639 	EXP 	welcomeText: text = 'a'
15.5639 	EXP 	welcomeImage: image = 'img/0m&m.png'
15.6037 	EXP 	welcomeText: text = 'a'
15.6037 	EXP 	welcomeImage: image = 'img/0m&m.png'
15.6435 	EXP 	welcomeText: text = 'a'
15.6435 	EXP 	welcomeImage: image = 'img/0m&m.png'
15.6851 	EXP 	welcomeText: text = 'a'
15.6851 	EXP 	welcomeImage: image = 'img/0m&m.png'
15.7247 	EXP 	welcomeText: text = 'a'
15.7247 	EXP 	welcomeImage: image = 'img/0m&m.png'
15.7639 	EXP 	welcomeText: text = 'a'
15.7639 	EXP 	welcomeImage: image = 'img/0m&m.png'
15.8036 	EXP 	welcomeText: text = 'a'
15.8036 	EXP 	welcomeImage: image = 'img/0m&m.png'
15.8435 	EXP 	welcomeText: text = 'a'
15.8435 	EXP 	welcomeImage: image = 'img/0m&m.png'
15.8835 	EXP 	welcomeText: text = 'a'
15.8835 	EXP 	welcomeImage: image = 'img/0m&m.png'
15.9232 	EXP 	welcomeText: text = 'a'
15.9232 	EXP 	welcomeImage: image = 'img/0m&m.png'
15.9630 	EXP 	welcomeText: text = 'a'
15.9630 	EXP 	welcomeImage: image = 'img/0m&m.png'
16.0017 	EXP 	welcomeText: text = 'a'
16.0017 	EXP 	welcomeImage: image = 'img/0m&m.png'
16.0412 	EXP 	welcomeText: text = 'a'
16.0412 	EXP 	welcomeImage: image = 'img/0m&m.png'
16.0806 	EXP 	welcomeText: text = 'a'
16.0806 	EXP 	welcomeImage: image = 'img/0m&m.png'
16.1207 	EXP 	welcomeText: text = 'a'
16.1207 	EXP 	welcomeImage: image = 'img/0m&m.png'
16.1519 	DATA 	Keypress: escape
16.1593 	EXP 	window1: mouseVisible = True
0.3277 	WARNING 	We strongly recommend you activate the PTB sound engine in PsychoPy prefs as the preferred audio engine. Its timing is vastly superior. Your prefs are currently set to use ['sounddevice', 'PTB', 'pyo', 'pygame'] (in that order).
0.9188 	WARNING 	Import Error: No module named 'psychtoolbox'. Using event module for keyboard component.
1.7642 	WARNING 	User requested fullscreen with size [1536  864], but screen is actually [1920, 1080]. Using actual size
2.3161 	EXP 	Created window1 = Window(allowGUI=False, allowStencil=False, args=UNKNOWN, autoLog=True, bitsMode=UNKNOWN, blendMode='avg', bpc=(8, 8, 8), color=array([0., 0., 0.]), colorSpace='rgb', depthBits=8, fullscr=<method-wrapper '__getattribute__' of attributeSetter object at 0x7fa1a63b8880>, gamma=None, gammaErrorPolicy='raise', kwargs=UNKNOWN, lms=UNKNOWN, monitor=<psychopy.monitors.calibTools.Monitor object at 0x7fa1a637e6a0>, multiSample=False, name='window1', numSamples=2, pos=[0.0, 0.0], screen=0, size=array([1920, 1080]), stencilBits=0, stereo=False, units='height', useFBO=True, useRetina=False, viewOri=0.0, viewPos=None, viewScale=None, waitBlanking=True, winType='pyglet')
2.3165 	EXP 	window1: mouseVisible = True
2.3166 	EXP 	window1: recordFrameIntervals = False
2.4811 	EXP 	window1: recordFrameIntervals = True
2.6653 	EXP 	window1: recordFrameIntervals = False
2.7431 	EXP 	Created welcomeText = TextStim(__class__=<class 'psychopy.visual.text.TextStim'>, alignHoriz=method-wrapper(...), alignText='center', alignVert=method-wrapper(...), anchorHoriz='center', anchorVert='center', antialias=True, autoLog=True, bold=False, color='white', colorSpace='named', contrast=1.0, depth=0.0, flipHoriz=False, flipVert=False, font='Arial', fontFiles=[], height=0.03, italic=False, languageStyle='LTR', name='welcomeText', opacity=1.0, ori=0, pos=array([ 0. , -0.3]), rgb=array([255., 255., 255.]), text='default text', units='height', win=Window(...), wrapWidth=1)
2.7457 	EXP 	Created welcomeImage = ImageStim(__class__=<class 'psychopy.visual.image.ImageStim'>, autoLog=True, color=array([1., 1., 1.]), colorSpace='rgb', contrast=1.0, depth=-3.0, flipHoriz=False, flipVert=False, image='sin', interpolate=True, mask=None, maskParams=None, name='welcomeImage', opacity=1.0, ori=0.0, pos=array([0. , 0.5]), size=array([0.5, 0.5]), texRes=128, units='height', win=Window(...))
2.7624 	EXP 	Created welcome_text_2 = TextStim(__class__=<class 'psychopy.visual.text.TextStim'>, alignHoriz=method-wrapper(...), alignText='center', alignVert=method-wrapper(...), anchorHoriz='center', anchorVert='center', antialias=True, autoLog=True, bold=False, color='white', colorSpace='named', contrast=1.0, depth=0.0, flipHoriz=False, flipVert=False, font='Arial', fontFiles=[], height=0.03, italic=False, languageStyle='LTR', name='welcome_text_2', opacity=1.0, ori=0, pos=array([0., 0.]), rgb=array([255., 255., 255.]), text=str(...), units='height', win=Window(...), wrapWidth=1)
2.7879 	EXP 	Created onesecond = ImageStim(__class__=<class 'psychopy.visual.image.ImageStim'>, autoLog=True, color=array([1., 1., 1.]), colorSpace='rgb', contrast=1.0, depth=-2.0, flipHoriz=False, flipVert=False, image='img/odd_4_square.png', interpolate=True, mask=None, maskParams=None, name='onesecond', opacity=1.0, ori=0.0, pos=array([0., 0.]), size=array([1.8, 1. ]), texRes=128, units='height', win=Window(...))
2.8095 	EXP 	Created seven_second = ImageStim(__class__=<class 'psychopy.visual.image.ImageStim'>, autoLog=True, color=array([1., 1., 1.]), colorSpace='rgb', contrast=1.0, depth=-3.0, flipHoriz=False, flipVert=False, image='img/odd_8_square_4.png', interpolate=True, mask=None, maskParams=None, name='seven_second', opacity=1.0, ori=0.0, pos=array([0., 0.]), size=array([1.8, 1. ]), texRes=128, units='height', win=Window(...))
2.8106 	EXP 	Created fixImg = ImageStim(__class__=<class 'psychopy.visual.image.ImageStim'>, autoLog=True, color=array([1., 1., 1.]), colorSpace='rgb', contrast=1.0, depth=0.0, flipHoriz=False, flipVert=False, image='sin', interpolate=True, mask=None, maskParams=None, name='fixImg', opacity=1.0, ori=0.0, pos=array([0., 0.]), size=array([1.8, 1. ]), texRes=128, units='height', win=Window(...))
2.8116 	EXP 	Created delayImg = ImageStim(__class__=<class 'psychopy.visual.image.ImageStim'>, autoLog=True, color=array([1., 1., 1.]), colorSpace='rgb', contrast=1.0, depth=0.0, flipHoriz=False, flipVert=False, image='sin', interpolate=True, mask=None, maskParams=None, name='delayImg', opacity=1.0, ori=0.0, pos=array([0., 0.]), size=array([1.8, 1. ]), texRes=128, units='height', win=Window(...))
2.8126 	EXP 	Created choiceImg = ImageStim(__class__=<class 'psychopy.visual.image.ImageStim'>, autoLog=True, color=array([1., 1., 1.]), colorSpace='rgb', contrast=1.0, depth=0.0, flipHoriz=False, flipVert=False, image='sin', interpolate=True, mask=None, maskParams=None, name='choiceImg', opacity=1.0, ori=0.0, pos=array([0., 0.]), size=array([1.8, 1. ]), texRes=128, units='height', win=Window(...))
2.8211 	EXP 	Created choiceWarning = TextStim(__class__=<class 'psychopy.visual.text.TextStim'>, alignHoriz=method-wrapper(...), alignText='center', alignVert=method-wrapper(...), anchorHoriz='center', anchorVert='center', antialias=True, autoLog=True, bold=False, color='red', colorSpace='named', contrast=1.0, depth=-2.0, flipHoriz=False, flipVert=False, font='Arial', fontFiles=[], height=0.05, italic=False, languageStyle='LTR', name='choiceWarning', opacity=1.0, ori=0, pos=array([ 0. , -0.3]), rgb=array([255.,   0.,   0.]), text='default text', units='height', win=Window(...), wrapWidth=1)
2.8222 	EXP 	Created leftImg = ImageStim(__class__=<class 'psychopy.visual.image.ImageStim'>, autoLog=True, color=array([1., 1., 1.]), colorSpace='rgb', contrast=1.0, depth=0.0, flipHoriz=False, flipVert=False, image='sin', interpolate=True, mask=None, maskParams=None, name='leftImg', opacity=1.0, ori=0.0, pos=array([0., 0.]), size=array([1.8, 1. ]), texRes=128, units='height', win=Window(...))
2.8232 	EXP 	Created rewardImgLeft = ImageStim(__class__=<class 'psychopy.visual.image.ImageStim'>, autoLog=True, color=array([1., 1., 1.]), colorSpace='rgb', contrast=1.0, depth=0.0, flipHoriz=False, flipVert=False, image='sin', interpolate=True, mask=None, maskParams=None, name='rewardImgLeft', opacity=1.0, ori=0.0, pos=array([0., 0.]), size=array([1.8, 1. ]), texRes=128, units='height', win=Window(...))
2.8301 	EXP 	Created rewardText = TextStim(__class__=<class 'psychopy.visual.text.TextStim'>, alignHoriz=method-wrapper(...), alignText='center', alignVert=method-wrapper(...), anchorHoriz='center', anchorVert='center', antialias=True, autoLog=True, bold=False, color='red', colorSpace='named', contrast=1.0, depth=-1.0, flipHoriz=False, flipVert=False, font='Arial', fontFiles=[], height=0.1, italic=False, languageStyle='LTR', name='rewardText', opacity=1.0, ori=0, pos=array([0., 0.]), rgb=array([255.,   0.,   0.]), text='default text', units='height', win=Window(...), wrapWidth=1)
2.8311 	EXP 	Created rightImg = ImageStim(__class__=<class 'psychopy.visual.image.ImageStim'>, autoLog=True, color=array([1., 1., 1.]), colorSpace='rgb', contrast=1.0, depth=0.0, flipHoriz=False, flipVert=False, image='sin', interpolate=True, mask=None, maskParams=None, name='rightImg', opacity=1.0, ori=0.0, pos=array([0., 0.]), size=array([1.8, 1. ]), texRes=128, units='height', win=Window(...))
2.8321 	EXP 	Created rewardImgRight = ImageStim(__class__=<class 'psychopy.visual.image.ImageStim'>, autoLog=True, color=array([1., 1., 1.]), colorSpace='rgb', contrast=1.0, depth=0.0, flipHoriz=False, flipVert=False, image='sin', interpolate=True, mask=None, maskParams=None, name='rewardImgRight', opacity=1.0, ori=0.0, pos=array([0., 0.]), size=array([1.8, 1. ]), texRes=128, units='height', win=Window(...))
2.8336 	EXP 	Created rightText = TextStim(__class__=<class 'psychopy.visual.text.TextStim'>, alignHoriz=method-wrapper(...), alignText='center', alignVert=method-wrapper(...), anchorHoriz='center', anchorVert='center', antialias=True, autoLog=True, bold=False, color='red', colorSpace='named', contrast=1.0, depth=-1.0, flipHoriz=False, flipVert=False, font='Arial', fontFiles=[], height=0.1, italic=False, languageStyle='LTR', name='rightText', opacity=1.0, ori=0, pos=array([0., 0.]), rgb=array([255.,   0.,   0.]), text='default text', units='height', win=Window(...), wrapWidth=1)
2.8356 	EXP 	Created block4 = ImageStim(__class__=<class 'psychopy.visual.image.ImageStim'>, autoLog=True, color=array([1., 1., 1.]), colorSpace='rgb', contrast=1.0, depth=0.0, flipHoriz=False, flipVert=False, image='img/coffee.jpeg', interpolate=True, mask=None, maskParams=None, name='block4', opacity=1.0, ori=0.0, pos=array([ 0.5, -0.2]), size=array([0.35, 0.35]), texRes=128, units='height', win=Window(...))
2.8377 	EXP 	Created block3 = ImageStim(__class__=<class 'psychopy.visual.image.ImageStim'>, autoLog=True, color=array([1., 1., 1.]), colorSpace='rgb', contrast=1.0, depth=-1.0, flipHoriz=False, flipVert=False, image='img/cake.jpeg', interpolate=True, mask=None, maskParams=None, name='block3', opacity=1.0, ori=0.0, pos=array([0.5, 0.2]), size=array([0.35, 0.35]), texRes=128, units='height', win=Window(...))
2.8396 	EXP 	Created block2 = ImageStim(__class__=<class 'psychopy.visual.image.ImageStim'>, autoLog=True, color=array([1., 1., 1.]), colorSpace='rgb', contrast=1.0, depth=-2.0, flipHoriz=False, flipVert=False, image='img/gummi.jpeg', interpolate=True, mask=None, maskParams=None, name='block2', opacity=1.0, ori=0.0, pos=array([-0.5, -0.2]), size=array([0.35, 0.35]), texRes=128, units='height', win=Window(...))
2.8534 	EXP 	Created block1 = ImageStim(__class__=<class 'psychopy.visual.image.ImageStim'>, autoLog=True, color=array([1., 1., 1.]), colorSpace='rgb', contrast=1.0, depth=-3.0, flipHoriz=False, flipVert=False, image='img/tea.jpeg', interpolate=True, mask=None, maskParams=None, name='block1', opacity=1.0, ori=0.0, pos=array([-0.5,  0.2]), size=array([0.35, 0.35]), texRes=128, units='height', win=Window(...))
2.8550 	EXP 	Created repeatText = TextStim(__class__=<class 'psychopy.visual.text.TextStim'>, alignHoriz=method-wrapper(...), alignText='center', alignVert=method-wrapper(...), anchorHoriz='center', anchorVert='center', antialias=True, autoLog=True, bold=False, color='white', colorSpace='named', contrast=1.0, depth=-4.0, flipHoriz=False, flipVert=False, font='Arial', fontFiles=[], height=0.05, italic=False, languageStyle='LTR', name='repeatText', opacity=1.0, ori=0, pos=array([0., 0.]), rgb=array([255., 255., 255.]), text='default text', units='height', win=Window(...), wrapWidth=1)
2.9029 	EXP 	Created text = TextStim(__class__=<class 'psychopy.visual.text.TextStim'>, alignHoriz=method-wrapper(...), alignText='center', alignVert=method-wrapper(...), anchorHoriz='center', anchorVert='center', antialias=True, autoLog=True, bold=False, color='white', colorSpace='named', contrast=1.0, depth=0.0, flipHoriz=False, flipVert=False, font='Arial', fontFiles=[], height=0.03, italic=False, languageStyle='LTR', name='text', opacity=1.0, ori=0, pos=array([0., 0.]), rgb=array([255., 255., 255.]), text=str(...), units='height', win=Window(...), wrapWidth=1)
2.9097 	EXP 	Created endText = TextStim(__class__=<class 'psychopy.visual.text.TextStim'>, alignHoriz=method-wrapper(...), alignText='center', alignVert=method-wrapper(...), anchorHoriz='center', anchorVert='center', antialias=True, autoLog=True, bold=False, color='white', colorSpace='named', contrast=1.0, depth=0.0, flipHoriz=False, flipVert=False, font='Arial', fontFiles=[], height=0.05, italic=False, languageStyle='LTR', name='endText', opacity=1.0, ori=0, pos=array([0., 0.]), rgb=array([255., 255., 255.]), text=str(...), units='height', win=Window(...), wrapWidth=1)
2.9574 	EXP 	welcomeText: autoDraw = True
2.9574 	EXP 	welcomeText: text = 'a'
2.9574 	EXP 	welcomeImage: autoDraw = True
2.9574 	EXP 	welcomeImage: image = 'img/0m&m.png'
2.9958 	EXP 	welcomeText: text = 'a'
2.9958 	EXP 	welcomeImage: image = 'img/0m&m.png'
3.0353 	EXP 	welcomeText: text = 'a'
3.0353 	EXP 	welcomeImage: image = 'img/0m&m.png'
3.0770 	EXP 	welcomeText: text = 'a'
3.0770 	EXP 	welcomeImage: image = 'img/0m&m.png'
3.1159 	EXP 	welcomeText: text = 'a'
3.1159 	EXP 	welcomeImage: image = 'img/0m&m.png'
3.1549 	EXP 	welcomeText: text = 'a'
3.1549 	EXP 	welcomeImage: image = 'img/0m&m.png'
3.1941 	EXP 	welcomeText: text = 'a'
3.1941 	EXP 	welcomeImage: image = 'img/0m&m.png'
3.2331 	EXP 	welcomeText: text = 'a'
3.2331 	EXP 	welcomeImage: image = 'img/0m&m.png'
3.2731 	EXP 	welcomeText: text = 'a'
3.2731 	EXP 	welcomeImage: image = 'img/0m&m.png'
3.3114 	EXP 	welcomeText: text = 'a'
3.3114 	EXP 	welcomeImage: image = 'img/0m&m.png'
3.3504 	EXP 	welcomeText: text = 'a'
3.3504 	EXP 	welcomeImage: image = 'img/0m&m.png'
3.3889 	EXP 	welcomeText: text = 'a'
3.3889 	EXP 	welcomeImage: image = 'img/0m&m.png'
3.4277 	EXP 	welcomeText: text = 'a'
3.4277 	EXP 	welcomeImage: image = 'img/0m&m.png'
3.4281 	DATA 	Keypress: space
3.4677 	EXP 	welcomeText: text = 'a'
3.4677 	EXP 	welcomeImage: image = 'img/0m&m.png'
3.5069 	EXP 	welcomeText: text = 'a'
3.5069 	EXP 	welcomeImage: image = 'img/0m&m.png'
3.5468 	EXP 	welcomeText: text = 'a'
3.5468 	EXP 	welcomeImage: image = 'img/0m&m.png'
3.5850 	EXP 	welcomeText: text = 'a'
3.5850 	EXP 	welcomeImage: image = 'img/0m&m.png'
3.6236 	EXP 	welcomeText: text = 'a'
3.6236 	EXP 	welcomeImage: image = 'img/0m&m.png'
3.6630 	EXP 	welcomeText: text = 'a'
3.6630 	EXP 	welcomeImage: image = 'img/0m&m.png'
3.7024 	EXP 	welcomeText: text = 'a'
3.7024 	EXP 	welcomeImage: image = 'img/0m&m.png'
3.7412 	EXP 	welcomeText: text = 'a'
3.7412 	EXP 	welcomeImage: image = 'img/0m&m.png'
3.7812 	EXP 	welcomeText: text = 'a'
3.7812 	EXP 	welcomeImage: image = 'img/0m&m.png'
3.8201 	EXP 	welcomeText: text = 'a'
3.8201 	EXP 	welcomeImage: image = 'img/0m&m.png'
3.8593 	EXP 	welcomeText: text = 'a'
3.8593 	EXP 	welcomeImage: image = 'img/0m&m.png'
3.8983 	EXP 	welcomeText: text = 'a'
3.8983 	EXP 	welcomeImage: image = 'img/0m&m.png'
3.9368 	EXP 	welcomeText: text = 'a'
3.9368 	EXP 	welcomeImage: image = 'img/0m&m.png'
3.9758 	EXP 	welcomeText: text = 'a'
3.9758 	EXP 	welcomeImage: image = 'img/0m&m.png'
4.0145 	EXP 	welcomeText: text = 'a'
4.0145 	EXP 	welcomeImage: image = 'img/0m&m.png'
4.0538 	EXP 	welcomeText: text = 'a'
4.0538 	EXP 	welcomeImage: image = 'img/0m&m.png'
4.1099 	EXP 	welcomeText: text = 'a'
4.1099 	EXP 	welcomeImage: image = 'img/0m&m.png'
4.1482 	EXP 	welcomeText: text = 'a'
4.1482 	EXP 	welcomeImage: image = 'img/0m&m.png'
4.1886 	EXP 	welcomeText: text = 'a'
4.1886 	EXP 	welcomeImage: image = 'img/0m&m.png'
4.2274 	EXP 	welcomeText: text = 'a'
4.2274 	EXP 	welcomeImage: image = 'img/0m&m.png'
4.2663 	EXP 	welcomeText: text = 'a'
4.2663 	EXP 	welcomeImage: image = 'img/0m&m.png'
4.3050 	EXP 	welcomeText: text = 'a'
4.3050 	EXP 	welcomeImage: image = 'img/0m&m.png'
4.3436 	EXP 	welcomeText: text = 'a'
4.3436 	EXP 	welcomeImage: image = 'img/0m&m.png'
4.3737 	DATA 	Keypress: space
4.3831 	EXP 	welcomeText: text = 'a'
4.3831 	EXP 	welcomeImage: image = 'img/0m&m.png'
4.4224 	EXP 	welcomeText: text = 'a'
4.4224 	EXP 	welcomeImage: image = 'img/0m&m.png'
4.4620 	EXP 	welcomeText: text = 'a'
4.4620 	EXP 	welcomeImage: image = 'img/0m&m.png'
4.5012 	EXP 	welcomeText: text = 'a'
4.5012 	EXP 	welcomeImage: image = 'img/0m&m.png'
4.5405 	EXP 	welcomeText: text = 'a'
4.5405 	EXP 	welcomeImage: image = 'img/0m&m.png'
4.5791 	EXP 	welcomeText: text = 'a'
4.5791 	EXP 	welcomeImage: image = 'img/0m&m.png'
4.6180 	EXP 	welcomeText: text = 'a'
4.6180 	EXP 	welcomeImage: image = 'img/0m&m.png'
4.6479 	DATA 	Keypress: space
4.6574 	EXP 	welcomeText: text = 'a'
4.6574 	EXP 	welcomeImage: image = 'img/0m&m.png'
4.6973 	EXP 	welcomeText: text = 'a'
4.6973 	EXP 	welcomeImage: image = 'img/0m&m.png'
4.7361 	EXP 	welcomeText: text = 'a'
4.7361 	EXP 	welcomeImage: image = 'img/0m&m.png'
4.7751 	EXP 	welcomeText: text = 'a'
4.7751 	EXP 	welcomeImage: image = 'img/0m&m.png'
4.8141 	EXP 	welcomeText: text = 'a'
4.8141 	EXP 	welcomeImage: image = 'img/0m&m.png'
4.8532 	EXP 	welcomeText: text = 'a'
4.8532 	EXP 	welcomeImage: image = 'img/0m&m.png'
4.8923 	EXP 	welcomeText: text = 'a'
4.8923 	EXP 	welcomeImage: image = 'img/0m&m.png'
4.9220 	DATA 	Keypress: space
4.9315 	EXP 	welcomeText: text = 'a'
4.9315 	EXP 	welcomeImage: image = 'img/0m&m.png'
4.9707 	EXP 	welcomeText: text = 'a'
4.9707 	EXP 	welcomeImage: image = 'img/0m&m.png'
5.0095 	EXP 	welcomeText: text = 'a'
5.0095 	EXP 	welcomeImage: image = 'img/0m&m.png'
5.0484 	EXP 	welcomeText: text = 'a'
5.0484 	EXP 	welcomeImage: image = 'img/0m&m.png'
5.0870 	EXP 	welcomeText: text = 'a'
5.0870 	EXP 	welcomeImage: image = 'img/0m&m.png'
5.1262 	EXP 	welcomeText: text = 'a'
5.1262 	EXP 	welcomeImage: image = 'img/0m&m.png'
5.1264 	DATA 	Keypress: space
5.1651 	EXP 	welcomeText: text = 'a'
5.1651 	EXP 	welcomeImage: image = 'img/0m&m.png'
5.2052 	EXP 	welcomeText: text = 'a'
5.2052 	EXP 	welcomeImage: image = 'img/0m&m.png'
5.2450 	EXP 	welcomeText: text = 'a'
5.2450 	EXP 	welcomeImage: image = 'img/0m&m.png'
5.2847 	EXP 	welcomeText: text = 'a'
5.2847 	EXP 	welcomeImage: image = 'img/0m&m.png'
5.3236 	EXP 	welcomeText: text = 'a'
5.3236 	EXP 	welcomeImage: image = 'img/0m&m.png'
5.3623 	EXP 	welcomeText: text = 'a'
5.3623 	EXP 	welcomeImage: image = 'img/0m&m.png'
5.3624 	DATA 	Keypress: space
5.4014 	EXP 	welcomeText: text = 'a'
5.4014 	EXP 	welcomeImage: image = 'img/0m&m.png'
5.4404 	EXP 	welcomeText: text = 'a'
5.4404 	EXP 	welcomeImage: image = 'img/0m&m.png'
5.4796 	EXP 	welcomeText: text = 'a'
5.4796 	EXP 	welcomeImage: image = 'img/0m&m.png'
5.5188 	EXP 	welcomeText: text = 'a'
5.5188 	EXP 	welcomeImage: image = 'img/0m&m.png'
5.5584 	EXP 	welcomeText: text = 'a'
5.5584 	EXP 	welcomeImage: image = 'img/0m&m.png'
5.5969 	EXP 	welcomeText: text = 'a'
5.5969 	EXP 	welcomeImage: image = 'img/0m&m.png'
5.6269 	DATA 	Keypress: space
5.6363 	EXP 	welcomeText: text = 'a'
5.6363 	EXP 	welcomeImage: image = 'img/0m&m.png'
5.6754 	EXP 	welcomeText: text = 'a'
5.6754 	EXP 	welcomeImage: image = 'img/0m&m.png'
5.7145 	EXP 	welcomeText: text = 'a'
5.7145 	EXP 	welcomeImage: image = 'img/0m&m.png'
5.7533 	EXP 	welcomeText: text = 'a'
5.7533 	EXP 	welcomeImage: image = 'img/0m&m.png'
5.7917 	EXP 	welcomeText: text = 'a'
5.7917 	EXP 	welcomeImage: image = 'img/0m&m.png'
5.8218 	DATA 	Keypress: space
5.8313 	EXP 	welcomeText: text = 'a'
5.8313 	EXP 	welcomeImage: image = 'img/0m&m.png'
5.8705 	EXP 	welcomeText: text = 'a'
5.8705 	EXP 	welcomeImage: image = 'img/0m&m.png'
5.9102 	EXP 	welcomeText: text = 'a'
5.9102 	EXP 	welcomeImage: image = 'img/0m&m.png'
5.9485 	EXP 	welcomeText: text = 'a'
5.9485 	EXP 	welcomeImage: image = 'img/0m&m.png'
5.9871 	EXP 	welcomeText: text = 'a'
5.9871 	EXP 	welcomeImage: image = 'img/0m&m.png'
6.0262 	EXP 	welcomeText: text = 'a'
6.0262 	EXP 	welcomeImage: image = 'img/0m&m.png'
6.0555 	DATA 	Keypress: space
6.0651 	EXP 	welcomeText: text = 'a'
6.0651 	EXP 	welcomeImage: image = 'img/0m&m.png'
6.1034 	EXP 	welcomeText: text = 'a'
6.1034 	EXP 	welcomeImage: image = 'img/0m&m.png'
6.1424 	EXP 	welcomeText: text = 'a'
6.1424 	EXP 	welcomeImage: image = 'img/0m&m.png'
6.1810 	EXP 	welcomeText: text = 'a'
6.1810 	EXP 	welcomeImage: image = 'img/0m&m.png'
6.2201 	EXP 	welcomeText: text = 'a'
6.2201 	EXP 	welcomeImage: image = 'img/0m&m.png'
6.2589 	EXP 	welcomeText: text = 'a'
6.2589 	EXP 	welcomeImage: image = 'img/0m&m.png'
6.2881 	DATA 	Keypress: space
6.2973 	EXP 	welcomeText: text = 'a'
6.2973 	EXP 	welcomeImage: image = 'img/0m&m.png'
6.3360 	EXP 	welcomeText: text = 'a'
6.3360 	EXP 	welcomeImage: image = 'img/0m&m.png'
6.3744 	EXP 	welcomeText: text = 'a'
6.3744 	EXP 	welcomeImage: image = 'img/0m&m.png'
6.4132 	EXP 	welcomeText: text = 'a'
6.4132 	EXP 	welcomeImage: image = 'img/0m&m.png'
6.4521 	EXP 	welcomeText: text = 'a'
6.4521 	EXP 	welcomeImage: image = 'img/0m&m.png'
6.4910 	EXP 	welcomeText: text = 'a'
6.4910 	EXP 	welcomeImage: image = 'img/0m&m.png'
6.4912 	DATA 	Keypress: space
6.5306 	EXP 	welcomeText: text = 'a'
6.5306 	EXP 	welcomeImage: image = 'img/0m&m.png'
6.5821 	EXP 	welcomeText: text = 'a'
6.5821 	EXP 	welcomeImage: image = 'img/0m&m.png'
6.6212 	EXP 	welcomeText: text = 'a'
6.6212 	EXP 	welcomeImage: image = 'img/0m&m.png'
6.6601 	EXP 	welcomeText: text = 'a'
6.6601 	EXP 	welcomeImage: image = 'img/0m&m.png'
6.6991 	EXP 	welcomeText: text = 'a'
6.6991 	EXP 	welcomeImage: image = 'img/0m&m.png'
6.7284 	DATA 	Keypress: space
6.7379 	EXP 	welcomeText: text = 'a'
6.7379 	EXP 	welcomeImage: image = 'img/0m&m.png'
6.7762 	EXP 	welcomeText: text = 'a'
6.7762 	EXP 	welcomeImage: image = 'img/0m&m.png'
6.8152 	EXP 	welcomeText: text = 'a'
6.8152 	EXP 	welcomeImage: image = 'img/0m&m.png'
6.8544 	EXP 	welcomeText: text = 'a'
6.8544 	EXP 	welcomeImage: image = 'img/0m&m.png'
6.8932 	EXP 	welcomeText: text = 'a'
6.8932 	EXP 	welcomeImage: image = 'img/0m&m.png'
6.9319 	EXP 	welcomeText: text = 'a'
6.9319 	EXP 	welcomeImage: image = 'img/0m&m.png'
6.9613 	DATA 	Keypress: space
6.9707 	EXP 	welcomeText: text = 'a'
6.9707 	EXP 	welcomeImage: image = 'img/0m&m.png'
7.0092 	EXP 	welcomeText: text = 'a'
7.0092 	EXP 	welcomeImage: image = 'img/0m&m.png'
7.0481 	EXP 	welcomeText: text = 'a'
7.0481 	EXP 	welcomeImage: image = 'img/0m&m.png'
7.0866 	EXP 	welcomeText: text = 'a'
7.0866 	EXP 	welcomeImage: image = 'img/0m&m.png'
7.1264 	EXP 	welcomeText: text = 'a'
7.1264 	EXP 	welcomeImage: image = 'img/0m&m.png'
7.1652 	EXP 	welcomeText: text = 'a'
7.1652 	EXP 	welcomeImage: image = 'img/0m&m.png'
7.2037 	EXP 	welcomeText: text = 'a'
7.2037 	EXP 	welcomeImage: image = 'img/0m&m.png'
7.2426 	EXP 	welcomeText: text = 'a'
7.2426 	EXP 	welcomeImage: image = 'img/0m&m.png'
7.2812 	EXP 	welcomeText: text = 'a'
7.2812 	EXP 	welcomeImage: image = 'img/0m&m.png'
7.3196 	EXP 	welcomeText: text = 'a'
7.3196 	EXP 	welcomeImage: image = 'img/0m&m.png'
7.3585 	EXP 	welcomeText: text = 'a'
7.3585 	EXP 	welcomeImage: image = 'img/0m&m.png'
7.3971 	EXP 	welcomeText: text = 'a'
7.3971 	EXP 	welcomeImage: image = 'img/0m&m.png'
7.4365 	EXP 	welcomeText: text = 'a'
7.4365 	EXP 	welcomeImage: image = 'img/0m&m.png'
7.4757 	EXP 	welcomeText: text = 'a'
7.4757 	EXP 	welcomeImage: image = 'img/0m&m.png'
7.5145 	EXP 	welcomeText: text = 'a'
7.5145 	EXP 	welcomeImage: image = 'img/0m&m.png'
7.5533 	EXP 	welcomeText: text = 'a'
7.5533 	EXP 	welcomeImage: image = 'img/0m&m.png'
7.5917 	EXP 	welcomeText: text = 'a'
7.5917 	EXP 	welcomeImage: image = 'img/0m&m.png'
7.6305 	EXP 	welcomeText: text = 'a'
7.6305 	EXP 	welcomeImage: image = 'img/0m&m.png'
7.6692 	EXP 	welcomeText: text = 'a'
7.6692 	EXP 	welcomeImage: image = 'img/0m&m.png'
7.7080 	EXP 	welcomeText: text = 'a'
7.7080 	EXP 	welcomeImage: image = 'img/0m&m.png'
7.7473 	EXP 	welcomeText: text = 'a'
7.7473 	EXP 	welcomeImage: image = 'img/0m&m.png'
7.7859 	EXP 	welcomeText: text = 'a'
7.7859 	EXP 	welcomeImage: image = 'img/0m&m.png'
7.8244 	EXP 	welcomeText: text = 'a'
7.8244 	EXP 	welcomeImage: image = 'img/0m&m.png'
7.8631 	EXP 	welcomeText: text = 'a'
7.8631 	EXP 	welcomeImage: image = 'img/0m&m.png'
7.9016 	EXP 	welcomeText: text = 'a'
7.9016 	EXP 	welcomeImage: image = 'img/0m&m.png'
7.9412 	EXP 	welcomeText: text = 'a'
7.9412 	EXP 	welcomeImage: image = 'img/0m&m.png'
7.9800 	EXP 	welcomeText: text = 'a'
7.9800 	EXP 	welcomeImage: image = 'img/0m&m.png'
8.0186 	EXP 	welcomeText: text = 'a'
8.0186 	EXP 	welcomeImage: image = 'img/0m&m.png'
8.0574 	EXP 	welcomeText: text = 'a'
8.0574 	EXP 	welcomeImage: image = 'img/0m&m.png'
8.0956 	EXP 	welcomeText: text = 'a'
8.0956 	EXP 	welcomeImage: image = 'img/0m&m.png'
8.1468 	EXP 	welcomeText: text = 'a'
8.1468 	EXP 	welcomeImage: image = 'img/0m&m.png'
8.1762 	DATA 	Keypress: space
8.1855 	EXP 	welcomeText: text = 'a'
8.1855 	EXP 	welcomeImage: image = 'img/0m&m.png'
8.2243 	EXP 	welcomeText: text = 'a'
8.2243 	EXP 	welcomeImage: image = 'img/0m&m.png'
8.2629 	EXP 	welcomeText: text = 'a'
8.2629 	EXP 	welcomeImage: image = 'img/0m&m.png'
8.3013 	EXP 	welcomeText: text = 'a'
8.3013 	EXP 	welcomeImage: image = 'img/0m&m.png'
8.3404 	EXP 	welcomeText: text = 'a'
8.3404 	EXP 	welcomeImage: image = 'img/0m&m.png'
8.3406 	DATA 	Keypress: space
8.3799 	EXP 	welcomeText: text = 'a'
8.3799 	EXP 	welcomeImage: image = 'img/0m&m.png'
8.4186 	EXP 	welcomeText: text = 'a'
8.4186 	EXP 	welcomeImage: image = 'img/0m&m.png'
8.4573 	EXP 	welcomeText: text = 'a'
8.4573 	EXP 	welcomeImage: image = 'img/0m&m.png'
8.4955 	EXP 	welcomeText: text = 'a'
8.4955 	EXP 	welcomeImage: image = 'img/0m&m.png'
8.5254 	DATA 	Keypress: space
8.5349 	EXP 	welcomeText: text = 'a'
8.5349 	EXP 	welcomeImage: image = 'img/0m&m.png'
8.5739 	EXP 	welcomeText: text = 'a'
8.5739 	EXP 	welcomeImage: image = 'img/0m&m.png'
8.6126 	EXP 	welcomeText: text = 'a'
8.6126 	EXP 	welcomeImage: image = 'img/0m&m.png'
8.6521 	EXP 	welcomeText: text = 'a'
8.6521 	EXP 	welcomeImage: image = 'img/0m&m.png'
8.6903 	EXP 	welcomeText: text = 'a'
8.6903 	EXP 	welcomeImage: image = 'img/0m&m.png'
8.7291 	EXP 	welcomeText: text = 'a'
8.7291 	EXP 	welcomeImage: image = 'img/0m&m.png'
8.7679 	EXP 	welcomeText: text = 'a'
8.7679 	EXP 	welcomeImage: image = 'img/0m&m.png'
8.8061 	EXP 	welcomeText: text = 'a'
8.8061 	EXP 	welcomeImage: image = 'img/0m&m.png'
8.8472 	EXP 	welcomeText: text = 'a'
8.8472 	EXP 	welcomeImage: image = 'img/0m&m.png'
8.8866 	EXP 	welcomeText: text = 'a'
8.8866 	EXP 	welcomeImage: image = 'img/0m&m.png'
8.9253 	EXP 	welcomeText: text = 'a'
8.9253 	EXP 	welcomeImage: image = 'img/0m&m.png'
8.9640 	EXP 	welcomeText: text = 'a'
8.9640 	EXP 	welcomeImage: image = 'img/0m&m.png'
9.0029 	EXP 	welcomeText: text = 'a'
9.0029 	EXP 	welcomeImage: image = 'img/0m&m.png'
9.0423 	EXP 	welcomeText: text = 'a'
9.0423 	EXP 	welcomeImage: image = 'img/0m&m.png'
9.0811 	EXP 	welcomeText: text = 'a'
9.0811 	EXP 	welcomeImage: image = 'img/0m&m.png'
9.1195 	EXP 	welcomeText: text = 'a'
9.1195 	EXP 	welcomeImage: image = 'img/0m&m.png'
9.1601 	EXP 	welcomeText: text = 'a'
9.1601 	EXP 	welcomeImage: image = 'img/0m&m.png'
9.1992 	EXP 	welcomeText: text = 'a'
9.1992 	EXP 	welcomeImage: image = 'img/0m&m.png'
9.2384 	EXP 	welcomeText: text = 'a'
9.2384 	EXP 	welcomeImage: image = 'img/0m&m.png'
9.2772 	EXP 	welcomeText: text = 'a'
9.2772 	EXP 	welcomeImage: image = 'img/0m&m.png'
9.3152 	EXP 	welcomeText: text = 'a'
9.3152 	EXP 	welcomeImage: image = 'img/0m&m.png'
9.3541 	EXP 	welcomeText: text = 'a'
9.3541 	EXP 	welcomeImage: image = 'img/0m&m.png'
9.4061 	EXP 	welcomeText: text = 'a'
9.4061 	EXP 	welcomeImage: image = 'img/0m&m.png'
9.4445 	EXP 	welcomeText: text = 'a'
9.4445 	EXP 	welcomeImage: image = 'img/0m&m.png'
9.4844 	EXP 	welcomeText: text = 'a'
9.4844 	EXP 	welcomeImage: image = 'img/0m&m.png'
9.5229 	EXP 	welcomeText: text = 'a'
9.5229 	EXP 	welcomeImage: image = 'img/0m&m.png'
9.5624 	EXP 	welcomeText: text = 'a'
9.5624 	EXP 	welcomeImage: image = 'img/0m&m.png'
9.6011 	EXP 	welcomeText: text = 'a'
9.6011 	EXP 	welcomeImage: image = 'img/0m&m.png'
9.6396 	EXP 	welcomeText: text = 'a'
9.6396 	EXP 	welcomeImage: image = 'img/0m&m.png'
9.6786 	EXP 	welcomeText: text = 'a'
9.6786 	EXP 	welcomeImage: image = 'img/0m&m.png'
9.7172 	EXP 	welcomeText: text = 'a'
9.7172 	EXP 	welcomeImage: image = 'img/0m&m.png'
9.7562 	EXP 	welcomeText: text = 'a'
9.7562 	EXP 	welcomeImage: image = 'img/0m&m.png'
9.7951 	EXP 	welcomeText: text = 'a'
9.7951 	EXP 	welcomeImage: image = 'img/0m&m.png'
9.8343 	EXP 	welcomeText: text = 'a'
9.8343 	EXP 	welcomeImage: image = 'img/0m&m.png'
9.8732 	EXP 	welcomeText: text = 'a'
9.8732 	EXP 	welcomeImage: image = 'img/0m&m.png'
9.9120 	EXP 	welcomeText: text = 'a'
9.9120 	EXP 	welcomeImage: image = 'img/0m&m.png'
9.9505 	EXP 	welcomeText: text = 'a'
9.9505 	EXP 	welcomeImage: image = 'img/0m&m.png'
9.9892 	EXP 	welcomeText: text = 'a'
9.9892 	EXP 	welcomeImage: image = 'img/0m&m.png'
10.0276 	EXP 	welcomeText: text = 'a'
10.0276 	EXP 	welcomeImage: image = 'img/0m&m.png'
10.0687 	EXP 	welcomeText: text = 'a'
10.0687 	EXP 	welcomeImage: image = 'img/0m&m.png'
10.1075 	EXP 	welcomeText: text = 'a'
10.1075 	EXP 	welcomeImage: image = 'img/0m&m.png'
10.1461 	EXP 	welcomeText: text = 'a'
10.1461 	EXP 	welcomeImage: image = 'img/0m&m.png'
10.1845 	EXP 	welcomeText: text = 'a'
10.1845 	EXP 	welcomeImage: image = 'img/0m&m.png'
10.2235 	EXP 	welcomeText: text = 'a'
10.2235 	EXP 	welcomeImage: image = 'img/0m&m.png'
10.2622 	EXP 	welcomeText: text = 'a'
10.2622 	EXP 	welcomeImage: image = 'img/0m&m.png'
10.3007 	EXP 	welcomeText: text = 'a'
10.3007 	EXP 	welcomeImage: image = 'img/0m&m.png'
10.3396 	EXP 	welcomeText: text = 'a'
10.3396 	EXP 	welcomeImage: image = 'img/0m&m.png'
10.3790 	EXP 	welcomeText: text = 'a'
10.3790 	EXP 	welcomeImage: image = 'img/0m&m.png'
10.4180 	EXP 	welcomeText: text = 'a'
10.4180 	EXP 	welcomeImage: image = 'img/0m&m.png'
10.4572 	EXP 	welcomeText: text = 'a'
10.4572 	EXP 	welcomeImage: image = 'img/0m&m.png'
10.4972 	EXP 	welcomeText: text = 'a'
10.4972 	EXP 	welcomeImage: image = 'img/0m&m.png'
10.5377 	EXP 	welcomeText: text = 'a'
10.5377 	EXP 	welcomeImage: image = 'img/0m&m.png'
10.5779 	EXP 	welcomeText: text = 'a'
10.5779 	EXP 	welcomeImage: image = 'img/0m&m.png'
10.6169 	EXP 	welcomeText: text = 'a'
10.6169 	EXP 	welcomeImage: image = 'img/0m&m.png'
10.6560 	EXP 	welcomeText: text = 'a'
10.6560 	EXP 	welcomeImage: image = 'img/0m&m.png'
10.6951 	EXP 	welcomeText: text = 'a'
10.6951 	EXP 	welcomeImage: image = 'img/0m&m.png'
10.7339 	EXP 	welcomeText: text = 'a'
10.7339 	EXP 	welcomeImage: image = 'img/0m&m.png'
10.7731 	EXP 	welcomeText: text = 'a'
10.7731 	EXP 	welcomeImage: image = 'img/0m&m.png'
10.8120 	EXP 	welcomeText: text = 'a'
10.8120 	EXP 	welcomeImage: image = 'img/0m&m.png'
10.8509 	EXP 	welcomeText: text = 'a'
10.8509 	EXP 	welcomeImage: image = 'img/0m&m.png'
10.8901 	EXP 	welcomeText: text = 'a'
10.8901 	EXP 	welcomeImage: image = 'img/0m&m.png'
10.9284 	EXP 	welcomeText: text = 'a'
10.9284 	EXP 	welcomeImage: image = 'img/0m&m.png'
10.9629 	EXP 	welcomeText: text = 'a'
10.9629 	EXP 	welcomeImage: image = 'img/0m&m.png'
10.9972 	EXP 	welcomeText: text = 'a'
10.9972 	EXP 	welcomeImage: image = 'img/0m&m.png'
11.0328 	EXP 	welcomeText: text = 'a'
11.0328 	EXP 	welcomeImage: image = 'img/0m&m.png'
11.0682 	EXP 	welcomeText: text = 'a'
11.0682 	EXP 	welcomeImage: image = 'img/0m&m.png'
11.1049 	EXP 	welcomeText: text = 'a'
11.1049 	EXP 	welcomeImage: image = 'img/0m&m.png'
11.1446 	EXP 	welcomeText: text = 'a'
11.1446 	EXP 	welcomeImage: image = 'img/0m&m.png'
11.1852 	EXP 	welcomeText: text = 'a'
11.1852 	EXP 	welcomeImage: image = 'img/0m&m.png'
11.2149 	DATA 	Keypress: escape
11.2212 	EXP 	window1: mouseVisible = True
