0.9174 	WARNING 	We strongly recommend you activate the PTB sound engine in PsychoPy prefs as the preferred audio engine. Its timing is vastly superior. Your prefs are currently set to use ['sounddevice', 'pyo', 'pygame'] (in that order).
5.2401 	WARNING 	User requested fullscreen with size [1536  864], but screen is actually [1920, 1080]. Using actual size
6.4179 	EXP 	Created window1 = Window(allowGUI=False, allowStencil=False, autoLog=True, backendConf=UNKNOWN, bitsMode=UNKNOWN, blendMode='avg', bpc=(8, 8, 8), color=array([0, 0, 0]), colorSpace='rgb', depthBits=8, fullscr=<method-wrapper '__getattribute__' of attributeSetter object at 0x00000242A350EEB8>, gamma=None, gammaErrorPolicy='raise', lms=UNKNOWN, monitor=<psychopy.monitors.calibTools.Monitor object at 0x00000242A3676550>, multiSample=False, name='window1', numSamples=2, pos=[0.0, 0.0], screen=0, size=array([1920, 1080]), stencilBits=0, stereo=False, units='height', useFBO=True, useRetina=False, viewOri=0.0, viewPos=None, viewScale=None, waitBlanking=True, winType='pyglet')
6.4181 	EXP 	window1: mouseVisible = True
6.4181 	EXP 	window1: recordFrameIntervals = False
6.5841 	EXP 	window1: recordFrameIntervals = True
6.7678 	EXP 	window1: recordFrameIntervals = False
6.9204 	EXP 	Created language_text = TextStim(__class__=<class 'psychopy.visual.text.TextStim'>, alignHoriz=method-wrapper(...), alignText='center', alignVert=method-wrapper(...), anchorHoriz='center', anchorVert='center', antialias=True, autoLog=True, bold=False, color=array([1, 1, 1]), colorSpace='rgb', contrast=1.0, depth=-1.0, flipHoriz=False, flipVert=False, font='Open Sans', fontFiles=[], height=0.03, italic=False, languageStyle='LTR', name='language_text', opacity=1, ori=0.0, pos=array([0., 0.]), rgb=UNKNOWN, text=str(...), units='height', win=Window(...), wrapWidth=1)
6.9213 	EXP 	Created Intro_1 = TextStim(__class__=<class 'psychopy.visual.text.TextStim'>, alignHoriz=method-wrapper(...), alignText='center', alignVert=method-wrapper(...), anchorHoriz='center', anchorVert='center', antialias=True, autoLog=True, bold=False, color=array([1, 1, 1]), colorSpace='rgb', contrast=1.0, depth=0.0, flipHoriz=False, flipVert=False, font='Arial', fontFiles=[], height=0.03, italic=False, languageStyle='LTR', name='Intro_1', opacity=1, ori=0, pos=array([0., 0.]), rgb=UNKNOWN, text='', units='height', win=Window(...), wrapWidth=1)
6.9218 	EXP 	Created text_6 = TextStim(__class__=<class 'psychopy.visual.text.TextStim'>, alignHoriz=method-wrapper(...), alignText='center', alignVert=method-wrapper(...), anchorHoriz='center', anchorVert='center', antialias=True, autoLog=True, bold=False, color=array([1, 1, 1]), colorSpace='rgb', contrast=1.0, depth=0.0, flipHoriz=False, flipVert=False, font='Open Sans', fontFiles=[], height=0.03, italic=False, languageStyle='LTR', name='text_6', opacity=1, ori=0.0, pos=array([0., 0.]), rgb=UNKNOWN, text='', units='height', win=Window(...), wrapWidth=1)
6.9257 	EXP 	Created fixImg = ImageStim(__class__=<class 'psychopy.visual.image.ImageStim'>, autoLog=True, color=array([1, 1, 1]), colorSpace='rgb', contrast=1.0, depth=0.0, flipHoriz=False, flipVert=False, image='sin', interpolate=True, mask=None, maskParams=None, name='fixImg', opacity=1, ori=0.0, pos=array([0., 0.]), size=array([1.8, 1. ]), texRes=128, units='height', win=Window(...))
6.9263 	EXP 	Created text_13 = TextStim(__class__=<class 'psychopy.visual.text.TextStim'>, alignHoriz=method-wrapper(...), alignText='center', alignVert=method-wrapper(...), anchorHoriz='center', anchorVert='center', antialias=True, autoLog=True, bold=False, color=array([ 1, -1, -1]), colorSpace='rgb', contrast=1.0, depth=-1.0, flipHoriz=False, flipVert=False, font='Arial', fontFiles=[], height=0.03, italic=False, languageStyle='LTR', name='text_13', opacity=1, ori=0, pos=array([ 0. , -0.4]), rgb=UNKNOWN, text='', units='height', win=Window(...), wrapWidth=1)
6.9268 	EXP 	Created text_14 = TextStim(__class__=<class 'psychopy.visual.text.TextStim'>, alignHoriz=method-wrapper(...), alignText='center', alignVert=method-wrapper(...), anchorHoriz='center', anchorVert='center', antialias=True, autoLog=True, bold=False, color=array([1, 1, 1]), colorSpace='rgb', contrast=1.0, depth=0.0, flipHoriz=False, flipVert=False, font='Open Sans', fontFiles=[], height=0.03, italic=False, languageStyle='LTR', name='text_14', opacity=1, ori=0.0, pos=array([0., 0.]), rgb=UNKNOWN, text='', units='height', win=Window(...), wrapWidth=1)
6.9292 	EXP 	Created delayImg = ImageStim(__class__=<class 'psychopy.visual.image.ImageStim'>, autoLog=True, color=array([1, 1, 1]), colorSpace='rgb', contrast=1.0, depth=0.0, flipHoriz=False, flipVert=False, image='sin', interpolate=True, mask=None, maskParams=None, name='delayImg', opacity=1, ori=0.0, pos=array([0., 0.]), size=array([1.8, 1. ]), texRes=128, units='height', win=Window(...))
6.9299 	EXP 	Created text_130 = TextStim(__class__=<class 'psychopy.visual.text.TextStim'>, alignHoriz=method-wrapper(...), alignText='center', alignVert=method-wrapper(...), anchorHoriz='center', anchorVert='center', antialias=True, autoLog=True, bold=False, color=array([ 1, -1, -1]), colorSpace='rgb', contrast=1.0, depth=-1.0, flipHoriz=False, flipVert=False, font='Arial', fontFiles=[], height=0.03, italic=False, languageStyle='LTR', name='text_130', opacity=1, ori=0, pos=array([ 0. , -0.4]), rgb=UNKNOWN, text='', units='height', win=Window(...), wrapWidth=1)
6.9305 	EXP 	Created text_2 = TextStim(__class__=<class 'psychopy.visual.text.TextStim'>, alignHoriz=method-wrapper(...), alignText='center', alignVert=method-wrapper(...), anchorHoriz='center', anchorVert='center', antialias=True, autoLog=True, bold=False, color=array([1, 1, 1]), colorSpace='rgb', contrast=1.0, depth=0.0, flipHoriz=False, flipVert=False, font='Arial', fontFiles=[], height=0.03, italic=False, languageStyle='LTR', name='text_2', opacity=1, ori=0, pos=array([0., 0.]), rgb=UNKNOWN, text='', units='height', win=Window(...), wrapWidth=1)
6.9346 	EXP 	Created choiceImg = ImageStim(__class__=<class 'psychopy.visual.image.ImageStim'>, autoLog=True, color=array([1, 1, 1]), colorSpace='rgb', contrast=1.0, depth=0.0, flipHoriz=False, flipVert=False, image='sin', interpolate=True, mask=None, maskParams=None, name='choiceImg', opacity=1, ori=0.0, pos=array([0., 0.]), size=array([1.8, 1. ]), texRes=128, units='height', win=Window(...))
6.9365 	EXP 	Created choiceWarning = TextStim(__class__=<class 'psychopy.visual.text.TextStim'>, alignHoriz=method-wrapper(...), alignText='center', alignVert=method-wrapper(...), anchorHoriz='center', anchorVert='center', antialias=True, autoLog=True, bold=False, color=array([ 1, -1, -1]), colorSpace='rgb', contrast=1.0, depth=-2.0, flipHoriz=False, flipVert=False, font='Arial', fontFiles=[], height=0.05, italic=False, languageStyle='LTR', name='choiceWarning', opacity=1, ori=0, pos=array([ 0. , -0.3]), rgb=UNKNOWN, text='', units='height', win=Window(...), wrapWidth=1)
6.9459 	EXP 	Created to_choose = TextStim(__class__=<class 'psychopy.visual.text.TextStim'>, alignHoriz=method-wrapper(...), alignText='center', alignVert=method-wrapper(...), anchorHoriz='center', anchorVert='center', antialias=True, autoLog=True, bold=False, color=array([ 1, -1, -1]), colorSpace='rgb', contrast=1.0, depth=-4.0, flipHoriz=False, flipVert=False, font='Arial', fontFiles=[], height=0.03, italic=False, languageStyle='LTR', name='to_choose', opacity=1, ori=0, pos=array([ 0.  , -0.35]), rgb=UNKNOWN, text=str(...), units='height', win=Window(...), wrapWidth=1)
6.9483 	EXP 	Created leftImg = ImageStim(__class__=<class 'psychopy.visual.image.ImageStim'>, autoLog=True, color=array([1, 1, 1]), colorSpace='rgb', contrast=1.0, depth=0.0, flipHoriz=False, flipVert=False, image='sin', interpolate=True, mask=None, maskParams=None, name='leftImg', opacity=1, ori=0.0, pos=array([0., 0.]), size=array([1.8, 1. ]), texRes=128, units='height', win=Window(...))
6.9509 	EXP 	Created rewardImgLeft = ImageStim(__class__=<class 'psychopy.visual.image.ImageStim'>, autoLog=True, color=array([1, 1, 1]), colorSpace='rgb', contrast=1.0, depth=0.0, flipHoriz=False, flipVert=False, image='sin', interpolate=True, mask=None, maskParams=None, name='rewardImgLeft', opacity=1.0, ori=0.0, pos=array([0., 0.]), size=array([1.8, 1. ]), texRes=128, units='height', win=Window(...))
6.9520 	EXP 	Created rewardText = TextStim(__class__=<class 'psychopy.visual.text.TextStim'>, alignHoriz=method-wrapper(...), alignText='center', alignVert=method-wrapper(...), anchorHoriz='center', anchorVert='center', antialias=True, autoLog=True, bold=False, color=array([ 1, -1, -1]), colorSpace='rgb', contrast=1.0, depth=-1.0, flipHoriz=False, flipVert=False, font='Arial', fontFiles=[], height=0.1, italic=False, languageStyle='LTR', name='rewardText', opacity=1, ori=0, pos=array([0., 0.]), rgb=UNKNOWN, text='', units='height', win=Window(...), wrapWidth=1)
6.9557 	EXP 	Created rightImg = ImageStim(__class__=<class 'psychopy.visual.image.ImageStim'>, autoLog=True, color=array([1, 1, 1]), colorSpace='rgb', contrast=1.0, depth=0.0, flipHoriz=False, flipVert=False, image='sin', interpolate=True, mask=None, maskParams=None, name='rightImg', opacity=1, ori=0.0, pos=array([0., 0.]), size=array([1.8, 1. ]), texRes=128, units='height', win=Window(...))
6.9596 	EXP 	Created rewardImgRight = ImageStim(__class__=<class 'psychopy.visual.image.ImageStim'>, autoLog=True, color=array([1, 1, 1]), colorSpace='rgb', contrast=1.0, depth=0.0, flipHoriz=False, flipVert=False, image='sin', interpolate=True, mask=None, maskParams=None, name='rewardImgRight', opacity=1.0, ori=0.0, pos=array([0., 0.]), size=array([1.8, 1. ]), texRes=128, units='height', win=Window(...))
6.9601 	EXP 	Created rightText = TextStim(__class__=<class 'psychopy.visual.text.TextStim'>, alignHoriz=method-wrapper(...), alignText='center', alignVert=method-wrapper(...), anchorHoriz='center', anchorVert='center', antialias=True, autoLog=True, bold=False, color=array([ 1, -1, -1]), colorSpace='rgb', contrast=1.0, depth=-1.0, flipHoriz=False, flipVert=False, font='Arial', fontFiles=[], height=0.1, italic=False, languageStyle='LTR', name='rightText', opacity=1, ori=0, pos=array([0., 0.]), rgb=UNKNOWN, text='', units='height', win=Window(...), wrapWidth=1)
6.9637 	EXP 	Created block4 = ImageStim(__class__=<class 'psychopy.visual.image.ImageStim'>, autoLog=True, color=array([1, 1, 1]), colorSpace='rgb', contrast=1.0, depth=0.0, flipHoriz=False, flipVert=False, image='sin', interpolate=True, mask=None, maskParams=None, name='block4', opacity=1.0, ori=0.0, pos=array([ 0.5, -0.2]), size=array([0.35, 0.35]), texRes=128, units='height', win=Window(...))
6.9673 	EXP 	Created block3 = ImageStim(__class__=<class 'psychopy.visual.image.ImageStim'>, autoLog=True, color=array([1, 1, 1]), colorSpace='rgb', contrast=1.0, depth=-1.0, flipHoriz=False, flipVert=False, image='sin', interpolate=True, mask=None, maskParams=None, name='block3', opacity=1.0, ori=0.0, pos=array([0.5, 0.2]), size=array([0.35, 0.35]), texRes=128, units='height', win=Window(...))
6.9709 	EXP 	Created block2 = ImageStim(__class__=<class 'psychopy.visual.image.ImageStim'>, autoLog=True, color=array([1, 1, 1]), colorSpace='rgb', contrast=1.0, depth=-2.0, flipHoriz=False, flipVert=False, image='sin', interpolate=True, mask=None, maskParams=None, name='block2', opacity=1.0, ori=0.0, pos=array([-0.5, -0.2]), size=array([0.35, 0.35]), texRes=128, units='height', win=Window(...))
6.9745 	EXP 	Created block1 = ImageStim(__class__=<class 'psychopy.visual.image.ImageStim'>, autoLog=True, color=array([1, 1, 1]), colorSpace='rgb', contrast=1.0, depth=-3.0, flipHoriz=False, flipVert=False, image='sin', interpolate=True, mask=None, maskParams=None, name='block1', opacity=1.0, ori=0.0, pos=array([-0.5,  0.2]), size=array([0.35, 0.35]), texRes=128, units='height', win=Window(...))
6.9750 	EXP 	Created repeatText = TextStim(__class__=<class 'psychopy.visual.text.TextStim'>, alignHoriz=method-wrapper(...), alignText='center', alignVert=method-wrapper(...), anchorHoriz='center', anchorVert='center', antialias=True, autoLog=True, bold=False, color=array([1, 1, 1]), colorSpace='rgb', contrast=1.0, depth=-4.0, flipHoriz=False, flipVert=False, font='Arial', fontFiles=[], height=0.05, italic=False, languageStyle='LTR', name='repeatText', opacity=1, ori=0, pos=array([0., 0.]), rgb=UNKNOWN, text='', units='height', win=Window(...), wrapWidth=1)
6.9755 	EXP 	Created text = TextStim(__class__=<class 'psychopy.visual.text.TextStim'>, alignHoriz=method-wrapper(...), alignText='center', alignVert=method-wrapper(...), anchorHoriz='center', anchorVert='center', antialias=True, autoLog=True, bold=False, color=array([1, 1, 1]), colorSpace='rgb', contrast=1.0, depth=0.0, flipHoriz=False, flipVert=False, font='Arial', fontFiles=[], height=0.03, italic=False, languageStyle='LTR', name='text', opacity=1, ori=0, pos=array([0., 0.]), rgb=UNKNOWN, text='', units='height', win=Window(...), wrapWidth=1)
6.9761 	EXP 	Created endText = TextStim(__class__=<class 'psychopy.visual.text.TextStim'>, alignHoriz=method-wrapper(...), alignText='center', alignVert=method-wrapper(...), anchorHoriz='center', anchorVert='center', antialias=True, autoLog=True, bold=False, color=array([1, 1, 1]), colorSpace='rgb', contrast=1.0, depth=0.0, flipHoriz=False, flipVert=False, font='Arial', fontFiles=[], height=0.05, italic=False, languageStyle='LTR', name='endText', opacity=1, ori=0, pos=array([0., 0.]), rgb=UNKNOWN, text='', units='height', win=Window(...), wrapWidth=1)
7.0084 	EXP 	language_text: autoDraw = True
9.6414 	DATA 	Keypress: 1
9.6487 	EXP 	language_text: autoDraw = False
9.6487 	EXP 	Intro_1: text = 'Добро пожаловать в игру! \n Ваша задача заключается в том, чтобы выиграть как можно больше M&Ms. Для этого в каждом раунде игры Вам необходимо выбрать один из двух вариантов c разным количеством M&Ms, вероятностью их получения и длительностью ожидания. Точное количество M&Ms и вероятность их получения будут написаны на экране. Для прояснения смысла – попробуйте сыграть. Нажмите ПРОБЕЛ чтобы запустить несколько пробных раундов.'
9.6487 	EXP 	Intro_1: autoDraw = True
11.4415 	EXP 	Created sequence: sequential, trialTypes=1, nReps=200, seed=None
11.4423 	EXP 	New trial (rep=0, index=0): None
11.4444 	EXP 	Created sequence: sequential, trialTypes=1, nReps=0, seed=None
11.4447 	EXP 	Created sequence: random, trialTypes=1, nReps=0, seed=None
11.4448 	EXP 	Created sequence: sequential, trialTypes=1, nReps=0, seed=None
11.4450 	EXP 	Created sequence: sequential, trialTypes=1, nReps=0, seed=None
11.4451 	EXP 	Created sequence: sequential, trialTypes=1, nReps=0, seed=None
11.4982 	DATA 	Keypress: space
11.5098 	EXP 	Intro_1: autoDraw = False
11.5098 	EXP 	choiceImg: image = 'img/even_choice_4.png'
11.5098 	EXP 	choiceWarning: text = '32 67%              16 100%'
11.5098 	EXP 	choiceImg: autoDraw = True
11.5098 	EXP 	choiceWarning: autoDraw = True
11.5098 	EXP 	to_choose: autoDraw = True
19.0147 	EXP 	Created sequence: random, trialTypes=1, nReps=1, seed=None
19.0149 	EXP 	New trial (rep=0, index=0): None
19.0556 	DATA 	Keypress: 1
19.0666 	EXP 	choiceImg: autoDraw = False
19.0666 	EXP 	choiceWarning: autoDraw = False
19.0666 	EXP 	to_choose: autoDraw = False
19.0666 	EXP 	leftImg: image = 'img/even_8_circle_4.png'
19.0666 	EXP 	leftImg: autoDraw = True
22.1523 	EXP 	leftImg: autoDraw = False
22.1523 	EXP 	leftImg: autoDraw = False
22.1523 	EXP 	rewardImgLeft: texRes = 128
22.1523 	EXP 	rewardImgLeft: image = 'img/8m&m.png'
22.1523 	EXP 	rewardText: text = 'You got it!'
22.1523 	EXP 	rewardImgLeft: autoDraw = True
22.1523 	EXP 	rewardText: autoDraw = True
23.0693 	EXP 	Created sequence: random, trialTypes=1, nReps=0, seed=None
23.1698 	EXP 	rewardImgLeft: autoDraw = False
23.1698 	EXP 	rewardText: autoDraw = False
23.1698 	EXP 	block4: texRes = 128
23.1698 	EXP 	block4: image = 'img/coffee.jpeg'
23.1698 	EXP 	block3: texRes = 128
23.1698 	EXP 	block3: image = 'img/cake.jpeg'
23.1698 	EXP 	block2: texRes = 128
23.1698 	EXP 	block2: image = 'img/gummi.jpeg'
23.1698 	EXP 	block1: texRes = 128
23.1698 	EXP 	block1: image = 'img/tea.jpeg'
23.1698 	EXP 	repeatText: text = 'Итого: 0\nВаш уровень 0\nНажмите ПРОБЕЛ для продолжения'
23.1698 	EXP 	block4: autoDraw = True
23.1698 	EXP 	block3: autoDraw = True
23.1698 	EXP 	block2: autoDraw = True
23.1698 	EXP 	block1: autoDraw = True
23.1698 	EXP 	repeatText: autoDraw = True
26.1841 	DATA 	Keypress: space
26.2059 	EXP 	Created sequence: random, trialTypes=1, nReps=0, seed=None
26.2076 	EXP 	New trial (rep=1, index=0): None
26.2097 	EXP 	Created sequence: sequential, trialTypes=1, nReps=0, seed=None
26.2100 	EXP 	Created sequence: random, trialTypes=1, nReps=0, seed=None
26.2103 	EXP 	Created sequence: sequential, trialTypes=1, nReps=0, seed=None
26.2106 	EXP 	Created sequence: sequential, trialTypes=1, nReps=0, seed=None
26.2108 	EXP 	Created sequence: sequential, trialTypes=1, nReps=0, seed=None
26.2664 	EXP 	block4: autoDraw = False
26.2664 	EXP 	block3: autoDraw = False
26.2664 	EXP 	block2: autoDraw = False
26.2664 	EXP 	block1: autoDraw = False
26.2664 	EXP 	repeatText: autoDraw = False
26.2664 	EXP 	choiceImg: image = 'img/even_choice_4.png'
26.2664 	EXP 	choiceWarning: text = '32 67%              18 100%'
26.2664 	EXP 	choiceImg: autoDraw = True
26.2664 	EXP 	choiceWarning: autoDraw = True
26.2664 	EXP 	to_choose: autoDraw = True
27.8854 	EXP 	Created sequence: random, trialTypes=1, nReps=0, seed=None
27.8857 	EXP 	Created sequence: random, trialTypes=1, nReps=1, seed=None
27.8859 	EXP 	New trial (rep=0, index=0): None
27.9238 	DATA 	Keypress: 2
27.9349 	EXP 	choiceImg: autoDraw = False
27.9349 	EXP 	choiceWarning: autoDraw = False
27.9349 	EXP 	to_choose: autoDraw = False
27.9349 	EXP 	rightImg: image = 'img/even_4_circle.png'
27.9349 	EXP 	rightImg: autoDraw = True
29.0228 	EXP 	rightImg: autoDraw = False
29.0228 	EXP 	rightImg: autoDraw = False
29.0228 	EXP 	rewardImgRight: texRes = 128
29.0228 	EXP 	rewardImgRight: image = 'img/4m&m.png'
29.0228 	EXP 	rightText: text = 'Вы получили M&Ms!'
29.0228 	EXP 	rewardImgRight: autoDraw = True
29.0228 	EXP 	rightText: autoDraw = True
30.0124 	EXP 	rewardImgRight: autoDraw = False
30.0124 	EXP 	rightText: autoDraw = False
30.0124 	EXP 	block4: texRes = 128
30.0124 	EXP 	block4: image = 'img/coffee.jpeg'
30.0124 	EXP 	block3: texRes = 128
30.0124 	EXP 	block3: image = 'img/cake.jpeg'
30.0124 	EXP 	block2: texRes = 128
30.0124 	EXP 	block2: image = 'img/gummi.jpeg'
30.0124 	EXP 	block1: texRes = 128
30.0124 	EXP 	block1: image = 'img/tea.jpeg'
30.0124 	EXP 	repeatText: text = 'Итого: 18\nВаш уровень 0\nНажмите ПРОБЕЛ для продолжения'
30.0124 	EXP 	block4: autoDraw = True
30.0124 	EXP 	block3: autoDraw = True
30.0124 	EXP 	block2: autoDraw = True
30.0124 	EXP 	block1: autoDraw = True
30.0124 	EXP 	repeatText: autoDraw = True
32.4041 	EXP 	Created sequence: random, trialTypes=1, nReps=0, seed=None
32.4055 	EXP 	New trial (rep=2, index=0): None
32.4074 	EXP 	Created sequence: sequential, trialTypes=1, nReps=0, seed=None
32.4077 	EXP 	Created sequence: random, trialTypes=1, nReps=0, seed=None
32.4079 	EXP 	Created sequence: sequential, trialTypes=1, nReps=0, seed=None
32.4082 	EXP 	Created sequence: sequential, trialTypes=1, nReps=0, seed=None
32.4084 	EXP 	Created sequence: sequential, trialTypes=1, nReps=0, seed=None
32.4429 	DATA 	Keypress: space
32.4552 	EXP 	block4: autoDraw = False
32.4552 	EXP 	block3: autoDraw = False
32.4552 	EXP 	block2: autoDraw = False
32.4552 	EXP 	block1: autoDraw = False
32.4552 	EXP 	repeatText: autoDraw = False
32.4552 	EXP 	choiceImg: image = 'img/even_choice_4.png'
32.4552 	EXP 	choiceWarning: text = '32 67%              16 100%'
32.4552 	EXP 	choiceImg: autoDraw = True
32.4552 	EXP 	choiceWarning: autoDraw = True
32.4552 	EXP 	to_choose: autoDraw = True
33.7819 	DATA 	Keypress: space
39.8551 	DATA 	Keypress: escape
40.0794 	EXP 	window1: mouseVisible = True
