0.3444 	WARNING 	We strongly recommend you activate the PTB sound engine in PsychoPy prefs as the preferred audio engine. Its timing is vastly superior. Your prefs are currently set to use ['sounddevice', 'PTB', 'pyo', 'pygame'] (in that order).
0.9910 	WARNING 	Import Error: No module named 'psychtoolbox'. Using event module for keyboard component.
3.1594 	WARNING 	User requested fullscreen with size [1536  864], but screen is actually [1920, 1080]. Using actual size
3.7226 	EXP 	Created window1 = Window(allowGUI=False, allowStencil=False, args=UNKNOWN, autoLog=True, bitsMode=UNKNOWN, blendMode='avg', bpc=(8, 8, 8), color=array([0., 0., 0.]), colorSpace='rgb', depthBits=8, fullscr=<method-wrapper '__getattribute__' of attributeSetter object at 0x7f3b908e37c0>, gamma=None, gammaErrorPolicy='raise', kwargs=UNKNOWN, lms=UNKNOWN, monitor=<psychopy.monitors.calibTools.Monitor object at 0x7f3b908535e0>, multiSample=False, name='window1', numSamples=2, pos=[0.0, 0.0], screen=0, size=array([1920, 1080]), stencilBits=0, stereo=False, units='height', useFBO=True, useRetina=False, viewOri=0.0, viewPos=None, viewScale=None, waitBlanking=True, winType='pyglet')
3.7230 	EXP 	window1: mouseVisible = True
3.7231 	EXP 	window1: recordFrameIntervals = False
3.8880 	EXP 	window1: recordFrameIntervals = True
4.0719 	EXP 	window1: recordFrameIntervals = False
4.1844 	EXP 	Created welcomeText = TextStim(__class__=<class 'psychopy.visual.text.TextStim'>, alignHoriz=method-wrapper(...), alignText='center', alignVert=method-wrapper(...), anchorHoriz='center', anchorVert='center', antialias=True, autoLog=True, bold=False, color='white', colorSpace='named', contrast=1.0, depth=0.0, flipHoriz=False, flipVert=False, font='Arial', fontFiles=[], height=0.03, italic=False, languageStyle='LTR', name='welcomeText', opacity=1.0, ori=0, pos=array([0., 0.]), rgb=array([255., 255., 255.]), text=str(...), units='height', win=Window(...), wrapWidth=1)
4.2426 	EXP 	Created welcome_text_2 = TextStim(__class__=<class 'psychopy.visual.text.TextStim'>, alignHoriz=method-wrapper(...), alignText='center', alignVert=method-wrapper(...), anchorHoriz='center', anchorVert='center', antialias=True, autoLog=True, bold=False, color='white', colorSpace='named', contrast=1.0, depth=0.0, flipHoriz=False, flipVert=False, font='Arial', fontFiles=[], height=0.03, italic=False, languageStyle='LTR', name='welcome_text_2', opacity=1.0, ori=0, pos=array([0., 0.]), rgb=array([255., 255., 255.]), text=str(...), units='height', win=Window(...), wrapWidth=1)
4.2730 	EXP 	Created onesecond = ImageStim(__class__=<class 'psychopy.visual.image.ImageStim'>, autoLog=True, color=array([1., 1., 1.]), colorSpace='rgb', contrast=1.0, depth=-2.0, flipHoriz=False, flipVert=False, image='img/odd_4_square.png', interpolate=True, mask=None, maskParams=None, name='onesecond', opacity=1.0, ori=0.0, pos=array([0., 0.]), size=array([1.8, 1. ]), texRes=128, units='height', win=Window(...))
4.2961 	EXP 	Created seven_second = ImageStim(__class__=<class 'psychopy.visual.image.ImageStim'>, autoLog=True, color=array([1., 1., 1.]), colorSpace='rgb', contrast=1.0, depth=-3.0, flipHoriz=False, flipVert=False, image='img/odd_8_square_4.png', interpolate=True, mask=None, maskParams=None, name='seven_second', opacity=1.0, ori=0.0, pos=array([0., 0.]), size=array([1.8, 1. ]), texRes=128, units='height', win=Window(...))
4.2991 	EXP 	Created fixImg = ImageStim(__class__=<class 'psychopy.visual.image.ImageStim'>, autoLog=True, color=array([1., 1., 1.]), colorSpace='rgb', contrast=1.0, depth=0.0, flipHoriz=False, flipVert=False, image='sin', interpolate=True, mask=None, maskParams=None, name='fixImg', opacity=1.0, ori=0.0, pos=array([0., 0.]), size=array([1.8, 1. ]), texRes=128, units='height', win=Window(...))
4.3003 	EXP 	Created delayImg = ImageStim(__class__=<class 'psychopy.visual.image.ImageStim'>, autoLog=True, color=array([1., 1., 1.]), colorSpace='rgb', contrast=1.0, depth=0.0, flipHoriz=False, flipVert=False, image='sin', interpolate=True, mask=None, maskParams=None, name='delayImg', opacity=1.0, ori=0.0, pos=array([0., 0.]), size=array([1.8, 1. ]), texRes=128, units='height', win=Window(...))
4.3014 	EXP 	Created choiceImg = ImageStim(__class__=<class 'psychopy.visual.image.ImageStim'>, autoLog=True, color=array([1., 1., 1.]), colorSpace='rgb', contrast=1.0, depth=0.0, flipHoriz=False, flipVert=False, image='sin', interpolate=True, mask=None, maskParams=None, name='choiceImg', opacity=1.0, ori=0.0, pos=array([0., 0.]), size=array([1.8, 1. ]), texRes=128, units='height', win=Window(...))
4.3096 	EXP 	Created choiceWarning = TextStim(__class__=<class 'psychopy.visual.text.TextStim'>, alignHoriz=method-wrapper(...), alignText='center', alignVert=method-wrapper(...), anchorHoriz='center', anchorVert='center', antialias=True, autoLog=True, bold=False, color='red', colorSpace='named', contrast=1.0, depth=-2.0, flipHoriz=False, flipVert=False, font='Arial', fontFiles=[], height=0.05, italic=False, languageStyle='LTR', name='choiceWarning', opacity=1.0, ori=0, pos=array([ 0. , -0.3]), rgb=array([255.,   0.,   0.]), text='default text', units='height', win=Window(...), wrapWidth=1)
4.3109 	EXP 	Created leftImg = ImageStim(__class__=<class 'psychopy.visual.image.ImageStim'>, autoLog=True, color=array([1., 1., 1.]), colorSpace='rgb', contrast=1.0, depth=0.0, flipHoriz=False, flipVert=False, image='sin', interpolate=True, mask=None, maskParams=None, name='leftImg', opacity=1.0, ori=0.0, pos=array([0., 0.]), size=array([1.8, 1. ]), texRes=128, units='height', win=Window(...))
4.3120 	EXP 	Created rewardImgLeft = ImageStim(__class__=<class 'psychopy.visual.image.ImageStim'>, autoLog=True, color=array([1., 1., 1.]), colorSpace='rgb', contrast=1.0, depth=0.0, flipHoriz=False, flipVert=False, image='sin', interpolate=True, mask=None, maskParams=None, name='rewardImgLeft', opacity=1.0, ori=0.0, pos=array([0., 0.]), size=array([1.8, 1. ]), texRes=128, units='height', win=Window(...))
4.3198 	EXP 	Created rewardText = TextStim(__class__=<class 'psychopy.visual.text.TextStim'>, alignHoriz=method-wrapper(...), alignText='center', alignVert=method-wrapper(...), anchorHoriz='center', anchorVert='center', antialias=True, autoLog=True, bold=False, color='red', colorSpace='named', contrast=1.0, depth=-1.0, flipHoriz=False, flipVert=False, font='Arial', fontFiles=[], height=0.1, italic=False, languageStyle='LTR', name='rewardText', opacity=1.0, ori=0, pos=array([0., 0.]), rgb=array([255.,   0.,   0.]), text='default text', units='height', win=Window(...), wrapWidth=1)
4.3208 	EXP 	Created rightImg = ImageStim(__class__=<class 'psychopy.visual.image.ImageStim'>, autoLog=True, color=array([1., 1., 1.]), colorSpace='rgb', contrast=1.0, depth=0.0, flipHoriz=False, flipVert=False, image='sin', interpolate=True, mask=None, maskParams=None, name='rightImg', opacity=1.0, ori=0.0, pos=array([0., 0.]), size=array([1.8, 1. ]), texRes=128, units='height', win=Window(...))
4.3218 	EXP 	Created rewardImgRight = ImageStim(__class__=<class 'psychopy.visual.image.ImageStim'>, autoLog=True, color=array([1., 1., 1.]), colorSpace='rgb', contrast=1.0, depth=0.0, flipHoriz=False, flipVert=False, image='sin', interpolate=True, mask=None, maskParams=None, name='rewardImgRight', opacity=1.0, ori=0.0, pos=array([0., 0.]), size=array([1.8, 1. ]), texRes=128, units='height', win=Window(...))
4.3233 	EXP 	Created rightText = TextStim(__class__=<class 'psychopy.visual.text.TextStim'>, alignHoriz=method-wrapper(...), alignText='center', alignVert=method-wrapper(...), anchorHoriz='center', anchorVert='center', antialias=True, autoLog=True, bold=False, color='red', colorSpace='named', contrast=1.0, depth=-1.0, flipHoriz=False, flipVert=False, font='Arial', fontFiles=[], height=0.1, italic=False, languageStyle='LTR', name='rightText', opacity=1.0, ori=0, pos=array([0., 0.]), rgb=array([255.,   0.,   0.]), text='default text', units='height', win=Window(...), wrapWidth=1)
4.3265 	EXP 	Created block4 = ImageStim(__class__=<class 'psychopy.visual.image.ImageStim'>, autoLog=True, color=array([1., 1., 1.]), colorSpace='rgb', contrast=1.0, depth=0.0, flipHoriz=False, flipVert=False, image='img/coffee.jpeg', interpolate=True, mask=None, maskParams=None, name='block4', opacity=1.0, ori=0.0, pos=array([ 0.5, -0.2]), size=array([0.35, 0.35]), texRes=128, units='height', win=Window(...))
4.3286 	EXP 	Created block3 = ImageStim(__class__=<class 'psychopy.visual.image.ImageStim'>, autoLog=True, color=array([1., 1., 1.]), colorSpace='rgb', contrast=1.0, depth=-1.0, flipHoriz=False, flipVert=False, image='img/cake.jpeg', interpolate=True, mask=None, maskParams=None, name='block3', opacity=1.0, ori=0.0, pos=array([0.5, 0.2]), size=array([0.35, 0.35]), texRes=128, units='height', win=Window(...))
4.3305 	EXP 	Created block2 = ImageStim(__class__=<class 'psychopy.visual.image.ImageStim'>, autoLog=True, color=array([1., 1., 1.]), colorSpace='rgb', contrast=1.0, depth=-2.0, flipHoriz=False, flipVert=False, image='img/gummi.jpeg', interpolate=True, mask=None, maskParams=None, name='block2', opacity=1.0, ori=0.0, pos=array([-0.5, -0.2]), size=array([0.35, 0.35]), texRes=128, units='height', win=Window(...))
4.3450 	EXP 	Created block1 = ImageStim(__class__=<class 'psychopy.visual.image.ImageStim'>, autoLog=True, color=array([1., 1., 1.]), colorSpace='rgb', contrast=1.0, depth=-3.0, flipHoriz=False, flipVert=False, image='img/tea.jpeg', interpolate=True, mask=None, maskParams=None, name='block1', opacity=1.0, ori=0.0, pos=array([-0.5,  0.2]), size=array([0.35, 0.35]), texRes=128, units='height', win=Window(...))
4.3468 	EXP 	Created repeatText = TextStim(__class__=<class 'psychopy.visual.text.TextStim'>, alignHoriz=method-wrapper(...), alignText='center', alignVert=method-wrapper(...), anchorHoriz='center', anchorVert='center', antialias=True, autoLog=True, bold=False, color='white', colorSpace='named', contrast=1.0, depth=-4.0, flipHoriz=False, flipVert=False, font='Arial', fontFiles=[], height=0.05, italic=False, languageStyle='LTR', name='repeatText', opacity=1.0, ori=0, pos=array([0., 0.]), rgb=array([255., 255., 255.]), text='default text', units='height', win=Window(...), wrapWidth=1)
4.3550 	EXP 	Created text = TextStim(__class__=<class 'psychopy.visual.text.TextStim'>, alignHoriz=method-wrapper(...), alignText='center', alignVert=method-wrapper(...), anchorHoriz='center', anchorVert='center', antialias=True, autoLog=True, bold=False, color='white', colorSpace='named', contrast=1.0, depth=0.0, flipHoriz=False, flipVert=False, font='Arial', fontFiles=[], height=0.03, italic=False, languageStyle='LTR', name='text', opacity=1.0, ori=0, pos=array([0., 0.]), rgb=array([255., 255., 255.]), text=str(...), units='height', win=Window(...), wrapWidth=1)
4.3592 	EXP 	Created endText = TextStim(__class__=<class 'psychopy.visual.text.TextStim'>, alignHoriz=method-wrapper(...), alignText='center', alignVert=method-wrapper(...), anchorHoriz='center', anchorVert='center', antialias=True, autoLog=True, bold=False, color='white', colorSpace='named', contrast=1.0, depth=0.0, flipHoriz=False, flipVert=False, font='Arial', fontFiles=[], height=0.05, italic=False, languageStyle='LTR', name='endText', opacity=1.0, ori=0, pos=array([0., 0.]), rgb=array([255., 255., 255.]), text=str(...), units='height', win=Window(...), wrapWidth=1)
4.3676 	EXP 	welcomeText: autoDraw = True
31.8389 	DATA 	Keypress: space
31.8616 	EXP 	welcomeText: autoDraw = False
31.8616 	EXP 	onesecond: autoDraw = True
32.8496 	EXP 	seven_second: autoDraw = True
32.8625 	EXP 	onesecond: autoDraw = False
39.8311 	EXP 	welcome_text_2: autoDraw = True
39.8647 	EXP 	seven_second: autoDraw = False
51.5435 	DATA 	Keypress: space
51.5527 	EXP 	Created sequence: sequential, trialTypes=1, nReps=200, seed=None
51.5566 	EXP 	New trial (rep=0, index=0): None
51.5576 	EXP 	Created sequence: random, trialTypes=1, nReps=1, seed=None
51.5582 	EXP 	New trial (rep=0, index=0): None
51.6167 	EXP 	welcome_text_2: autoDraw = False
51.6167 	EXP 	onesecond: autoDraw = False
51.6167 	EXP 	seven_second: autoDraw = False
51.6167 	EXP 	fixImg: image = 'img/even_4_square.png'
51.6167 	EXP 	fixImg: autoDraw = True
52.6021 	EXP 	Created sequence: sequential, trialTypes=1, nReps=1, seed=None
52.6027 	EXP 	New trial (rep=0, index=0): None
52.6642 	EXP 	fixImg: autoDraw = False
52.6642 	EXP 	fixImg: autoDraw = False
52.6642 	EXP 	delayImg: image = 'img/even_8_square_4.png'
52.6642 	EXP 	delayImg: autoDraw = True
53.7174 	EXP 	delayImg: autoDraw = False
53.7174 	EXP 	delayImg: autoDraw = False
53.7174 	EXP 	choiceImg: image = 'img/even_choice_4.png'
53.7174 	EXP 	choiceWarning: text = '32  for 67%              16  for 100%'
53.7174 	EXP 	choiceImg: autoDraw = True
53.7174 	EXP 	choiceWarning: autoDraw = True
55.1362 	DATA 	Keypress: 1
55.1412 	EXP 	Created sequence: random, trialTypes=1, nReps=1, seed=None
55.1422 	EXP 	New trial (rep=0, index=0): None
55.1987 	EXP 	choiceImg: autoDraw = False
55.1987 	EXP 	choiceWarning: autoDraw = False
55.1987 	EXP 	leftImg: image = 'img/even_8_circle_4.png'
55.1987 	EXP 	leftImg: autoDraw = True
56.2713 	EXP 	leftImg: autoDraw = False
56.2713 	EXP 	leftImg: autoDraw = False
56.2713 	EXP 	rewardImgLeft: opacity = 1.0
56.2713 	EXP 	rewardImgLeft: image = 'img/8m&m.png'
56.2713 	EXP 	rewardText: text = 'You got it!'
56.2713 	EXP 	rewardImgLeft: autoDraw = True
56.2713 	EXP 	rewardText: autoDraw = True
57.2038 	EXP 	Created sequence: random, trialTypes=1, nReps=0, seed=None
57.2323 	EXP 	rewardImgLeft: autoDraw = False
57.2323 	EXP 	rewardText: autoDraw = False
57.2323 	EXP 	block4: opacity = 0.0
57.2323 	EXP 	block3: opacity = 0.0
57.2323 	EXP 	block2: opacity = 0.0
57.2323 	EXP 	block1: opacity = 1.0
57.2323 	EXP 	repeatText: text = 'total gain:32. You are in level:0.16press space to continue'
57.2323 	EXP 	block4: autoDraw = True
57.2323 	EXP 	block3: autoDraw = True
57.2323 	EXP 	block2: autoDraw = True
57.2323 	EXP 	block1: autoDraw = True
57.2323 	EXP 	repeatText: autoDraw = True
59.2364 	EXP 	repeatText: autoDraw = False
69.6901 	DATA 	Keypress: space
69.7081 	EXP 	Created sequence: random, trialTypes=1, nReps=0, seed=None
69.7112 	EXP 	New trial (rep=1, index=0): None
69.7118 	EXP 	Created sequence: random, trialTypes=1, nReps=0, seed=None
69.7123 	EXP 	Created sequence: sequential, trialTypes=1, nReps=0, seed=None
69.7544 	EXP 	block4: autoDraw = False
69.7544 	EXP 	block3: autoDraw = False
69.7544 	EXP 	block2: autoDraw = False
69.7544 	EXP 	block1: autoDraw = False
69.7544 	EXP 	repeatText: autoDraw = False
69.7544 	EXP 	choiceImg: image = 'img/odd_choice_4.png'
69.7544 	EXP 	choiceWarning: text = '18  for 100%              32  for 67%'
69.7544 	EXP 	choiceImg: autoDraw = True
69.7544 	EXP 	choiceWarning: autoDraw = True
74.7499 	DATA 	Keypress: 2
74.7630 	EXP 	Created sequence: random, trialTypes=1, nReps=0, seed=None
74.7639 	EXP 	Created sequence: random, trialTypes=1, nReps=1, seed=None
74.7644 	EXP 	New trial (rep=0, index=0): None
74.8144 	EXP 	choiceImg: autoDraw = False
74.8144 	EXP 	choiceWarning: autoDraw = False
74.8144 	EXP 	rightImg: image = 'img/odd_8_circle_4.png'
74.8144 	EXP 	rightImg: autoDraw = True
75.8922 	EXP 	rightImg: autoDraw = False
75.8922 	EXP 	rightImg: autoDraw = False
75.8922 	EXP 	rewardImgRight: opacity = 0.0
75.8922 	EXP 	rewardImgRight: image = 'img/8m&m.png'
75.8922 	EXP 	rightText: text = 'You did not get it!'
75.8922 	EXP 	rewardImgRight: autoDraw = True
75.8922 	EXP 	rightText: autoDraw = True
76.8240 	EXP 	rewardImgRight: autoDraw = False
76.8240 	EXP 	rightText: autoDraw = False
76.8240 	EXP 	block4: opacity = 0.0
76.8240 	EXP 	block3: opacity = 0.0
76.8240 	EXP 	block2: opacity = 0.0
76.8240 	EXP 	block1: opacity = 1.0
76.8240 	EXP 	repeatText: text = 'total gain:32. You are in level:0.16press space to continue'
76.8240 	EXP 	block4: autoDraw = True
76.8240 	EXP 	block3: autoDraw = True
76.8240 	EXP 	block2: autoDraw = True
76.8240 	EXP 	block1: autoDraw = True
76.8240 	EXP 	repeatText: autoDraw = True
78.8253 	EXP 	repeatText: autoDraw = False
86.0526 	DATA 	Keypress: escape
86.0841 	EXP 	window1: mouseVisible = True
