0.3771 	WARNING 	We strongly recommend you activate the PTB sound engine in PsychoPy prefs as the preferred audio engine. Its timing is vastly superior. Your prefs are currently set to use ['sounddevice', 'PTB', 'pyo', 'pygame'] (in that order).
1.0039 	WARNING 	Import Error: No module named 'psychtoolbox'. Using event module for keyboard component.
2.2118 	WARNING 	User requested fullscreen with size [1536  864], but screen is actually [1920, 1080]. Using actual size
2.7922 	EXP 	Created window1 = Window(allowGUI=False, allowStencil=False, args=UNKNOWN, autoLog=True, bitsMode=UNKNOWN, blendMode='avg', bpc=(8, 8, 8), color=array([0., 0., 0.]), colorSpace='rgb', depthBits=8, fullscr=<method-wrapper '__getattribute__' of attributeSetter object at 0x7fa9b014b610>, gamma=None, gammaErrorPolicy='raise', kwargs=UNKNOWN, lms=UNKNOWN, monitor=<psychopy.monitors.calibTools.Monitor object at 0x7fa9a81b0130>, multiSample=False, name='window1', numSamples=2, pos=[0.0, 0.0], screen=0, size=array([1920, 1080]), stencilBits=0, stereo=False, units='height', useFBO=True, useRetina=False, viewOri=0.0, viewPos=None, viewScale=None, waitBlanking=True, winType='pyglet')
2.7926 	EXP 	window1: mouseVisible = True
2.7927 	EXP 	window1: recordFrameIntervals = False
2.9569 	EXP 	window1: recordFrameIntervals = True
3.1406 	EXP 	window1: recordFrameIntervals = False
3.2876 	EXP 	Created welcomeText = TextStim(__class__=<class 'psychopy.visual.text.TextStim'>, alignHoriz=method-wrapper(...), alignText='center', alignVert=method-wrapper(...), anchorHoriz='center', anchorVert='center', antialias=True, autoLog=True, bold=False, color='white', colorSpace='named', contrast=1.0, depth=0.0, flipHoriz=False, flipVert=False, font='Arial', fontFiles=[], height=0.02, italic=False, languageStyle='LTR', name='welcomeText', opacity=1.0, ori=0, pos=array([0., 0.]), rgb=array([255., 255., 255.]), text=str(...), units='height', win=Window(...), wrapWidth=1)
3.2925 	EXP 	Created fixImg = ImageStim(__class__=<class 'psychopy.visual.image.ImageStim'>, autoLog=True, color=array([1., 1., 1.]), colorSpace='rgb', contrast=1.0, depth=0.0, flipHoriz=False, flipVert=False, image='sin', interpolate=True, mask=None, maskParams=None, name='fixImg', opacity=1.0, ori=0.0, pos=array([0., 0.]), size=array([1.8, 1. ]), texRes=128, units='height', win=Window(...))
3.2945 	EXP 	Created delayImg = ImageStim(__class__=<class 'psychopy.visual.image.ImageStim'>, autoLog=True, color=array([1., 1., 1.]), colorSpace='rgb', contrast=1.0, depth=0.0, flipHoriz=False, flipVert=False, image='sin', interpolate=True, mask=None, maskParams=None, name='delayImg', opacity=1.0, ori=0.0, pos=array([0., 0.]), size=array([1.8, 1. ]), texRes=128, units='height', win=Window(...))
3.2964 	EXP 	Created choiceImg = ImageStim(__class__=<class 'psychopy.visual.image.ImageStim'>, autoLog=True, color=array([1., 1., 1.]), colorSpace='rgb', contrast=1.0, depth=0.0, flipHoriz=False, flipVert=False, image='sin', interpolate=True, mask=None, maskParams=None, name='choiceImg', opacity=1.0, ori=0.0, pos=array([0., 0.]), size=array([1.8, 1. ]), texRes=128, units='height', win=Window(...))
3.3058 	EXP 	Created choiceWarning = TextStim(__class__=<class 'psychopy.visual.text.TextStim'>, alignHoriz=method-wrapper(...), alignText='center', alignVert=method-wrapper(...), anchorHoriz='center', anchorVert='center', antialias=True, autoLog=True, bold=False, color='red', colorSpace='named', contrast=1.0, depth=-2.0, flipHoriz=False, flipVert=False, font='Arial', fontFiles=[], height=0.05, italic=False, languageStyle='LTR', name='choiceWarning', opacity=1.0, ori=0, pos=array([ 0. , -0.3]), rgb=array([255.,   0.,   0.]), text='default text', units='height', win=Window(...), wrapWidth=1)
3.3071 	EXP 	Created leftImg = ImageStim(__class__=<class 'psychopy.visual.image.ImageStim'>, autoLog=True, color=array([1., 1., 1.]), colorSpace='rgb', contrast=1.0, depth=0.0, flipHoriz=False, flipVert=False, image='sin', interpolate=True, mask=None, maskParams=None, name='leftImg', opacity=1.0, ori=0.0, pos=array([0., 0.]), size=array([1.8, 1. ]), texRes=128, units='height', win=Window(...))
3.3084 	EXP 	Created rewardImgLeft = ImageStim(__class__=<class 'psychopy.visual.image.ImageStim'>, autoLog=True, color=array([1., 1., 1.]), colorSpace='rgb', contrast=1.0, depth=0.0, flipHoriz=False, flipVert=False, image='sin', interpolate=True, mask=None, maskParams=None, name='rewardImgLeft', opacity=1.0, ori=0.0, pos=array([0., 0.]), size=array([1.8, 1. ]), texRes=128, units='height', win=Window(...))
3.3163 	EXP 	Created rewardText = TextStim(__class__=<class 'psychopy.visual.text.TextStim'>, alignHoriz=method-wrapper(...), alignText='center', alignVert=method-wrapper(...), anchorHoriz='center', anchorVert='center', antialias=True, autoLog=True, bold=False, color='red', colorSpace='named', contrast=1.0, depth=-1.0, flipHoriz=False, flipVert=False, font='Arial', fontFiles=[], height=0.1, italic=False, languageStyle='LTR', name='rewardText', opacity=1.0, ori=0, pos=array([0., 0.]), rgb=array([255.,   0.,   0.]), text='default text', units='height', win=Window(...), wrapWidth=1)
3.3175 	EXP 	Created rightImg = ImageStim(__class__=<class 'psychopy.visual.image.ImageStim'>, autoLog=True, color=array([1., 1., 1.]), colorSpace='rgb', contrast=1.0, depth=0.0, flipHoriz=False, flipVert=False, image='sin', interpolate=True, mask=None, maskParams=None, name='rightImg', opacity=1.0, ori=0.0, pos=array([0., 0.]), size=array([1.8, 1. ]), texRes=128, units='height', win=Window(...))
3.3187 	EXP 	Created rewardImgRight = ImageStim(__class__=<class 'psychopy.visual.image.ImageStim'>, autoLog=True, color=array([1., 1., 1.]), colorSpace='rgb', contrast=1.0, depth=0.0, flipHoriz=False, flipVert=False, image='sin', interpolate=True, mask=None, maskParams=None, name='rewardImgRight', opacity=1.0, ori=0.0, pos=array([0., 0.]), size=array([1.8, 1. ]), texRes=128, units='height', win=Window(...))
3.3206 	EXP 	Created rightText = TextStim(__class__=<class 'psychopy.visual.text.TextStim'>, alignHoriz=method-wrapper(...), alignText='center', alignVert=method-wrapper(...), anchorHoriz='center', anchorVert='center', antialias=True, autoLog=True, bold=False, color='red', colorSpace='named', contrast=1.0, depth=-1.0, flipHoriz=False, flipVert=False, font='Arial', fontFiles=[], height=0.1, italic=False, languageStyle='LTR', name='rightText', opacity=1.0, ori=0, pos=array([0., 0.]), rgb=array([255.,   0.,   0.]), text='default text', units='height', win=Window(...), wrapWidth=1)
3.3245 	EXP 	Created block4 = ImageStim(__class__=<class 'psychopy.visual.image.ImageStim'>, autoLog=True, color=array([1., 1., 1.]), colorSpace='rgb', contrast=1.0, depth=0.0, flipHoriz=False, flipVert=False, image='img/coffee.jpeg', interpolate=True, mask=None, maskParams=None, name='block4', opacity=1.0, ori=0.0, pos=array([ 0.5, -0.5]), size=array([0.1, 0.1]), texRes=128, units='height', win=Window(...))
3.3266 	EXP 	Created block3 = ImageStim(__class__=<class 'psychopy.visual.image.ImageStim'>, autoLog=True, color=array([1., 1., 1.]), colorSpace='rgb', contrast=1.0, depth=-1.0, flipHoriz=False, flipVert=False, image='img/cake.jpeg', interpolate=True, mask=None, maskParams=None, name='block3', opacity=1.0, ori=0.0, pos=array([0.5, 0.5]), size=array([0.1, 0.1]), texRes=128, units='height', win=Window(...))
3.3285 	EXP 	Created block2 = ImageStim(__class__=<class 'psychopy.visual.image.ImageStim'>, autoLog=True, color=array([1., 1., 1.]), colorSpace='rgb', contrast=1.0, depth=-2.0, flipHoriz=False, flipVert=False, image='img/gummi.jpeg', interpolate=True, mask=None, maskParams=None, name='block2', opacity=1.0, ori=0.0, pos=array([-0.5, -0.5]), size=array([0.1, 0.1]), texRes=128, units='height', win=Window(...))
3.3449 	EXP 	Created block1 = ImageStim(__class__=<class 'psychopy.visual.image.ImageStim'>, autoLog=True, color=array([1., 1., 1.]), colorSpace='rgb', contrast=1.0, depth=-3.0, flipHoriz=False, flipVert=False, image='img/tea.jpeg', interpolate=True, mask=None, maskParams=None, name='block1', opacity=1.0, ori=0.0, pos=array([-0.5,  0.5]), size=array([0.1, 0.1]), texRes=128, units='height', win=Window(...))
3.3711 	EXP 	Created prize_text = TextStim(__class__=<class 'psychopy.visual.text.TextStim'>, alignHoriz=method-wrapper(...), alignText='center', alignVert=method-wrapper(...), anchorHoriz='center', anchorVert='center', antialias=True, autoLog=True, bold=False, color='red', colorSpace='named', contrast=1.0, depth=-4.0, flipHoriz=False, flipVert=False, font='Arial', fontFiles=[], height=0.5, italic=False, languageStyle='LTR', name='prize_text', opacity=1.0, ori=0, pos=array([0., 0.]), rgb=array([255.,   0.,   0.]), text=str(...), units='height', win=Window(...), wrapWidth=1)
3.3737 	EXP 	Created repeatText = TextStim(__class__=<class 'psychopy.visual.text.TextStim'>, alignHoriz=method-wrapper(...), alignText='center', alignVert=method-wrapper(...), anchorHoriz='center', anchorVert='center', antialias=True, autoLog=True, bold=False, color='red', colorSpace='named', contrast=1.0, depth=-5.0, flipHoriz=False, flipVert=False, font='Arial', fontFiles=[], height=0.05, italic=False, languageStyle='LTR', name='repeatText', opacity=1.0, ori=0, pos=array([0., 0.]), rgb=array([255.,   0.,   0.]), text='default text', units='height', win=Window(...), wrapWidth=1)
3.3845 	EXP 	Created text = TextStim(__class__=<class 'psychopy.visual.text.TextStim'>, alignHoriz=method-wrapper(...), alignText='center', alignVert=method-wrapper(...), anchorHoriz='center', anchorVert='center', antialias=True, autoLog=True, bold=False, color='white', colorSpace='named', contrast=1.0, depth=0.0, flipHoriz=False, flipVert=False, font='Arial', fontFiles=[], height=0.03, italic=False, languageStyle='LTR', name='text', opacity=1.0, ori=0, pos=array([0., 0.]), rgb=array([255., 255., 255.]), text=str(...), units='height', win=Window(...), wrapWidth=1)
3.3881 	EXP 	Created endText = TextStim(__class__=<class 'psychopy.visual.text.TextStim'>, alignHoriz=method-wrapper(...), alignText='center', alignVert=method-wrapper(...), anchorHoriz='center', anchorVert='center', antialias=True, autoLog=True, bold=False, color='white', colorSpace='named', contrast=1.0, depth=0.0, flipHoriz=False, flipVert=False, font='Arial', fontFiles=[], height=0.05, italic=False, languageStyle='LTR', name='endText', opacity=1.0, ori=0, pos=array([0., 0.]), rgb=array([255., 255., 255.]), text=str(...), units='height', win=Window(...), wrapWidth=1)
3.3966 	EXP 	welcomeText: autoDraw = True
3.8753 	DATA 	Keypress: space
3.8770 	EXP 	Created sequence: sequential, trialTypes=1, nReps=200, seed=None
3.8804 	EXP 	New trial (rep=0, index=0): None
3.8817 	EXP 	Created sequence: random, trialTypes=1, nReps=1, seed=None
3.8824 	EXP 	New trial (rep=0, index=0): None
3.9469 	EXP 	welcomeText: autoDraw = False
3.9469 	EXP 	fixImg: image = 'img/even_4_square.png'
3.9469 	EXP 	fixImg: autoDraw = True
4.9425 	EXP 	Created sequence: sequential, trialTypes=1, nReps=1, seed=None
4.9432 	EXP 	New trial (rep=0, index=0): None
5.0046 	EXP 	fixImg: autoDraw = False
5.0046 	EXP 	fixImg: autoDraw = False
5.0046 	EXP 	delayImg: image = 'img/even_8_square_4.png'
5.0046 	EXP 	delayImg: autoDraw = True
6.0573 	EXP 	delayImg: autoDraw = False
6.0573 	EXP 	delayImg: autoDraw = False
6.0573 	EXP 	choiceImg: image = 'img/even_choice_4.png'
6.0573 	EXP 	choiceWarning: text = '32  for 67%              16  for 100%'
6.0573 	EXP 	choiceImg: autoDraw = True
6.0573 	EXP 	choiceWarning: autoDraw = True
9.3264 	DATA 	Keypress: 1
9.3321 	EXP 	Created sequence: random, trialTypes=1, nReps=1, seed=None
9.3327 	EXP 	New trial (rep=0, index=0): None
9.3910 	EXP 	choiceImg: autoDraw = False
9.3910 	EXP 	choiceWarning: autoDraw = False
9.3910 	EXP 	leftImg: image = 'img/even_8_circle_4.png'
9.3910 	EXP 	leftImg: autoDraw = True
10.4658 	EXP 	leftImg: autoDraw = False
10.4658 	EXP 	leftImg: autoDraw = False
10.4658 	EXP 	rewardImgLeft: opacity = 1.0
10.4658 	EXP 	rewardImgLeft: image = 'img/8m&m.png'
10.4658 	EXP 	rewardText: text = 'You got it!'
10.4658 	EXP 	rewardImgLeft: autoDraw = True
10.4658 	EXP 	rewardText: autoDraw = True
11.3774 	EXP 	Created sequence: random, trialTypes=1, nReps=0, seed=None
11.4401 	EXP 	rewardImgLeft: autoDraw = False
11.4401 	EXP 	rewardText: autoDraw = False
11.4401 	EXP 	block4: opacity = 0.0
11.4401 	EXP 	block3: opacity = 0.0
11.4401 	EXP 	block2: opacity = 0.0
11.4401 	EXP 	block1: opacity = 0.0
11.4401 	EXP 	prize_text: opacity = 1.0
11.4401 	EXP 	repeatText: text = 'total amount for this block:32, press space to continue'
11.4401 	EXP 	block4: autoDraw = True
11.4401 	EXP 	block3: autoDraw = True
11.4401 	EXP 	block2: autoDraw = True
11.4401 	EXP 	block1: autoDraw = True
11.4401 	EXP 	prize_text: autoDraw = True
11.4401 	EXP 	prize_text: autoDraw = False
11.4401 	EXP 	repeatText: autoDraw = True
13.9445 	DATA 	Keypress: space
13.9621 	EXP 	Created sequence: random, trialTypes=1, nReps=0, seed=None
13.9652 	EXP 	New trial (rep=1, index=0): None
13.9662 	EXP 	Created sequence: random, trialTypes=1, nReps=0, seed=None
13.9669 	EXP 	Created sequence: sequential, trialTypes=1, nReps=0, seed=None
14.0145 	EXP 	block4: autoDraw = False
14.0145 	EXP 	block3: autoDraw = False
14.0145 	EXP 	block2: autoDraw = False
14.0145 	EXP 	block1: autoDraw = False
14.0145 	EXP 	prize_text: autoDraw = False
14.0145 	EXP 	repeatText: autoDraw = False
14.0145 	EXP 	choiceImg: image = 'img/odd_choice_4.png'
14.0145 	EXP 	choiceWarning: text = '18  for 100%              32  for 67%'
14.0145 	EXP 	choiceImg: autoDraw = True
14.0145 	EXP 	choiceWarning: autoDraw = True
18.9454 	DATA 	Keypress: 2
18.9503 	EXP 	Created sequence: random, trialTypes=1, nReps=0, seed=None
18.9512 	EXP 	Created sequence: random, trialTypes=1, nReps=1, seed=None
18.9519 	EXP 	New trial (rep=0, index=0): None
19.0082 	EXP 	choiceImg: autoDraw = False
19.0082 	EXP 	choiceWarning: autoDraw = False
19.0082 	EXP 	rightImg: image = 'img/odd_8_circle_4.png'
19.0082 	EXP 	rightImg: autoDraw = True
20.0828 	EXP 	rightImg: autoDraw = False
20.0828 	EXP 	rightImg: autoDraw = False
20.0828 	EXP 	rewardImgRight: opacity = 0.0
20.0828 	EXP 	rewardImgRight: image = 'img/8m&m.png'
20.0828 	EXP 	rightText: text = 'You did not get it!'
20.0828 	EXP 	rewardImgRight: autoDraw = True
20.0828 	EXP 	rightText: autoDraw = True
21.0387 	EXP 	rewardImgRight: autoDraw = False
21.0387 	EXP 	rightText: autoDraw = False
21.0387 	EXP 	block4: opacity = 0.0
21.0387 	EXP 	block3: opacity = 0.0
21.0387 	EXP 	block2: opacity = 0.0
21.0387 	EXP 	block1: opacity = 0.0
21.0387 	EXP 	prize_text: opacity = 1.0
21.0387 	EXP 	repeatText: text = 'total amount for this block:32, press space to continue'
21.0387 	EXP 	block4: autoDraw = True
21.0387 	EXP 	block3: autoDraw = True
21.0387 	EXP 	block2: autoDraw = True
21.0387 	EXP 	block1: autoDraw = True
21.0387 	EXP 	prize_text: autoDraw = True
21.0387 	EXP 	prize_text: autoDraw = False
21.0387 	EXP 	repeatText: autoDraw = True
29.2487 	DATA 	Keypress: escape
29.2703 	EXP 	window1: mouseVisible = True
