0.3797 	WARNING 	We strongly recommend you activate the PTB sound engine in PsychoPy prefs as the preferred audio engine. Its timing is vastly superior. Your prefs are currently set to use ['sounddevice', 'PTB', 'pyo', 'pygame'] (in that order).
0.9795 	WARNING 	Import Error: No module named 'psychtoolbox'. Using event module for keyboard component.
1.8748 	WARNING 	User requested fullscreen with size [1536  864], but screen is actually [1920, 1080]. Using actual size
2.4280 	EXP 	Created window1 = Window(allowGUI=False, allowStencil=False, args=UNKNOWN, autoLog=True, bitsMode=UNKNOWN, blendMode='avg', bpc=(8, 8, 8), color=array([0., 0., 0.]), colorSpace='rgb', depthBits=8, fullscr=<method-wrapper '__getattribute__' of attributeSetter object at 0x7fe725ea8850>, gamma=None, gammaErrorPolicy='raise', kwargs=UNKNOWN, lms=UNKNOWN, monitor=<psychopy.monitors.calibTools.Monitor object at 0x7fe724565370>, multiSample=False, name='window1', numSamples=2, pos=[0.0, 0.0], screen=0, size=array([1920, 1080]), stencilBits=0, stereo=False, units='height', useFBO=True, useRetina=False, viewOri=0.0, viewPos=None, viewScale=None, waitBlanking=True, winType='pyglet')
2.4284 	EXP 	window1: mouseVisible = True
2.4284 	EXP 	window1: recordFrameIntervals = False
2.5926 	EXP 	window1: recordFrameIntervals = True
2.7768 	EXP 	window1: recordFrameIntervals = False
2.8572 	EXP 	Created Intro_1 = TextStim(__class__=<class 'psychopy.visual.text.TextStim'>, alignHoriz=method-wrapper(...), alignText='center', alignVert=method-wrapper(...), anchorHoriz='center', anchorVert='center', antialias=True, autoLog=True, bold=False, color='white', colorSpace='named', contrast=1.0, depth=0.0, flipHoriz=False, flipVert=False, font='Arial', fontFiles=[], height=0.03, italic=False, languageStyle='LTR', name='Intro_1', opacity=1.0, ori=0, pos=array([0., 0.]), rgb=array([255., 255., 255.]), text=str(...), units='height', win=Window(...), wrapWidth=1)
2.8597 	EXP 	Created fixImg = ImageStim(__class__=<class 'psychopy.visual.image.ImageStim'>, autoLog=True, color=array([1., 1., 1.]), colorSpace='rgb', contrast=1.0, depth=0.0, flipHoriz=False, flipVert=False, image='sin', interpolate=True, mask=None, maskParams=None, name='fixImg', opacity=1.0, ori=0.0, pos=array([0., 0.]), size=array([1.8, 1. ]), texRes=128, units='height', win=Window(...))
2.8620 	EXP 	Created text_4 = TextStim(__class__=<class 'psychopy.visual.text.TextStim'>, alignHoriz=method-wrapper(...), alignText='center', alignVert=method-wrapper(...), anchorHoriz='center', anchorVert='center', antialias=True, autoLog=True, bold=False, color='red', colorSpace='named', contrast=1.0, depth=-1.0, flipHoriz=False, flipVert=False, font='Arial', fontFiles=[], height=0.03, italic=False, languageStyle='LTR', name='text_4', opacity=1.0, ori=0, pos=array([ 0. , -0.4]), rgb=array([255.,   0.,   0.]), text='Please wait, you are expriencing the delay!', units='height', win=Window(...), wrapWidth=1)
2.8632 	EXP 	Created delayImg = ImageStim(__class__=<class 'psychopy.visual.image.ImageStim'>, autoLog=True, color=array([1., 1., 1.]), colorSpace='rgb', contrast=1.0, depth=0.0, flipHoriz=False, flipVert=False, image='sin', interpolate=True, mask=None, maskParams=None, name='delayImg', opacity=1.0, ori=0.0, pos=array([0., 0.]), size=array([1.8, 1. ]), texRes=128, units='height', win=Window(...))
2.8652 	EXP 	Created text_3 = TextStim(__class__=<class 'psychopy.visual.text.TextStim'>, alignHoriz=method-wrapper(...), alignText='center', alignVert=method-wrapper(...), anchorHoriz='center', anchorVert='center', antialias=True, autoLog=True, bold=False, color='red', colorSpace='named', contrast=1.0, depth=-1.0, flipHoriz=False, flipVert=False, font='Arial', fontFiles=[], height=0.03, italic=False, languageStyle='LTR', name='text_3', opacity=1.0, ori=0, pos=array([ 0. , -0.4]), rgb=array([255.,   0.,   0.]), text='Please wait, you are expriencing the delay!', units='height', win=Window(...), wrapWidth=1)
2.8683 	EXP 	Created text_2 = TextStim(__class__=<class 'psychopy.visual.text.TextStim'>, alignHoriz=method-wrapper(...), alignText='center', alignVert=method-wrapper(...), anchorHoriz='center', anchorVert='center', antialias=True, autoLog=True, bold=False, color='white', colorSpace='named', contrast=1.0, depth=0.0, flipHoriz=False, flipVert=False, font='Arial', fontFiles=[], height=0.03, italic=False, languageStyle='LTR', name='text_2', opacity=1.0, ori=0, pos=array([0., 0.]), rgb=array([255., 255., 255.]), text=str(...), units='height', win=Window(...), wrapWidth=1)
2.8693 	EXP 	Created choiceImg = ImageStim(__class__=<class 'psychopy.visual.image.ImageStim'>, autoLog=True, color=array([1., 1., 1.]), colorSpace='rgb', contrast=1.0, depth=0.0, flipHoriz=False, flipVert=False, image='sin', interpolate=True, mask=None, maskParams=None, name='choiceImg', opacity=1.0, ori=0.0, pos=array([0., 0.]), size=array([1.8, 1. ]), texRes=128, units='height', win=Window(...))
2.8769 	EXP 	Created choiceWarning = TextStim(__class__=<class 'psychopy.visual.text.TextStim'>, alignHoriz=method-wrapper(...), alignText='center', alignVert=method-wrapper(...), anchorHoriz='center', anchorVert='center', antialias=True, autoLog=True, bold=False, color='red', colorSpace='named', contrast=1.0, depth=-2.0, flipHoriz=False, flipVert=False, font='Arial', fontFiles=[], height=0.05, italic=False, languageStyle='LTR', name='choiceWarning', opacity=1.0, ori=0, pos=array([ 0. , -0.3]), rgb=array([255.,   0.,   0.]), text='default text', units='height', win=Window(...), wrapWidth=1)
2.8801 	EXP 	Created text_5 = TextStim(__class__=<class 'psychopy.visual.text.TextStim'>, alignHoriz=method-wrapper(...), alignText='center', alignVert=method-wrapper(...), anchorHoriz='center', anchorVert='center', antialias=True, autoLog=True, bold=False, color='red', colorSpace='named', contrast=1.0, depth=-4.0, flipHoriz=False, flipVert=False, font='Arial', fontFiles=[], height=0.03, italic=False, languageStyle='LTR', name='text_5', opacity=1.0, ori=0, pos=array([ 0.  , -0.35]), rgb=array([255.,   0.,   0.]), text=str(...), units='height', win=Window(...), wrapWidth=1)
2.8812 	EXP 	Created leftImg = ImageStim(__class__=<class 'psychopy.visual.image.ImageStim'>, autoLog=True, color=array([1., 1., 1.]), colorSpace='rgb', contrast=1.0, depth=0.0, flipHoriz=False, flipVert=False, image='sin', interpolate=True, mask=None, maskParams=None, name='leftImg', opacity=1.0, ori=0.0, pos=array([0., 0.]), size=array([1.8, 1. ]), texRes=128, units='height', win=Window(...))
2.8822 	EXP 	Created rewardImgLeft = ImageStim(__class__=<class 'psychopy.visual.image.ImageStim'>, autoLog=True, color=array([1., 1., 1.]), colorSpace='rgb', contrast=1.0, depth=0.0, flipHoriz=False, flipVert=False, image='sin', interpolate=True, mask=None, maskParams=None, name='rewardImgLeft', opacity=1.0, ori=0.0, pos=array([0., 0.]), size=array([1.8, 1. ]), texRes=128, units='height', win=Window(...))
2.8893 	EXP 	Created rewardText = TextStim(__class__=<class 'psychopy.visual.text.TextStim'>, alignHoriz=method-wrapper(...), alignText='center', alignVert=method-wrapper(...), anchorHoriz='center', anchorVert='center', antialias=True, autoLog=True, bold=False, color='red', colorSpace='named', contrast=1.0, depth=-1.0, flipHoriz=False, flipVert=False, font='Arial', fontFiles=[], height=0.1, italic=False, languageStyle='LTR', name='rewardText', opacity=1.0, ori=0, pos=array([0., 0.]), rgb=array([255.,   0.,   0.]), text='default text', units='height', win=Window(...), wrapWidth=1)
2.8903 	EXP 	Created rightImg = ImageStim(__class__=<class 'psychopy.visual.image.ImageStim'>, autoLog=True, color=array([1., 1., 1.]), colorSpace='rgb', contrast=1.0, depth=0.0, flipHoriz=False, flipVert=False, image='sin', interpolate=True, mask=None, maskParams=None, name='rightImg', opacity=1.0, ori=0.0, pos=array([0., 0.]), size=array([1.8, 1. ]), texRes=128, units='height', win=Window(...))
2.8914 	EXP 	Created rewardImgRight = ImageStim(__class__=<class 'psychopy.visual.image.ImageStim'>, autoLog=True, color=array([1., 1., 1.]), colorSpace='rgb', contrast=1.0, depth=0.0, flipHoriz=False, flipVert=False, image='sin', interpolate=True, mask=None, maskParams=None, name='rewardImgRight', opacity=1.0, ori=0.0, pos=array([0., 0.]), size=array([1.8, 1. ]), texRes=128, units='height', win=Window(...))
2.8928 	EXP 	Created rightText = TextStim(__class__=<class 'psychopy.visual.text.TextStim'>, alignHoriz=method-wrapper(...), alignText='center', alignVert=method-wrapper(...), anchorHoriz='center', anchorVert='center', antialias=True, autoLog=True, bold=False, color='red', colorSpace='named', contrast=1.0, depth=-1.0, flipHoriz=False, flipVert=False, font='Arial', fontFiles=[], height=0.1, italic=False, languageStyle='LTR', name='rightText', opacity=1.0, ori=0, pos=array([0., 0.]), rgb=array([255.,   0.,   0.]), text='default text', units='height', win=Window(...), wrapWidth=1)
2.8967 	EXP 	Created block4 = ImageStim(__class__=<class 'psychopy.visual.image.ImageStim'>, autoLog=True, color=array([1., 1., 1.]), colorSpace='rgb', contrast=1.0, depth=0.0, flipHoriz=False, flipVert=False, image='img/coffee.jpeg', interpolate=True, mask=None, maskParams=None, name='block4', opacity=1.0, ori=0.0, pos=array([ 0.5, -0.2]), size=array([0.35, 0.35]), texRes=128, units='height', win=Window(...))
2.8988 	EXP 	Created block3 = ImageStim(__class__=<class 'psychopy.visual.image.ImageStim'>, autoLog=True, color=array([1., 1., 1.]), colorSpace='rgb', contrast=1.0, depth=-1.0, flipHoriz=False, flipVert=False, image='img/cake.jpeg', interpolate=True, mask=None, maskParams=None, name='block3', opacity=1.0, ori=0.0, pos=array([0.5, 0.2]), size=array([0.35, 0.35]), texRes=128, units='height', win=Window(...))
2.9007 	EXP 	Created block2 = ImageStim(__class__=<class 'psychopy.visual.image.ImageStim'>, autoLog=True, color=array([1., 1., 1.]), colorSpace='rgb', contrast=1.0, depth=-2.0, flipHoriz=False, flipVert=False, image='img/gummi.jpeg', interpolate=True, mask=None, maskParams=None, name='block2', opacity=1.0, ori=0.0, pos=array([-0.5, -0.2]), size=array([0.35, 0.35]), texRes=128, units='height', win=Window(...))
2.9167 	EXP 	Created block1 = ImageStim(__class__=<class 'psychopy.visual.image.ImageStim'>, autoLog=True, color=array([1., 1., 1.]), colorSpace='rgb', contrast=1.0, depth=-3.0, flipHoriz=False, flipVert=False, image='img/tea.jpeg', interpolate=True, mask=None, maskParams=None, name='block1', opacity=1.0, ori=0.0, pos=array([-0.5,  0.2]), size=array([0.35, 0.35]), texRes=128, units='height', win=Window(...))
2.9564 	EXP 	Created repeatText = TextStim(__class__=<class 'psychopy.visual.text.TextStim'>, alignHoriz=method-wrapper(...), alignText='center', alignVert=method-wrapper(...), anchorHoriz='center', anchorVert='center', antialias=True, autoLog=True, bold=False, color='white', colorSpace='named', contrast=1.0, depth=-4.0, flipHoriz=False, flipVert=False, font='Arial', fontFiles=[], height=0.05, italic=False, languageStyle='LTR', name='repeatText', opacity=1.0, ori=0, pos=array([0., 0.]), rgb=array([255., 255., 255.]), text='default text', units='height', win=Window(...), wrapWidth=1)
2.9727 	EXP 	Created text = TextStim(__class__=<class 'psychopy.visual.text.TextStim'>, alignHoriz=method-wrapper(...), alignText='center', alignVert=method-wrapper(...), anchorHoriz='center', anchorVert='center', antialias=True, autoLog=True, bold=False, color='white', colorSpace='named', contrast=1.0, depth=0.0, flipHoriz=False, flipVert=False, font='Arial', fontFiles=[], height=0.03, italic=False, languageStyle='LTR', name='text', opacity=1.0, ori=0, pos=array([0., 0.]), rgb=array([255., 255., 255.]), text=str(...), units='height', win=Window(...), wrapWidth=1)
2.9782 	EXP 	Created endText = TextStim(__class__=<class 'psychopy.visual.text.TextStim'>, alignHoriz=method-wrapper(...), alignText='center', alignVert=method-wrapper(...), anchorHoriz='center', anchorVert='center', antialias=True, autoLog=True, bold=False, color='white', colorSpace='named', contrast=1.0, depth=0.0, flipHoriz=False, flipVert=False, font='Arial', fontFiles=[], height=0.05, italic=False, languageStyle='LTR', name='endText', opacity=1.0, ori=0, pos=array([0., 0.]), rgb=array([255., 255., 255.]), text=str(...), units='height', win=Window(...), wrapWidth=1)
2.9872 	EXP 	Intro_1: autoDraw = True
3.5359 	DATA 	Keypress: space
3.5461 	EXP 	Created sequence: sequential, trialTypes=1, nReps=200, seed=None
3.5491 	EXP 	New trial (rep=0, index=0): None
3.5501 	EXP 	Created sequence: random, trialTypes=1, nReps=1, seed=None
3.5507 	EXP 	New trial (rep=0, index=0): None
3.6161 	EXP 	Intro_1: autoDraw = False
3.6161 	EXP 	fixImg: image = 'img/even_4_square.png'
3.6161 	EXP 	fixImg: autoDraw = True
3.6161 	EXP 	text_4: autoDraw = True
4.6129 	EXP 	Created sequence: sequential, trialTypes=1, nReps=1, seed=None
4.6136 	EXP 	New trial (rep=0, index=0): None
4.6754 	EXP 	fixImg: autoDraw = False
4.6754 	EXP 	text_4: autoDraw = False
4.6754 	EXP 	fixImg: autoDraw = False
4.6754 	EXP 	text_4: autoDraw = False
4.6754 	EXP 	delayImg: image = 'img/even_8_square_4.png'
4.6754 	EXP 	delayImg: autoDraw = True
4.6754 	EXP 	text_3: autoDraw = True
7.6627 	EXP 	Created sequence: sequential, trialTypes=1, nReps=1, seed=None
7.6635 	EXP 	New trial (rep=0, index=0): None
7.6774 	EXP 	delayImg: autoDraw = False
7.6774 	EXP 	text_3: autoDraw = False
7.6774 	EXP 	delayImg: autoDraw = False
7.6774 	EXP 	text_3: autoDraw = False
7.6774 	EXP 	text_2: autoDraw = True
8.4699 	DATA 	Keypress: space
8.5483 	EXP 	text_2: autoDraw = False
8.5483 	EXP 	choiceImg: image = 'img/even_choice_4.png'
8.5483 	EXP 	choiceWarning: text = '32  for 67%              16  for 100%'
8.5483 	EXP 	choiceImg: autoDraw = True
8.5483 	EXP 	choiceWarning: autoDraw = True
8.5483 	EXP 	text_5: autoDraw = True
10.4371 	DATA 	Keypress: 2
10.4516 	EXP 	Created sequence: random, trialTypes=1, nReps=0, seed=None
10.4525 	EXP 	Created sequence: random, trialTypes=1, nReps=1, seed=None
10.4530 	EXP 	New trial (rep=0, index=0): None
10.5133 	EXP 	choiceImg: autoDraw = False
10.5133 	EXP 	choiceWarning: autoDraw = False
10.5133 	EXP 	text_5: autoDraw = False
10.5133 	EXP 	rightImg: image = 'img/even_4_circle.png'
10.5133 	EXP 	rightImg: autoDraw = True
11.5810 	EXP 	rightImg: autoDraw = False
11.5810 	EXP 	rightImg: autoDraw = False
11.5810 	EXP 	rewardImgRight: opacity = 1.0
11.5810 	EXP 	rewardImgRight: image = 'img/4m&m.png'
11.5810 	EXP 	rightText: text = 'You got it!'
11.5810 	EXP 	rewardImgRight: autoDraw = True
11.5810 	EXP 	rightText: autoDraw = True
12.5431 	EXP 	rewardImgRight: autoDraw = False
12.5431 	EXP 	rightText: autoDraw = False
12.5431 	EXP 	block4: opacity = 0.0
12.5431 	EXP 	block3: opacity = 0.0
12.5431 	EXP 	block2: opacity = 0.0
12.5431 	EXP 	block1: opacity = 0.0
12.5431 	EXP 	repeatText: text = 'total gain:16. You are in level:0.               press space to continue'
12.5431 	EXP 	block4: autoDraw = True
12.5431 	EXP 	block3: autoDraw = True
12.5431 	EXP 	block2: autoDraw = True
12.5431 	EXP 	block1: autoDraw = True
12.5431 	EXP 	repeatText: autoDraw = True
14.4304 	DATA 	Keypress: space
14.4451 	EXP 	Created sequence: random, trialTypes=1, nReps=0, seed=None
14.4481 	EXP 	New trial (rep=1, index=0): None
14.4490 	EXP 	Created sequence: random, trialTypes=1, nReps=0, seed=None
14.4497 	EXP 	Created sequence: sequential, trialTypes=1, nReps=0, seed=None
14.4504 	EXP 	Created sequence: sequential, trialTypes=1, nReps=0, seed=None
14.5034 	EXP 	block4: autoDraw = False
14.5034 	EXP 	block3: autoDraw = False
14.5034 	EXP 	block2: autoDraw = False
14.5034 	EXP 	block1: autoDraw = False
14.5034 	EXP 	repeatText: autoDraw = False
14.5034 	EXP 	choiceImg: image = 'img/odd_choice_4.png'
14.5034 	EXP 	choiceWarning: text = '14  for 100%              32  for 67%'
14.5034 	EXP 	choiceImg: autoDraw = True
14.5034 	EXP 	choiceWarning: autoDraw = True
14.5034 	EXP 	text_5: autoDraw = True
15.9642 	DATA 	Keypress: 1
15.9689 	EXP 	Created sequence: random, trialTypes=1, nReps=1, seed=None
15.9696 	EXP 	New trial (rep=0, index=0): None
16.0293 	EXP 	choiceImg: autoDraw = False
16.0293 	EXP 	choiceWarning: autoDraw = False
16.0293 	EXP 	text_5: autoDraw = False
16.0293 	EXP 	leftImg: image = 'img/odd_4_circle.png'
16.0293 	EXP 	leftImg: autoDraw = True
17.1004 	EXP 	leftImg: autoDraw = False
17.1004 	EXP 	leftImg: autoDraw = False
17.1004 	EXP 	rewardImgLeft: opacity = 1.0
17.1004 	EXP 	rewardImgLeft: image = 'img/4m&m.png'
17.1004 	EXP 	rewardText: text = 'You got it!'
17.1004 	EXP 	rewardImgLeft: autoDraw = True
17.1004 	EXP 	rewardText: autoDraw = True
18.0158 	EXP 	Created sequence: random, trialTypes=1, nReps=0, seed=None
18.0417 	EXP 	rewardImgLeft: autoDraw = False
18.0417 	EXP 	rewardText: autoDraw = False
18.0417 	EXP 	block4: opacity = 0.0
18.0417 	EXP 	block3: opacity = 0.0
18.0417 	EXP 	block2: opacity = 0.0
18.0417 	EXP 	block1: opacity = 0.0
18.0417 	EXP 	repeatText: text = 'total gain:30. You are in level:0.               press space to continue'
18.0417 	EXP 	block4: autoDraw = True
18.0417 	EXP 	block3: autoDraw = True
18.0417 	EXP 	block2: autoDraw = True
18.0417 	EXP 	block1: autoDraw = True
18.0417 	EXP 	repeatText: autoDraw = True
18.6317 	DATA 	Keypress: space
18.6451 	EXP 	Created sequence: random, trialTypes=1, nReps=0, seed=None
18.6480 	EXP 	New trial (rep=2, index=0): None
18.6489 	EXP 	Created sequence: random, trialTypes=1, nReps=0, seed=None
18.6496 	EXP 	Created sequence: sequential, trialTypes=1, nReps=0, seed=None
18.6503 	EXP 	Created sequence: sequential, trialTypes=1, nReps=0, seed=None
18.7049 	EXP 	block4: autoDraw = False
18.7049 	EXP 	block3: autoDraw = False
18.7049 	EXP 	block2: autoDraw = False
18.7049 	EXP 	block1: autoDraw = False
18.7049 	EXP 	repeatText: autoDraw = False
18.7049 	EXP 	choiceImg: image = 'img/even_choice_3.png'
18.7049 	EXP 	choiceWarning: text = '32  for 67%              12  for 100%'
18.7049 	EXP 	choiceImg: autoDraw = True
18.7049 	EXP 	choiceWarning: autoDraw = True
18.7049 	EXP 	text_5: autoDraw = True
20.1565 	DATA 	Keypress: 1
20.1701 	EXP 	Created sequence: random, trialTypes=1, nReps=1, seed=None
20.1708 	EXP 	New trial (rep=0, index=0): None
20.2320 	EXP 	choiceImg: autoDraw = False
20.2320 	EXP 	choiceWarning: autoDraw = False
20.2320 	EXP 	text_5: autoDraw = False
20.2320 	EXP 	leftImg: image = 'img/even_8_circle_3.png'
20.2320 	EXP 	leftImg: autoDraw = True
23.3029 	EXP 	leftImg: autoDraw = False
23.3029 	EXP 	leftImg: autoDraw = False
23.3029 	EXP 	rewardImgLeft: opacity = 1.0
23.3029 	EXP 	rewardImgLeft: image = 'img/8m&m.png'
23.3029 	EXP 	rewardText: text = 'You got it!'
23.3029 	EXP 	rewardImgLeft: autoDraw = True
23.3029 	EXP 	rewardText: autoDraw = True
24.0911 	DATA 	Keypress: space
24.2330 	EXP 	Created sequence: random, trialTypes=1, nReps=0, seed=None
24.2574 	EXP 	rewardImgLeft: autoDraw = False
24.2574 	EXP 	rewardText: autoDraw = False
24.2574 	EXP 	block4: opacity = 0.0
24.2574 	EXP 	block3: opacity = 0.0
24.2574 	EXP 	block2: opacity = 0.0
24.2574 	EXP 	block1: opacity = 0.0
24.2574 	EXP 	repeatText: text = 'total gain:62. You are in level:0.               press space to continue'
24.2574 	EXP 	block4: autoDraw = True
24.2574 	EXP 	block3: autoDraw = True
24.2574 	EXP 	block2: autoDraw = True
24.2574 	EXP 	block1: autoDraw = True
24.2574 	EXP 	repeatText: autoDraw = True
24.8664 	DATA 	Keypress: space
24.8797 	EXP 	Created sequence: random, trialTypes=1, nReps=0, seed=None
24.8826 	EXP 	New trial (rep=3, index=0): None
24.8836 	EXP 	Created sequence: random, trialTypes=1, nReps=0, seed=None
24.8843 	EXP 	Created sequence: sequential, trialTypes=1, nReps=0, seed=None
24.8849 	EXP 	Created sequence: sequential, trialTypes=1, nReps=0, seed=None
24.9362 	EXP 	block4: autoDraw = False
24.9362 	EXP 	block3: autoDraw = False
24.9362 	EXP 	block2: autoDraw = False
24.9362 	EXP 	block1: autoDraw = False
24.9362 	EXP 	repeatText: autoDraw = False
24.9362 	EXP 	choiceImg: image = 'img/odd_choice_4.png'
24.9362 	EXP 	choiceWarning: text = '14  for 100%              32  for 67%'
24.9362 	EXP 	choiceImg: autoDraw = True
24.9362 	EXP 	choiceWarning: autoDraw = True
24.9362 	EXP 	text_5: autoDraw = True
26.2672 	DATA 	Keypress: 1
26.2719 	EXP 	Created sequence: random, trialTypes=1, nReps=1, seed=None
26.2725 	EXP 	New trial (rep=0, index=0): None
26.3300 	EXP 	choiceImg: autoDraw = False
26.3300 	EXP 	choiceWarning: autoDraw = False
26.3300 	EXP 	text_5: autoDraw = False
26.3300 	EXP 	leftImg: image = 'img/odd_4_circle.png'
26.3300 	EXP 	leftImg: autoDraw = True
27.4010 	EXP 	leftImg: autoDraw = False
27.4010 	EXP 	leftImg: autoDraw = False
27.4010 	EXP 	rewardImgLeft: opacity = 1.0
27.4010 	EXP 	rewardImgLeft: image = 'img/4m&m.png'
27.4010 	EXP 	rewardText: text = 'You got it!'
27.4010 	EXP 	rewardImgLeft: autoDraw = True
27.4010 	EXP 	rewardText: autoDraw = True
28.3343 	EXP 	Created sequence: random, trialTypes=1, nReps=0, seed=None
28.3525 	EXP 	rewardImgLeft: autoDraw = False
28.3525 	EXP 	rewardText: autoDraw = False
28.3525 	EXP 	block4: opacity = 0.0
28.3525 	EXP 	block3: opacity = 0.0
28.3525 	EXP 	block2: opacity = 0.0
28.3525 	EXP 	block1: opacity = 0.0
28.3525 	EXP 	repeatText: text = 'total gain:0. You are in level:0.               press space to continue'
28.3525 	EXP 	block4: autoDraw = True
28.3525 	EXP 	block3: autoDraw = True
28.3525 	EXP 	block2: autoDraw = True
28.3525 	EXP 	block1: autoDraw = True
28.3525 	EXP 	repeatText: autoDraw = True
29.9848 	DATA 	Keypress: space
29.9979 	EXP 	Created sequence: random, trialTypes=1, nReps=1, seed=None
29.9985 	EXP 	New trial (rep=0, index=0): None
30.0092 	EXP 	block4: autoDraw = False
30.0092 	EXP 	block3: autoDraw = False
30.0092 	EXP 	block2: autoDraw = False
30.0092 	EXP 	block1: autoDraw = False
30.0092 	EXP 	repeatText: autoDraw = False
30.0092 	EXP 	text: autoDraw = True
46.1885 	DATA 	Keypress: space
46.1943 	EXP 	New trial (rep=4, index=0): None
46.1955 	EXP 	Created sequence: random, trialTypes=1, nReps=1, seed=None
46.1961 	EXP 	New trial (rep=0, index=0): None
46.2588 	EXP 	text: autoDraw = False
46.2588 	EXP 	fixImg: image = 'img/even_4_square.png'
46.2588 	EXP 	fixImg: autoDraw = True
46.2588 	EXP 	text_4: autoDraw = True
47.2580 	EXP 	Created sequence: sequential, trialTypes=1, nReps=1, seed=None
47.2587 	EXP 	New trial (rep=0, index=0): None
47.3213 	EXP 	fixImg: autoDraw = False
47.3213 	EXP 	text_4: autoDraw = False
47.3213 	EXP 	fixImg: autoDraw = False
47.3213 	EXP 	text_4: autoDraw = False
47.3213 	EXP 	delayImg: image = 'img/even_8_square_4.png'
47.3213 	EXP 	delayImg: autoDraw = True
47.3213 	EXP 	text_3: autoDraw = True
48.3067 	EXP 	Created sequence: sequential, trialTypes=1, nReps=1, seed=None
48.3074 	EXP 	New trial (rep=0, index=0): None
48.3223 	EXP 	delayImg: autoDraw = False
48.3223 	EXP 	text_3: autoDraw = False
48.3223 	EXP 	delayImg: autoDraw = False
48.3223 	EXP 	text_3: autoDraw = False
48.3223 	EXP 	text_2: autoDraw = True
50.0313 	DATA 	Keypress: space
50.1075 	EXP 	text_2: autoDraw = False
50.1075 	EXP 	choiceImg: image = 'img/even_choice_4.png'
50.1075 	EXP 	choiceWarning: text = '32  for 67%              16  for 100%'
50.1075 	EXP 	choiceImg: autoDraw = True
50.1075 	EXP 	choiceWarning: autoDraw = True
50.1075 	EXP 	text_5: autoDraw = True
52.9244 	DATA 	Keypress: escape
52.9501 	EXP 	window1: mouseVisible = True
