0.3764 	WARNING 	We strongly recommend you activate the PTB sound engine in PsychoPy prefs as the preferred audio engine. Its timing is vastly superior. Your prefs are currently set to use ['sounddevice', 'PTB', 'pyo', 'pygame'] (in that order).
0.9800 	WARNING 	Import Error: No module named 'psychtoolbox'. Using event module for keyboard component.
1.7765 	WARNING 	User requested fullscreen with size [1536  864], but screen is actually [1920, 1080]. Using actual size
2.3258 	EXP 	Created window1 = Window(allowGUI=False, allowStencil=False, args=UNKNOWN, autoLog=True, bitsMode=UNKNOWN, blendMode='avg', bpc=(8, 8, 8), color=array([0., 0., 0.]), colorSpace='rgb', depthBits=8, fullscr=<method-wrapper '__getattribute__' of attributeSetter object at 0x7fe0dd48e700>, gamma=None, gammaErrorPolicy='raise', kwargs=UNKNOWN, lms=UNKNOWN, monitor=<psychopy.monitors.calibTools.Monitor object at 0x7fe0d634f520>, multiSample=False, name='window1', numSamples=2, pos=[0.0, 0.0], screen=0, size=array([1920, 1080]), stencilBits=0, stereo=False, units='height', useFBO=True, useRetina=False, viewOri=0.0, viewPos=None, viewScale=None, waitBlanking=True, winType='pyglet')
2.3259 	EXP 	window1: mouseVisible = True
2.3260 	EXP 	window1: recordFrameIntervals = False
2.4918 	EXP 	window1: recordFrameIntervals = True
2.7092 	EXP 	window1: recordFrameIntervals = False
2.8155 	EXP 	Created Intro_1 = TextStim(__class__=<class 'psychopy.visual.text.TextStim'>, alignHoriz=method-wrapper(...), alignText='center', alignVert=method-wrapper(...), anchorHoriz='center', anchorVert='center', antialias=True, autoLog=True, bold=False, color='white', colorSpace='named', contrast=1.0, depth=0.0, flipHoriz=False, flipVert=False, font='Arial', fontFiles=[], height=0.03, italic=False, languageStyle='LTR', name='Intro_1', opacity=1.0, ori=0, pos=array([0., 0.]), rgb=array([255., 255., 255.]), text=str(...), units='height', win=Window(...), wrapWidth=1)
2.8180 	EXP 	Created fixImg = ImageStim(__class__=<class 'psychopy.visual.image.ImageStim'>, autoLog=True, color=array([1., 1., 1.]), colorSpace='rgb', contrast=1.0, depth=0.0, flipHoriz=False, flipVert=False, image='sin', interpolate=True, mask=None, maskParams=None, name='fixImg', opacity=1.0, ori=0.0, pos=array([0., 0.]), size=array([1.8, 1. ]), texRes=128, units='height', win=Window(...))
2.8202 	EXP 	Created text_4 = TextStim(__class__=<class 'psychopy.visual.text.TextStim'>, alignHoriz=method-wrapper(...), alignText='center', alignVert=method-wrapper(...), anchorHoriz='center', anchorVert='center', antialias=True, autoLog=True, bold=False, color='red', colorSpace='named', contrast=1.0, depth=-1.0, flipHoriz=False, flipVert=False, font='Arial', fontFiles=[], height=0.03, italic=False, languageStyle='LTR', name='text_4', opacity=1.0, ori=0, pos=array([ 0. , -0.4]), rgb=array([255.,   0.,   0.]), text='Please wait, you are expriencing the delay!', units='height', win=Window(...), wrapWidth=1)
2.8213 	EXP 	Created delayImg = ImageStim(__class__=<class 'psychopy.visual.image.ImageStim'>, autoLog=True, color=array([1., 1., 1.]), colorSpace='rgb', contrast=1.0, depth=0.0, flipHoriz=False, flipVert=False, image='sin', interpolate=True, mask=None, maskParams=None, name='delayImg', opacity=1.0, ori=0.0, pos=array([0., 0.]), size=array([1.8, 1. ]), texRes=128, units='height', win=Window(...))
2.8231 	EXP 	Created text_3 = TextStim(__class__=<class 'psychopy.visual.text.TextStim'>, alignHoriz=method-wrapper(...), alignText='center', alignVert=method-wrapper(...), anchorHoriz='center', anchorVert='center', antialias=True, autoLog=True, bold=False, color='red', colorSpace='named', contrast=1.0, depth=-1.0, flipHoriz=False, flipVert=False, font='Arial', fontFiles=[], height=0.03, italic=False, languageStyle='LTR', name='text_3', opacity=1.0, ori=0, pos=array([ 0. , -0.4]), rgb=array([255.,   0.,   0.]), text='Please wait, you are expriencing the delay!', units='height', win=Window(...), wrapWidth=1)
2.8262 	EXP 	Created text_2 = TextStim(__class__=<class 'psychopy.visual.text.TextStim'>, alignHoriz=method-wrapper(...), alignText='center', alignVert=method-wrapper(...), anchorHoriz='center', anchorVert='center', antialias=True, autoLog=True, bold=False, color='white', colorSpace='named', contrast=1.0, depth=0.0, flipHoriz=False, flipVert=False, font='Arial', fontFiles=[], height=0.03, italic=False, languageStyle='LTR', name='text_2', opacity=1.0, ori=0, pos=array([0., 0.]), rgb=array([255., 255., 255.]), text=str(...), units='height', win=Window(...), wrapWidth=1)
2.8272 	EXP 	Created choiceImg = ImageStim(__class__=<class 'psychopy.visual.image.ImageStim'>, autoLog=True, color=array([1., 1., 1.]), colorSpace='rgb', contrast=1.0, depth=0.0, flipHoriz=False, flipVert=False, image='sin', interpolate=True, mask=None, maskParams=None, name='choiceImg', opacity=1.0, ori=0.0, pos=array([0., 0.]), size=array([1.8, 1. ]), texRes=128, units='height', win=Window(...))
2.8347 	EXP 	Created choiceWarning = TextStim(__class__=<class 'psychopy.visual.text.TextStim'>, alignHoriz=method-wrapper(...), alignText='center', alignVert=method-wrapper(...), anchorHoriz='center', anchorVert='center', antialias=True, autoLog=True, bold=False, color='red', colorSpace='named', contrast=1.0, depth=-2.0, flipHoriz=False, flipVert=False, font='Arial', fontFiles=[], height=0.05, italic=False, languageStyle='LTR', name='choiceWarning', opacity=1.0, ori=0, pos=array([ 0. , -0.3]), rgb=array([255.,   0.,   0.]), text='default text', units='height', win=Window(...), wrapWidth=1)
2.8375 	EXP 	Created text_5 = TextStim(__class__=<class 'psychopy.visual.text.TextStim'>, alignHoriz=method-wrapper(...), alignText='center', alignVert=method-wrapper(...), anchorHoriz='center', anchorVert='center', antialias=True, autoLog=True, bold=False, color='red', colorSpace='named', contrast=1.0, depth=-4.0, flipHoriz=False, flipVert=False, font='Arial', fontFiles=[], height=0.03, italic=False, languageStyle='LTR', name='text_5', opacity=1.0, ori=0, pos=array([ 0.  , -0.35]), rgb=array([255.,   0.,   0.]), text=str(...), units='height', win=Window(...), wrapWidth=1)
2.8386 	EXP 	Created leftImg = ImageStim(__class__=<class 'psychopy.visual.image.ImageStim'>, autoLog=True, color=array([1., 1., 1.]), colorSpace='rgb', contrast=1.0, depth=0.0, flipHoriz=False, flipVert=False, image='sin', interpolate=True, mask=None, maskParams=None, name='leftImg', opacity=1.0, ori=0.0, pos=array([0., 0.]), size=array([1.8, 1. ]), texRes=128, units='height', win=Window(...))
2.8396 	EXP 	Created rewardImgLeft = ImageStim(__class__=<class 'psychopy.visual.image.ImageStim'>, autoLog=True, color=array([1., 1., 1.]), colorSpace='rgb', contrast=1.0, depth=0.0, flipHoriz=False, flipVert=False, image='sin', interpolate=True, mask=None, maskParams=None, name='rewardImgLeft', opacity=1.0, ori=0.0, pos=array([0., 0.]), size=array([1.8, 1. ]), texRes=128, units='height', win=Window(...))
2.8463 	EXP 	Created rewardText = TextStim(__class__=<class 'psychopy.visual.text.TextStim'>, alignHoriz=method-wrapper(...), alignText='center', alignVert=method-wrapper(...), anchorHoriz='center', anchorVert='center', antialias=True, autoLog=True, bold=False, color='red', colorSpace='named', contrast=1.0, depth=-1.0, flipHoriz=False, flipVert=False, font='Arial', fontFiles=[], height=0.1, italic=False, languageStyle='LTR', name='rewardText', opacity=1.0, ori=0, pos=array([0., 0.]), rgb=array([255.,   0.,   0.]), text='default text', units='height', win=Window(...), wrapWidth=1)
2.8474 	EXP 	Created rightImg = ImageStim(__class__=<class 'psychopy.visual.image.ImageStim'>, autoLog=True, color=array([1., 1., 1.]), colorSpace='rgb', contrast=1.0, depth=0.0, flipHoriz=False, flipVert=False, image='sin', interpolate=True, mask=None, maskParams=None, name='rightImg', opacity=1.0, ori=0.0, pos=array([0., 0.]), size=array([1.8, 1. ]), texRes=128, units='height', win=Window(...))
2.8483 	EXP 	Created rewardImgRight = ImageStim(__class__=<class 'psychopy.visual.image.ImageStim'>, autoLog=True, color=array([1., 1., 1.]), colorSpace='rgb', contrast=1.0, depth=0.0, flipHoriz=False, flipVert=False, image='sin', interpolate=True, mask=None, maskParams=None, name='rewardImgRight', opacity=1.0, ori=0.0, pos=array([0., 0.]), size=array([1.8, 1. ]), texRes=128, units='height', win=Window(...))
2.8867 	EXP 	Created rightText = TextStim(__class__=<class 'psychopy.visual.text.TextStim'>, alignHoriz=method-wrapper(...), alignText='center', alignVert=method-wrapper(...), anchorHoriz='center', anchorVert='center', antialias=True, autoLog=True, bold=False, color='red', colorSpace='named', contrast=1.0, depth=-1.0, flipHoriz=False, flipVert=False, font='Arial', fontFiles=[], height=0.1, italic=False, languageStyle='LTR', name='rightText', opacity=1.0, ori=0, pos=array([0., 0.]), rgb=array([255.,   0.,   0.]), text='default text', units='height', win=Window(...), wrapWidth=1)
2.8930 	EXP 	Created block4 = ImageStim(__class__=<class 'psychopy.visual.image.ImageStim'>, autoLog=True, color=array([1., 1., 1.]), colorSpace='rgb', contrast=1.0, depth=0.0, flipHoriz=False, flipVert=False, image='img/coffee.jpeg', interpolate=True, mask=None, maskParams=None, name='block4', opacity=1.0, ori=0.0, pos=array([ 0.5, -0.2]), size=array([0.35, 0.35]), texRes=128, units='height', win=Window(...))
2.8962 	EXP 	Created block3 = ImageStim(__class__=<class 'psychopy.visual.image.ImageStim'>, autoLog=True, color=array([1., 1., 1.]), colorSpace='rgb', contrast=1.0, depth=-1.0, flipHoriz=False, flipVert=False, image='img/cake.jpeg', interpolate=True, mask=None, maskParams=None, name='block3', opacity=1.0, ori=0.0, pos=array([0.5, 0.2]), size=array([0.35, 0.35]), texRes=128, units='height', win=Window(...))
2.8988 	EXP 	Created block2 = ImageStim(__class__=<class 'psychopy.visual.image.ImageStim'>, autoLog=True, color=array([1., 1., 1.]), colorSpace='rgb', contrast=1.0, depth=-2.0, flipHoriz=False, flipVert=False, image='img/gummi.jpeg', interpolate=True, mask=None, maskParams=None, name='block2', opacity=1.0, ori=0.0, pos=array([-0.5, -0.2]), size=array([0.35, 0.35]), texRes=128, units='height', win=Window(...))
2.9173 	EXP 	Created block1 = ImageStim(__class__=<class 'psychopy.visual.image.ImageStim'>, autoLog=True, color=array([1., 1., 1.]), colorSpace='rgb', contrast=1.0, depth=-3.0, flipHoriz=False, flipVert=False, image='img/tea.jpeg', interpolate=True, mask=None, maskParams=None, name='block1', opacity=1.0, ori=0.0, pos=array([-0.5,  0.2]), size=array([0.35, 0.35]), texRes=128, units='height', win=Window(...))
2.9191 	EXP 	Created repeatText = TextStim(__class__=<class 'psychopy.visual.text.TextStim'>, alignHoriz=method-wrapper(...), alignText='center', alignVert=method-wrapper(...), anchorHoriz='center', anchorVert='center', antialias=True, autoLog=True, bold=False, color='white', colorSpace='named', contrast=1.0, depth=-4.0, flipHoriz=False, flipVert=False, font='Arial', fontFiles=[], height=0.05, italic=False, languageStyle='LTR', name='repeatText', opacity=1.0, ori=0, pos=array([0., 0.]), rgb=array([255., 255., 255.]), text='default text', units='height', win=Window(...), wrapWidth=1)
2.9231 	EXP 	Created text = TextStim(__class__=<class 'psychopy.visual.text.TextStim'>, alignHoriz=method-wrapper(...), alignText='center', alignVert=method-wrapper(...), anchorHoriz='center', anchorVert='center', antialias=True, autoLog=True, bold=False, color='white', colorSpace='named', contrast=1.0, depth=0.0, flipHoriz=False, flipVert=False, font='Arial', fontFiles=[], height=0.03, italic=False, languageStyle='LTR', name='text', opacity=1.0, ori=0, pos=array([0., 0.]), rgb=array([255., 255., 255.]), text='default text', units='height', win=Window(...), wrapWidth=1)
2.9289 	EXP 	Created endText = TextStim(__class__=<class 'psychopy.visual.text.TextStim'>, alignHoriz=method-wrapper(...), alignText='center', alignVert=method-wrapper(...), anchorHoriz='center', anchorVert='center', antialias=True, autoLog=True, bold=False, color='white', colorSpace='named', contrast=1.0, depth=0.0, flipHoriz=False, flipVert=False, font='Arial', fontFiles=[], height=0.05, italic=False, languageStyle='LTR', name='endText', opacity=1.0, ori=0, pos=array([0., 0.]), rgb=array([255., 255., 255.]), text=str(...), units='height', win=Window(...), wrapWidth=1)
2.9368 	EXP 	Intro_1: autoDraw = True
3.4856 	DATA 	Keypress: space
3.4950 	EXP 	Created sequence: sequential, trialTypes=1, nReps=200, seed=None
3.4980 	EXP 	New trial (rep=0, index=0): None
3.4989 	EXP 	Created sequence: random, trialTypes=1, nReps=0, seed=None
3.5000 	EXP 	Created sequence: sequential, trialTypes=1, nReps=0, seed=None
3.5007 	EXP 	Created sequence: sequential, trialTypes=1, nReps=0, seed=None
3.5668 	EXP 	Intro_1: autoDraw = False
3.5668 	EXP 	choiceImg: image = 'img/even_choice_4.png'
3.5668 	EXP 	choiceWarning: text = '32  for 67%              16  for 100%'
3.5668 	EXP 	choiceImg: autoDraw = True
3.5668 	EXP 	choiceWarning: autoDraw = True
3.5668 	EXP 	text_5: autoDraw = True
4.0852 	DATA 	Keypress: 2
4.0979 	EXP 	Created sequence: random, trialTypes=1, nReps=0, seed=None
4.0989 	EXP 	Created sequence: random, trialTypes=1, nReps=1, seed=None
4.0994 	EXP 	New trial (rep=0, index=0): None
4.1547 	EXP 	choiceImg: autoDraw = False
4.1547 	EXP 	choiceWarning: autoDraw = False
4.1547 	EXP 	text_5: autoDraw = False
4.1547 	EXP 	rightImg: image = 'img/even_4_circle.png'
4.1547 	EXP 	rightImg: autoDraw = True
5.2262 	EXP 	rightImg: autoDraw = False
5.2262 	EXP 	rightImg: autoDraw = False
5.2262 	EXP 	rewardImgRight: opacity = 1.0
5.2262 	EXP 	rewardImgRight: image = 'img/4m&m.png'
5.2262 	EXP 	rightText: text = 'You got it!'
5.2262 	EXP 	rewardImgRight: autoDraw = True
5.2262 	EXP 	rightText: autoDraw = True
6.1897 	EXP 	rewardImgRight: autoDraw = False
6.1897 	EXP 	rightText: autoDraw = False
6.1897 	EXP 	block4: opacity = 0.0
6.1897 	EXP 	block3: opacity = 0.0
6.1897 	EXP 	block2: opacity = 0.0
6.1897 	EXP 	block1: opacity = 0.0
6.1897 	EXP 	repeatText: text = 'total gain:16 \n You are in level:0\n press space to continue'
6.1897 	EXP 	block4: autoDraw = True
6.1897 	EXP 	block3: autoDraw = True
6.1897 	EXP 	block2: autoDraw = True
6.1897 	EXP 	block1: autoDraw = True
6.1897 	EXP 	repeatText: autoDraw = True
6.7277 	DATA 	Keypress: space
6.7427 	EXP 	Created sequence: random, trialTypes=1, nReps=0, seed=None
6.7457 	EXP 	New trial (rep=1, index=0): None
6.7466 	EXP 	Created sequence: random, trialTypes=1, nReps=0, seed=None
6.7473 	EXP 	Created sequence: sequential, trialTypes=1, nReps=0, seed=None
6.7480 	EXP 	Created sequence: sequential, trialTypes=1, nReps=0, seed=None
6.7985 	EXP 	block4: autoDraw = False
6.7985 	EXP 	block3: autoDraw = False
6.7985 	EXP 	block2: autoDraw = False
6.7985 	EXP 	block1: autoDraw = False
6.7985 	EXP 	repeatText: autoDraw = False
6.7985 	EXP 	choiceImg: image = 'img/odd_choice_4.png'
6.7985 	EXP 	choiceWarning: text = '14  for 100%              32  for 67%'
6.7985 	EXP 	choiceImg: autoDraw = True
6.7985 	EXP 	choiceWarning: autoDraw = True
6.7985 	EXP 	text_5: autoDraw = True
8.7033 	DATA 	Keypress: 1
8.7159 	EXP 	Created sequence: random, trialTypes=1, nReps=1, seed=None
8.7166 	EXP 	New trial (rep=0, index=0): None
8.7747 	EXP 	choiceImg: autoDraw = False
8.7747 	EXP 	choiceWarning: autoDraw = False
8.7747 	EXP 	text_5: autoDraw = False
8.7747 	EXP 	leftImg: image = 'img/odd_4_circle.png'
8.7747 	EXP 	leftImg: autoDraw = True
9.8462 	EXP 	leftImg: autoDraw = False
9.8462 	EXP 	leftImg: autoDraw = False
9.8462 	EXP 	rewardImgLeft: opacity = 1.0
9.8462 	EXP 	rewardImgLeft: image = 'img/4m&m.png'
9.8462 	EXP 	rewardText: text = 'You got it!'
9.8462 	EXP 	rewardImgLeft: autoDraw = True
9.8462 	EXP 	rewardText: autoDraw = True
10.1277 	DATA 	Keypress: space
10.7032 	DATA 	Keypress: space
10.7628 	EXP 	Created sequence: random, trialTypes=1, nReps=0, seed=None
10.7877 	EXP 	rewardImgLeft: autoDraw = False
10.7877 	EXP 	rewardText: autoDraw = False
10.7877 	EXP 	block4: opacity = 0.0
10.7877 	EXP 	block3: opacity = 0.0
10.7877 	EXP 	block2: opacity = 0.0
10.7877 	EXP 	block1: opacity = 0.0
10.7877 	EXP 	repeatText: text = 'total gain:30 \n You are in level:0\n press space to continue'
10.7877 	EXP 	block4: autoDraw = True
10.7877 	EXP 	block3: autoDraw = True
10.7877 	EXP 	block2: autoDraw = True
10.7877 	EXP 	block1: autoDraw = True
10.7877 	EXP 	repeatText: autoDraw = True
11.1708 	DATA 	Keypress: space
11.1922 	EXP 	Created sequence: random, trialTypes=1, nReps=0, seed=None
11.1952 	EXP 	New trial (rep=2, index=0): None
11.1961 	EXP 	Created sequence: random, trialTypes=1, nReps=0, seed=None
11.1968 	EXP 	Created sequence: sequential, trialTypes=1, nReps=0, seed=None
11.1974 	EXP 	Created sequence: sequential, trialTypes=1, nReps=0, seed=None
11.2505 	EXP 	block4: autoDraw = False
11.2505 	EXP 	block3: autoDraw = False
11.2505 	EXP 	block2: autoDraw = False
11.2505 	EXP 	block1: autoDraw = False
11.2505 	EXP 	repeatText: autoDraw = False
11.2505 	EXP 	choiceImg: image = 'img/even_choice_3.png'
11.2505 	EXP 	choiceWarning: text = '32  for 67%              12  for 100%'
11.2505 	EXP 	choiceImg: autoDraw = True
11.2505 	EXP 	choiceWarning: autoDraw = True
11.2505 	EXP 	text_5: autoDraw = True
11.6705 	DATA 	Keypress: 2
11.6829 	EXP 	Created sequence: random, trialTypes=1, nReps=0, seed=None
11.6837 	EXP 	Created sequence: random, trialTypes=1, nReps=1, seed=None
11.6843 	EXP 	New trial (rep=0, index=0): None
11.7370 	EXP 	choiceImg: autoDraw = False
11.7370 	EXP 	choiceWarning: autoDraw = False
11.7370 	EXP 	text_5: autoDraw = False
11.7370 	EXP 	rightImg: image = 'img/even_3_circle.png'
11.7370 	EXP 	rightImg: autoDraw = True
12.8056 	EXP 	rightImg: autoDraw = False
12.8056 	EXP 	rightImg: autoDraw = False
12.8056 	EXP 	rewardImgRight: opacity = 1.0
12.8056 	EXP 	rewardImgRight: image = 'img/3m&m.png'
12.8056 	EXP 	rightText: text = 'You got it!'
12.8056 	EXP 	rewardImgRight: autoDraw = True
12.8056 	EXP 	rightText: autoDraw = True
13.7521 	EXP 	rewardImgRight: autoDraw = False
13.7521 	EXP 	rightText: autoDraw = False
13.7521 	EXP 	block4: opacity = 0.0
13.7521 	EXP 	block3: opacity = 0.0
13.7521 	EXP 	block2: opacity = 0.0
13.7521 	EXP 	block1: opacity = 0.0
13.7521 	EXP 	repeatText: text = 'total gain:42 \n You are in level:0\n press space to continue'
13.7521 	EXP 	block4: autoDraw = True
13.7521 	EXP 	block3: autoDraw = True
13.7521 	EXP 	block2: autoDraw = True
13.7521 	EXP 	block1: autoDraw = True
13.7521 	EXP 	repeatText: autoDraw = True
14.2377 	DATA 	Keypress: space
14.2586 	EXP 	Created sequence: random, trialTypes=1, nReps=0, seed=None
14.2615 	EXP 	New trial (rep=3, index=0): None
14.2624 	EXP 	Created sequence: random, trialTypes=1, nReps=0, seed=None
14.2631 	EXP 	Created sequence: sequential, trialTypes=1, nReps=0, seed=None
14.2638 	EXP 	Created sequence: sequential, trialTypes=1, nReps=0, seed=None
14.3169 	EXP 	block4: autoDraw = False
14.3169 	EXP 	block3: autoDraw = False
14.3169 	EXP 	block2: autoDraw = False
14.3169 	EXP 	block1: autoDraw = False
14.3169 	EXP 	repeatText: autoDraw = False
14.3169 	EXP 	choiceImg: image = 'img/odd_choice_2.png'
14.3169 	EXP 	choiceWarning: text = '10  for 100%              32  for 67%'
14.3169 	EXP 	choiceImg: autoDraw = True
14.3169 	EXP 	choiceWarning: autoDraw = True
14.3169 	EXP 	text_5: autoDraw = True
14.8294 	DATA 	Keypress: 1
14.8340 	EXP 	Created sequence: random, trialTypes=1, nReps=1, seed=None
14.8347 	EXP 	New trial (rep=0, index=0): None
14.8886 	EXP 	choiceImg: autoDraw = False
14.8886 	EXP 	choiceWarning: autoDraw = False
14.8886 	EXP 	text_5: autoDraw = False
14.8886 	EXP 	leftImg: image = 'img/odd_2_circle.png'
14.8886 	EXP 	leftImg: autoDraw = True
15.9376 	EXP 	leftImg: autoDraw = False
15.9376 	EXP 	leftImg: autoDraw = False
15.9376 	EXP 	rewardImgLeft: opacity = 1.0
15.9376 	EXP 	rewardImgLeft: image = 'img/2m&m.png'
15.9376 	EXP 	rewardText: text = 'You got it!'
15.9376 	EXP 	rewardImgLeft: autoDraw = True
15.9376 	EXP 	rewardText: autoDraw = True
16.8967 	EXP 	Created sequence: random, trialTypes=1, nReps=0, seed=None
16.9231 	EXP 	rewardImgLeft: autoDraw = False
16.9231 	EXP 	rewardText: autoDraw = False
16.9231 	EXP 	block4: opacity = 0.0
16.9231 	EXP 	block3: opacity = 0.0
16.9231 	EXP 	block2: opacity = 0.0
16.9231 	EXP 	block1: opacity = 0.0
16.9231 	EXP 	repeatText: text = 'total gain:0 \n You are in level:0\n press space to continue'
16.9231 	EXP 	block4: autoDraw = True
16.9231 	EXP 	block3: autoDraw = True
16.9231 	EXP 	block2: autoDraw = True
16.9231 	EXP 	block1: autoDraw = True
16.9231 	EXP 	repeatText: autoDraw = True
17.4889 	DATA 	Keypress: space
17.5091 	EXP 	Created sequence: random, trialTypes=1, nReps=1, seed=None
17.5097 	EXP 	New trial (rep=0, index=0): None
17.5534 	EXP 	block4: autoDraw = False
17.5534 	EXP 	block3: autoDraw = False
17.5534 	EXP 	block2: autoDraw = False
17.5534 	EXP 	block1: autoDraw = False
17.5534 	EXP 	repeatText: autoDraw = False
17.5534 	EXP 	text: text = 'You saw how easy it was?! \n\n Have you noticed the amount of delay that was different for small and large M&Ms? \n\n Their waiting duration will be presented at the beginning of the each 4 blocks of the game. \n\n You should know that you cannot increase the number of rounds by choosing the faster rewards. \n\n One more thing, for every 200 points you earn one hidden reward will be shown!  \n\n Press space to play the game for real!'
17.5534 	EXP 	text: autoDraw = True
18.6301 	DATA 	Keypress: space
18.6353 	EXP 	New trial (rep=4, index=0): None
18.6362 	EXP 	Created sequence: random, trialTypes=1, nReps=1, seed=None
18.6368 	EXP 	New trial (rep=0, index=0): None
18.7019 	EXP 	text: autoDraw = False
18.7019 	EXP 	fixImg: image = 'img/even_4_square.png'
18.7019 	EXP 	fixImg: autoDraw = True
18.7019 	EXP 	text_4: autoDraw = True
19.6992 	EXP 	Created sequence: sequential, trialTypes=1, nReps=1, seed=None
19.6999 	EXP 	New trial (rep=0, index=0): None
19.7654 	EXP 	fixImg: autoDraw = False
19.7654 	EXP 	text_4: autoDraw = False
19.7654 	EXP 	fixImg: autoDraw = False
19.7654 	EXP 	text_4: autoDraw = False
19.7654 	EXP 	delayImg: image = 'img/even_8_square_4.png'
19.7654 	EXP 	delayImg: autoDraw = True
19.7654 	EXP 	text_3: autoDraw = True
20.7647 	EXP 	Created sequence: sequential, trialTypes=1, nReps=1, seed=None
20.7654 	EXP 	New trial (rep=0, index=0): None
20.7800 	EXP 	delayImg: autoDraw = False
20.7800 	EXP 	text_3: autoDraw = False
20.7800 	EXP 	delayImg: autoDraw = False
20.7800 	EXP 	text_3: autoDraw = False
20.7800 	EXP 	text_2: autoDraw = True
21.7232 	DATA 	Keypress: space
21.7966 	EXP 	text_2: autoDraw = False
21.7966 	EXP 	choiceImg: image = 'img/even_choice_4.png'
21.7966 	EXP 	choiceWarning: text = '32  for 67%              16  for 100%'
21.7966 	EXP 	choiceImg: autoDraw = True
21.7966 	EXP 	choiceWarning: autoDraw = True
21.7966 	EXP 	text_5: autoDraw = True
22.0730 	DATA 	Keypress: 2
22.0860 	EXP 	Created sequence: random, trialTypes=1, nReps=0, seed=None
22.0869 	EXP 	Created sequence: random, trialTypes=1, nReps=1, seed=None
22.0874 	EXP 	New trial (rep=0, index=0): None
22.1415 	EXP 	choiceImg: autoDraw = False
22.1415 	EXP 	choiceWarning: autoDraw = False
22.1415 	EXP 	text_5: autoDraw = False
22.1415 	EXP 	rightImg: image = 'img/even_4_circle.png'
22.1415 	EXP 	rightImg: autoDraw = True
23.2105 	EXP 	rightImg: autoDraw = False
23.2105 	EXP 	rightImg: autoDraw = False
23.2105 	EXP 	rewardImgRight: opacity = 1.0
23.2105 	EXP 	rewardImgRight: image = 'img/4m&m.png'
23.2105 	EXP 	rightText: text = 'You got it!'
23.2105 	EXP 	rewardImgRight: autoDraw = True
23.2105 	EXP 	rightText: autoDraw = True
24.1467 	EXP 	rewardImgRight: autoDraw = False
24.1467 	EXP 	rightText: autoDraw = False
24.1467 	EXP 	block4: opacity = 0.0
24.1467 	EXP 	block3: opacity = 0.0
24.1467 	EXP 	block2: opacity = 0.0
24.1467 	EXP 	block1: opacity = 0.0
24.1467 	EXP 	repeatText: text = 'total gain:16 \n You are in level:0\n press space to continue'
24.1467 	EXP 	block4: autoDraw = True
24.1467 	EXP 	block3: autoDraw = True
24.1467 	EXP 	block2: autoDraw = True
24.1467 	EXP 	block1: autoDraw = True
24.1467 	EXP 	repeatText: autoDraw = True
24.7976 	DATA 	Keypress: space
24.8025 	EXP 	Created sequence: random, trialTypes=1, nReps=0, seed=None
24.8036 	EXP 	New trial (rep=5, index=0): None
24.8039 	EXP 	Created sequence: random, trialTypes=1, nReps=0, seed=None
24.8041 	EXP 	Created sequence: sequential, trialTypes=1, nReps=0, seed=None
24.8043 	EXP 	Created sequence: sequential, trialTypes=1, nReps=0, seed=None
24.8429 	EXP 	block4: autoDraw = False
24.8429 	EXP 	block3: autoDraw = False
24.8429 	EXP 	block2: autoDraw = False
24.8429 	EXP 	block1: autoDraw = False
24.8429 	EXP 	repeatText: autoDraw = False
24.8429 	EXP 	choiceImg: image = 'img/odd_choice_4.png'
24.8429 	EXP 	choiceWarning: text = '14  for 100%              32  for 67%'
24.8429 	EXP 	choiceImg: autoDraw = True
24.8429 	EXP 	choiceWarning: autoDraw = True
24.8429 	EXP 	text_5: autoDraw = True
25.4314 	DATA 	Keypress: 1
25.4358 	EXP 	Created sequence: random, trialTypes=1, nReps=1, seed=None
25.4364 	EXP 	New trial (rep=0, index=0): None
25.4931 	EXP 	choiceImg: autoDraw = False
25.4931 	EXP 	choiceWarning: autoDraw = False
25.4931 	EXP 	text_5: autoDraw = False
25.4931 	EXP 	leftImg: image = 'img/odd_4_circle.png'
25.4931 	EXP 	leftImg: autoDraw = True
26.5531 	EXP 	leftImg: autoDraw = False
26.5531 	EXP 	leftImg: autoDraw = False
26.5531 	EXP 	rewardImgLeft: opacity = 1.0
26.5531 	EXP 	rewardImgLeft: image = 'img/4m&m.png'
26.5531 	EXP 	rewardText: text = 'You got it!'
26.5531 	EXP 	rewardImgLeft: autoDraw = True
26.5531 	EXP 	rewardText: autoDraw = True
27.2911 	DATA 	Keypress: space
27.5002 	EXP 	Created sequence: random, trialTypes=1, nReps=0, seed=None
27.5250 	EXP 	rewardImgLeft: autoDraw = False
27.5250 	EXP 	rewardText: autoDraw = False
27.5250 	EXP 	block4: opacity = 0.0
27.5250 	EXP 	block3: opacity = 0.0
27.5250 	EXP 	block2: opacity = 0.0
27.5250 	EXP 	block1: opacity = 0.0
27.5250 	EXP 	repeatText: text = 'total gain:30 \n You are in level:0\n press space to continue'
27.5250 	EXP 	block4: autoDraw = True
27.5250 	EXP 	block3: autoDraw = True
27.5250 	EXP 	block2: autoDraw = True
27.5250 	EXP 	block1: autoDraw = True
27.5250 	EXP 	repeatText: autoDraw = True
28.0079 	DATA 	Keypress: space
28.0281 	EXP 	Created sequence: random, trialTypes=1, nReps=0, seed=None
28.0311 	EXP 	New trial (rep=6, index=0): None
28.0320 	EXP 	Created sequence: random, trialTypes=1, nReps=0, seed=None
28.0327 	EXP 	Created sequence: sequential, trialTypes=1, nReps=0, seed=None
28.0333 	EXP 	Created sequence: sequential, trialTypes=1, nReps=0, seed=None
28.0859 	EXP 	block4: autoDraw = False
28.0859 	EXP 	block3: autoDraw = False
28.0859 	EXP 	block2: autoDraw = False
28.0859 	EXP 	block1: autoDraw = False
28.0859 	EXP 	repeatText: autoDraw = False
28.0859 	EXP 	choiceImg: image = 'img/even_choice_3.png'
28.0859 	EXP 	choiceWarning: text = '32  for 67%              12  for 100%'
28.0859 	EXP 	choiceImg: autoDraw = True
28.0859 	EXP 	choiceWarning: autoDraw = True
28.0859 	EXP 	text_5: autoDraw = True
28.5748 	DATA 	Keypress: 1
28.5873 	EXP 	Created sequence: random, trialTypes=1, nReps=1, seed=None
28.5878 	EXP 	New trial (rep=0, index=0): None
28.6455 	EXP 	choiceImg: autoDraw = False
28.6455 	EXP 	choiceWarning: autoDraw = False
28.6455 	EXP 	text_5: autoDraw = False
28.6455 	EXP 	leftImg: image = 'img/even_8_circle_3.png'
28.6455 	EXP 	leftImg: autoDraw = True
29.6947 	EXP 	leftImg: autoDraw = False
29.6947 	EXP 	leftImg: autoDraw = False
29.6947 	EXP 	rewardImgLeft: opacity = 0.0
29.6947 	EXP 	rewardImgLeft: image = 'img/8m&m.png'
29.6947 	EXP 	rewardText: text = 'You did not get it!'
29.6947 	EXP 	rewardImgLeft: autoDraw = True
29.6947 	EXP 	rewardText: autoDraw = True
30.0003 	DATA 	Keypress: space
30.6348 	EXP 	Created sequence: random, trialTypes=1, nReps=0, seed=None
30.6495 	EXP 	rewardImgLeft: autoDraw = False
30.6495 	EXP 	rewardText: autoDraw = False
30.6495 	EXP 	block4: opacity = 0.0
30.6495 	EXP 	block3: opacity = 0.0
30.6495 	EXP 	block2: opacity = 0.0
30.6495 	EXP 	block1: opacity = 0.0
30.6495 	EXP 	repeatText: text = 'total gain:30 \n You are in level:0\n press space to continue'
30.6495 	EXP 	block4: autoDraw = True
30.6495 	EXP 	block3: autoDraw = True
30.6495 	EXP 	block2: autoDraw = True
30.6495 	EXP 	block1: autoDraw = True
30.6495 	EXP 	repeatText: autoDraw = True
30.7419 	DATA 	Keypress: space
30.7623 	EXP 	Created sequence: random, trialTypes=1, nReps=0, seed=None
30.7653 	EXP 	New trial (rep=7, index=0): None
30.7662 	EXP 	Created sequence: random, trialTypes=1, nReps=0, seed=None
30.7669 	EXP 	Created sequence: sequential, trialTypes=1, nReps=0, seed=None
30.7675 	EXP 	Created sequence: sequential, trialTypes=1, nReps=0, seed=None
30.8217 	EXP 	block4: autoDraw = False
30.8217 	EXP 	block3: autoDraw = False
30.8217 	EXP 	block2: autoDraw = False
30.8217 	EXP 	block1: autoDraw = False
30.8217 	EXP 	repeatText: autoDraw = False
30.8217 	EXP 	choiceImg: image = 'img/odd_choice_4.png'
30.8217 	EXP 	choiceWarning: text = '14  for 100%              32  for 67%'
30.8217 	EXP 	choiceImg: autoDraw = True
30.8217 	EXP 	choiceWarning: autoDraw = True
30.8217 	EXP 	text_5: autoDraw = True
31.1836 	DATA 	Keypress: 1
31.1881 	EXP 	Created sequence: random, trialTypes=1, nReps=1, seed=None
31.1887 	EXP 	New trial (rep=0, index=0): None
31.2451 	EXP 	choiceImg: autoDraw = False
31.2451 	EXP 	choiceWarning: autoDraw = False
31.2451 	EXP 	text_5: autoDraw = False
31.2451 	EXP 	leftImg: image = 'img/odd_4_circle.png'
31.2451 	EXP 	leftImg: autoDraw = True
32.3161 	EXP 	leftImg: autoDraw = False
32.3161 	EXP 	leftImg: autoDraw = False
32.3161 	EXP 	rewardImgLeft: opacity = 1.0
32.3161 	EXP 	rewardImgLeft: image = 'img/4m&m.png'
32.3161 	EXP 	rewardText: text = 'You got it!'
32.3161 	EXP 	rewardImgLeft: autoDraw = True
32.3161 	EXP 	rewardText: autoDraw = True
32.6506 	DATA 	Keypress: space
33.2514 	EXP 	Created sequence: random, trialTypes=1, nReps=0, seed=None
33.2752 	EXP 	rewardImgLeft: autoDraw = False
33.2752 	EXP 	rewardText: autoDraw = False
33.2752 	EXP 	block4: opacity = 0.0
33.2752 	EXP 	block3: opacity = 0.0
33.2752 	EXP 	block2: opacity = 0.0
33.2752 	EXP 	block1: opacity = 0.0
33.2752 	EXP 	repeatText: text = 'total gain:44 \n You are in level:0\n press space to continue'
33.2752 	EXP 	block4: autoDraw = True
33.2752 	EXP 	block3: autoDraw = True
33.2752 	EXP 	block2: autoDraw = True
33.2752 	EXP 	block1: autoDraw = True
33.2752 	EXP 	repeatText: autoDraw = True
33.6173 	DATA 	Keypress: space
33.6308 	EXP 	Created sequence: random, trialTypes=1, nReps=0, seed=None
33.6337 	EXP 	New trial (rep=8, index=0): None
33.6347 	EXP 	Created sequence: random, trialTypes=1, nReps=0, seed=None
33.6354 	EXP 	Created sequence: sequential, trialTypes=1, nReps=0, seed=None
33.6360 	EXP 	Created sequence: sequential, trialTypes=1, nReps=0, seed=None
33.6863 	EXP 	block4: autoDraw = False
33.6863 	EXP 	block3: autoDraw = False
33.6863 	EXP 	block2: autoDraw = False
33.6863 	EXP 	block1: autoDraw = False
33.6863 	EXP 	repeatText: autoDraw = False
33.6863 	EXP 	choiceImg: image = 'img/even_choice_3.png'
33.6863 	EXP 	choiceWarning: text = '32  for 67%              12  for 100%'
33.6863 	EXP 	choiceImg: autoDraw = True
33.6863 	EXP 	choiceWarning: autoDraw = True
33.6863 	EXP 	text_5: autoDraw = True
34.1341 	DATA 	Keypress: 1
34.1390 	EXP 	Created sequence: random, trialTypes=1, nReps=1, seed=None
34.1396 	EXP 	New trial (rep=0, index=0): None
34.1966 	EXP 	choiceImg: autoDraw = False
34.1966 	EXP 	choiceWarning: autoDraw = False
34.1966 	EXP 	text_5: autoDraw = False
34.1966 	EXP 	leftImg: image = 'img/even_8_circle_3.png'
34.1966 	EXP 	leftImg: autoDraw = True
35.2675 	EXP 	leftImg: autoDraw = False
35.2675 	EXP 	leftImg: autoDraw = False
35.2675 	EXP 	rewardImgLeft: opacity = 1.0
35.2675 	EXP 	rewardImgLeft: image = 'img/8m&m.png'
35.2675 	EXP 	rewardText: text = 'You got it!'
35.2675 	EXP 	rewardImgLeft: autoDraw = True
35.2675 	EXP 	rewardText: autoDraw = True
35.7265 	DATA 	Keypress: space
36.1849 	EXP 	Created sequence: random, trialTypes=1, nReps=0, seed=None
36.2084 	EXP 	rewardImgLeft: autoDraw = False
36.2084 	EXP 	rewardText: autoDraw = False
36.2084 	EXP 	block4: opacity = 0.0
36.2084 	EXP 	block3: opacity = 0.0
36.2084 	EXP 	block2: opacity = 0.0
36.2084 	EXP 	block1: opacity = 0.0
36.2084 	EXP 	repeatText: text = 'total gain:76 \n You are in level:0\n press space to continue'
36.2084 	EXP 	block4: autoDraw = True
36.2084 	EXP 	block3: autoDraw = True
36.2084 	EXP 	block2: autoDraw = True
36.2084 	EXP 	block1: autoDraw = True
36.2084 	EXP 	repeatText: autoDraw = True
36.5434 	DATA 	Keypress: space
36.5642 	EXP 	Created sequence: random, trialTypes=1, nReps=0, seed=None
36.5672 	EXP 	New trial (rep=9, index=0): None
36.5681 	EXP 	Created sequence: random, trialTypes=1, nReps=0, seed=None
36.5688 	EXP 	Created sequence: sequential, trialTypes=1, nReps=0, seed=None
36.5694 	EXP 	Created sequence: sequential, trialTypes=1, nReps=0, seed=None
36.6221 	EXP 	block4: autoDraw = False
36.6221 	EXP 	block3: autoDraw = False
36.6221 	EXP 	block2: autoDraw = False
36.6221 	EXP 	block1: autoDraw = False
36.6221 	EXP 	repeatText: autoDraw = False
36.6221 	EXP 	choiceImg: image = 'img/odd_choice_4.png'
36.6221 	EXP 	choiceWarning: text = '14  for 100%              32  for 67%'
36.6221 	EXP 	choiceImg: autoDraw = True
36.6221 	EXP 	choiceWarning: autoDraw = True
36.6221 	EXP 	text_5: autoDraw = True
36.9098 	DATA 	Keypress: 1
36.9201 	EXP 	Created sequence: random, trialTypes=1, nReps=1, seed=None
36.9204 	EXP 	New trial (rep=0, index=0): None
36.9624 	EXP 	choiceImg: autoDraw = False
36.9624 	EXP 	choiceWarning: autoDraw = False
36.9624 	EXP 	text_5: autoDraw = False
36.9624 	EXP 	leftImg: image = 'img/odd_4_circle.png'
36.9624 	EXP 	leftImg: autoDraw = True
38.0307 	EXP 	leftImg: autoDraw = False
38.0307 	EXP 	leftImg: autoDraw = False
38.0307 	EXP 	rewardImgLeft: opacity = 1.0
38.0307 	EXP 	rewardImgLeft: image = 'img/4m&m.png'
38.0307 	EXP 	rewardText: text = 'You got it!'
38.0307 	EXP 	rewardImgLeft: autoDraw = True
38.0307 	EXP 	rewardText: autoDraw = True
38.9516 	EXP 	Created sequence: random, trialTypes=1, nReps=0, seed=None
38.9676 	EXP 	rewardImgLeft: autoDraw = False
38.9676 	EXP 	rewardText: autoDraw = False
38.9676 	EXP 	block4: opacity = 0.0
38.9676 	EXP 	block3: opacity = 0.0
38.9676 	EXP 	block2: opacity = 0.0
38.9676 	EXP 	block1: opacity = 0.0
38.9676 	EXP 	repeatText: text = 'total gain:90 \n You are in level:0\n press space to continue'
38.9676 	EXP 	block4: autoDraw = True
38.9676 	EXP 	block3: autoDraw = True
38.9676 	EXP 	block2: autoDraw = True
38.9676 	EXP 	block1: autoDraw = True
38.9676 	EXP 	repeatText: autoDraw = True
39.6856 	DATA 	Keypress: space
39.6988 	EXP 	Created sequence: random, trialTypes=1, nReps=0, seed=None
39.7019 	EXP 	New trial (rep=10, index=0): None
39.7028 	EXP 	Created sequence: random, trialTypes=1, nReps=0, seed=None
39.7035 	EXP 	Created sequence: sequential, trialTypes=1, nReps=0, seed=None
39.7042 	EXP 	Created sequence: sequential, trialTypes=1, nReps=0, seed=None
39.7543 	EXP 	block4: autoDraw = False
39.7543 	EXP 	block3: autoDraw = False
39.7543 	EXP 	block2: autoDraw = False
39.7543 	EXP 	block1: autoDraw = False
39.7543 	EXP 	repeatText: autoDraw = False
39.7543 	EXP 	choiceImg: image = 'img/even_choice_3.png'
39.7543 	EXP 	choiceWarning: text = '32  for 67%              13  for 100%'
39.7543 	EXP 	choiceImg: autoDraw = True
39.7543 	EXP 	choiceWarning: autoDraw = True
39.7543 	EXP 	text_5: autoDraw = True
40.1352 	DATA 	Keypress: 1
40.1394 	EXP 	Created sequence: random, trialTypes=1, nReps=1, seed=None
40.1400 	EXP 	New trial (rep=0, index=0): None
40.1975 	EXP 	choiceImg: autoDraw = False
40.1975 	EXP 	choiceWarning: autoDraw = False
40.1975 	EXP 	text_5: autoDraw = False
40.1975 	EXP 	leftImg: image = 'img/even_8_circle_3.png'
40.1975 	EXP 	leftImg: autoDraw = True
41.2751 	EXP 	leftImg: autoDraw = False
41.2751 	EXP 	leftImg: autoDraw = False
41.2751 	EXP 	rewardImgLeft: opacity = 0.0
41.2751 	EXP 	rewardImgLeft: image = 'img/8m&m.png'
41.2751 	EXP 	rewardText: text = 'You did not get it!'
41.2751 	EXP 	rewardImgLeft: autoDraw = True
41.2751 	EXP 	rewardText: autoDraw = True
42.1865 	EXP 	Created sequence: random, trialTypes=1, nReps=0, seed=None
42.2020 	EXP 	rewardImgLeft: autoDraw = False
42.2020 	EXP 	rewardText: autoDraw = False
42.2020 	EXP 	block4: opacity = 0.0
42.2020 	EXP 	block3: opacity = 0.0
42.2020 	EXP 	block2: opacity = 0.0
42.2020 	EXP 	block1: opacity = 0.0
42.2020 	EXP 	repeatText: text = 'total gain:90 \n You are in level:0\n press space to continue'
42.2020 	EXP 	block4: autoDraw = True
42.2020 	EXP 	block3: autoDraw = True
42.2020 	EXP 	block2: autoDraw = True
42.2020 	EXP 	block1: autoDraw = True
42.2020 	EXP 	repeatText: autoDraw = True
42.7697 	DATA 	Keypress: space
42.7826 	EXP 	Created sequence: random, trialTypes=1, nReps=0, seed=None
42.7855 	EXP 	New trial (rep=11, index=0): None
42.7864 	EXP 	Created sequence: random, trialTypes=1, nReps=0, seed=None
42.7871 	EXP 	Created sequence: sequential, trialTypes=1, nReps=0, seed=None
42.7877 	EXP 	Created sequence: sequential, trialTypes=1, nReps=0, seed=None
42.8383 	EXP 	block4: autoDraw = False
42.8383 	EXP 	block3: autoDraw = False
42.8383 	EXP 	block2: autoDraw = False
42.8383 	EXP 	block1: autoDraw = False
42.8383 	EXP 	repeatText: autoDraw = False
42.8383 	EXP 	choiceImg: image = 'img/odd_choice_4.png'
42.8383 	EXP 	choiceWarning: text = '14  for 100%              32  for 67%'
42.8383 	EXP 	choiceImg: autoDraw = True
42.8383 	EXP 	choiceWarning: autoDraw = True
42.8383 	EXP 	text_5: autoDraw = True
43.2696 	DATA 	Keypress: 1
43.2741 	EXP 	Created sequence: random, trialTypes=1, nReps=1, seed=None
43.2747 	EXP 	New trial (rep=0, index=0): None
43.3280 	EXP 	choiceImg: autoDraw = False
43.3280 	EXP 	choiceWarning: autoDraw = False
43.3280 	EXP 	text_5: autoDraw = False
43.3280 	EXP 	leftImg: image = 'img/odd_4_circle.png'
43.3280 	EXP 	leftImg: autoDraw = True
44.4006 	EXP 	leftImg: autoDraw = False
44.4006 	EXP 	leftImg: autoDraw = False
44.4006 	EXP 	rewardImgLeft: opacity = 1.0
44.4006 	EXP 	rewardImgLeft: image = 'img/4m&m.png'
44.4006 	EXP 	rewardText: text = 'You got it!'
44.4006 	EXP 	rewardImgLeft: autoDraw = True
44.4006 	EXP 	rewardText: autoDraw = True
45.3374 	EXP 	Created sequence: random, trialTypes=1, nReps=0, seed=None
45.3614 	EXP 	rewardImgLeft: autoDraw = False
45.3614 	EXP 	rewardText: autoDraw = False
45.3614 	EXP 	block4: opacity = 0.0
45.3614 	EXP 	block3: opacity = 0.0
45.3614 	EXP 	block2: opacity = 0.0
45.3614 	EXP 	block1: opacity = 0.0
45.3614 	EXP 	repeatText: text = 'total gain:104 \n You are in level:0\n press space to continue'
45.3614 	EXP 	block4: autoDraw = True
45.3614 	EXP 	block3: autoDraw = True
45.3614 	EXP 	block2: autoDraw = True
45.3614 	EXP 	block1: autoDraw = True
45.3614 	EXP 	repeatText: autoDraw = True
46.0790 	DATA 	Keypress: space
46.0998 	EXP 	Created sequence: random, trialTypes=1, nReps=1, seed=None
46.1004 	EXP 	New trial (rep=0, index=0): None
46.1247 	EXP 	block4: autoDraw = False
46.1247 	EXP 	block3: autoDraw = False
46.1247 	EXP 	block2: autoDraw = False
46.1247 	EXP 	block1: autoDraw = False
46.1247 	EXP 	repeatText: autoDraw = False
46.1247 	EXP 	text: text = 'This block has ended. \n \nTo start and experience the delay of the next block, press space.'
46.1247 	EXP 	text: autoDraw = True
48.5374 	DATA 	Keypress: space
48.5432 	EXP 	New trial (rep=12, index=0): None
48.5442 	EXP 	Created sequence: random, trialTypes=1, nReps=1, seed=None
48.5448 	EXP 	New trial (rep=0, index=0): None
48.6046 	EXP 	text: autoDraw = False
48.6046 	EXP 	fixImg: image = 'img/even_4_square.png'
48.6046 	EXP 	fixImg: autoDraw = True
48.6046 	EXP 	text_4: autoDraw = True
49.6061 	EXP 	Created sequence: sequential, trialTypes=1, nReps=1, seed=None
49.6069 	EXP 	New trial (rep=0, index=0): None
49.6685 	EXP 	fixImg: autoDraw = False
49.6685 	EXP 	text_4: autoDraw = False
49.6685 	EXP 	fixImg: autoDraw = False
49.6685 	EXP 	text_4: autoDraw = False
49.6685 	EXP 	delayImg: image = 'img/even_8_square_4.png'
49.6685 	EXP 	delayImg: autoDraw = True
49.6685 	EXP 	text_3: autoDraw = True
64.6591 	EXP 	Created sequence: sequential, trialTypes=1, nReps=1, seed=None
64.6597 	EXP 	New trial (rep=0, index=0): None
64.6745 	EXP 	delayImg: autoDraw = False
64.6745 	EXP 	text_3: autoDraw = False
64.6745 	EXP 	delayImg: autoDraw = False
64.6745 	EXP 	text_3: autoDraw = False
64.6745 	EXP 	text_2: autoDraw = True
65.7247 	DATA 	Keypress: space
65.7896 	EXP 	text_2: autoDraw = False
65.7896 	EXP 	choiceImg: image = 'img/even_choice_4.png'
65.7896 	EXP 	choiceWarning: text = '32  for 67%              16  for 100%'
65.7896 	EXP 	choiceImg: autoDraw = True
65.7896 	EXP 	choiceWarning: autoDraw = True
65.7896 	EXP 	text_5: autoDraw = True
68.5845 	DATA 	Keypress: 2
68.5972 	EXP 	Created sequence: random, trialTypes=1, nReps=0, seed=None
68.5981 	EXP 	Created sequence: random, trialTypes=1, nReps=1, seed=None
68.5987 	EXP 	New trial (rep=0, index=0): None
68.6541 	EXP 	choiceImg: autoDraw = False
68.6541 	EXP 	choiceWarning: autoDraw = False
68.6541 	EXP 	text_5: autoDraw = False
68.6541 	EXP 	rightImg: image = 'img/even_4_circle.png'
68.6541 	EXP 	rightImg: autoDraw = True
69.7224 	EXP 	rightImg: autoDraw = False
69.7224 	EXP 	rightImg: autoDraw = False
69.7224 	EXP 	rewardImgRight: opacity = 1.0
69.7224 	EXP 	rewardImgRight: image = 'img/4m&m.png'
69.7224 	EXP 	rightText: text = 'You got it!'
69.7224 	EXP 	rewardImgRight: autoDraw = True
69.7224 	EXP 	rightText: autoDraw = True
70.6845 	EXP 	rewardImgRight: autoDraw = False
70.6845 	EXP 	rightText: autoDraw = False
70.6845 	EXP 	block4: opacity = 0.0
70.6845 	EXP 	block3: opacity = 0.0
70.6845 	EXP 	block2: opacity = 0.0
70.6845 	EXP 	block1: opacity = 0.0
70.6845 	EXP 	repeatText: text = 'total gain:120 \n You are in level:0\n press space to continue'
70.6845 	EXP 	block4: autoDraw = True
70.6845 	EXP 	block3: autoDraw = True
70.6845 	EXP 	block2: autoDraw = True
70.6845 	EXP 	block1: autoDraw = True
70.6845 	EXP 	repeatText: autoDraw = True
71.6933 	DATA 	Keypress: space
71.7078 	EXP 	Created sequence: random, trialTypes=1, nReps=0, seed=None
71.7108 	EXP 	New trial (rep=13, index=0): None
71.7117 	EXP 	Created sequence: random, trialTypes=1, nReps=0, seed=None
71.7124 	EXP 	Created sequence: sequential, trialTypes=1, nReps=0, seed=None
71.7130 	EXP 	Created sequence: sequential, trialTypes=1, nReps=0, seed=None
71.7625 	EXP 	block4: autoDraw = False
71.7625 	EXP 	block3: autoDraw = False
71.7625 	EXP 	block2: autoDraw = False
71.7625 	EXP 	block1: autoDraw = False
71.7625 	EXP 	repeatText: autoDraw = False
71.7625 	EXP 	choiceImg: image = 'img/odd_choice_4.png'
71.7625 	EXP 	choiceWarning: text = '14  for 100%              32  for 67%'
71.7625 	EXP 	choiceImg: autoDraw = True
71.7625 	EXP 	choiceWarning: autoDraw = True
71.7625 	EXP 	text_5: autoDraw = True
73.8027 	DATA 	Keypress: 2
73.8152 	EXP 	Created sequence: random, trialTypes=1, nReps=0, seed=None
73.8161 	EXP 	Created sequence: random, trialTypes=1, nReps=1, seed=None
73.8166 	EXP 	New trial (rep=0, index=0): None
73.8746 	EXP 	choiceImg: autoDraw = False
73.8746 	EXP 	choiceWarning: autoDraw = False
73.8746 	EXP 	text_5: autoDraw = False
73.8746 	EXP 	rightImg: image = 'img/odd_8_circle_4.png'
73.8746 	EXP 	rightImg: autoDraw = True
88.9507 	EXP 	rightImg: autoDraw = False
88.9507 	EXP 	rightImg: autoDraw = False
88.9507 	EXP 	rewardImgRight: opacity = 1.0
88.9507 	EXP 	rewardImgRight: image = 'img/8m&m.png'
88.9507 	EXP 	rightText: text = 'You got it!'
88.9507 	EXP 	rewardImgRight: autoDraw = True
88.9507 	EXP 	rightText: autoDraw = True
89.9064 	EXP 	rewardImgRight: autoDraw = False
89.9064 	EXP 	rightText: autoDraw = False
89.9064 	EXP 	block4: opacity = 0.0
89.9064 	EXP 	block3: opacity = 0.0
89.9064 	EXP 	block2: opacity = 0.0
89.9064 	EXP 	block1: opacity = 0.0
89.9064 	EXP 	repeatText: text = 'total gain:152 \n You are in level:0\n press space to continue'
89.9064 	EXP 	block4: autoDraw = True
89.9064 	EXP 	block3: autoDraw = True
89.9064 	EXP 	block2: autoDraw = True
89.9064 	EXP 	block1: autoDraw = True
89.9064 	EXP 	repeatText: autoDraw = True
90.6399 	DATA 	Keypress: space
90.6604 	EXP 	Created sequence: random, trialTypes=1, nReps=0, seed=None
90.6635 	EXP 	New trial (rep=14, index=0): None
90.6643 	EXP 	Created sequence: random, trialTypes=1, nReps=0, seed=None
90.6650 	EXP 	Created sequence: sequential, trialTypes=1, nReps=0, seed=None
90.6656 	EXP 	Created sequence: sequential, trialTypes=1, nReps=0, seed=None
90.7185 	EXP 	block4: autoDraw = False
90.7185 	EXP 	block3: autoDraw = False
90.7185 	EXP 	block2: autoDraw = False
90.7185 	EXP 	block1: autoDraw = False
90.7185 	EXP 	repeatText: autoDraw = False
90.7185 	EXP 	choiceImg: image = 'img/even_choice_4.png'
90.7185 	EXP 	choiceWarning: text = '32  for 67%              16  for 100%'
90.7185 	EXP 	choiceImg: autoDraw = True
90.7185 	EXP 	choiceWarning: autoDraw = True
90.7185 	EXP 	text_5: autoDraw = True
93.3406 	DATA 	Keypress: space
94.2408 	DATA 	Keypress: 2
94.2527 	EXP 	Created sequence: random, trialTypes=1, nReps=0, seed=None
94.2535 	EXP 	Created sequence: random, trialTypes=1, nReps=1, seed=None
94.2541 	EXP 	New trial (rep=0, index=0): None
94.3107 	EXP 	choiceImg: autoDraw = False
94.3107 	EXP 	choiceWarning: autoDraw = False
94.3107 	EXP 	text_5: autoDraw = False
94.3107 	EXP 	rightImg: image = 'img/even_4_circle.png'
94.3107 	EXP 	rightImg: autoDraw = True
95.3783 	EXP 	rightImg: autoDraw = False
95.3783 	EXP 	rightImg: autoDraw = False
95.3783 	EXP 	rewardImgRight: opacity = 1.0
95.3783 	EXP 	rewardImgRight: image = 'img/4m&m.png'
95.3783 	EXP 	rightText: text = 'You got it!'
95.3783 	EXP 	rewardImgRight: autoDraw = True
95.3783 	EXP 	rightText: autoDraw = True
96.3412 	EXP 	rewardImgRight: autoDraw = False
96.3412 	EXP 	rightText: autoDraw = False
96.3412 	EXP 	block4: opacity = 0.0
96.3412 	EXP 	block3: opacity = 0.0
96.3412 	EXP 	block2: opacity = 0.0
96.3412 	EXP 	block1: opacity = 0.0
96.3412 	EXP 	repeatText: text = 'total gain:168 \n You are in level:0\n press space to continue'
96.3412 	EXP 	block4: autoDraw = True
96.3412 	EXP 	block3: autoDraw = True
96.3412 	EXP 	block2: autoDraw = True
96.3412 	EXP 	block1: autoDraw = True
96.3412 	EXP 	repeatText: autoDraw = True
97.8667 	DATA 	Keypress: space
97.8792 	EXP 	Created sequence: random, trialTypes=1, nReps=0, seed=None
97.8821 	EXP 	New trial (rep=15, index=0): None
97.8830 	EXP 	Created sequence: random, trialTypes=1, nReps=0, seed=None
97.8837 	EXP 	Created sequence: sequential, trialTypes=1, nReps=0, seed=None
97.8844 	EXP 	Created sequence: sequential, trialTypes=1, nReps=0, seed=None
97.9386 	EXP 	block4: autoDraw = False
97.9386 	EXP 	block3: autoDraw = False
97.9386 	EXP 	block2: autoDraw = False
97.9386 	EXP 	block1: autoDraw = False
97.9386 	EXP 	repeatText: autoDraw = False
97.9386 	EXP 	choiceImg: image = 'img/odd_choice_4.png'
97.9386 	EXP 	choiceWarning: text = '14  for 100%              32  for 67%'
97.9386 	EXP 	choiceImg: autoDraw = True
97.9386 	EXP 	choiceWarning: autoDraw = True
97.9386 	EXP 	text_5: autoDraw = True
98.3419 	DATA 	Keypress: 2
98.3539 	EXP 	Created sequence: random, trialTypes=1, nReps=0, seed=None
98.3549 	EXP 	Created sequence: random, trialTypes=1, nReps=1, seed=None
98.3554 	EXP 	New trial (rep=0, index=0): None
98.4102 	EXP 	choiceImg: autoDraw = False
98.4102 	EXP 	choiceWarning: autoDraw = False
98.4102 	EXP 	text_5: autoDraw = False
98.4102 	EXP 	rightImg: image = 'img/odd_8_circle_4.png'
98.4102 	EXP 	rightImg: autoDraw = True
113.4908 	EXP 	rightImg: autoDraw = False
113.4908 	EXP 	rightImg: autoDraw = False
113.4908 	EXP 	rewardImgRight: opacity = 0.0
113.4908 	EXP 	rewardImgRight: image = 'img/8m&m.png'
113.4908 	EXP 	rightText: text = 'You did not get it!'
113.4908 	EXP 	rewardImgRight: autoDraw = True
113.4908 	EXP 	rightText: autoDraw = True
114.0462 	DATA 	Keypress: space
114.4199 	EXP 	rewardImgRight: autoDraw = False
114.4199 	EXP 	rightText: autoDraw = False
114.4199 	EXP 	block4: opacity = 0.0
114.4199 	EXP 	block3: opacity = 0.0
114.4199 	EXP 	block2: opacity = 0.0
114.4199 	EXP 	block1: opacity = 0.0
114.4199 	EXP 	repeatText: text = 'total gain:168 \n You are in level:0\n press space to continue'
114.4199 	EXP 	block4: autoDraw = True
114.4199 	EXP 	block3: autoDraw = True
114.4199 	EXP 	block2: autoDraw = True
114.4199 	EXP 	block1: autoDraw = True
114.4199 	EXP 	repeatText: autoDraw = True
114.9374 	DATA 	Keypress: space
114.9503 	EXP 	Created sequence: random, trialTypes=1, nReps=0, seed=None
114.9549 	EXP 	New trial (rep=16, index=0): None
114.9559 	EXP 	Created sequence: random, trialTypes=1, nReps=0, seed=None
114.9566 	EXP 	Created sequence: sequential, trialTypes=1, nReps=0, seed=None
114.9578 	EXP 	Created sequence: sequential, trialTypes=1, nReps=0, seed=None
115.0077 	EXP 	block4: autoDraw = False
115.0077 	EXP 	block3: autoDraw = False
115.0077 	EXP 	block2: autoDraw = False
115.0077 	EXP 	block1: autoDraw = False
115.0077 	EXP 	repeatText: autoDraw = False
115.0077 	EXP 	choiceImg: image = 'img/even_choice_4.png'
115.0077 	EXP 	choiceWarning: text = '32  for 67%              16  for 100%'
115.0077 	EXP 	choiceImg: autoDraw = True
115.0077 	EXP 	choiceWarning: autoDraw = True
115.0077 	EXP 	text_5: autoDraw = True
115.5961 	DATA 	Keypress: 2
115.6078 	EXP 	Created sequence: random, trialTypes=1, nReps=0, seed=None
115.6082 	EXP 	Created sequence: random, trialTypes=1, nReps=1, seed=None
115.6086 	EXP 	New trial (rep=0, index=0): None
115.6454 	EXP 	choiceImg: autoDraw = False
115.6454 	EXP 	choiceWarning: autoDraw = False
115.6454 	EXP 	text_5: autoDraw = False
115.6454 	EXP 	rightImg: image = 'img/even_4_circle.png'
115.6454 	EXP 	rightImg: autoDraw = True
116.7195 	EXP 	rightImg: autoDraw = False
116.7195 	EXP 	rightImg: autoDraw = False
116.7195 	EXP 	rewardImgRight: opacity = 1.0
116.7195 	EXP 	rewardImgRight: image = 'img/4m&m.png'
116.7195 	EXP 	rightText: text = 'You got it!'
116.7195 	EXP 	rewardImgRight: autoDraw = True
116.7195 	EXP 	rightText: autoDraw = True
117.6794 	EXP 	rewardImgRight: autoDraw = False
117.6794 	EXP 	rightText: autoDraw = False
117.6794 	EXP 	block4: opacity = 0.0
117.6794 	EXP 	block3: opacity = 0.0
117.6794 	EXP 	block2: opacity = 0.0
117.6794 	EXP 	block1: opacity = 0.0
117.6794 	EXP 	repeatText: text = 'total gain:184 \n You are in level:0\n press space to continue'
117.6794 	EXP 	block4: autoDraw = True
117.6794 	EXP 	block3: autoDraw = True
117.6794 	EXP 	block2: autoDraw = True
117.6794 	EXP 	block1: autoDraw = True
117.6794 	EXP 	repeatText: autoDraw = True
118.2386 	DATA 	Keypress: space
118.2514 	EXP 	Created sequence: random, trialTypes=1, nReps=0, seed=None
118.2544 	EXP 	New trial (rep=17, index=0): None
118.2553 	EXP 	Created sequence: random, trialTypes=1, nReps=0, seed=None
118.2560 	EXP 	Created sequence: sequential, trialTypes=1, nReps=0, seed=None
118.2566 	EXP 	Created sequence: sequential, trialTypes=1, nReps=0, seed=None
118.3067 	EXP 	block4: autoDraw = False
118.3067 	EXP 	block3: autoDraw = False
118.3067 	EXP 	block2: autoDraw = False
118.3067 	EXP 	block1: autoDraw = False
118.3067 	EXP 	repeatText: autoDraw = False
118.3067 	EXP 	choiceImg: image = 'img/odd_choice_4.png'
118.3067 	EXP 	choiceWarning: text = '15  for 100%              32  for 67%'
118.3067 	EXP 	choiceImg: autoDraw = True
118.3067 	EXP 	choiceWarning: autoDraw = True
118.3067 	EXP 	text_5: autoDraw = True
119.0637 	DATA 	Keypress: 2
119.0761 	EXP 	Created sequence: random, trialTypes=1, nReps=0, seed=None
119.0769 	EXP 	Created sequence: random, trialTypes=1, nReps=1, seed=None
119.0775 	EXP 	New trial (rep=0, index=0): None
119.1341 	EXP 	choiceImg: autoDraw = False
119.1341 	EXP 	choiceWarning: autoDraw = False
119.1341 	EXP 	text_5: autoDraw = False
119.1341 	EXP 	rightImg: image = 'img/odd_8_circle_4.png'
119.1341 	EXP 	rightImg: autoDraw = True
134.2116 	EXP 	rightImg: autoDraw = False
134.2116 	EXP 	rightImg: autoDraw = False
134.2116 	EXP 	rewardImgRight: opacity = 1.0
134.2116 	EXP 	rewardImgRight: image = 'img/8m&m.png'
134.2116 	EXP 	rightText: text = 'You got it!'
134.2116 	EXP 	rewardImgRight: autoDraw = True
134.2116 	EXP 	rightText: autoDraw = True
135.1519 	EXP 	rewardImgRight: autoDraw = False
135.1519 	EXP 	rightText: autoDraw = False
135.1519 	EXP 	block4: opacity = 0.0
135.1519 	EXP 	block3: opacity = 0.0
135.1519 	EXP 	block2: opacity = 0.0
135.1519 	EXP 	block1: opacity = 1.0
135.1519 	EXP 	repeatText: text = 'total gain:216 \n You are in level:1\n press space to continue'
135.1519 	EXP 	block4: autoDraw = True
135.1519 	EXP 	block3: autoDraw = True
135.1519 	EXP 	block2: autoDraw = True
135.1519 	EXP 	block1: autoDraw = True
135.1519 	EXP 	repeatText: autoDraw = True
139.8524 	DATA 	Keypress: space
139.8727 	EXP 	Created sequence: random, trialTypes=1, nReps=0, seed=None
139.8757 	EXP 	New trial (rep=18, index=0): None
139.8766 	EXP 	Created sequence: random, trialTypes=1, nReps=0, seed=None
139.8773 	EXP 	Created sequence: sequential, trialTypes=1, nReps=0, seed=None
139.8782 	EXP 	Created sequence: sequential, trialTypes=1, nReps=0, seed=None
139.9317 	EXP 	block4: autoDraw = False
139.9317 	EXP 	block3: autoDraw = False
139.9317 	EXP 	block2: autoDraw = False
139.9317 	EXP 	block1: autoDraw = False
139.9317 	EXP 	repeatText: autoDraw = False
139.9317 	EXP 	choiceImg: image = 'img/even_choice_4.png'
139.9317 	EXP 	choiceWarning: text = '32  for 67%              16  for 100%'
139.9317 	EXP 	choiceImg: autoDraw = True
139.9317 	EXP 	choiceWarning: autoDraw = True
139.9317 	EXP 	text_5: autoDraw = True
149.3458 	DATA 	Keypress: n
149.6122 	DATA 	Keypress: space
150.6216 	DATA 	Keypress: space
154.6801 	DATA 	Keypress: 2
154.6848 	EXP 	Created sequence: random, trialTypes=1, nReps=0, seed=None
154.6858 	EXP 	Created sequence: random, trialTypes=1, nReps=1, seed=None
154.6865 	EXP 	New trial (rep=0, index=0): None
154.7395 	EXP 	choiceImg: autoDraw = False
154.7395 	EXP 	choiceWarning: autoDraw = False
154.7395 	EXP 	text_5: autoDraw = False
154.7395 	EXP 	rightImg: image = 'img/even_4_circle.png'
154.7395 	EXP 	rightImg: autoDraw = True
155.8107 	EXP 	rightImg: autoDraw = False
155.8107 	EXP 	rightImg: autoDraw = False
155.8107 	EXP 	rewardImgRight: opacity = 1.0
155.8107 	EXP 	rewardImgRight: image = 'img/4m&m.png'
155.8107 	EXP 	rightText: text = 'You got it!'
155.8107 	EXP 	rewardImgRight: autoDraw = True
155.8107 	EXP 	rightText: autoDraw = True
156.7722 	EXP 	rewardImgRight: autoDraw = False
156.7722 	EXP 	rightText: autoDraw = False
156.7722 	EXP 	block4: opacity = 0.0
156.7722 	EXP 	block3: opacity = 0.0
156.7722 	EXP 	block2: opacity = 0.0
156.7722 	EXP 	block1: opacity = 1.0
156.7722 	EXP 	repeatText: text = 'total gain:232 \n You are in level:1\n press space to continue'
156.7722 	EXP 	block4: autoDraw = True
156.7722 	EXP 	block3: autoDraw = True
156.7722 	EXP 	block2: autoDraw = True
156.7722 	EXP 	block1: autoDraw = True
156.7722 	EXP 	repeatText: autoDraw = True
157.7231 	DATA 	Keypress: space
157.7434 	EXP 	Created sequence: random, trialTypes=1, nReps=1, seed=None
157.7440 	EXP 	New trial (rep=0, index=0): None
157.7533 	EXP 	block4: autoDraw = False
157.7533 	EXP 	block3: autoDraw = False
157.7533 	EXP 	block2: autoDraw = False
157.7533 	EXP 	block1: autoDraw = False
157.7533 	EXP 	repeatText: autoDraw = False
157.7533 	EXP 	text: text = 'This block has ended. \n \nTo start and experience the delay of the next block, press space.'
157.7533 	EXP 	text: autoDraw = True
158.9644 	DATA 	Keypress: space
158.9701 	EXP 	New trial (rep=19, index=0): None
158.9713 	EXP 	Created sequence: random, trialTypes=1, nReps=1, seed=None
158.9719 	EXP 	New trial (rep=0, index=0): None
159.0329 	EXP 	text: autoDraw = False
159.0329 	EXP 	fixImg: image = 'img/odd_4_square.png'
159.0329 	EXP 	fixImg: autoDraw = True
159.0329 	EXP 	text_4: autoDraw = True
160.0336 	EXP 	Created sequence: sequential, trialTypes=1, nReps=1, seed=None
160.0342 	EXP 	New trial (rep=0, index=0): None
160.0957 	EXP 	fixImg: autoDraw = False
160.0957 	EXP 	text_4: autoDraw = False
160.0957 	EXP 	fixImg: autoDraw = False
160.0957 	EXP 	text_4: autoDraw = False
160.0957 	EXP 	delayImg: image = 'img/odd_8_square_4.png'
160.0957 	EXP 	delayImg: autoDraw = True
160.0957 	EXP 	text_3: autoDraw = True
190.0900 	EXP 	Created sequence: sequential, trialTypes=1, nReps=1, seed=None
190.0908 	EXP 	New trial (rep=0, index=0): None
190.1052 	EXP 	delayImg: autoDraw = False
190.1052 	EXP 	text_3: autoDraw = False
190.1052 	EXP 	delayImg: autoDraw = False
190.1052 	EXP 	text_3: autoDraw = False
190.1052 	EXP 	text_2: autoDraw = True
191.5980 	DATA 	Keypress: space
191.6703 	EXP 	text_2: autoDraw = False
191.6703 	EXP 	choiceImg: image = 'img/odd_choice_4.png'
191.6703 	EXP 	choiceWarning: text = '16  for 100%              32  for 67%'
191.6703 	EXP 	choiceImg: autoDraw = True
191.6703 	EXP 	choiceWarning: autoDraw = True
191.6703 	EXP 	text_5: autoDraw = True
192.3066 	DATA 	Keypress: 1
192.3111 	EXP 	Created sequence: random, trialTypes=1, nReps=1, seed=None
192.3117 	EXP 	New trial (rep=0, index=0): None
192.3461 	EXP 	choiceImg: autoDraw = False
192.3461 	EXP 	choiceWarning: autoDraw = False
192.3461 	EXP 	text_5: autoDraw = False
192.3461 	EXP 	leftImg: image = 'img/odd_4_circle.png'
192.3461 	EXP 	leftImg: autoDraw = True
193.4188 	EXP 	leftImg: autoDraw = False
193.4188 	EXP 	leftImg: autoDraw = False
193.4188 	EXP 	rewardImgLeft: opacity = 1.0
193.4188 	EXP 	rewardImgLeft: image = 'img/4m&m.png'
193.4188 	EXP 	rewardText: text = 'You got it!'
193.4188 	EXP 	rewardImgLeft: autoDraw = True
193.4188 	EXP 	rewardText: autoDraw = True
194.3580 	EXP 	Created sequence: random, trialTypes=1, nReps=0, seed=None
194.3727 	EXP 	rewardImgLeft: autoDraw = False
194.3727 	EXP 	rewardText: autoDraw = False
194.3727 	EXP 	block4: opacity = 0.0
194.3727 	EXP 	block3: opacity = 0.0
194.3727 	EXP 	block2: opacity = 0.0
194.3727 	EXP 	block1: opacity = 1.0
194.3727 	EXP 	repeatText: text = 'total gain:248 \n You are in level:1\n press space to continue'
194.3727 	EXP 	block4: autoDraw = True
194.3727 	EXP 	block3: autoDraw = True
194.3727 	EXP 	block2: autoDraw = True
194.3727 	EXP 	block1: autoDraw = True
194.3727 	EXP 	repeatText: autoDraw = True
195.1326 	DATA 	Keypress: space
195.1536 	EXP 	Created sequence: random, trialTypes=1, nReps=0, seed=None
195.1566 	EXP 	New trial (rep=20, index=0): None
195.1575 	EXP 	Created sequence: random, trialTypes=1, nReps=0, seed=None
195.1582 	EXP 	Created sequence: sequential, trialTypes=1, nReps=0, seed=None
195.1589 	EXP 	Created sequence: sequential, trialTypes=1, nReps=0, seed=None
195.2102 	EXP 	block4: autoDraw = False
195.2102 	EXP 	block3: autoDraw = False
195.2102 	EXP 	block2: autoDraw = False
195.2102 	EXP 	block1: autoDraw = False
195.2102 	EXP 	repeatText: autoDraw = False
195.2102 	EXP 	choiceImg: image = 'img/even_choice_4.png'
195.2102 	EXP 	choiceWarning: text = '32  for 67%              14  for 100%'
195.2102 	EXP 	choiceImg: autoDraw = True
195.2102 	EXP 	choiceWarning: autoDraw = True
195.2102 	EXP 	text_5: autoDraw = True
200.5839 	DATA 	Keypress: 1
200.5964 	EXP 	Created sequence: random, trialTypes=1, nReps=1, seed=None
200.5970 	EXP 	New trial (rep=0, index=0): None
200.6515 	EXP 	choiceImg: autoDraw = False
200.6515 	EXP 	choiceWarning: autoDraw = False
200.6515 	EXP 	text_5: autoDraw = False
200.6515 	EXP 	leftImg: image = 'img/even_8_circle_4.png'
200.6515 	EXP 	leftImg: autoDraw = True
230.7358 	EXP 	leftImg: autoDraw = False
230.7358 	EXP 	leftImg: autoDraw = False
230.7358 	EXP 	rewardImgLeft: opacity = 1.0
230.7358 	EXP 	rewardImgLeft: image = 'img/8m&m.png'
230.7358 	EXP 	rewardText: text = 'You got it!'
230.7358 	EXP 	rewardImgLeft: autoDraw = True
230.7358 	EXP 	rewardText: autoDraw = True
231.3920 	DATA 	Keypress: space
231.6669 	EXP 	Created sequence: random, trialTypes=1, nReps=0, seed=None
231.6909 	EXP 	rewardImgLeft: autoDraw = False
231.6909 	EXP 	rewardText: autoDraw = False
231.6909 	EXP 	block4: opacity = 0.0
231.6909 	EXP 	block3: opacity = 0.0
231.6909 	EXP 	block2: opacity = 0.0
231.6909 	EXP 	block1: opacity = 1.0
231.6909 	EXP 	repeatText: text = 'total gain:280 \n You are in level:1\n press space to continue'
231.6909 	EXP 	block4: autoDraw = True
231.6909 	EXP 	block3: autoDraw = True
231.6909 	EXP 	block2: autoDraw = True
231.6909 	EXP 	block1: autoDraw = True
231.6909 	EXP 	repeatText: autoDraw = True
232.4333 	DATA 	Keypress: space
232.4456 	EXP 	Created sequence: random, trialTypes=1, nReps=0, seed=None
232.4486 	EXP 	New trial (rep=21, index=0): None
232.4495 	EXP 	Created sequence: random, trialTypes=1, nReps=0, seed=None
232.4502 	EXP 	Created sequence: sequential, trialTypes=1, nReps=0, seed=None
232.4508 	EXP 	Created sequence: sequential, trialTypes=1, nReps=0, seed=None
232.5024 	EXP 	block4: autoDraw = False
232.5024 	EXP 	block3: autoDraw = False
232.5024 	EXP 	block2: autoDraw = False
232.5024 	EXP 	block1: autoDraw = False
232.5024 	EXP 	repeatText: autoDraw = False
232.5024 	EXP 	choiceImg: image = 'img/odd_choice_4.png'
232.5024 	EXP 	choiceWarning: text = '16  for 100%              32  for 67%'
232.5024 	EXP 	choiceImg: autoDraw = True
232.5024 	EXP 	choiceWarning: autoDraw = True
232.5024 	EXP 	text_5: autoDraw = True
233.2500 	DATA 	Keypress: 1
233.2544 	EXP 	Created sequence: random, trialTypes=1, nReps=1, seed=None
233.2550 	EXP 	New trial (rep=0, index=0): None
233.3091 	EXP 	choiceImg: autoDraw = False
233.3091 	EXP 	choiceWarning: autoDraw = False
233.3091 	EXP 	text_5: autoDraw = False
233.3091 	EXP 	leftImg: image = 'img/odd_4_circle.png'
233.3091 	EXP 	leftImg: autoDraw = True
234.3824 	EXP 	leftImg: autoDraw = False
234.3824 	EXP 	leftImg: autoDraw = False
234.3824 	EXP 	rewardImgLeft: opacity = 1.0
234.3824 	EXP 	rewardImgLeft: image = 'img/4m&m.png'
234.3824 	EXP 	rewardText: text = 'You got it!'
234.3824 	EXP 	rewardImgLeft: autoDraw = True
234.3824 	EXP 	rewardText: autoDraw = True
235.3178 	EXP 	Created sequence: random, trialTypes=1, nReps=0, seed=None
235.3425 	EXP 	rewardImgLeft: autoDraw = False
235.3425 	EXP 	rewardText: autoDraw = False
235.3425 	EXP 	block4: opacity = 0.0
235.3425 	EXP 	block3: opacity = 0.0
235.3425 	EXP 	block2: opacity = 0.0
235.3425 	EXP 	block1: opacity = 1.0
235.3425 	EXP 	repeatText: text = 'total gain:296 \n You are in level:1\n press space to continue'
235.3425 	EXP 	block4: autoDraw = True
235.3425 	EXP 	block3: autoDraw = True
235.3425 	EXP 	block2: autoDraw = True
235.3425 	EXP 	block1: autoDraw = True
235.3425 	EXP 	repeatText: autoDraw = True
237.7347 	DATA 	Keypress: space
237.7481 	EXP 	Created sequence: random, trialTypes=1, nReps=0, seed=None
237.7510 	EXP 	New trial (rep=22, index=0): None
237.7519 	EXP 	Created sequence: random, trialTypes=1, nReps=0, seed=None
237.7526 	EXP 	Created sequence: sequential, trialTypes=1, nReps=0, seed=None
237.7533 	EXP 	Created sequence: sequential, trialTypes=1, nReps=0, seed=None
237.8048 	EXP 	block4: autoDraw = False
237.8048 	EXP 	block3: autoDraw = False
237.8048 	EXP 	block2: autoDraw = False
237.8048 	EXP 	block1: autoDraw = False
237.8048 	EXP 	repeatText: autoDraw = False
237.8048 	EXP 	choiceImg: image = 'img/even_choice_4.png'
237.8048 	EXP 	choiceWarning: text = '32  for 67%              14  for 100%'
237.8048 	EXP 	choiceImg: autoDraw = True
237.8048 	EXP 	choiceWarning: autoDraw = True
237.8048 	EXP 	text_5: autoDraw = True
239.1434 	DATA 	Keypress: 1
239.1554 	EXP 	Created sequence: random, trialTypes=1, nReps=1, seed=None
239.1560 	EXP 	New trial (rep=0, index=0): None
239.2132 	EXP 	choiceImg: autoDraw = False
239.2132 	EXP 	choiceWarning: autoDraw = False
239.2132 	EXP 	text_5: autoDraw = False
239.2132 	EXP 	leftImg: image = 'img/even_8_circle_4.png'
239.2132 	EXP 	leftImg: autoDraw = True
242.8275 	DATA 	Keypress: space
269.2954 	EXP 	leftImg: autoDraw = False
269.2954 	EXP 	leftImg: autoDraw = False
269.2954 	EXP 	rewardImgLeft: opacity = 1.0
269.2954 	EXP 	rewardImgLeft: image = 'img/8m&m.png'
269.2954 	EXP 	rewardText: text = 'You got it!'
269.2954 	EXP 	rewardImgLeft: autoDraw = True
269.2954 	EXP 	rewardText: autoDraw = True
270.2264 	EXP 	Created sequence: random, trialTypes=1, nReps=0, seed=None
270.2530 	EXP 	rewardImgLeft: autoDraw = False
270.2530 	EXP 	rewardText: autoDraw = False
270.2530 	EXP 	block4: opacity = 0.0
270.2530 	EXP 	block3: opacity = 0.0
270.2530 	EXP 	block2: opacity = 0.0
270.2530 	EXP 	block1: opacity = 1.0
270.2530 	EXP 	repeatText: text = 'total gain:328 \n You are in level:1\n press space to continue'
270.2530 	EXP 	block4: autoDraw = True
270.2530 	EXP 	block3: autoDraw = True
270.2530 	EXP 	block2: autoDraw = True
270.2530 	EXP 	block1: autoDraw = True
270.2530 	EXP 	repeatText: autoDraw = True
275.0599 	DATA 	Keypress: space
275.0722 	EXP 	Created sequence: random, trialTypes=1, nReps=0, seed=None
275.0752 	EXP 	New trial (rep=23, index=0): None
275.0761 	EXP 	Created sequence: random, trialTypes=1, nReps=0, seed=None
275.0768 	EXP 	Created sequence: sequential, trialTypes=1, nReps=0, seed=None
275.0774 	EXP 	Created sequence: sequential, trialTypes=1, nReps=0, seed=None
275.1305 	EXP 	block4: autoDraw = False
275.1305 	EXP 	block3: autoDraw = False
275.1305 	EXP 	block2: autoDraw = False
275.1305 	EXP 	block1: autoDraw = False
275.1305 	EXP 	repeatText: autoDraw = False
275.1305 	EXP 	choiceImg: image = 'img/odd_choice_4.png'
275.1305 	EXP 	choiceWarning: text = '16  for 100%              32  for 67%'
275.1305 	EXP 	choiceImg: autoDraw = True
275.1305 	EXP 	choiceWarning: autoDraw = True
275.1305 	EXP 	text_5: autoDraw = True
280.6704 	DATA 	Keypress: 1
280.6833 	EXP 	Created sequence: random, trialTypes=1, nReps=1, seed=None
280.6839 	EXP 	New trial (rep=0, index=0): None
280.7413 	EXP 	choiceImg: autoDraw = False
280.7413 	EXP 	choiceWarning: autoDraw = False
280.7413 	EXP 	text_5: autoDraw = False
280.7413 	EXP 	leftImg: image = 'img/odd_4_circle.png'
280.7413 	EXP 	leftImg: autoDraw = True
281.8100 	EXP 	leftImg: autoDraw = False
281.8100 	EXP 	leftImg: autoDraw = False
281.8100 	EXP 	rewardImgLeft: opacity = 1.0
281.8100 	EXP 	rewardImgLeft: image = 'img/4m&m.png'
281.8100 	EXP 	rewardText: text = 'You got it!'
281.8100 	EXP 	rewardImgLeft: autoDraw = True
281.8100 	EXP 	rewardText: autoDraw = True
282.7461 	EXP 	Created sequence: random, trialTypes=1, nReps=0, seed=None
282.7699 	EXP 	rewardImgLeft: autoDraw = False
282.7699 	EXP 	rewardText: autoDraw = False
282.7699 	EXP 	block4: opacity = 0.0
282.7699 	EXP 	block3: opacity = 0.0
282.7699 	EXP 	block2: opacity = 0.0
282.7699 	EXP 	block1: opacity = 1.0
282.7699 	EXP 	repeatText: text = 'total gain:344 \n You are in level:1\n press space to continue'
282.7699 	EXP 	block4: autoDraw = True
282.7699 	EXP 	block3: autoDraw = True
282.7699 	EXP 	block2: autoDraw = True
282.7699 	EXP 	block1: autoDraw = True
282.7699 	EXP 	repeatText: autoDraw = True
283.4793 	DATA 	Keypress: space
283.4923 	EXP 	Created sequence: random, trialTypes=1, nReps=0, seed=None
283.4953 	EXP 	New trial (rep=24, index=0): None
283.4962 	EXP 	Created sequence: random, trialTypes=1, nReps=0, seed=None
283.4968 	EXP 	Created sequence: sequential, trialTypes=1, nReps=0, seed=None
283.4975 	EXP 	Created sequence: sequential, trialTypes=1, nReps=0, seed=None
283.5501 	EXP 	block4: autoDraw = False
283.5501 	EXP 	block3: autoDraw = False
283.5501 	EXP 	block2: autoDraw = False
283.5501 	EXP 	block1: autoDraw = False
283.5501 	EXP 	repeatText: autoDraw = False
283.5501 	EXP 	choiceImg: image = 'img/even_choice_4.png'
283.5501 	EXP 	choiceWarning: text = '32  for 67%              15  for 100%'
283.5501 	EXP 	choiceImg: autoDraw = True
283.5501 	EXP 	choiceWarning: autoDraw = True
283.5501 	EXP 	text_5: autoDraw = True
285.0547 	DATA 	Keypress: 1
285.0675 	EXP 	Created sequence: random, trialTypes=1, nReps=1, seed=None
285.0682 	EXP 	New trial (rep=0, index=0): None
285.1218 	EXP 	choiceImg: autoDraw = False
285.1218 	EXP 	choiceWarning: autoDraw = False
285.1218 	EXP 	text_5: autoDraw = False
285.1218 	EXP 	leftImg: image = 'img/even_8_circle_4.png'
285.1218 	EXP 	leftImg: autoDraw = True
315.2102 	EXP 	leftImg: autoDraw = False
315.2102 	EXP 	leftImg: autoDraw = False
315.2102 	EXP 	rewardImgLeft: opacity = 0.0
315.2102 	EXP 	rewardImgLeft: image = 'img/8m&m.png'
315.2102 	EXP 	rewardText: text = 'You did not get it!'
315.2102 	EXP 	rewardImgLeft: autoDraw = True
315.2102 	EXP 	rewardText: autoDraw = True
316.1216 	EXP 	Created sequence: random, trialTypes=1, nReps=0, seed=None
316.1366 	EXP 	rewardImgLeft: autoDraw = False
316.1366 	EXP 	rewardText: autoDraw = False
316.1366 	EXP 	block4: opacity = 0.0
316.1366 	EXP 	block3: opacity = 0.0
316.1366 	EXP 	block2: opacity = 0.0
316.1366 	EXP 	block1: opacity = 1.0
316.1366 	EXP 	repeatText: text = 'total gain:344 \n You are in level:1\n press space to continue'
316.1366 	EXP 	block4: autoDraw = True
316.1366 	EXP 	block3: autoDraw = True
316.1366 	EXP 	block2: autoDraw = True
316.1366 	EXP 	block1: autoDraw = True
316.1366 	EXP 	repeatText: autoDraw = True
317.2462 	DATA 	Keypress: space
317.2624 	EXP 	Created sequence: random, trialTypes=1, nReps=0, seed=None
317.2635 	EXP 	New trial (rep=25, index=0): None
317.2638 	EXP 	Created sequence: random, trialTypes=1, nReps=0, seed=None
317.2640 	EXP 	Created sequence: sequential, trialTypes=1, nReps=0, seed=None
317.2642 	EXP 	Created sequence: sequential, trialTypes=1, nReps=0, seed=None
317.3015 	EXP 	block4: autoDraw = False
317.3015 	EXP 	block3: autoDraw = False
317.3015 	EXP 	block2: autoDraw = False
317.3015 	EXP 	block1: autoDraw = False
317.3015 	EXP 	repeatText: autoDraw = False
317.3015 	EXP 	choiceImg: image = 'img/odd_choice_4.png'
317.3015 	EXP 	choiceWarning: text = '16  for 100%              32  for 67%'
317.3015 	EXP 	choiceImg: autoDraw = True
317.3015 	EXP 	choiceWarning: autoDraw = True
317.3015 	EXP 	text_5: autoDraw = True
318.0962 	DATA 	Keypress: 1
318.1087 	EXP 	Created sequence: random, trialTypes=1, nReps=1, seed=None
318.1094 	EXP 	New trial (rep=0, index=0): None
318.1647 	EXP 	choiceImg: autoDraw = False
318.1647 	EXP 	choiceWarning: autoDraw = False
318.1647 	EXP 	text_5: autoDraw = False
318.1647 	EXP 	leftImg: image = 'img/odd_4_circle.png'
318.1647 	EXP 	leftImg: autoDraw = True
319.2358 	EXP 	leftImg: autoDraw = False
319.2358 	EXP 	leftImg: autoDraw = False
319.2358 	EXP 	rewardImgLeft: opacity = 1.0
319.2358 	EXP 	rewardImgLeft: image = 'img/4m&m.png'
319.2358 	EXP 	rewardText: text = 'You got it!'
319.2358 	EXP 	rewardImgLeft: autoDraw = True
319.2358 	EXP 	rewardText: autoDraw = True
320.1724 	EXP 	Created sequence: random, trialTypes=1, nReps=0, seed=None
320.1973 	EXP 	rewardImgLeft: autoDraw = False
320.1973 	EXP 	rewardText: autoDraw = False
320.1973 	EXP 	block4: opacity = 0.0
320.1973 	EXP 	block3: opacity = 0.0
320.1973 	EXP 	block2: opacity = 0.0
320.1973 	EXP 	block1: opacity = 1.0
320.1973 	EXP 	repeatText: text = 'total gain:360 \n You are in level:1\n press space to continue'
320.1973 	EXP 	block4: autoDraw = True
320.1973 	EXP 	block3: autoDraw = True
320.1973 	EXP 	block2: autoDraw = True
320.1973 	EXP 	block1: autoDraw = True
320.1973 	EXP 	repeatText: autoDraw = True
322.9642 	DATA 	Keypress: space
322.9845 	EXP 	Created sequence: random, trialTypes=1, nReps=1, seed=None
322.9851 	EXP 	New trial (rep=0, index=0): None
322.9944 	EXP 	block4: autoDraw = False
322.9944 	EXP 	block3: autoDraw = False
322.9944 	EXP 	block2: autoDraw = False
322.9944 	EXP 	block1: autoDraw = False
322.9944 	EXP 	repeatText: autoDraw = False
322.9944 	EXP 	text: text = 'This block has ended. \n \nTo start and experience the delay of the next block, press space.'
322.9944 	EXP 	text: autoDraw = True
324.5811 	DATA 	Keypress: space
324.5942 	EXP 	New trial (rep=26, index=0): None
324.5952 	EXP 	Created sequence: random, trialTypes=1, nReps=1, seed=None
324.5958 	EXP 	New trial (rep=0, index=0): None
324.6565 	EXP 	text: autoDraw = False
324.6565 	EXP 	fixImg: image = 'img/even_4_square.png'
324.6565 	EXP 	fixImg: autoDraw = True
324.6565 	EXP 	text_4: autoDraw = True
325.6579 	EXP 	Created sequence: sequential, trialTypes=1, nReps=1, seed=None
325.6586 	EXP 	New trial (rep=0, index=0): None
325.7204 	EXP 	fixImg: autoDraw = False
325.7204 	EXP 	text_4: autoDraw = False
325.7204 	EXP 	fixImg: autoDraw = False
325.7204 	EXP 	text_4: autoDraw = False
325.7204 	EXP 	delayImg: image = 'img/even_8_square_4.png'
325.7204 	EXP 	delayImg: autoDraw = True
325.7204 	EXP 	text_3: autoDraw = True
332.7084 	EXP 	Created sequence: sequential, trialTypes=1, nReps=1, seed=None
332.7091 	EXP 	New trial (rep=0, index=0): None
332.7234 	EXP 	delayImg: autoDraw = False
332.7234 	EXP 	text_3: autoDraw = False
332.7234 	EXP 	delayImg: autoDraw = False
332.7234 	EXP 	text_3: autoDraw = False
332.7234 	EXP 	text_2: autoDraw = True
334.9334 	DATA 	Keypress: space
335.0043 	EXP 	text_2: autoDraw = False
335.0043 	EXP 	choiceImg: image = 'img/even_choice_4.png'
335.0043 	EXP 	choiceWarning: text = '32  for 67%              16  for 100%'
335.0043 	EXP 	choiceImg: autoDraw = True
335.0043 	EXP 	choiceWarning: autoDraw = True
335.0043 	EXP 	text_5: autoDraw = True
336.2676 	DATA 	Keypress: 2
336.2798 	EXP 	Created sequence: random, trialTypes=1, nReps=0, seed=None
336.2806 	EXP 	Created sequence: random, trialTypes=1, nReps=1, seed=None
336.2813 	EXP 	New trial (rep=0, index=0): None
336.3376 	EXP 	choiceImg: autoDraw = False
336.3376 	EXP 	choiceWarning: autoDraw = False
336.3376 	EXP 	text_5: autoDraw = False
336.3376 	EXP 	rightImg: image = 'img/even_4_circle.png'
336.3376 	EXP 	rightImg: autoDraw = True
337.4065 	EXP 	rightImg: autoDraw = False
337.4065 	EXP 	rightImg: autoDraw = False
337.4065 	EXP 	rewardImgRight: opacity = 1.0
337.4065 	EXP 	rewardImgRight: image = 'img/4m&m.png'
337.4065 	EXP 	rightText: text = 'You got it!'
337.4065 	EXP 	rewardImgRight: autoDraw = True
337.4065 	EXP 	rightText: autoDraw = True
338.3670 	EXP 	rewardImgRight: autoDraw = False
338.3670 	EXP 	rightText: autoDraw = False
338.3670 	EXP 	block4: opacity = 0.0
338.3670 	EXP 	block3: opacity = 0.0
338.3670 	EXP 	block2: opacity = 0.0
338.3670 	EXP 	block1: opacity = 1.0
338.3670 	EXP 	repeatText: text = 'total gain:376 \n You are in level:1\n press space to continue'
338.3670 	EXP 	block4: autoDraw = True
338.3670 	EXP 	block3: autoDraw = True
338.3670 	EXP 	block2: autoDraw = True
338.3670 	EXP 	block1: autoDraw = True
338.3670 	EXP 	repeatText: autoDraw = True
340.3517 	DATA 	Keypress: space
340.3722 	EXP 	Created sequence: random, trialTypes=1, nReps=0, seed=None
340.3752 	EXP 	New trial (rep=27, index=0): None
340.3761 	EXP 	Created sequence: random, trialTypes=1, nReps=0, seed=None
340.3768 	EXP 	Created sequence: sequential, trialTypes=1, nReps=0, seed=None
340.3774 	EXP 	Created sequence: sequential, trialTypes=1, nReps=0, seed=None
340.4313 	EXP 	block4: autoDraw = False
340.4313 	EXP 	block3: autoDraw = False
340.4313 	EXP 	block2: autoDraw = False
340.4313 	EXP 	block1: autoDraw = False
340.4313 	EXP 	repeatText: autoDraw = False
340.4313 	EXP 	choiceImg: image = 'img/odd_choice_4.png'
340.4313 	EXP 	choiceWarning: text = '14  for 100%              32  for 67%'
340.4313 	EXP 	choiceImg: autoDraw = True
340.4313 	EXP 	choiceWarning: autoDraw = True
340.4313 	EXP 	text_5: autoDraw = True
341.8357 	DATA 	Keypress: 2
341.9497 	EXP 	window1: mouseVisible = True
