0.3837 	WARNING 	We strongly recommend you activate the PTB sound engine in PsychoPy prefs as the preferred audio engine. Its timing is vastly superior. Your prefs are currently set to use ['sounddevice', 'PTB', 'pyo', 'pygame'] (in that order).
0.9762 	WARNING 	Import Error: No module named 'psychtoolbox'. Using event module for keyboard component.
3.7689 	WARNING 	User requested fullscreen with size [1536  864], but screen is actually [1920, 1080]. Using actual size
4.3251 	EXP 	Created window1 = Window(allowGUI=False, allowStencil=False, args=UNKNOWN, autoLog=True, bitsMode=UNKNOWN, blendMode='avg', bpc=(8, 8, 8), color=array([0., 0., 0.]), colorSpace='rgb', depthBits=8, fullscr=<method-wrapper '__getattribute__' of attributeSetter object at 0x7f32f140f610>, gamma=None, gammaErrorPolicy='raise', kwargs=UNKNOWN, lms=UNKNOWN, monitor=<psychopy.monitors.calibTools.Monitor object at 0x7f32ea30c430>, multiSample=False, name='window1', numSamples=2, pos=[0.0, 0.0], screen=0, size=array([1920, 1080]), stencilBits=0, stereo=False, units='height', useFBO=True, useRetina=False, viewOri=0.0, viewPos=None, viewScale=None, waitBlanking=True, winType='pyglet')
4.3255 	EXP 	window1: mouseVisible = True
4.3256 	EXP 	window1: recordFrameIntervals = False
4.4897 	EXP 	window1: recordFrameIntervals = True
4.6736 	EXP 	window1: recordFrameIntervals = False
4.7519 	EXP 	Created Intro_1 = TextStim(__class__=<class 'psychopy.visual.text.TextStim'>, alignHoriz=method-wrapper(...), alignText='center', alignVert=method-wrapper(...), anchorHoriz='center', anchorVert='center', antialias=True, autoLog=True, bold=False, color='white', colorSpace='named', contrast=1.0, depth=0.0, flipHoriz=False, flipVert=False, font='Arial', fontFiles=[], height=0.03, italic=False, languageStyle='LTR', name='Intro_1', opacity=1.0, ori=0, pos=array([0., 0.]), rgb=array([255., 255., 255.]), text=str(...), units='height', win=Window(...), wrapWidth=1)
4.7543 	EXP 	Created fixImg = ImageStim(__class__=<class 'psychopy.visual.image.ImageStim'>, autoLog=True, color=array([1., 1., 1.]), colorSpace='rgb', contrast=1.0, depth=0.0, flipHoriz=False, flipVert=False, image='sin', interpolate=True, mask=None, maskParams=None, name='fixImg', opacity=1.0, ori=0.0, pos=array([0., 0.]), size=array([1.8, 1. ]), texRes=128, units='height', win=Window(...))
4.7569 	EXP 	Created text_4 = TextStim(__class__=<class 'psychopy.visual.text.TextStim'>, alignHoriz=method-wrapper(...), alignText='center', alignVert=method-wrapper(...), anchorHoriz='center', anchorVert='center', antialias=True, autoLog=True, bold=False, color='red', colorSpace='named', contrast=1.0, depth=-1.0, flipHoriz=False, flipVert=False, font='Arial', fontFiles=[], height=0.03, italic=False, languageStyle='LTR', name='text_4', opacity=1.0, ori=0, pos=array([ 0. , -0.4]), rgb=array([255.,   0.,   0.]), text='Please wait, you are expriencing the delay!', units='height', win=Window(...), wrapWidth=1)
4.7580 	EXP 	Created delayImg = ImageStim(__class__=<class 'psychopy.visual.image.ImageStim'>, autoLog=True, color=array([1., 1., 1.]), colorSpace='rgb', contrast=1.0, depth=0.0, flipHoriz=False, flipVert=False, image='sin', interpolate=True, mask=None, maskParams=None, name='delayImg', opacity=1.0, ori=0.0, pos=array([0., 0.]), size=array([1.8, 1. ]), texRes=128, units='height', win=Window(...))
4.7600 	EXP 	Created text_3 = TextStim(__class__=<class 'psychopy.visual.text.TextStim'>, alignHoriz=method-wrapper(...), alignText='center', alignVert=method-wrapper(...), anchorHoriz='center', anchorVert='center', antialias=True, autoLog=True, bold=False, color='red', colorSpace='named', contrast=1.0, depth=-1.0, flipHoriz=False, flipVert=False, font='Arial', fontFiles=[], height=0.03, italic=False, languageStyle='LTR', name='text_3', opacity=1.0, ori=0, pos=array([ 0. , -0.4]), rgb=array([255.,   0.,   0.]), text='Please wait, you are expriencing the delay!', units='height', win=Window(...), wrapWidth=1)
4.7632 	EXP 	Created text_2 = TextStim(__class__=<class 'psychopy.visual.text.TextStim'>, alignHoriz=method-wrapper(...), alignText='center', alignVert=method-wrapper(...), anchorHoriz='center', anchorVert='center', antialias=True, autoLog=True, bold=False, color='white', colorSpace='named', contrast=1.0, depth=0.0, flipHoriz=False, flipVert=False, font='Arial', fontFiles=[], height=0.03, italic=False, languageStyle='LTR', name='text_2', opacity=1.0, ori=0, pos=array([0., 0.]), rgb=array([255., 255., 255.]), text=str(...), units='height', win=Window(...), wrapWidth=1)
4.7643 	EXP 	Created choiceImg = ImageStim(__class__=<class 'psychopy.visual.image.ImageStim'>, autoLog=True, color=array([1., 1., 1.]), colorSpace='rgb', contrast=1.0, depth=0.0, flipHoriz=False, flipVert=False, image='sin', interpolate=True, mask=None, maskParams=None, name='choiceImg', opacity=1.0, ori=0.0, pos=array([0., 0.]), size=array([1.8, 1. ]), texRes=128, units='height', win=Window(...))
4.7719 	EXP 	Created choiceWarning = TextStim(__class__=<class 'psychopy.visual.text.TextStim'>, alignHoriz=method-wrapper(...), alignText='center', alignVert=method-wrapper(...), anchorHoriz='center', anchorVert='center', antialias=True, autoLog=True, bold=False, color='red', colorSpace='named', contrast=1.0, depth=-2.0, flipHoriz=False, flipVert=False, font='Arial', fontFiles=[], height=0.05, italic=False, languageStyle='LTR', name='choiceWarning', opacity=1.0, ori=0, pos=array([ 0. , -0.3]), rgb=array([255.,   0.,   0.]), text='default text', units='height', win=Window(...), wrapWidth=1)
4.7749 	EXP 	Created text_5 = TextStim(__class__=<class 'psychopy.visual.text.TextStim'>, alignHoriz=method-wrapper(...), alignText='center', alignVert=method-wrapper(...), anchorHoriz='center', anchorVert='center', antialias=True, autoLog=True, bold=False, color='red', colorSpace='named', contrast=1.0, depth=-4.0, flipHoriz=False, flipVert=False, font='Arial', fontFiles=[], height=0.03, italic=False, languageStyle='LTR', name='text_5', opacity=1.0, ori=0, pos=array([ 0.  , -0.35]), rgb=array([255.,   0.,   0.]), text=str(...), units='height', win=Window(...), wrapWidth=1)
4.7760 	EXP 	Created leftImg = ImageStim(__class__=<class 'psychopy.visual.image.ImageStim'>, autoLog=True, color=array([1., 1., 1.]), colorSpace='rgb', contrast=1.0, depth=0.0, flipHoriz=False, flipVert=False, image='sin', interpolate=True, mask=None, maskParams=None, name='leftImg', opacity=1.0, ori=0.0, pos=array([0., 0.]), size=array([1.8, 1. ]), texRes=128, units='height', win=Window(...))
4.7771 	EXP 	Created rewardImgLeft = ImageStim(__class__=<class 'psychopy.visual.image.ImageStim'>, autoLog=True, color=array([1., 1., 1.]), colorSpace='rgb', contrast=1.0, depth=0.0, flipHoriz=False, flipVert=False, image='sin', interpolate=True, mask=None, maskParams=None, name='rewardImgLeft', opacity=1.0, ori=0.0, pos=array([0., 0.]), size=array([1.8, 1. ]), texRes=128, units='height', win=Window(...))
4.7839 	EXP 	Created rewardText = TextStim(__class__=<class 'psychopy.visual.text.TextStim'>, alignHoriz=method-wrapper(...), alignText='center', alignVert=method-wrapper(...), anchorHoriz='center', anchorVert='center', antialias=True, autoLog=True, bold=False, color='red', colorSpace='named', contrast=1.0, depth=-1.0, flipHoriz=False, flipVert=False, font='Arial', fontFiles=[], height=0.1, italic=False, languageStyle='LTR', name='rewardText', opacity=1.0, ori=0, pos=array([0., 0.]), rgb=array([255.,   0.,   0.]), text='default text', units='height', win=Window(...), wrapWidth=1)
4.7850 	EXP 	Created rightImg = ImageStim(__class__=<class 'psychopy.visual.image.ImageStim'>, autoLog=True, color=array([1., 1., 1.]), colorSpace='rgb', contrast=1.0, depth=0.0, flipHoriz=False, flipVert=False, image='sin', interpolate=True, mask=None, maskParams=None, name='rightImg', opacity=1.0, ori=0.0, pos=array([0., 0.]), size=array([1.8, 1. ]), texRes=128, units='height', win=Window(...))
4.7860 	EXP 	Created rewardImgRight = ImageStim(__class__=<class 'psychopy.visual.image.ImageStim'>, autoLog=True, color=array([1., 1., 1.]), colorSpace='rgb', contrast=1.0, depth=0.0, flipHoriz=False, flipVert=False, image='sin', interpolate=True, mask=None, maskParams=None, name='rewardImgRight', opacity=1.0, ori=0.0, pos=array([0., 0.]), size=array([1.8, 1. ]), texRes=128, units='height', win=Window(...))
4.7874 	EXP 	Created rightText = TextStim(__class__=<class 'psychopy.visual.text.TextStim'>, alignHoriz=method-wrapper(...), alignText='center', alignVert=method-wrapper(...), anchorHoriz='center', anchorVert='center', antialias=True, autoLog=True, bold=False, color='red', colorSpace='named', contrast=1.0, depth=-1.0, flipHoriz=False, flipVert=False, font='Arial', fontFiles=[], height=0.1, italic=False, languageStyle='LTR', name='rightText', opacity=1.0, ori=0, pos=array([0., 0.]), rgb=array([255.,   0.,   0.]), text='default text', units='height', win=Window(...), wrapWidth=1)
4.7912 	EXP 	Created block4 = ImageStim(__class__=<class 'psychopy.visual.image.ImageStim'>, autoLog=True, color=array([1., 1., 1.]), colorSpace='rgb', contrast=1.0, depth=0.0, flipHoriz=False, flipVert=False, image='img/coffee.jpeg', interpolate=True, mask=None, maskParams=None, name='block4', opacity=1.0, ori=0.0, pos=array([ 0.5, -0.2]), size=array([0.35, 0.35]), texRes=128, units='height', win=Window(...))
4.7933 	EXP 	Created block3 = ImageStim(__class__=<class 'psychopy.visual.image.ImageStim'>, autoLog=True, color=array([1., 1., 1.]), colorSpace='rgb', contrast=1.0, depth=-1.0, flipHoriz=False, flipVert=False, image='img/cake.jpeg', interpolate=True, mask=None, maskParams=None, name='block3', opacity=1.0, ori=0.0, pos=array([0.5, 0.2]), size=array([0.35, 0.35]), texRes=128, units='height', win=Window(...))
4.7952 	EXP 	Created block2 = ImageStim(__class__=<class 'psychopy.visual.image.ImageStim'>, autoLog=True, color=array([1., 1., 1.]), colorSpace='rgb', contrast=1.0, depth=-2.0, flipHoriz=False, flipVert=False, image='img/gummi.jpeg', interpolate=True, mask=None, maskParams=None, name='block2', opacity=1.0, ori=0.0, pos=array([-0.5, -0.2]), size=array([0.35, 0.35]), texRes=128, units='height', win=Window(...))
4.8117 	EXP 	Created block1 = ImageStim(__class__=<class 'psychopy.visual.image.ImageStim'>, autoLog=True, color=array([1., 1., 1.]), colorSpace='rgb', contrast=1.0, depth=-3.0, flipHoriz=False, flipVert=False, image='img/tea.jpeg', interpolate=True, mask=None, maskParams=None, name='block1', opacity=1.0, ori=0.0, pos=array([-0.5,  0.2]), size=array([0.35, 0.35]), texRes=128, units='height', win=Window(...))
4.8496 	EXP 	Created repeatText = TextStim(__class__=<class 'psychopy.visual.text.TextStim'>, alignHoriz=method-wrapper(...), alignText='center', alignVert=method-wrapper(...), anchorHoriz='center', anchorVert='center', antialias=True, autoLog=True, bold=False, color='white', colorSpace='named', contrast=1.0, depth=-4.0, flipHoriz=False, flipVert=False, font='Arial', fontFiles=[], height=0.05, italic=False, languageStyle='LTR', name='repeatText', opacity=1.0, ori=0, pos=array([0., 0.]), rgb=array([255., 255., 255.]), text='default text', units='height', win=Window(...), wrapWidth=1)
4.8615 	EXP 	Created text = TextStim(__class__=<class 'psychopy.visual.text.TextStim'>, alignHoriz=method-wrapper(...), alignText='center', alignVert=method-wrapper(...), anchorHoriz='center', anchorVert='center', antialias=True, autoLog=True, bold=False, color='white', colorSpace='named', contrast=1.0, depth=0.0, flipHoriz=False, flipVert=False, font='Arial', fontFiles=[], height=0.03, italic=False, languageStyle='LTR', name='text', opacity=1.0, ori=0, pos=array([0., 0.]), rgb=array([255., 255., 255.]), text=str(...), units='height', win=Window(...), wrapWidth=1)
4.8663 	EXP 	Created endText = TextStim(__class__=<class 'psychopy.visual.text.TextStim'>, alignHoriz=method-wrapper(...), alignText='center', alignVert=method-wrapper(...), anchorHoriz='center', anchorVert='center', antialias=True, autoLog=True, bold=False, color='white', colorSpace='named', contrast=1.0, depth=0.0, flipHoriz=False, flipVert=False, font='Arial', fontFiles=[], height=0.05, italic=False, languageStyle='LTR', name='endText', opacity=1.0, ori=0, pos=array([0., 0.]), rgb=array([255., 255., 255.]), text=str(...), units='height', win=Window(...), wrapWidth=1)
4.8753 	EXP 	Intro_1: autoDraw = True
5.5163 	DATA 	Keypress: space
5.5259 	EXP 	Created sequence: sequential, trialTypes=1, nReps=200, seed=None
5.5290 	EXP 	New trial (rep=0, index=0): None
5.5301 	EXP 	Created sequence: random, trialTypes=1, nReps=1, seed=None
5.5307 	EXP 	New trial (rep=0, index=0): None
5.5950 	EXP 	Intro_1: autoDraw = False
5.5950 	EXP 	fixImg: image = 'img/even_4_square.png'
5.5950 	EXP 	fixImg: autoDraw = True
5.5950 	EXP 	text_4: autoDraw = True
6.5932 	EXP 	Created sequence: sequential, trialTypes=1, nReps=1, seed=None
6.5939 	EXP 	New trial (rep=0, index=0): None
6.6583 	EXP 	fixImg: autoDraw = False
6.6583 	EXP 	text_4: autoDraw = False
6.6583 	EXP 	fixImg: autoDraw = False
6.6583 	EXP 	text_4: autoDraw = False
6.6583 	EXP 	delayImg: image = 'img/even_8_square_4.png'
6.6583 	EXP 	delayImg: autoDraw = True
6.6583 	EXP 	text_3: autoDraw = True
9.6428 	EXP 	Created sequence: sequential, trialTypes=1, nReps=1, seed=None
9.6436 	EXP 	New trial (rep=0, index=0): None
9.6582 	EXP 	delayImg: autoDraw = False
9.6582 	EXP 	text_3: autoDraw = False
9.6582 	EXP 	delayImg: autoDraw = False
9.6582 	EXP 	text_3: autoDraw = False
9.6582 	EXP 	text_2: autoDraw = True
12.0675 	DATA 	Keypress: space
12.1444 	EXP 	text_2: autoDraw = False
12.1444 	EXP 	choiceImg: image = 'img/even_choice_4.png'
12.1444 	EXP 	choiceWarning: text = '32  for 67%              16  for 100%'
12.1444 	EXP 	choiceImg: autoDraw = True
12.1444 	EXP 	choiceWarning: autoDraw = True
12.1444 	EXP 	text_5: autoDraw = True
17.5274 	DATA 	Keypress: 1
17.5298 	EXP 	Created sequence: random, trialTypes=1, nReps=1, seed=None
17.5301 	EXP 	New trial (rep=0, index=0): None
17.5705 	EXP 	choiceImg: autoDraw = False
17.5705 	EXP 	choiceWarning: autoDraw = False
17.5705 	EXP 	text_5: autoDraw = False
17.5705 	EXP 	leftImg: image = 'img/even_8_circle_4.png'
17.5705 	EXP 	leftImg: autoDraw = True
20.6537 	EXP 	leftImg: autoDraw = False
20.6537 	EXP 	leftImg: autoDraw = False
20.6537 	EXP 	rewardImgLeft: opacity = 1.0
20.6537 	EXP 	rewardImgLeft: image = 'img/8m&m.png'
20.6537 	EXP 	rewardText: text = 'You got it!'
20.6537 	EXP 	rewardImgLeft: autoDraw = True
20.6537 	EXP 	rewardText: autoDraw = True
21.5624 	EXP 	Created sequence: random, trialTypes=1, nReps=0, seed=None
21.5935 	EXP 	rewardImgLeft: autoDraw = False
21.5935 	EXP 	rewardText: autoDraw = False
21.5935 	EXP 	block4: opacity = 0.0
21.5935 	EXP 	block3: opacity = 0.0
21.5935 	EXP 	block2: opacity = 0.0
21.5935 	EXP 	block1: opacity = 0.0
21.5935 	EXP 	repeatText: text = 'total gain:32. You are in level:0.               press space to continue'
21.5935 	EXP 	block4: autoDraw = True
21.5935 	EXP 	block3: autoDraw = True
21.5935 	EXP 	block2: autoDraw = True
21.5935 	EXP 	block1: autoDraw = True
21.5935 	EXP 	repeatText: autoDraw = True
23.6963 	DATA 	Keypress: space
23.7125 	EXP 	Created sequence: random, trialTypes=1, nReps=0, seed=None
23.7155 	EXP 	New trial (rep=1, index=0): None
23.7164 	EXP 	Created sequence: random, trialTypes=1, nReps=0, seed=None
23.7171 	EXP 	Created sequence: sequential, trialTypes=1, nReps=0, seed=None
23.7177 	EXP 	Created sequence: sequential, trialTypes=1, nReps=0, seed=None
23.7639 	EXP 	block4: autoDraw = False
23.7639 	EXP 	block3: autoDraw = False
23.7639 	EXP 	block2: autoDraw = False
23.7639 	EXP 	block1: autoDraw = False
23.7639 	EXP 	repeatText: autoDraw = False
23.7639 	EXP 	choiceImg: image = 'img/odd_choice_4.png'
23.7639 	EXP 	choiceWarning: text = '18  for 100%              32  for 67%'
23.7639 	EXP 	choiceImg: autoDraw = True
23.7639 	EXP 	choiceWarning: autoDraw = True
23.7639 	EXP 	text_5: autoDraw = True
27.1301 	DATA 	Keypress: 1
27.1349 	EXP 	Created sequence: random, trialTypes=1, nReps=1, seed=None
27.1356 	EXP 	New trial (rep=0, index=0): None
27.1911 	EXP 	choiceImg: autoDraw = False
27.1911 	EXP 	choiceWarning: autoDraw = False
27.1911 	EXP 	text_5: autoDraw = False
27.1911 	EXP 	leftImg: image = 'img/odd_4_circle.png'
27.1911 	EXP 	leftImg: autoDraw = True
28.2612 	EXP 	leftImg: autoDraw = False
28.2612 	EXP 	leftImg: autoDraw = False
28.2612 	EXP 	rewardImgLeft: opacity = 1.0
28.2612 	EXP 	rewardImgLeft: image = 'img/4m&m.png'
28.2612 	EXP 	rewardText: text = 'You got it!'
28.2612 	EXP 	rewardImgLeft: autoDraw = True
28.2612 	EXP 	rewardText: autoDraw = True
29.1975 	EXP 	Created sequence: random, trialTypes=1, nReps=0, seed=None
29.2248 	EXP 	rewardImgLeft: autoDraw = False
29.2248 	EXP 	rewardText: autoDraw = False
29.2248 	EXP 	block4: opacity = 0.0
29.2248 	EXP 	block3: opacity = 0.0
29.2248 	EXP 	block2: opacity = 0.0
29.2248 	EXP 	block1: opacity = 0.0
29.2248 	EXP 	repeatText: text = 'total gain:50. You are in level:0.               press space to continue'
29.2248 	EXP 	block4: autoDraw = True
29.2248 	EXP 	block3: autoDraw = True
29.2248 	EXP 	block2: autoDraw = True
29.2248 	EXP 	block1: autoDraw = True
29.2248 	EXP 	repeatText: autoDraw = True
30.0973 	DATA 	Keypress: space
30.1111 	EXP 	Created sequence: random, trialTypes=1, nReps=0, seed=None
30.1140 	EXP 	New trial (rep=2, index=0): None
30.1150 	EXP 	Created sequence: random, trialTypes=1, nReps=0, seed=None
30.1156 	EXP 	Created sequence: sequential, trialTypes=1, nReps=0, seed=None
30.1163 	EXP 	Created sequence: sequential, trialTypes=1, nReps=0, seed=None
30.1683 	EXP 	block4: autoDraw = False
30.1683 	EXP 	block3: autoDraw = False
30.1683 	EXP 	block2: autoDraw = False
30.1683 	EXP 	block1: autoDraw = False
30.1683 	EXP 	repeatText: autoDraw = False
30.1683 	EXP 	choiceImg: image = 'img/even_choice_4.png'
30.1683 	EXP 	choiceWarning: text = '32  for 67%              16  for 100%'
30.1683 	EXP 	choiceImg: autoDraw = True
30.1683 	EXP 	choiceWarning: autoDraw = True
30.1683 	EXP 	text_5: autoDraw = True
34.1068 	DATA 	Keypress: 1
34.1209 	EXP 	Created sequence: random, trialTypes=1, nReps=1, seed=None
34.1216 	EXP 	New trial (rep=0, index=0): None
34.1794 	EXP 	choiceImg: autoDraw = False
34.1794 	EXP 	choiceWarning: autoDraw = False
34.1794 	EXP 	text_5: autoDraw = False
34.1794 	EXP 	leftImg: image = 'img/even_8_circle_4.png'
34.1794 	EXP 	leftImg: autoDraw = True
37.2543 	EXP 	leftImg: autoDraw = False
37.2543 	EXP 	leftImg: autoDraw = False
37.2543 	EXP 	rewardImgLeft: opacity = 1.0
37.2543 	EXP 	rewardImgLeft: image = 'img/8m&m.png'
37.2543 	EXP 	rewardText: text = 'You got it!'
37.2543 	EXP 	rewardImgLeft: autoDraw = True
37.2543 	EXP 	rewardText: autoDraw = True
38.1672 	EXP 	Created sequence: random, trialTypes=1, nReps=0, seed=None
38.1928 	EXP 	rewardImgLeft: autoDraw = False
38.1928 	EXP 	rewardText: autoDraw = False
38.1928 	EXP 	block4: opacity = 0.0
38.1928 	EXP 	block3: opacity = 0.0
38.1928 	EXP 	block2: opacity = 0.0
38.1928 	EXP 	block1: opacity = 0.0
38.1928 	EXP 	repeatText: text = 'total gain:82. You are in level:0.               press space to continue'
38.1928 	EXP 	block4: autoDraw = True
38.1928 	EXP 	block3: autoDraw = True
38.1928 	EXP 	block2: autoDraw = True
38.1928 	EXP 	block1: autoDraw = True
38.1928 	EXP 	repeatText: autoDraw = True
40.6004 	DATA 	Keypress: space
40.6141 	EXP 	Created sequence: random, trialTypes=1, nReps=0, seed=None
40.6170 	EXP 	New trial (rep=3, index=0): None
40.6179 	EXP 	Created sequence: random, trialTypes=1, nReps=0, seed=None
40.6186 	EXP 	Created sequence: sequential, trialTypes=1, nReps=0, seed=None
40.6193 	EXP 	Created sequence: sequential, trialTypes=1, nReps=0, seed=None
40.6712 	EXP 	block4: autoDraw = False
40.6712 	EXP 	block3: autoDraw = False
40.6712 	EXP 	block2: autoDraw = False
40.6712 	EXP 	block1: autoDraw = False
40.6712 	EXP 	repeatText: autoDraw = False
40.6712 	EXP 	choiceImg: image = 'img/odd_choice_4.png'
40.6712 	EXP 	choiceWarning: text = '18  for 100%              32  for 67%'
40.6712 	EXP 	choiceImg: autoDraw = True
40.6712 	EXP 	choiceWarning: autoDraw = True
40.6712 	EXP 	text_5: autoDraw = True
48.0769 	DATA 	Keypress: 1
48.0900 	EXP 	Created sequence: random, trialTypes=1, nReps=1, seed=None
48.0909 	EXP 	New trial (rep=0, index=0): None
48.1457 	EXP 	choiceImg: autoDraw = False
48.1457 	EXP 	choiceWarning: autoDraw = False
48.1457 	EXP 	text_5: autoDraw = False
48.1457 	EXP 	leftImg: image = 'img/odd_4_circle.png'
48.1457 	EXP 	leftImg: autoDraw = True
49.2175 	EXP 	leftImg: autoDraw = False
49.2175 	EXP 	leftImg: autoDraw = False
49.2175 	EXP 	rewardImgLeft: opacity = 1.0
49.2175 	EXP 	rewardImgLeft: image = 'img/4m&m.png'
49.2175 	EXP 	rewardText: text = 'You got it!'
49.2175 	EXP 	rewardImgLeft: autoDraw = True
49.2175 	EXP 	rewardText: autoDraw = True
50.1531 	EXP 	Created sequence: random, trialTypes=1, nReps=0, seed=None
50.1795 	EXP 	rewardImgLeft: autoDraw = False
50.1795 	EXP 	rewardText: autoDraw = False
50.1795 	EXP 	block4: opacity = 0.0
50.1795 	EXP 	block3: opacity = 0.0
50.1795 	EXP 	block2: opacity = 0.0
50.1795 	EXP 	block1: opacity = 0.0
50.1795 	EXP 	repeatText: text = 'total gain:0. You are in level:0.               press space to continue'
50.1795 	EXP 	block4: autoDraw = True
50.1795 	EXP 	block3: autoDraw = True
50.1795 	EXP 	block2: autoDraw = True
50.1795 	EXP 	block1: autoDraw = True
50.1795 	EXP 	repeatText: autoDraw = True
55.2717 	DATA 	Keypress: space
55.2850 	EXP 	Created sequence: random, trialTypes=1, nReps=0, seed=None
55.2880 	EXP 	New trial (rep=4, index=0): None
55.2889 	EXP 	Created sequence: random, trialTypes=1, nReps=0, seed=None
55.2896 	EXP 	Created sequence: sequential, trialTypes=1, nReps=0, seed=None
55.2902 	EXP 	Created sequence: sequential, trialTypes=1, nReps=0, seed=None
55.3407 	EXP 	block4: autoDraw = False
55.3407 	EXP 	block3: autoDraw = False
55.3407 	EXP 	block2: autoDraw = False
55.3407 	EXP 	block1: autoDraw = False
55.3407 	EXP 	repeatText: autoDraw = False
55.3407 	EXP 	choiceImg: image = 'img/even_choice_4.png'
55.3407 	EXP 	choiceWarning: text = '32  for 67%              16  for 100%'
55.3407 	EXP 	choiceImg: autoDraw = True
55.3407 	EXP 	choiceWarning: autoDraw = True
55.3407 	EXP 	text_5: autoDraw = True
60.2053 	DATA 	Keypress: space
60.5391 	DATA 	Keypress: 1
60.5438 	EXP 	Created sequence: random, trialTypes=1, nReps=1, seed=None
60.5444 	EXP 	New trial (rep=0, index=0): None
60.6038 	EXP 	choiceImg: autoDraw = False
60.6038 	EXP 	choiceWarning: autoDraw = False
60.6038 	EXP 	text_5: autoDraw = False
60.6038 	EXP 	leftImg: image = 'img/even_8_circle_4.png'
60.6038 	EXP 	leftImg: autoDraw = True
61.6782 	EXP 	leftImg: autoDraw = False
61.6782 	EXP 	leftImg: autoDraw = False
61.6782 	EXP 	rewardImgLeft: opacity = 1.0
61.6782 	EXP 	rewardImgLeft: image = 'img/8m&m.png'
61.6782 	EXP 	rewardText: text = 'You got it!'
61.6782 	EXP 	rewardImgLeft: autoDraw = True
61.6782 	EXP 	rewardText: autoDraw = True
62.5901 	EXP 	Created sequence: random, trialTypes=1, nReps=0, seed=None
62.6157 	EXP 	rewardImgLeft: autoDraw = False
62.6157 	EXP 	rewardText: autoDraw = False
62.6157 	EXP 	block4: opacity = 0.0
62.6157 	EXP 	block3: opacity = 0.0
62.6157 	EXP 	block2: opacity = 0.0
62.6157 	EXP 	block1: opacity = 0.0
62.6157 	EXP 	repeatText: text = 'total gain:32. You are in level:0.               press space to continue'
62.6157 	EXP 	block4: autoDraw = True
62.6157 	EXP 	block3: autoDraw = True
62.6157 	EXP 	block2: autoDraw = True
62.6157 	EXP 	block1: autoDraw = True
62.6157 	EXP 	repeatText: autoDraw = True
65.4570 	DATA 	Keypress: space
65.4651 	EXP 	Created sequence: random, trialTypes=1, nReps=0, seed=None
65.4663 	EXP 	New trial (rep=5, index=0): None
65.4667 	EXP 	Created sequence: random, trialTypes=1, nReps=0, seed=None
65.4670 	EXP 	Created sequence: sequential, trialTypes=1, nReps=0, seed=None
65.4672 	EXP 	Created sequence: sequential, trialTypes=1, nReps=0, seed=None
65.5086 	EXP 	block4: autoDraw = False
65.5086 	EXP 	block3: autoDraw = False
65.5086 	EXP 	block2: autoDraw = False
65.5086 	EXP 	block1: autoDraw = False
65.5086 	EXP 	repeatText: autoDraw = False
65.5086 	EXP 	choiceImg: image = 'img/odd_choice_4.png'
65.5086 	EXP 	choiceWarning: text = '17  for 100%              32  for 67%'
65.5086 	EXP 	choiceImg: autoDraw = True
65.5086 	EXP 	choiceWarning: autoDraw = True
65.5086 	EXP 	text_5: autoDraw = True
68.5160 	DATA 	Keypress: 2
68.5286 	EXP 	Created sequence: random, trialTypes=1, nReps=0, seed=None
68.5295 	EXP 	Created sequence: random, trialTypes=1, nReps=1, seed=None
68.5300 	EXP 	New trial (rep=0, index=0): None
68.5889 	EXP 	choiceImg: autoDraw = False
68.5889 	EXP 	choiceWarning: autoDraw = False
68.5889 	EXP 	text_5: autoDraw = False
68.5889 	EXP 	rightImg: image = 'img/odd_8_circle_4.png'
68.5889 	EXP 	rightImg: autoDraw = True
69.6653 	EXP 	rightImg: autoDraw = False
69.6653 	EXP 	rightImg: autoDraw = False
69.6653 	EXP 	rewardImgRight: opacity = 1.0
69.6653 	EXP 	rewardImgRight: image = 'img/8m&m.png'
69.6653 	EXP 	rightText: text = 'You got it!'
69.6653 	EXP 	rewardImgRight: autoDraw = True
69.6653 	EXP 	rightText: autoDraw = True
70.6023 	EXP 	rewardImgRight: autoDraw = False
70.6023 	EXP 	rightText: autoDraw = False
70.6023 	EXP 	block4: opacity = 0.0
70.6023 	EXP 	block3: opacity = 0.0
70.6023 	EXP 	block2: opacity = 0.0
70.6023 	EXP 	block1: opacity = 0.0
70.6023 	EXP 	repeatText: text = 'total gain:64. You are in level:0.               press space to continue'
70.6023 	EXP 	block4: autoDraw = True
70.6023 	EXP 	block3: autoDraw = True
70.6023 	EXP 	block2: autoDraw = True
70.6023 	EXP 	block1: autoDraw = True
70.6023 	EXP 	repeatText: autoDraw = True
73.5430 	DATA 	Keypress: space
73.5513 	EXP 	Created sequence: random, trialTypes=1, nReps=0, seed=None
73.5525 	EXP 	New trial (rep=6, index=0): None
73.5528 	EXP 	Created sequence: random, trialTypes=1, nReps=0, seed=None
73.5531 	EXP 	Created sequence: sequential, trialTypes=1, nReps=0, seed=None
73.5533 	EXP 	Created sequence: sequential, trialTypes=1, nReps=0, seed=None
73.5949 	EXP 	block4: autoDraw = False
73.5949 	EXP 	block3: autoDraw = False
73.5949 	EXP 	block2: autoDraw = False
73.5949 	EXP 	block1: autoDraw = False
73.5949 	EXP 	repeatText: autoDraw = False
73.5949 	EXP 	choiceImg: image = 'img/even_choice_4.png'
73.5949 	EXP 	choiceWarning: text = '32  for 67%              18  for 100%'
73.5949 	EXP 	choiceImg: autoDraw = True
73.5949 	EXP 	choiceWarning: autoDraw = True
73.5949 	EXP 	text_5: autoDraw = True
75.2842 	DATA 	Keypress: 1
75.2973 	EXP 	Created sequence: random, trialTypes=1, nReps=1, seed=None
75.2982 	EXP 	New trial (rep=0, index=0): None
75.3579 	EXP 	choiceImg: autoDraw = False
75.3579 	EXP 	choiceWarning: autoDraw = False
75.3579 	EXP 	text_5: autoDraw = False
75.3579 	EXP 	leftImg: image = 'img/even_8_circle_4.png'
75.3579 	EXP 	leftImg: autoDraw = True
76.4286 	EXP 	leftImg: autoDraw = False
76.4286 	EXP 	leftImg: autoDraw = False
76.4286 	EXP 	rewardImgLeft: opacity = 0.0
76.4286 	EXP 	rewardImgLeft: image = 'img/8m&m.png'
76.4286 	EXP 	rewardText: text = 'You did not get it!'
76.4286 	EXP 	rewardImgLeft: autoDraw = True
76.4286 	EXP 	rewardText: autoDraw = True
77.3459 	EXP 	Created sequence: random, trialTypes=1, nReps=0, seed=None
77.3598 	EXP 	rewardImgLeft: autoDraw = False
77.3598 	EXP 	rewardText: autoDraw = False
77.3598 	EXP 	block4: opacity = 0.0
77.3598 	EXP 	block3: opacity = 0.0
77.3598 	EXP 	block2: opacity = 0.0
77.3598 	EXP 	block1: opacity = 0.0
77.3598 	EXP 	repeatText: text = 'total gain:64. You are in level:0.               press space to continue'
77.3598 	EXP 	block4: autoDraw = True
77.3598 	EXP 	block3: autoDraw = True
77.3598 	EXP 	block2: autoDraw = True
77.3598 	EXP 	block1: autoDraw = True
77.3598 	EXP 	repeatText: autoDraw = True
81.5118 	DATA 	Keypress: space
81.5242 	EXP 	Created sequence: random, trialTypes=1, nReps=0, seed=None
81.5272 	EXP 	New trial (rep=7, index=0): None
81.5280 	EXP 	Created sequence: random, trialTypes=1, nReps=0, seed=None
81.5287 	EXP 	Created sequence: sequential, trialTypes=1, nReps=0, seed=None
81.5294 	EXP 	Created sequence: sequential, trialTypes=1, nReps=0, seed=None
81.5842 	EXP 	block4: autoDraw = False
81.5842 	EXP 	block3: autoDraw = False
81.5842 	EXP 	block2: autoDraw = False
81.5842 	EXP 	block1: autoDraw = False
81.5842 	EXP 	repeatText: autoDraw = False
81.5842 	EXP 	choiceImg: image = 'img/odd_choice_5.png'
81.5842 	EXP 	choiceWarning: text = '19  for 100%              32  for 67%'
81.5842 	EXP 	choiceImg: autoDraw = True
81.5842 	EXP 	choiceWarning: autoDraw = True
81.5842 	EXP 	text_5: autoDraw = True
82.1958 	DATA 	Keypress: escape
82.2234 	EXP 	window1: mouseVisible = True
