0.3649 	WARNING 	We strongly recommend you activate the PTB sound engine in PsychoPy prefs as the preferred audio engine. Its timing is vastly superior. Your prefs are currently set to use ['sounddevice', 'PTB', 'pyo', 'pygame'] (in that order).
0.9678 	WARNING 	Import Error: No module named 'psychtoolbox'. Using event module for keyboard component.
5.3034 	WARNING 	User requested fullscreen with size [1536  864], but screen is actually [1920, 1080]. Using actual size
5.8485 	EXP 	Created window1 = Window(allowGUI=False, allowStencil=False, args=UNKNOWN, autoLog=True, bitsMode=UNKNOWN, blendMode='avg', bpc=(8, 8, 8), color=array([0., 0., 0.]), colorSpace='rgb', depthBits=8, fullscr=<method-wrapper '__getattribute__' of attributeSetter object at 0x7fe65077e670>, gamma=None, gammaErrorPolicy='raise', kwargs=UNKNOWN, lms=UNKNOWN, monitor=<psychopy.monitors.calibTools.Monitor object at 0x7fe64837b490>, multiSample=False, name='window1', numSamples=2, pos=[0.0, 0.0], screen=0, size=array([1920, 1080]), stencilBits=0, stereo=False, units='height', useFBO=True, useRetina=False, viewOri=0.0, viewPos=None, viewScale=None, waitBlanking=True, winType='pyglet')
5.8488 	EXP 	window1: mouseVisible = True
5.8489 	EXP 	window1: recordFrameIntervals = False
6.0139 	EXP 	window1: recordFrameIntervals = True
6.1981 	EXP 	window1: recordFrameIntervals = False
6.3062 	EXP 	Created Intro_1 = TextStim(__class__=<class 'psychopy.visual.text.TextStim'>, alignHoriz=method-wrapper(...), alignText='center', alignVert=method-wrapper(...), anchorHoriz='center', anchorVert='center', antialias=True, autoLog=True, bold=False, color='white', colorSpace='named', contrast=1.0, depth=0.0, flipHoriz=False, flipVert=False, font='Arial', fontFiles=[], height=0.03, italic=False, languageStyle='LTR', name='Intro_1', opacity=1.0, ori=0, pos=array([0., 0.]), rgb=array([255., 255., 255.]), text=str(...), units='height', win=Window(...), wrapWidth=1)
6.3086 	EXP 	Created fixImg = ImageStim(__class__=<class 'psychopy.visual.image.ImageStim'>, autoLog=True, color=array([1., 1., 1.]), colorSpace='rgb', contrast=1.0, depth=0.0, flipHoriz=False, flipVert=False, image='sin', interpolate=True, mask=None, maskParams=None, name='fixImg', opacity=1.0, ori=0.0, pos=array([0., 0.]), size=array([1.8, 1. ]), texRes=128, units='height', win=Window(...))
6.3108 	EXP 	Created text_4 = TextStim(__class__=<class 'psychopy.visual.text.TextStim'>, alignHoriz=method-wrapper(...), alignText='center', alignVert=method-wrapper(...), anchorHoriz='center', anchorVert='center', antialias=True, autoLog=True, bold=False, color='red', colorSpace='named', contrast=1.0, depth=-1.0, flipHoriz=False, flipVert=False, font='Arial', fontFiles=[], height=0.03, italic=False, languageStyle='LTR', name='text_4', opacity=1.0, ori=0, pos=array([ 0. , -0.4]), rgb=array([255.,   0.,   0.]), text='Please wait, you are expriencing the delay!', units='height', win=Window(...), wrapWidth=1)
6.3119 	EXP 	Created delayImg = ImageStim(__class__=<class 'psychopy.visual.image.ImageStim'>, autoLog=True, color=array([1., 1., 1.]), colorSpace='rgb', contrast=1.0, depth=0.0, flipHoriz=False, flipVert=False, image='sin', interpolate=True, mask=None, maskParams=None, name='delayImg', opacity=1.0, ori=0.0, pos=array([0., 0.]), size=array([1.8, 1. ]), texRes=128, units='height', win=Window(...))
6.3138 	EXP 	Created text_3 = TextStim(__class__=<class 'psychopy.visual.text.TextStim'>, alignHoriz=method-wrapper(...), alignText='center', alignVert=method-wrapper(...), anchorHoriz='center', anchorVert='center', antialias=True, autoLog=True, bold=False, color='red', colorSpace='named', contrast=1.0, depth=-1.0, flipHoriz=False, flipVert=False, font='Arial', fontFiles=[], height=0.03, italic=False, languageStyle='LTR', name='text_3', opacity=1.0, ori=0, pos=array([ 0. , -0.4]), rgb=array([255.,   0.,   0.]), text='Please wait, you are expriencing the delay!', units='height', win=Window(...), wrapWidth=1)
6.3168 	EXP 	Created text_2 = TextStim(__class__=<class 'psychopy.visual.text.TextStim'>, alignHoriz=method-wrapper(...), alignText='center', alignVert=method-wrapper(...), anchorHoriz='center', anchorVert='center', antialias=True, autoLog=True, bold=False, color='white', colorSpace='named', contrast=1.0, depth=0.0, flipHoriz=False, flipVert=False, font='Arial', fontFiles=[], height=0.03, italic=False, languageStyle='LTR', name='text_2', opacity=1.0, ori=0, pos=array([0., 0.]), rgb=array([255., 255., 255.]), text=str(...), units='height', win=Window(...), wrapWidth=1)
6.3178 	EXP 	Created choiceImg = ImageStim(__class__=<class 'psychopy.visual.image.ImageStim'>, autoLog=True, color=array([1., 1., 1.]), colorSpace='rgb', contrast=1.0, depth=0.0, flipHoriz=False, flipVert=False, image='sin', interpolate=True, mask=None, maskParams=None, name='choiceImg', opacity=1.0, ori=0.0, pos=array([0., 0.]), size=array([1.8, 1. ]), texRes=128, units='height', win=Window(...))
6.3250 	EXP 	Created choiceWarning = TextStim(__class__=<class 'psychopy.visual.text.TextStim'>, alignHoriz=method-wrapper(...), alignText='center', alignVert=method-wrapper(...), anchorHoriz='center', anchorVert='center', antialias=True, autoLog=True, bold=False, color='red', colorSpace='named', contrast=1.0, depth=-2.0, flipHoriz=False, flipVert=False, font='Arial', fontFiles=[], height=0.05, italic=False, languageStyle='LTR', name='choiceWarning', opacity=1.0, ori=0, pos=array([ 0. , -0.3]), rgb=array([255.,   0.,   0.]), text='default text', units='height', win=Window(...), wrapWidth=1)
6.3279 	EXP 	Created text_5 = TextStim(__class__=<class 'psychopy.visual.text.TextStim'>, alignHoriz=method-wrapper(...), alignText='center', alignVert=method-wrapper(...), anchorHoriz='center', anchorVert='center', antialias=True, autoLog=True, bold=False, color='red', colorSpace='named', contrast=1.0, depth=-4.0, flipHoriz=False, flipVert=False, font='Arial', fontFiles=[], height=0.03, italic=False, languageStyle='LTR', name='text_5', opacity=1.0, ori=0, pos=array([ 0.  , -0.35]), rgb=array([255.,   0.,   0.]), text=str(...), units='height', win=Window(...), wrapWidth=1)
6.3289 	EXP 	Created leftImg = ImageStim(__class__=<class 'psychopy.visual.image.ImageStim'>, autoLog=True, color=array([1., 1., 1.]), colorSpace='rgb', contrast=1.0, depth=0.0, flipHoriz=False, flipVert=False, image='sin', interpolate=True, mask=None, maskParams=None, name='leftImg', opacity=1.0, ori=0.0, pos=array([0., 0.]), size=array([1.8, 1. ]), texRes=128, units='height', win=Window(...))
6.3300 	EXP 	Created rewardImgLeft = ImageStim(__class__=<class 'psychopy.visual.image.ImageStim'>, autoLog=True, color=array([1., 1., 1.]), colorSpace='rgb', contrast=1.0, depth=0.0, flipHoriz=False, flipVert=False, image='sin', interpolate=True, mask=None, maskParams=None, name='rewardImgLeft', opacity=1.0, ori=0.0, pos=array([0., 0.]), size=array([1.8, 1. ]), texRes=128, units='height', win=Window(...))
6.3366 	EXP 	Created rewardText = TextStim(__class__=<class 'psychopy.visual.text.TextStim'>, alignHoriz=method-wrapper(...), alignText='center', alignVert=method-wrapper(...), anchorHoriz='center', anchorVert='center', antialias=True, autoLog=True, bold=False, color='red', colorSpace='named', contrast=1.0, depth=-1.0, flipHoriz=False, flipVert=False, font='Arial', fontFiles=[], height=0.1, italic=False, languageStyle='LTR', name='rewardText', opacity=1.0, ori=0, pos=array([0., 0.]), rgb=array([255.,   0.,   0.]), text='default text', units='height', win=Window(...), wrapWidth=1)
6.3377 	EXP 	Created rightImg = ImageStim(__class__=<class 'psychopy.visual.image.ImageStim'>, autoLog=True, color=array([1., 1., 1.]), colorSpace='rgb', contrast=1.0, depth=0.0, flipHoriz=False, flipVert=False, image='sin', interpolate=True, mask=None, maskParams=None, name='rightImg', opacity=1.0, ori=0.0, pos=array([0., 0.]), size=array([1.8, 1. ]), texRes=128, units='height', win=Window(...))
6.3387 	EXP 	Created rewardImgRight = ImageStim(__class__=<class 'psychopy.visual.image.ImageStim'>, autoLog=True, color=array([1., 1., 1.]), colorSpace='rgb', contrast=1.0, depth=0.0, flipHoriz=False, flipVert=False, image='sin', interpolate=True, mask=None, maskParams=None, name='rewardImgRight', opacity=1.0, ori=0.0, pos=array([0., 0.]), size=array([1.8, 1. ]), texRes=128, units='height', win=Window(...))
6.3812 	EXP 	Created rightText = TextStim(__class__=<class 'psychopy.visual.text.TextStim'>, alignHoriz=method-wrapper(...), alignText='center', alignVert=method-wrapper(...), anchorHoriz='center', anchorVert='center', antialias=True, autoLog=True, bold=False, color='red', colorSpace='named', contrast=1.0, depth=-1.0, flipHoriz=False, flipVert=False, font='Arial', fontFiles=[], height=0.1, italic=False, languageStyle='LTR', name='rightText', opacity=1.0, ori=0, pos=array([0., 0.]), rgb=array([255.,   0.,   0.]), text='default text', units='height', win=Window(...), wrapWidth=1)
6.3885 	EXP 	Created block4 = ImageStim(__class__=<class 'psychopy.visual.image.ImageStim'>, autoLog=True, color=array([1., 1., 1.]), colorSpace='rgb', contrast=1.0, depth=0.0, flipHoriz=False, flipVert=False, image='img/coffee.jpeg', interpolate=True, mask=None, maskParams=None, name='block4', opacity=1.0, ori=0.0, pos=array([ 0.5, -0.2]), size=array([0.35, 0.35]), texRes=128, units='height', win=Window(...))
6.3924 	EXP 	Created block3 = ImageStim(__class__=<class 'psychopy.visual.image.ImageStim'>, autoLog=True, color=array([1., 1., 1.]), colorSpace='rgb', contrast=1.0, depth=-1.0, flipHoriz=False, flipVert=False, image='img/cake.jpeg', interpolate=True, mask=None, maskParams=None, name='block3', opacity=1.0, ori=0.0, pos=array([0.5, 0.2]), size=array([0.35, 0.35]), texRes=128, units='height', win=Window(...))
6.3958 	EXP 	Created block2 = ImageStim(__class__=<class 'psychopy.visual.image.ImageStim'>, autoLog=True, color=array([1., 1., 1.]), colorSpace='rgb', contrast=1.0, depth=-2.0, flipHoriz=False, flipVert=False, image='img/gummi.jpeg', interpolate=True, mask=None, maskParams=None, name='block2', opacity=1.0, ori=0.0, pos=array([-0.5, -0.2]), size=array([0.35, 0.35]), texRes=128, units='height', win=Window(...))
6.4169 	EXP 	Created block1 = ImageStim(__class__=<class 'psychopy.visual.image.ImageStim'>, autoLog=True, color=array([1., 1., 1.]), colorSpace='rgb', contrast=1.0, depth=-3.0, flipHoriz=False, flipVert=False, image='img/tea.jpeg', interpolate=True, mask=None, maskParams=None, name='block1', opacity=1.0, ori=0.0, pos=array([-0.5,  0.2]), size=array([0.35, 0.35]), texRes=128, units='height', win=Window(...))
6.4189 	EXP 	Created repeatText = TextStim(__class__=<class 'psychopy.visual.text.TextStim'>, alignHoriz=method-wrapper(...), alignText='center', alignVert=method-wrapper(...), anchorHoriz='center', anchorVert='center', antialias=True, autoLog=True, bold=False, color='white', colorSpace='named', contrast=1.0, depth=-4.0, flipHoriz=False, flipVert=False, font='Arial', fontFiles=[], height=0.05, italic=False, languageStyle='LTR', name='repeatText', opacity=1.0, ori=0, pos=array([0., 0.]), rgb=array([255., 255., 255.]), text='default text', units='height', win=Window(...), wrapWidth=1)
6.4230 	EXP 	Created text = TextStim(__class__=<class 'psychopy.visual.text.TextStim'>, alignHoriz=method-wrapper(...), alignText='center', alignVert=method-wrapper(...), anchorHoriz='center', anchorVert='center', antialias=True, autoLog=True, bold=False, color='white', colorSpace='named', contrast=1.0, depth=0.0, flipHoriz=False, flipVert=False, font='Arial', fontFiles=[], height=0.03, italic=False, languageStyle='LTR', name='text', opacity=1.0, ori=0, pos=array([0., 0.]), rgb=array([255., 255., 255.]), text='default text', units='height', win=Window(...), wrapWidth=1)
6.4288 	EXP 	Created endText = TextStim(__class__=<class 'psychopy.visual.text.TextStim'>, alignHoriz=method-wrapper(...), alignText='center', alignVert=method-wrapper(...), anchorHoriz='center', anchorVert='center', antialias=True, autoLog=True, bold=False, color='white', colorSpace='named', contrast=1.0, depth=0.0, flipHoriz=False, flipVert=False, font='Arial', fontFiles=[], height=0.05, italic=False, languageStyle='LTR', name='endText', opacity=1.0, ori=0, pos=array([0., 0.]), rgb=array([255., 255., 255.]), text=str(...), units='height', win=Window(...), wrapWidth=1)
6.4363 	EXP 	Intro_1: autoDraw = True
6.8989 	DATA 	Keypress: space
6.9006 	EXP 	Created sequence: sequential, trialTypes=1, nReps=200, seed=None
6.9040 	EXP 	New trial (rep=0, index=0): None
6.9048 	EXP 	Created sequence: random, trialTypes=1, nReps=0, seed=None
6.9061 	EXP 	Created sequence: sequential, trialTypes=1, nReps=0, seed=None
6.9069 	EXP 	Created sequence: sequential, trialTypes=1, nReps=0, seed=None
6.9698 	EXP 	Intro_1: autoDraw = False
6.9698 	EXP 	choiceImg: image = 'img/even_choice_4.png'
6.9698 	EXP 	choiceWarning: text = '32  for 67%              16  for 100%'
6.9698 	EXP 	choiceImg: autoDraw = True
6.9698 	EXP 	choiceWarning: autoDraw = True
6.9698 	EXP 	text_5: autoDraw = True
8.8741 	DATA 	Keypress: 2
8.8868 	EXP 	Created sequence: random, trialTypes=1, nReps=0, seed=None
8.8877 	EXP 	Created sequence: random, trialTypes=1, nReps=1, seed=None
8.8883 	EXP 	New trial (rep=0, index=0): None
8.9469 	EXP 	choiceImg: autoDraw = False
8.9469 	EXP 	choiceWarning: autoDraw = False
8.9469 	EXP 	text_5: autoDraw = False
8.9469 	EXP 	rightImg: image = 'img/even_4_circle.png'
8.9469 	EXP 	rightImg: autoDraw = True
10.0178 	EXP 	rightImg: autoDraw = False
10.0178 	EXP 	rightImg: autoDraw = False
10.0178 	EXP 	rewardImgRight: opacity = 1.0
10.0178 	EXP 	rewardImgRight: image = 'img/4m&m.png'
10.0178 	EXP 	rightText: text = 'You got it!'
10.0178 	EXP 	rewardImgRight: autoDraw = True
10.0178 	EXP 	rightText: autoDraw = True
10.9629 	EXP 	rewardImgRight: autoDraw = False
10.9629 	EXP 	rightText: autoDraw = False
10.9629 	EXP 	block4: opacity = 0.0
10.9629 	EXP 	block3: opacity = 0.0
10.9629 	EXP 	block2: opacity = 0.0
10.9629 	EXP 	block1: opacity = 0.0
10.9629 	EXP 	repeatText: text = 'total gain:16 \n You are in level:0\n press space to continue'
10.9629 	EXP 	block4: autoDraw = True
10.9629 	EXP 	block3: autoDraw = True
10.9629 	EXP 	block2: autoDraw = True
10.9629 	EXP 	block1: autoDraw = True
10.9629 	EXP 	repeatText: autoDraw = True
11.4160 	DATA 	Keypress: space
11.4310 	EXP 	Created sequence: random, trialTypes=1, nReps=0, seed=None
11.4338 	EXP 	New trial (rep=1, index=0): None
11.4347 	EXP 	Created sequence: random, trialTypes=1, nReps=0, seed=None
11.4354 	EXP 	Created sequence: sequential, trialTypes=1, nReps=0, seed=None
11.4361 	EXP 	Created sequence: sequential, trialTypes=1, nReps=0, seed=None
11.4852 	EXP 	block4: autoDraw = False
11.4852 	EXP 	block3: autoDraw = False
11.4852 	EXP 	block2: autoDraw = False
11.4852 	EXP 	block1: autoDraw = False
11.4852 	EXP 	repeatText: autoDraw = False
11.4852 	EXP 	choiceImg: image = 'img/odd_choice_4.png'
11.4852 	EXP 	choiceWarning: text = '14  for 100%              32  for 67%'
11.4852 	EXP 	choiceImg: autoDraw = True
11.4852 	EXP 	choiceWarning: autoDraw = True
11.4852 	EXP 	text_5: autoDraw = True
12.0248 	DATA 	Keypress: 1
12.0372 	EXP 	Created sequence: random, trialTypes=1, nReps=1, seed=None
12.0379 	EXP 	New trial (rep=0, index=0): None
12.0966 	EXP 	choiceImg: autoDraw = False
12.0966 	EXP 	choiceWarning: autoDraw = False
12.0966 	EXP 	text_5: autoDraw = False
12.0966 	EXP 	leftImg: image = 'img/odd_4_circle.png'
12.0966 	EXP 	leftImg: autoDraw = True
13.1629 	EXP 	leftImg: autoDraw = False
13.1629 	EXP 	leftImg: autoDraw = False
13.1629 	EXP 	rewardImgLeft: opacity = 1.0
13.1629 	EXP 	rewardImgLeft: image = 'img/4m&m.png'
13.1629 	EXP 	rewardText: text = 'You got it!'
13.1629 	EXP 	rewardImgLeft: autoDraw = True
13.1629 	EXP 	rewardText: autoDraw = True
13.5828 	DATA 	Keypress: space
14.1004 	EXP 	Created sequence: random, trialTypes=1, nReps=0, seed=None
14.1251 	EXP 	rewardImgLeft: autoDraw = False
14.1251 	EXP 	rewardText: autoDraw = False
14.1251 	EXP 	block4: opacity = 0.0
14.1251 	EXP 	block3: opacity = 0.0
14.1251 	EXP 	block2: opacity = 0.0
14.1251 	EXP 	block1: opacity = 0.0
14.1251 	EXP 	repeatText: text = 'total gain:30 \n You are in level:0\n press space to continue'
14.1251 	EXP 	block4: autoDraw = True
14.1251 	EXP 	block3: autoDraw = True
14.1251 	EXP 	block2: autoDraw = True
14.1251 	EXP 	block1: autoDraw = True
14.1251 	EXP 	repeatText: autoDraw = True
14.5587 	DATA 	Keypress: space
14.5796 	EXP 	Created sequence: random, trialTypes=1, nReps=0, seed=None
14.5825 	EXP 	New trial (rep=2, index=0): None
14.5835 	EXP 	Created sequence: random, trialTypes=1, nReps=0, seed=None
14.5842 	EXP 	Created sequence: sequential, trialTypes=1, nReps=0, seed=None
14.5848 	EXP 	Created sequence: sequential, trialTypes=1, nReps=0, seed=None
14.6367 	EXP 	block4: autoDraw = False
14.6367 	EXP 	block3: autoDraw = False
14.6367 	EXP 	block2: autoDraw = False
14.6367 	EXP 	block1: autoDraw = False
14.6367 	EXP 	repeatText: autoDraw = False
14.6367 	EXP 	choiceImg: image = 'img/even_choice_3.png'
14.6367 	EXP 	choiceWarning: text = '32  for 67%              12  for 100%'
14.6367 	EXP 	choiceImg: autoDraw = True
14.6367 	EXP 	choiceWarning: autoDraw = True
14.6367 	EXP 	text_5: autoDraw = True
15.2336 	DATA 	Keypress: 2
15.2378 	EXP 	Created sequence: random, trialTypes=1, nReps=0, seed=None
15.2387 	EXP 	Created sequence: random, trialTypes=1, nReps=1, seed=None
15.2392 	EXP 	New trial (rep=0, index=0): None
15.2954 	EXP 	choiceImg: autoDraw = False
15.2954 	EXP 	choiceWarning: autoDraw = False
15.2954 	EXP 	text_5: autoDraw = False
15.2954 	EXP 	rightImg: image = 'img/even_3_circle.png'
15.2954 	EXP 	rightImg: autoDraw = True
16.3491 	EXP 	rightImg: autoDraw = False
16.3491 	EXP 	rightImg: autoDraw = False
16.3491 	EXP 	rewardImgRight: opacity = 1.0
16.3491 	EXP 	rewardImgRight: image = 'img/3m&m.png'
16.3491 	EXP 	rightText: text = 'You got it!'
16.3491 	EXP 	rewardImgRight: autoDraw = True
16.3491 	EXP 	rightText: autoDraw = True
16.9428 	DATA 	Keypress: space
17.3082 	EXP 	rewardImgRight: autoDraw = False
17.3082 	EXP 	rightText: autoDraw = False
17.3082 	EXP 	block4: opacity = 0.0
17.3082 	EXP 	block3: opacity = 0.0
17.3082 	EXP 	block2: opacity = 0.0
17.3082 	EXP 	block1: opacity = 0.0
17.3082 	EXP 	repeatText: text = 'total gain:42 \n You are in level:0\n press space to continue'
17.3082 	EXP 	block4: autoDraw = True
17.3082 	EXP 	block3: autoDraw = True
17.3082 	EXP 	block2: autoDraw = True
17.3082 	EXP 	block1: autoDraw = True
17.3082 	EXP 	repeatText: autoDraw = True
17.7263 	DATA 	Keypress: space
17.7468 	EXP 	Created sequence: random, trialTypes=1, nReps=0, seed=None
17.7496 	EXP 	New trial (rep=3, index=0): None
17.7506 	EXP 	Created sequence: random, trialTypes=1, nReps=0, seed=None
17.7513 	EXP 	Created sequence: sequential, trialTypes=1, nReps=0, seed=None
17.7520 	EXP 	Created sequence: sequential, trialTypes=1, nReps=0, seed=None
17.8080 	EXP 	block4: autoDraw = False
17.8080 	EXP 	block3: autoDraw = False
17.8080 	EXP 	block2: autoDraw = False
17.8080 	EXP 	block1: autoDraw = False
17.8080 	EXP 	repeatText: autoDraw = False
17.8080 	EXP 	choiceImg: image = 'img/odd_choice_2.png'
17.8080 	EXP 	choiceWarning: text = '10  for 100%              32  for 67%'
17.8080 	EXP 	choiceImg: autoDraw = True
17.8080 	EXP 	choiceWarning: autoDraw = True
17.8080 	EXP 	text_5: autoDraw = True
18.8268 	DATA 	Keypress: 1
18.8390 	EXP 	Created sequence: random, trialTypes=1, nReps=1, seed=None
18.8396 	EXP 	New trial (rep=0, index=0): None
18.8957 	EXP 	choiceImg: autoDraw = False
18.8957 	EXP 	choiceWarning: autoDraw = False
18.8957 	EXP 	text_5: autoDraw = False
18.8957 	EXP 	leftImg: image = 'img/odd_2_circle.png'
18.8957 	EXP 	leftImg: autoDraw = True
19.9638 	EXP 	leftImg: autoDraw = False
19.9638 	EXP 	leftImg: autoDraw = False
19.9638 	EXP 	rewardImgLeft: opacity = 1.0
19.9638 	EXP 	rewardImgLeft: image = 'img/2m&m.png'
19.9638 	EXP 	rewardText: text = 'You got it!'
19.9638 	EXP 	rewardImgLeft: autoDraw = True
19.9638 	EXP 	rewardText: autoDraw = True
20.5849 	DATA 	Keypress: space
20.9027 	EXP 	Created sequence: random, trialTypes=1, nReps=0, seed=None
20.9289 	EXP 	rewardImgLeft: autoDraw = False
20.9289 	EXP 	rewardText: autoDraw = False
20.9289 	EXP 	block4: opacity = 0.0
20.9289 	EXP 	block3: opacity = 0.0
20.9289 	EXP 	block2: opacity = 0.0
20.9289 	EXP 	block1: opacity = 0.0
20.9289 	EXP 	repeatText: text = 'total gain:0 \n You are in level:0\n press space to continue'
20.9289 	EXP 	block4: autoDraw = True
20.9289 	EXP 	block3: autoDraw = True
20.9289 	EXP 	block2: autoDraw = True
20.9289 	EXP 	block1: autoDraw = True
20.9289 	EXP 	repeatText: autoDraw = True
21.3603 	DATA 	Keypress: space
21.3804 	EXP 	Created sequence: random, trialTypes=1, nReps=1, seed=None
21.3810 	EXP 	New trial (rep=0, index=0): None
21.4230 	EXP 	block4: autoDraw = False
21.4230 	EXP 	block3: autoDraw = False
21.4230 	EXP 	block2: autoDraw = False
21.4230 	EXP 	block1: autoDraw = False
21.4230 	EXP 	repeatText: autoDraw = False
21.4230 	EXP 	text: text = 'You saw how easy it was?! \n\n Have you noticed the amount of delay that was different for small and large M&Ms? \n\n Their waiting duration will be presented at the beginning of the each 4 blocks of the game. \n\n You should know that you cannot increase the number of rounds by choosing the faster rewards. \n\n One more thing, for every 200 points you earn one hidden reward will be shown!  \n\n Press space to play the game for real!'
21.4230 	EXP 	text: autoDraw = True
22.2106 	DATA 	Keypress: space
22.2235 	EXP 	New trial (rep=4, index=0): None
22.2244 	EXP 	Created sequence: random, trialTypes=1, nReps=1, seed=None
22.2250 	EXP 	New trial (rep=0, index=0): None
22.2896 	EXP 	text: autoDraw = False
22.2896 	EXP 	fixImg: image = 'img/even_4_square.png'
22.2896 	EXP 	fixImg: autoDraw = True
22.2896 	EXP 	text_4: autoDraw = True
23.0777 	DATA 	Keypress: 2
23.2882 	EXP 	Created sequence: sequential, trialTypes=1, nReps=1, seed=None
23.2889 	EXP 	New trial (rep=0, index=0): None
23.3490 	EXP 	fixImg: autoDraw = False
23.3490 	EXP 	text_4: autoDraw = False
23.3490 	EXP 	fixImg: autoDraw = False
23.3490 	EXP 	text_4: autoDraw = False
23.3490 	EXP 	delayImg: image = 'img/even_8_square_4.png'
23.3490 	EXP 	delayImg: autoDraw = True
23.3490 	EXP 	text_3: autoDraw = True
24.3363 	EXP 	Created sequence: sequential, trialTypes=1, nReps=1, seed=None
24.3370 	EXP 	New trial (rep=0, index=0): None
24.3519 	EXP 	delayImg: autoDraw = False
24.3519 	EXP 	text_3: autoDraw = False
24.3519 	EXP 	delayImg: autoDraw = False
24.3519 	EXP 	text_3: autoDraw = False
24.3519 	EXP 	text_2: autoDraw = True
25.1113 	DATA 	Keypress: space
25.1824 	EXP 	text_2: autoDraw = False
25.1824 	EXP 	choiceImg: image = 'img/even_choice_4.png'
25.1824 	EXP 	choiceWarning: text = '32  for 67%              16  for 100%'
25.1824 	EXP 	choiceImg: autoDraw = True
25.1824 	EXP 	choiceWarning: autoDraw = True
25.1824 	EXP 	text_5: autoDraw = True
26.2783 	DATA 	Keypress: 2
26.2911 	EXP 	Created sequence: random, trialTypes=1, nReps=0, seed=None
26.2919 	EXP 	Created sequence: random, trialTypes=1, nReps=1, seed=None
26.2925 	EXP 	New trial (rep=0, index=0): None
26.3452 	EXP 	choiceImg: autoDraw = False
26.3452 	EXP 	choiceWarning: autoDraw = False
26.3452 	EXP 	text_5: autoDraw = False
26.3452 	EXP 	rightImg: image = 'img/even_4_circle.png'
26.3452 	EXP 	rightImg: autoDraw = True
27.4171 	EXP 	rightImg: autoDraw = False
27.4171 	EXP 	rightImg: autoDraw = False
27.4171 	EXP 	rewardImgRight: opacity = 1.0
27.4171 	EXP 	rewardImgRight: image = 'img/4m&m.png'
27.4171 	EXP 	rightText: text = 'You got it!'
27.4171 	EXP 	rewardImgRight: autoDraw = True
27.4171 	EXP 	rightText: autoDraw = True
28.3771 	EXP 	rewardImgRight: autoDraw = False
28.3771 	EXP 	rightText: autoDraw = False
28.3771 	EXP 	block4: opacity = 0.0
28.3771 	EXP 	block3: opacity = 0.0
28.3771 	EXP 	block2: opacity = 0.0
28.3771 	EXP 	block1: opacity = 0.0
28.3771 	EXP 	repeatText: text = 'total gain:16 \n You are in level:0\n press space to continue'
28.3771 	EXP 	block4: autoDraw = True
28.3771 	EXP 	block3: autoDraw = True
28.3771 	EXP 	block2: autoDraw = True
28.3771 	EXP 	block1: autoDraw = True
28.3771 	EXP 	repeatText: autoDraw = True
32.6135 	DATA 	Keypress: space
32.6345 	EXP 	Created sequence: random, trialTypes=1, nReps=0, seed=None
32.6375 	EXP 	New trial (rep=5, index=0): None
32.6383 	EXP 	Created sequence: random, trialTypes=1, nReps=0, seed=None
32.6390 	EXP 	Created sequence: sequential, trialTypes=1, nReps=0, seed=None
32.6397 	EXP 	Created sequence: sequential, trialTypes=1, nReps=0, seed=None
32.6936 	EXP 	block4: autoDraw = False
32.6936 	EXP 	block3: autoDraw = False
32.6936 	EXP 	block2: autoDraw = False
32.6936 	EXP 	block1: autoDraw = False
32.6936 	EXP 	repeatText: autoDraw = False
32.6936 	EXP 	choiceImg: image = 'img/odd_choice_4.png'
32.6936 	EXP 	choiceWarning: text = '14  for 100%              32  for 67%'
32.6936 	EXP 	choiceImg: autoDraw = True
32.6936 	EXP 	choiceWarning: autoDraw = True
32.6936 	EXP 	text_5: autoDraw = True
34.0801 	DATA 	Keypress: 1
34.0923 	EXP 	Created sequence: random, trialTypes=1, nReps=1, seed=None
34.0929 	EXP 	New trial (rep=0, index=0): None
34.1515 	EXP 	choiceImg: autoDraw = False
34.1515 	EXP 	choiceWarning: autoDraw = False
34.1515 	EXP 	text_5: autoDraw = False
34.1515 	EXP 	leftImg: image = 'img/odd_4_circle.png'
34.1515 	EXP 	leftImg: autoDraw = True
35.2174 	EXP 	leftImg: autoDraw = False
35.2174 	EXP 	leftImg: autoDraw = False
35.2174 	EXP 	rewardImgLeft: opacity = 1.0
35.2174 	EXP 	rewardImgLeft: image = 'img/4m&m.png'
35.2174 	EXP 	rewardText: text = 'You got it!'
35.2174 	EXP 	rewardImgLeft: autoDraw = True
35.2174 	EXP 	rewardText: autoDraw = True
36.1556 	EXP 	Created sequence: random, trialTypes=1, nReps=0, seed=None
36.1801 	EXP 	rewardImgLeft: autoDraw = False
36.1801 	EXP 	rewardText: autoDraw = False
36.1801 	EXP 	block4: opacity = 0.0
36.1801 	EXP 	block3: opacity = 0.0
36.1801 	EXP 	block2: opacity = 0.0
36.1801 	EXP 	block1: opacity = 0.0
36.1801 	EXP 	repeatText: text = 'total gain:30 \n You are in level:0\n press space to continue'
36.1801 	EXP 	block4: autoDraw = True
36.1801 	EXP 	block3: autoDraw = True
36.1801 	EXP 	block2: autoDraw = True
36.1801 	EXP 	block1: autoDraw = True
36.1801 	EXP 	repeatText: autoDraw = True
49.5342 	DATA 	Keypress: space
49.5543 	EXP 	Created sequence: random, trialTypes=1, nReps=0, seed=None
49.5571 	EXP 	New trial (rep=6, index=0): None
49.5580 	EXP 	Created sequence: random, trialTypes=1, nReps=0, seed=None
49.5587 	EXP 	Created sequence: sequential, trialTypes=1, nReps=0, seed=None
49.5594 	EXP 	Created sequence: sequential, trialTypes=1, nReps=0, seed=None
49.6132 	EXP 	block4: autoDraw = False
49.6132 	EXP 	block3: autoDraw = False
49.6132 	EXP 	block2: autoDraw = False
49.6132 	EXP 	block1: autoDraw = False
49.6132 	EXP 	repeatText: autoDraw = False
49.6132 	EXP 	choiceImg: image = 'img/even_choice_3.png'
49.6132 	EXP 	choiceWarning: text = '32  for 67%              12  for 100%'
49.6132 	EXP 	choiceImg: autoDraw = True
49.6132 	EXP 	choiceWarning: autoDraw = True
49.6132 	EXP 	text_5: autoDraw = True
52.7350 	DATA 	Keypress: 2
52.7477 	EXP 	Created sequence: random, trialTypes=1, nReps=0, seed=None
52.7486 	EXP 	Created sequence: random, trialTypes=1, nReps=1, seed=None
52.7493 	EXP 	New trial (rep=0, index=0): None
52.8050 	EXP 	choiceImg: autoDraw = False
52.8050 	EXP 	choiceWarning: autoDraw = False
52.8050 	EXP 	text_5: autoDraw = False
52.8050 	EXP 	rightImg: image = 'img/even_3_circle.png'
52.8050 	EXP 	rightImg: autoDraw = True
53.8714 	EXP 	rightImg: autoDraw = False
53.8714 	EXP 	rightImg: autoDraw = False
53.8714 	EXP 	rewardImgRight: opacity = 1.0
53.8714 	EXP 	rewardImgRight: image = 'img/3m&m.png'
53.8714 	EXP 	rightText: text = 'You got it!'
53.8714 	EXP 	rewardImgRight: autoDraw = True
53.8714 	EXP 	rightText: autoDraw = True
54.8344 	EXP 	rewardImgRight: autoDraw = False
54.8344 	EXP 	rightText: autoDraw = False
54.8344 	EXP 	block4: opacity = 0.0
54.8344 	EXP 	block3: opacity = 0.0
54.8344 	EXP 	block2: opacity = 0.0
54.8344 	EXP 	block1: opacity = 0.0
54.8344 	EXP 	repeatText: text = 'total gain:42 \n You are in level:0\n press space to continue'
54.8344 	EXP 	block4: autoDraw = True
54.8344 	EXP 	block3: autoDraw = True
54.8344 	EXP 	block2: autoDraw = True
54.8344 	EXP 	block1: autoDraw = True
54.8344 	EXP 	repeatText: autoDraw = True
55.3024 	DATA 	Keypress: space
55.3232 	EXP 	Created sequence: random, trialTypes=1, nReps=0, seed=None
55.3261 	EXP 	New trial (rep=7, index=0): None
55.3270 	EXP 	Created sequence: random, trialTypes=1, nReps=0, seed=None
55.3276 	EXP 	Created sequence: sequential, trialTypes=1, nReps=0, seed=None
55.3283 	EXP 	Created sequence: sequential, trialTypes=1, nReps=0, seed=None
55.3807 	EXP 	block4: autoDraw = False
55.3807 	EXP 	block3: autoDraw = False
55.3807 	EXP 	block2: autoDraw = False
55.3807 	EXP 	block1: autoDraw = False
55.3807 	EXP 	repeatText: autoDraw = False
55.3807 	EXP 	choiceImg: image = 'img/odd_choice_2.png'
55.3807 	EXP 	choiceWarning: text = '10  for 100%              32  for 67%'
55.3807 	EXP 	choiceImg: autoDraw = True
55.3807 	EXP 	choiceWarning: autoDraw = True
55.3807 	EXP 	text_5: autoDraw = True
57.4270 	DATA 	Keypress: 1
57.4317 	EXP 	Created sequence: random, trialTypes=1, nReps=1, seed=None
57.4324 	EXP 	New trial (rep=0, index=0): None
57.4891 	EXP 	choiceImg: autoDraw = False
57.4891 	EXP 	choiceWarning: autoDraw = False
57.4891 	EXP 	text_5: autoDraw = False
57.4891 	EXP 	leftImg: image = 'img/odd_2_circle.png'
57.4891 	EXP 	leftImg: autoDraw = True
58.5548 	EXP 	leftImg: autoDraw = False
58.5548 	EXP 	leftImg: autoDraw = False
58.5548 	EXP 	rewardImgLeft: opacity = 1.0
58.5548 	EXP 	rewardImgLeft: image = 'img/2m&m.png'
58.5548 	EXP 	rewardText: text = 'You got it!'
58.5548 	EXP 	rewardImgLeft: autoDraw = True
58.5548 	EXP 	rewardText: autoDraw = True
59.4948 	EXP 	Created sequence: random, trialTypes=1, nReps=0, seed=None
59.5202 	EXP 	rewardImgLeft: autoDraw = False
59.5202 	EXP 	rewardText: autoDraw = False
59.5202 	EXP 	block4: opacity = 0.0
59.5202 	EXP 	block3: opacity = 0.0
59.5202 	EXP 	block2: opacity = 0.0
59.5202 	EXP 	block1: opacity = 0.0
59.5202 	EXP 	repeatText: text = 'total gain:52 \n You are in level:0\n press space to continue'
59.5202 	EXP 	block4: autoDraw = True
59.5202 	EXP 	block3: autoDraw = True
59.5202 	EXP 	block2: autoDraw = True
59.5202 	EXP 	block1: autoDraw = True
59.5202 	EXP 	repeatText: autoDraw = True
60.0534 	DATA 	Keypress: space
60.0736 	EXP 	Created sequence: random, trialTypes=1, nReps=0, seed=None
60.0765 	EXP 	New trial (rep=8, index=0): None
60.0774 	EXP 	Created sequence: random, trialTypes=1, nReps=0, seed=None
60.0781 	EXP 	Created sequence: sequential, trialTypes=1, nReps=0, seed=None
60.0788 	EXP 	Created sequence: sequential, trialTypes=1, nReps=0, seed=None
60.1330 	EXP 	block4: autoDraw = False
60.1330 	EXP 	block3: autoDraw = False
60.1330 	EXP 	block2: autoDraw = False
60.1330 	EXP 	block1: autoDraw = False
60.1330 	EXP 	repeatText: autoDraw = False
60.1330 	EXP 	choiceImg: image = 'img/even_choice_2.png'
60.1330 	EXP 	choiceWarning: text = '32  for 67%              8  for 100%'
60.1330 	EXP 	choiceImg: autoDraw = True
60.1330 	EXP 	choiceWarning: autoDraw = True
60.1330 	EXP 	text_5: autoDraw = True
60.9538 	DATA 	Keypress: 2
60.9665 	EXP 	Created sequence: random, trialTypes=1, nReps=0, seed=None
60.9675 	EXP 	Created sequence: random, trialTypes=1, nReps=1, seed=None
60.9681 	EXP 	New trial (rep=0, index=0): None
61.0243 	EXP 	choiceImg: autoDraw = False
61.0243 	EXP 	choiceWarning: autoDraw = False
61.0243 	EXP 	text_5: autoDraw = False
61.0243 	EXP 	rightImg: image = 'img/even_2_circle.png'
61.0243 	EXP 	rightImg: autoDraw = True
62.0883 	EXP 	rightImg: autoDraw = False
62.0883 	EXP 	rightImg: autoDraw = False
62.0883 	EXP 	rewardImgRight: opacity = 1.0
62.0883 	EXP 	rewardImgRight: image = 'img/2m&m.png'
62.0883 	EXP 	rightText: text = 'You got it!'
62.0883 	EXP 	rewardImgRight: autoDraw = True
62.0883 	EXP 	rightText: autoDraw = True
62.6780 	DATA 	Keypress: space
63.0371 	EXP 	rewardImgRight: autoDraw = False
63.0371 	EXP 	rightText: autoDraw = False
63.0371 	EXP 	block4: opacity = 0.0
63.0371 	EXP 	block3: opacity = 0.0
63.0371 	EXP 	block2: opacity = 0.0
63.0371 	EXP 	block1: opacity = 0.0
63.0371 	EXP 	repeatText: text = 'total gain:60 \n You are in level:0\n press space to continue'
63.0371 	EXP 	block4: autoDraw = True
63.0371 	EXP 	block3: autoDraw = True
63.0371 	EXP 	block2: autoDraw = True
63.0371 	EXP 	block1: autoDraw = True
63.0371 	EXP 	repeatText: autoDraw = True
63.5954 	DATA 	Keypress: space
63.6079 	EXP 	Created sequence: random, trialTypes=1, nReps=0, seed=None
63.6108 	EXP 	New trial (rep=9, index=0): None
63.6116 	EXP 	Created sequence: random, trialTypes=1, nReps=0, seed=None
63.6123 	EXP 	Created sequence: sequential, trialTypes=1, nReps=0, seed=None
63.6129 	EXP 	Created sequence: sequential, trialTypes=1, nReps=0, seed=None
63.6642 	EXP 	block4: autoDraw = False
63.6642 	EXP 	block3: autoDraw = False
63.6642 	EXP 	block2: autoDraw = False
63.6642 	EXP 	block1: autoDraw = False
63.6642 	EXP 	repeatText: autoDraw = False
63.6642 	EXP 	choiceImg: image = 'img/odd_choice_2.png'
63.6642 	EXP 	choiceWarning: text = '6  for 100%              32  for 67%'
63.6642 	EXP 	choiceImg: autoDraw = True
63.6642 	EXP 	choiceWarning: autoDraw = True
63.6642 	EXP 	text_5: autoDraw = True
64.2951 	DATA 	Keypress: 1
64.2997 	EXP 	Created sequence: random, trialTypes=1, nReps=1, seed=None
64.3003 	EXP 	New trial (rep=0, index=0): None
64.3552 	EXP 	choiceImg: autoDraw = False
64.3552 	EXP 	choiceWarning: autoDraw = False
64.3552 	EXP 	text_5: autoDraw = False
64.3552 	EXP 	leftImg: image = 'img/odd_2_circle.png'
64.3552 	EXP 	leftImg: autoDraw = True
65.4237 	EXP 	leftImg: autoDraw = False
65.4237 	EXP 	leftImg: autoDraw = False
65.4237 	EXP 	rewardImgLeft: opacity = 1.0
65.4237 	EXP 	rewardImgLeft: image = 'img/2m&m.png'
65.4237 	EXP 	rewardText: text = 'You got it!'
65.4237 	EXP 	rewardImgLeft: autoDraw = True
65.4237 	EXP 	rewardText: autoDraw = True
65.9713 	DATA 	Keypress: space
66.3635 	EXP 	Created sequence: random, trialTypes=1, nReps=0, seed=None
66.3870 	EXP 	rewardImgLeft: autoDraw = False
66.3870 	EXP 	rewardText: autoDraw = False
66.3870 	EXP 	block4: opacity = 0.0
66.3870 	EXP 	block3: opacity = 0.0
66.3870 	EXP 	block2: opacity = 0.0
66.3870 	EXP 	block1: opacity = 0.0
66.3870 	EXP 	repeatText: text = 'total gain:66 \n You are in level:0\n press space to continue'
66.3870 	EXP 	block4: autoDraw = True
66.3870 	EXP 	block3: autoDraw = True
66.3870 	EXP 	block2: autoDraw = True
66.3870 	EXP 	block1: autoDraw = True
66.3870 	EXP 	repeatText: autoDraw = True
66.7881 	DATA 	Keypress: space
66.8082 	EXP 	Created sequence: random, trialTypes=1, nReps=0, seed=None
66.8112 	EXP 	New trial (rep=10, index=0): None
66.8120 	EXP 	Created sequence: random, trialTypes=1, nReps=0, seed=None
66.8128 	EXP 	Created sequence: sequential, trialTypes=1, nReps=0, seed=None
66.8135 	EXP 	Created sequence: sequential, trialTypes=1, nReps=0, seed=None
66.8683 	EXP 	block4: autoDraw = False
66.8683 	EXP 	block3: autoDraw = False
66.8683 	EXP 	block2: autoDraw = False
66.8683 	EXP 	block1: autoDraw = False
66.8683 	EXP 	repeatText: autoDraw = False
66.8683 	EXP 	choiceImg: image = 'img/even_choice_1.png'
66.8683 	EXP 	choiceWarning: text = '32  for 67%              4  for 100%'
66.8683 	EXP 	choiceImg: autoDraw = True
66.8683 	EXP 	choiceWarning: autoDraw = True
66.8683 	EXP 	text_5: autoDraw = True
67.5554 	DATA 	Keypress: 2
67.5677 	EXP 	Created sequence: random, trialTypes=1, nReps=0, seed=None
67.5686 	EXP 	Created sequence: random, trialTypes=1, nReps=1, seed=None
67.5693 	EXP 	New trial (rep=0, index=0): None
67.6244 	EXP 	choiceImg: autoDraw = False
67.6244 	EXP 	choiceWarning: autoDraw = False
67.6244 	EXP 	text_5: autoDraw = False
67.6244 	EXP 	rightImg: image = 'img/even_1_circle.png'
67.6244 	EXP 	rightImg: autoDraw = True
68.6910 	EXP 	rightImg: autoDraw = False
68.6910 	EXP 	rightImg: autoDraw = False
68.6910 	EXP 	rewardImgRight: opacity = 1.0
68.6910 	EXP 	rewardImgRight: image = 'img/1m&m.png'
68.6910 	EXP 	rightText: text = 'You got it!'
68.6910 	EXP 	rewardImgRight: autoDraw = True
68.6910 	EXP 	rightText: autoDraw = True
69.3301 	DATA 	Keypress: space
69.6386 	EXP 	rewardImgRight: autoDraw = False
69.6386 	EXP 	rightText: autoDraw = False
69.6386 	EXP 	block4: opacity = 0.0
69.6386 	EXP 	block3: opacity = 0.0
69.6386 	EXP 	block2: opacity = 0.0
69.6386 	EXP 	block1: opacity = 0.0
69.6386 	EXP 	repeatText: text = 'total gain:70 \n You are in level:0\n press space to continue'
69.6386 	EXP 	block4: autoDraw = True
69.6386 	EXP 	block3: autoDraw = True
69.6386 	EXP 	block2: autoDraw = True
69.6386 	EXP 	block1: autoDraw = True
69.6386 	EXP 	repeatText: autoDraw = True
70.0639 	DATA 	Keypress: space
70.0766 	EXP 	Created sequence: random, trialTypes=1, nReps=0, seed=None
70.0795 	EXP 	New trial (rep=11, index=0): None
70.0804 	EXP 	Created sequence: random, trialTypes=1, nReps=0, seed=None
70.0811 	EXP 	Created sequence: sequential, trialTypes=1, nReps=0, seed=None
70.0817 	EXP 	Created sequence: sequential, trialTypes=1, nReps=0, seed=None
70.1363 	EXP 	block4: autoDraw = False
70.1363 	EXP 	block3: autoDraw = False
70.1363 	EXP 	block2: autoDraw = False
70.1363 	EXP 	block1: autoDraw = False
70.1363 	EXP 	repeatText: autoDraw = False
70.1363 	EXP 	choiceImg: image = 'img/odd_choice_0.png'
70.1363 	EXP 	choiceWarning: text = '2  for 100%              32  for 67%'
70.1363 	EXP 	choiceImg: autoDraw = True
70.1363 	EXP 	choiceWarning: autoDraw = True
70.1363 	EXP 	text_5: autoDraw = True
72.1732 	DATA 	Keypress: 2
72.1858 	EXP 	Created sequence: random, trialTypes=1, nReps=0, seed=None
72.1867 	EXP 	Created sequence: random, trialTypes=1, nReps=1, seed=None
72.1873 	EXP 	New trial (rep=0, index=0): None
72.2440 	EXP 	choiceImg: autoDraw = False
72.2440 	EXP 	choiceWarning: autoDraw = False
72.2440 	EXP 	text_5: autoDraw = False
72.2440 	EXP 	rightImg: image = 'img/odd_8_circle_0.png'
72.2440 	EXP 	rightImg: autoDraw = True
73.3124 	EXP 	rightImg: autoDraw = False
73.3124 	EXP 	rightImg: autoDraw = False
73.3124 	EXP 	rewardImgRight: opacity = 1.0
73.3124 	EXP 	rewardImgRight: image = 'img/8m&m.png'
73.3124 	EXP 	rightText: text = 'You got it!'
73.3124 	EXP 	rewardImgRight: autoDraw = True
73.3124 	EXP 	rightText: autoDraw = True
74.2729 	EXP 	rewardImgRight: autoDraw = False
74.2729 	EXP 	rightText: autoDraw = False
74.2729 	EXP 	block4: opacity = 0.0
74.2729 	EXP 	block3: opacity = 0.0
74.2729 	EXP 	block2: opacity = 0.0
74.2729 	EXP 	block1: opacity = 0.0
74.2729 	EXP 	repeatText: text = 'total gain:102 \n You are in level:0\n press space to continue'
74.2729 	EXP 	block4: autoDraw = True
74.2729 	EXP 	block3: autoDraw = True
74.2729 	EXP 	block2: autoDraw = True
74.2729 	EXP 	block1: autoDraw = True
74.2729 	EXP 	repeatText: autoDraw = True
74.6821 	DATA 	Keypress: space
74.6948 	EXP 	Created sequence: random, trialTypes=1, nReps=0, seed=None
74.6977 	EXP 	New trial (rep=12, index=0): None
74.6986 	EXP 	Created sequence: random, trialTypes=1, nReps=0, seed=None
74.6992 	EXP 	Created sequence: sequential, trialTypes=1, nReps=0, seed=None
74.6999 	EXP 	Created sequence: sequential, trialTypes=1, nReps=0, seed=None
74.7528 	EXP 	block4: autoDraw = False
74.7528 	EXP 	block3: autoDraw = False
74.7528 	EXP 	block2: autoDraw = False
74.7528 	EXP 	block1: autoDraw = False
74.7528 	EXP 	repeatText: autoDraw = False
74.7528 	EXP 	choiceImg: image = 'img/even_choice_1.png'
74.7528 	EXP 	choiceWarning: text = '32  for 67%              4  for 100%'
74.7528 	EXP 	choiceImg: autoDraw = True
74.7528 	EXP 	choiceWarning: autoDraw = True
74.7528 	EXP 	text_5: autoDraw = True
76.1574 	DATA 	Keypress: 2
76.1700 	EXP 	Created sequence: random, trialTypes=1, nReps=0, seed=None
76.1707 	EXP 	Created sequence: random, trialTypes=1, nReps=1, seed=None
76.1713 	EXP 	New trial (rep=0, index=0): None
76.2277 	EXP 	choiceImg: autoDraw = False
76.2277 	EXP 	choiceWarning: autoDraw = False
76.2277 	EXP 	text_5: autoDraw = False
76.2277 	EXP 	rightImg: image = 'img/even_1_circle.png'
76.2277 	EXP 	rightImg: autoDraw = True
77.2917 	EXP 	rightImg: autoDraw = False
77.2917 	EXP 	rightImg: autoDraw = False
77.2917 	EXP 	rewardImgRight: opacity = 1.0
77.2917 	EXP 	rewardImgRight: image = 'img/1m&m.png'
77.2917 	EXP 	rightText: text = 'You got it!'
77.2917 	EXP 	rewardImgRight: autoDraw = True
77.2917 	EXP 	rightText: autoDraw = True
77.9824 	DATA 	Keypress: space
78.2573 	EXP 	rewardImgRight: autoDraw = False
78.2573 	EXP 	rightText: autoDraw = False
78.2573 	EXP 	block4: opacity = 0.0
78.2573 	EXP 	block3: opacity = 0.0
78.2573 	EXP 	block2: opacity = 0.0
78.2573 	EXP 	block1: opacity = 0.0
78.2573 	EXP 	repeatText: text = 'total gain:106 \n You are in level:0\n press space to continue'
78.2573 	EXP 	block4: autoDraw = True
78.2573 	EXP 	block3: autoDraw = True
78.2573 	EXP 	block2: autoDraw = True
78.2573 	EXP 	block1: autoDraw = True
78.2573 	EXP 	repeatText: autoDraw = True
78.7582 	DATA 	Keypress: space
78.7787 	EXP 	Created sequence: random, trialTypes=1, nReps=0, seed=None
78.7816 	EXP 	New trial (rep=13, index=0): None
78.7825 	EXP 	Created sequence: random, trialTypes=1, nReps=0, seed=None
78.7831 	EXP 	Created sequence: sequential, trialTypes=1, nReps=0, seed=None
78.7837 	EXP 	Created sequence: sequential, trialTypes=1, nReps=0, seed=None
78.8363 	EXP 	block4: autoDraw = False
78.8363 	EXP 	block3: autoDraw = False
78.8363 	EXP 	block2: autoDraw = False
78.8363 	EXP 	block1: autoDraw = False
78.8363 	EXP 	repeatText: autoDraw = False
78.8363 	EXP 	choiceImg: image = 'img/odd_choice_0.png'
78.8363 	EXP 	choiceWarning: text = '2  for 100%              32  for 67%'
78.8363 	EXP 	choiceImg: autoDraw = True
78.8363 	EXP 	choiceWarning: autoDraw = True
78.8363 	EXP 	text_5: autoDraw = True
79.6081 	DATA 	Keypress: 2
79.6201 	EXP 	Created sequence: random, trialTypes=1, nReps=0, seed=None
79.6210 	EXP 	Created sequence: random, trialTypes=1, nReps=1, seed=None
79.6218 	EXP 	New trial (rep=0, index=0): None
79.6752 	EXP 	choiceImg: autoDraw = False
79.6752 	EXP 	choiceWarning: autoDraw = False
79.6752 	EXP 	text_5: autoDraw = False
79.6752 	EXP 	rightImg: image = 'img/odd_8_circle_0.png'
79.6752 	EXP 	rightImg: autoDraw = True
80.7512 	EXP 	rightImg: autoDraw = False
80.7512 	EXP 	rightImg: autoDraw = False
80.7512 	EXP 	rewardImgRight: opacity = 1.0
80.7512 	EXP 	rewardImgRight: image = 'img/8m&m.png'
80.7512 	EXP 	rightText: text = 'You got it!'
80.7512 	EXP 	rewardImgRight: autoDraw = True
80.7512 	EXP 	rightText: autoDraw = True
81.7075 	EXP 	rewardImgRight: autoDraw = False
81.7075 	EXP 	rightText: autoDraw = False
81.7075 	EXP 	block4: opacity = 0.0
81.7075 	EXP 	block3: opacity = 0.0
81.7075 	EXP 	block2: opacity = 0.0
81.7075 	EXP 	block1: opacity = 0.0
81.7075 	EXP 	repeatText: text = 'total gain:138 \n You are in level:0\n press space to continue'
81.7075 	EXP 	block4: autoDraw = True
81.7075 	EXP 	block3: autoDraw = True
81.7075 	EXP 	block2: autoDraw = True
81.7075 	EXP 	block1: autoDraw = True
81.7075 	EXP 	repeatText: autoDraw = True
82.1335 	DATA 	Keypress: space
82.1457 	EXP 	Created sequence: random, trialTypes=1, nReps=0, seed=None
82.1485 	EXP 	New trial (rep=14, index=0): None
82.1495 	EXP 	Created sequence: random, trialTypes=1, nReps=0, seed=None
82.1502 	EXP 	Created sequence: sequential, trialTypes=1, nReps=0, seed=None
82.1508 	EXP 	Created sequence: sequential, trialTypes=1, nReps=0, seed=None
82.2048 	EXP 	block4: autoDraw = False
82.2048 	EXP 	block3: autoDraw = False
82.2048 	EXP 	block2: autoDraw = False
82.2048 	EXP 	block1: autoDraw = False
82.2048 	EXP 	repeatText: autoDraw = False
82.2048 	EXP 	choiceImg: image = 'img/even_choice_1.png'
82.2048 	EXP 	choiceWarning: text = '32  for 67%              4  for 100%'
82.2048 	EXP 	choiceImg: autoDraw = True
82.2048 	EXP 	choiceWarning: autoDraw = True
82.2048 	EXP 	text_5: autoDraw = True
82.5423 	DATA 	Keypress: 2
82.5543 	EXP 	Created sequence: random, trialTypes=1, nReps=0, seed=None
82.5551 	EXP 	Created sequence: random, trialTypes=1, nReps=1, seed=None
82.5557 	EXP 	New trial (rep=0, index=0): None
82.6116 	EXP 	choiceImg: autoDraw = False
82.6116 	EXP 	choiceWarning: autoDraw = False
82.6116 	EXP 	text_5: autoDraw = False
82.6116 	EXP 	rightImg: image = 'img/even_1_circle.png'
82.6116 	EXP 	rightImg: autoDraw = True
83.6781 	EXP 	rightImg: autoDraw = False
83.6781 	EXP 	rightImg: autoDraw = False
83.6781 	EXP 	rewardImgRight: opacity = 1.0
83.6781 	EXP 	rewardImgRight: image = 'img/1m&m.png'
83.6781 	EXP 	rightText: text = 'You got it!'
83.6781 	EXP 	rewardImgRight: autoDraw = True
83.6781 	EXP 	rightText: autoDraw = True
84.6409 	EXP 	rewardImgRight: autoDraw = False
84.6409 	EXP 	rightText: autoDraw = False
84.6409 	EXP 	block4: opacity = 0.0
84.6409 	EXP 	block3: opacity = 0.0
84.6409 	EXP 	block2: opacity = 0.0
84.6409 	EXP 	block1: opacity = 0.0
84.6409 	EXP 	repeatText: text = 'total gain:142 \n You are in level:0\n press space to continue'
84.6409 	EXP 	block4: autoDraw = True
84.6409 	EXP 	block3: autoDraw = True
84.6409 	EXP 	block2: autoDraw = True
84.6409 	EXP 	block1: autoDraw = True
84.6409 	EXP 	repeatText: autoDraw = True
84.9261 	DATA 	Keypress: space
84.9468 	EXP 	Created sequence: random, trialTypes=1, nReps=0, seed=None
84.9513 	EXP 	New trial (rep=15, index=0): None
84.9522 	EXP 	Created sequence: random, trialTypes=1, nReps=0, seed=None
84.9529 	EXP 	Created sequence: sequential, trialTypes=1, nReps=0, seed=None
84.9535 	EXP 	Created sequence: sequential, trialTypes=1, nReps=0, seed=None
85.0085 	EXP 	block4: autoDraw = False
85.0085 	EXP 	block3: autoDraw = False
85.0085 	EXP 	block2: autoDraw = False
85.0085 	EXP 	block1: autoDraw = False
85.0085 	EXP 	repeatText: autoDraw = False
85.0085 	EXP 	choiceImg: image = 'img/odd_choice_1.png'
85.0085 	EXP 	choiceWarning: text = '3  for 100%              32  for 67%'
85.0085 	EXP 	choiceImg: autoDraw = True
85.0085 	EXP 	choiceWarning: autoDraw = True
85.0085 	EXP 	text_5: autoDraw = True
85.3261 	DATA 	Keypress: 2
85.3382 	EXP 	Created sequence: random, trialTypes=1, nReps=0, seed=None
85.3390 	EXP 	Created sequence: random, trialTypes=1, nReps=1, seed=None
85.3396 	EXP 	New trial (rep=0, index=0): None
85.3974 	EXP 	choiceImg: autoDraw = False
85.3974 	EXP 	choiceWarning: autoDraw = False
85.3974 	EXP 	text_5: autoDraw = False
85.3974 	EXP 	rightImg: image = 'img/odd_8_circle_1.png'
85.3974 	EXP 	rightImg: autoDraw = True
86.4727 	EXP 	rightImg: autoDraw = False
86.4727 	EXP 	rightImg: autoDraw = False
86.4727 	EXP 	rewardImgRight: opacity = 0.0
86.4727 	EXP 	rewardImgRight: image = 'img/8m&m.png'
86.4727 	EXP 	rightText: text = 'You did not get it!'
86.4727 	EXP 	rewardImgRight: autoDraw = True
86.4727 	EXP 	rightText: autoDraw = True
87.0099 	DATA 	Keypress: space
87.4000 	EXP 	rewardImgRight: autoDraw = False
87.4000 	EXP 	rightText: autoDraw = False
87.4000 	EXP 	block4: opacity = 0.0
87.4000 	EXP 	block3: opacity = 0.0
87.4000 	EXP 	block2: opacity = 0.0
87.4000 	EXP 	block1: opacity = 0.0
87.4000 	EXP 	repeatText: text = 'total gain:142 \n You are in level:0\n press space to continue'
87.4000 	EXP 	block4: autoDraw = True
87.4000 	EXP 	block3: autoDraw = True
87.4000 	EXP 	block2: autoDraw = True
87.4000 	EXP 	block1: autoDraw = True
87.4000 	EXP 	repeatText: autoDraw = True
87.4933 	DATA 	Keypress: space
87.5133 	EXP 	Created sequence: random, trialTypes=1, nReps=0, seed=None
87.5163 	EXP 	New trial (rep=16, index=0): None
87.5172 	EXP 	Created sequence: random, trialTypes=1, nReps=0, seed=None
87.5179 	EXP 	Created sequence: sequential, trialTypes=1, nReps=0, seed=None
87.5186 	EXP 	Created sequence: sequential, trialTypes=1, nReps=0, seed=None
87.5728 	EXP 	block4: autoDraw = False
87.5728 	EXP 	block3: autoDraw = False
87.5728 	EXP 	block2: autoDraw = False
87.5728 	EXP 	block1: autoDraw = False
87.5728 	EXP 	repeatText: autoDraw = False
87.5728 	EXP 	choiceImg: image = 'img/even_choice_1.png'
87.5728 	EXP 	choiceWarning: text = '32  for 67%              4  for 100%'
87.5728 	EXP 	choiceImg: autoDraw = True
87.5728 	EXP 	choiceWarning: autoDraw = True
87.5728 	EXP 	text_5: autoDraw = True
87.9270 	DATA 	Keypress: 2
87.9393 	EXP 	Created sequence: random, trialTypes=1, nReps=0, seed=None
87.9403 	EXP 	Created sequence: random, trialTypes=1, nReps=1, seed=None
87.9409 	EXP 	New trial (rep=0, index=0): None
87.9954 	EXP 	choiceImg: autoDraw = False
87.9954 	EXP 	choiceWarning: autoDraw = False
87.9954 	EXP 	text_5: autoDraw = False
87.9954 	EXP 	rightImg: image = 'img/even_1_circle.png'
87.9954 	EXP 	rightImg: autoDraw = True
89.0645 	EXP 	rightImg: autoDraw = False
89.0645 	EXP 	rightImg: autoDraw = False
89.0645 	EXP 	rewardImgRight: opacity = 1.0
89.0645 	EXP 	rewardImgRight: image = 'img/1m&m.png'
89.0645 	EXP 	rightText: text = 'You got it!'
89.0645 	EXP 	rewardImgRight: autoDraw = True
89.0645 	EXP 	rightText: autoDraw = True
89.4272 	DATA 	Keypress: space
89.8187 	DATA 	Keypress: space
90.0298 	EXP 	rewardImgRight: autoDraw = False
90.0298 	EXP 	rightText: autoDraw = False
90.0298 	EXP 	block4: opacity = 0.0
90.0298 	EXP 	block3: opacity = 0.0
90.0298 	EXP 	block2: opacity = 0.0
90.0298 	EXP 	block1: opacity = 0.0
90.0298 	EXP 	repeatText: text = 'total gain:146 \n You are in level:0\n press space to continue'
90.0298 	EXP 	block4: autoDraw = True
90.0298 	EXP 	block3: autoDraw = True
90.0298 	EXP 	block2: autoDraw = True
90.0298 	EXP 	block1: autoDraw = True
90.0298 	EXP 	repeatText: autoDraw = True
90.2777 	DATA 	Keypress: space
90.2984 	EXP 	Created sequence: random, trialTypes=1, nReps=1, seed=None
90.2991 	EXP 	New trial (rep=0, index=0): None
90.3240 	EXP 	block4: autoDraw = False
90.3240 	EXP 	block3: autoDraw = False
90.3240 	EXP 	block2: autoDraw = False
90.3240 	EXP 	block1: autoDraw = False
90.3240 	EXP 	repeatText: autoDraw = False
90.3240 	EXP 	text: text = 'This block has ended. \n \nTo start and experience the delay of the next block, press space.'
90.3240 	EXP 	text: autoDraw = True
91.2022 	DATA 	Keypress: space
91.2072 	EXP 	New trial (rep=17, index=0): None
91.2081 	EXP 	Created sequence: random, trialTypes=1, nReps=1, seed=None
91.2087 	EXP 	New trial (rep=0, index=0): None
91.2717 	EXP 	text: autoDraw = False
91.2717 	EXP 	fixImg: image = 'img/odd_4_square.png'
91.2717 	EXP 	fixImg: autoDraw = True
91.2717 	EXP 	text_4: autoDraw = True
91.7187 	DATA 	Keypress: 2
92.2711 	EXP 	Created sequence: sequential, trialTypes=1, nReps=1, seed=None
92.2717 	EXP 	New trial (rep=0, index=0): None
92.3351 	EXP 	fixImg: autoDraw = False
92.3351 	EXP 	text_4: autoDraw = False
92.3351 	EXP 	fixImg: autoDraw = False
92.3351 	EXP 	text_4: autoDraw = False
92.3351 	EXP 	delayImg: image = 'img/odd_8_square_4.png'
92.3351 	EXP 	delayImg: autoDraw = True
92.3351 	EXP 	text_3: autoDraw = True
107.3236 	EXP 	Created sequence: sequential, trialTypes=1, nReps=1, seed=None
107.3243 	EXP 	New trial (rep=0, index=0): None
107.3384 	EXP 	delayImg: autoDraw = False
107.3384 	EXP 	text_3: autoDraw = False
107.3384 	EXP 	delayImg: autoDraw = False
107.3384 	EXP 	text_3: autoDraw = False
107.3384 	EXP 	text_2: autoDraw = True
108.1988 	DATA 	Keypress: space
108.2717 	EXP 	text_2: autoDraw = False
108.2717 	EXP 	choiceImg: image = 'img/odd_choice_4.png'
108.2717 	EXP 	choiceWarning: text = '16  for 100%              32  for 67%'
108.2717 	EXP 	choiceImg: autoDraw = True
108.2717 	EXP 	choiceWarning: autoDraw = True
108.2717 	EXP 	text_5: autoDraw = True
108.7395 	DATA 	Keypress: 1
108.7442 	EXP 	Created sequence: random, trialTypes=1, nReps=1, seed=None
108.7449 	EXP 	New trial (rep=0, index=0): None
108.7999 	EXP 	choiceImg: autoDraw = False
108.7999 	EXP 	choiceWarning: autoDraw = False
108.7999 	EXP 	text_5: autoDraw = False
108.7999 	EXP 	leftImg: image = 'img/odd_4_circle.png'
108.7999 	EXP 	leftImg: autoDraw = True
109.8699 	EXP 	leftImg: autoDraw = False
109.8699 	EXP 	leftImg: autoDraw = False
109.8699 	EXP 	rewardImgLeft: opacity = 1.0
109.8699 	EXP 	rewardImgLeft: image = 'img/4m&m.png'
109.8699 	EXP 	rewardText: text = 'You got it!'
109.8699 	EXP 	rewardImgLeft: autoDraw = True
109.8699 	EXP 	rewardText: autoDraw = True
110.8073 	EXP 	Created sequence: random, trialTypes=1, nReps=0, seed=None
110.8306 	EXP 	rewardImgLeft: autoDraw = False
110.8306 	EXP 	rewardText: autoDraw = False
110.8306 	EXP 	block4: opacity = 0.0
110.8306 	EXP 	block3: opacity = 0.0
110.8306 	EXP 	block2: opacity = 0.0
110.8306 	EXP 	block1: opacity = 0.0
110.8306 	EXP 	repeatText: text = 'total gain:162 \n You are in level:0\n press space to continue'
110.8306 	EXP 	block4: autoDraw = True
110.8306 	EXP 	block3: autoDraw = True
110.8306 	EXP 	block2: autoDraw = True
110.8306 	EXP 	block1: autoDraw = True
110.8306 	EXP 	repeatText: autoDraw = True
111.6160 	DATA 	Keypress: space
111.6363 	EXP 	Created sequence: random, trialTypes=1, nReps=0, seed=None
111.6392 	EXP 	New trial (rep=18, index=0): None
111.6401 	EXP 	Created sequence: random, trialTypes=1, nReps=0, seed=None
111.6408 	EXP 	Created sequence: sequential, trialTypes=1, nReps=0, seed=None
111.6415 	EXP 	Created sequence: sequential, trialTypes=1, nReps=0, seed=None
111.6938 	EXP 	block4: autoDraw = False
111.6938 	EXP 	block3: autoDraw = False
111.6938 	EXP 	block2: autoDraw = False
111.6938 	EXP 	block1: autoDraw = False
111.6938 	EXP 	repeatText: autoDraw = False
111.6938 	EXP 	choiceImg: image = 'img/even_choice_4.png'
111.6938 	EXP 	choiceWarning: text = '32  for 67%              14  for 100%'
111.6938 	EXP 	choiceImg: autoDraw = True
111.6938 	EXP 	choiceWarning: autoDraw = True
111.6938 	EXP 	text_5: autoDraw = True
112.4664 	DATA 	Keypress: 1
112.4787 	EXP 	Created sequence: random, trialTypes=1, nReps=1, seed=None
112.4793 	EXP 	New trial (rep=0, index=0): None
112.5361 	EXP 	choiceImg: autoDraw = False
112.5361 	EXP 	choiceWarning: autoDraw = False
112.5361 	EXP 	text_5: autoDraw = False
112.5361 	EXP 	leftImg: image = 'img/even_8_circle_4.png'
112.5361 	EXP 	leftImg: autoDraw = True
127.6147 	EXP 	leftImg: autoDraw = False
127.6147 	EXP 	leftImg: autoDraw = False
127.6147 	EXP 	rewardImgLeft: opacity = 1.0
127.6147 	EXP 	rewardImgLeft: image = 'img/8m&m.png'
127.6147 	EXP 	rewardText: text = 'You got it!'
127.6147 	EXP 	rewardImgLeft: autoDraw = True
127.6147 	EXP 	rewardText: autoDraw = True
128.3367 	DATA 	Keypress: space
128.5282 	EXP 	Created sequence: random, trialTypes=1, nReps=0, seed=None
128.5435 	EXP 	rewardImgLeft: autoDraw = False
128.5435 	EXP 	rewardText: autoDraw = False
128.5435 	EXP 	block4: opacity = 0.0
128.5435 	EXP 	block3: opacity = 0.0
128.5435 	EXP 	block2: opacity = 0.0
128.5435 	EXP 	block1: opacity = 0.0
128.5435 	EXP 	repeatText: text = 'total gain:194 \n You are in level:0\n press space to continue'
128.5435 	EXP 	block4: autoDraw = True
128.5435 	EXP 	block3: autoDraw = True
128.5435 	EXP 	block2: autoDraw = True
128.5435 	EXP 	block1: autoDraw = True
128.5435 	EXP 	repeatText: autoDraw = True
129.2203 	DATA 	Keypress: space
129.2410 	EXP 	Created sequence: random, trialTypes=1, nReps=0, seed=None
129.2440 	EXP 	New trial (rep=19, index=0): None
129.2449 	EXP 	Created sequence: random, trialTypes=1, nReps=0, seed=None
129.2456 	EXP 	Created sequence: sequential, trialTypes=1, nReps=0, seed=None
129.2462 	EXP 	Created sequence: sequential, trialTypes=1, nReps=0, seed=None
129.2973 	EXP 	block4: autoDraw = False
129.2973 	EXP 	block3: autoDraw = False
129.2973 	EXP 	block2: autoDraw = False
129.2973 	EXP 	block1: autoDraw = False
129.2973 	EXP 	repeatText: autoDraw = False
129.2973 	EXP 	choiceImg: image = 'img/odd_choice_4.png'
129.2973 	EXP 	choiceWarning: text = '16  for 100%              32  for 67%'
129.2973 	EXP 	choiceImg: autoDraw = True
129.2973 	EXP 	choiceWarning: autoDraw = True
129.2973 	EXP 	text_5: autoDraw = True
130.0038 	DATA 	Keypress: 1
130.0162 	EXP 	Created sequence: random, trialTypes=1, nReps=1, seed=None
130.0168 	EXP 	New trial (rep=0, index=0): None
130.0710 	EXP 	choiceImg: autoDraw = False
130.0710 	EXP 	choiceWarning: autoDraw = False
130.0710 	EXP 	text_5: autoDraw = False
130.0710 	EXP 	leftImg: image = 'img/odd_4_circle.png'
130.0710 	EXP 	leftImg: autoDraw = True
131.1418 	EXP 	leftImg: autoDraw = False
131.1418 	EXP 	leftImg: autoDraw = False
131.1418 	EXP 	rewardImgLeft: opacity = 1.0
131.1418 	EXP 	rewardImgLeft: image = 'img/4m&m.png'
131.1418 	EXP 	rewardText: text = 'You got it!'
131.1418 	EXP 	rewardImgLeft: autoDraw = True
131.1418 	EXP 	rewardText: autoDraw = True
132.0630 	EXP 	Created sequence: random, trialTypes=1, nReps=0, seed=None
132.0866 	EXP 	rewardImgLeft: autoDraw = False
132.0866 	EXP 	rewardText: autoDraw = False
132.0866 	EXP 	block4: opacity = 0.0
132.0866 	EXP 	block3: opacity = 0.0
132.0866 	EXP 	block2: opacity = 0.0
132.0866 	EXP 	block1: opacity = 1.0
132.0866 	EXP 	repeatText: text = 'total gain:210 \n You are in level:1\n press space to continue'
132.0866 	EXP 	block4: autoDraw = True
132.0866 	EXP 	block3: autoDraw = True
132.0866 	EXP 	block2: autoDraw = True
132.0866 	EXP 	block1: autoDraw = True
132.0866 	EXP 	repeatText: autoDraw = True
132.6547 	DATA 	Keypress: space
132.6751 	EXP 	Created sequence: random, trialTypes=1, nReps=0, seed=None
132.6781 	EXP 	New trial (rep=20, index=0): None
132.6789 	EXP 	Created sequence: random, trialTypes=1, nReps=0, seed=None
132.6796 	EXP 	Created sequence: sequential, trialTypes=1, nReps=0, seed=None
132.6802 	EXP 	Created sequence: sequential, trialTypes=1, nReps=0, seed=None
132.7354 	EXP 	block4: autoDraw = False
132.7354 	EXP 	block3: autoDraw = False
132.7354 	EXP 	block2: autoDraw = False
132.7354 	EXP 	block1: autoDraw = False
132.7354 	EXP 	repeatText: autoDraw = False
132.7354 	EXP 	choiceImg: image = 'img/even_choice_4.png'
132.7354 	EXP 	choiceWarning: text = '32  for 67%              14  for 100%'
132.7354 	EXP 	choiceImg: autoDraw = True
132.7354 	EXP 	choiceWarning: autoDraw = True
132.7354 	EXP 	text_5: autoDraw = True
134.6386 	DATA 	Keypress: 1
134.6511 	EXP 	Created sequence: random, trialTypes=1, nReps=1, seed=None
134.6516 	EXP 	New trial (rep=0, index=0): None
134.7092 	EXP 	choiceImg: autoDraw = False
134.7092 	EXP 	choiceWarning: autoDraw = False
134.7092 	EXP 	text_5: autoDraw = False
134.7092 	EXP 	leftImg: image = 'img/even_8_circle_4.png'
134.7092 	EXP 	leftImg: autoDraw = True
149.2586 	DATA 	Keypress: space
149.7876 	EXP 	leftImg: autoDraw = False
149.7876 	EXP 	leftImg: autoDraw = False
149.7876 	EXP 	rewardImgLeft: opacity = 1.0
149.7876 	EXP 	rewardImgLeft: image = 'img/8m&m.png'
149.7876 	EXP 	rewardText: text = 'You got it!'
149.7876 	EXP 	rewardImgLeft: autoDraw = True
149.7876 	EXP 	rewardText: autoDraw = True
150.3168 	DATA 	Keypress: space
150.7179 	EXP 	Created sequence: random, trialTypes=1, nReps=0, seed=None
150.7423 	EXP 	rewardImgLeft: autoDraw = False
150.7423 	EXP 	rewardText: autoDraw = False
150.7423 	EXP 	block4: opacity = 0.0
150.7423 	EXP 	block3: opacity = 0.0
150.7423 	EXP 	block2: opacity = 0.0
150.7423 	EXP 	block1: opacity = 1.0
150.7423 	EXP 	repeatText: text = 'total gain:242 \n You are in level:1\n press space to continue'
150.7423 	EXP 	block4: autoDraw = True
150.7423 	EXP 	block3: autoDraw = True
150.7423 	EXP 	block2: autoDraw = True
150.7423 	EXP 	block1: autoDraw = True
150.7423 	EXP 	repeatText: autoDraw = True
151.4837 	DATA 	Keypress: space
151.4967 	EXP 	Created sequence: random, trialTypes=1, nReps=0, seed=None
151.4995 	EXP 	New trial (rep=21, index=0): None
151.5004 	EXP 	Created sequence: random, trialTypes=1, nReps=0, seed=None
151.5011 	EXP 	Created sequence: sequential, trialTypes=1, nReps=0, seed=None
151.5017 	EXP 	Created sequence: sequential, trialTypes=1, nReps=0, seed=None
151.5539 	EXP 	block4: autoDraw = False
151.5539 	EXP 	block3: autoDraw = False
151.5539 	EXP 	block2: autoDraw = False
151.5539 	EXP 	block1: autoDraw = False
151.5539 	EXP 	repeatText: autoDraw = False
151.5539 	EXP 	choiceImg: image = 'img/odd_choice_4.png'
151.5539 	EXP 	choiceWarning: text = '16  for 100%              32  for 67%'
151.5539 	EXP 	choiceImg: autoDraw = True
151.5539 	EXP 	choiceWarning: autoDraw = True
151.5539 	EXP 	text_5: autoDraw = True
152.1837 	DATA 	Keypress: 1
152.1885 	EXP 	Created sequence: random, trialTypes=1, nReps=1, seed=None
152.1892 	EXP 	New trial (rep=0, index=0): None
152.2439 	EXP 	choiceImg: autoDraw = False
152.2439 	EXP 	choiceWarning: autoDraw = False
152.2439 	EXP 	text_5: autoDraw = False
152.2439 	EXP 	leftImg: image = 'img/odd_4_circle.png'
152.2439 	EXP 	leftImg: autoDraw = True
153.3135 	EXP 	leftImg: autoDraw = False
153.3135 	EXP 	leftImg: autoDraw = False
153.3135 	EXP 	rewardImgLeft: opacity = 1.0
153.3135 	EXP 	rewardImgLeft: image = 'img/4m&m.png'
153.3135 	EXP 	rewardText: text = 'You got it!'
153.3135 	EXP 	rewardImgLeft: autoDraw = True
153.3135 	EXP 	rewardText: autoDraw = True
154.2515 	EXP 	Created sequence: random, trialTypes=1, nReps=0, seed=None
154.2763 	EXP 	rewardImgLeft: autoDraw = False
154.2763 	EXP 	rewardText: autoDraw = False
154.2763 	EXP 	block4: opacity = 0.0
154.2763 	EXP 	block3: opacity = 0.0
154.2763 	EXP 	block2: opacity = 0.0
154.2763 	EXP 	block1: opacity = 1.0
154.2763 	EXP 	repeatText: text = 'total gain:258 \n You are in level:1\n press space to continue'
154.2763 	EXP 	block4: autoDraw = True
154.2763 	EXP 	block3: autoDraw = True
154.2763 	EXP 	block2: autoDraw = True
154.2763 	EXP 	block1: autoDraw = True
154.2763 	EXP 	repeatText: autoDraw = True
155.2600 	DATA 	Keypress: space
155.2808 	EXP 	Created sequence: random, trialTypes=1, nReps=0, seed=None
155.2837 	EXP 	New trial (rep=22, index=0): None
155.2849 	EXP 	Created sequence: random, trialTypes=1, nReps=0, seed=None
155.2857 	EXP 	Created sequence: sequential, trialTypes=1, nReps=0, seed=None
155.2864 	EXP 	Created sequence: sequential, trialTypes=1, nReps=0, seed=None
155.3385 	EXP 	block4: autoDraw = False
155.3385 	EXP 	block3: autoDraw = False
155.3385 	EXP 	block2: autoDraw = False
155.3385 	EXP 	block1: autoDraw = False
155.3385 	EXP 	repeatText: autoDraw = False
155.3385 	EXP 	choiceImg: image = 'img/even_choice_4.png'
155.3385 	EXP 	choiceWarning: text = '32  for 67%              15  for 100%'
155.3385 	EXP 	choiceImg: autoDraw = True
155.3385 	EXP 	choiceWarning: autoDraw = True
155.3385 	EXP 	text_5: autoDraw = True
155.9680 	DATA 	Keypress: 1
155.9727 	EXP 	Created sequence: random, trialTypes=1, nReps=1, seed=None
155.9734 	EXP 	New trial (rep=0, index=0): None
156.0253 	EXP 	choiceImg: autoDraw = False
156.0253 	EXP 	choiceWarning: autoDraw = False
156.0253 	EXP 	text_5: autoDraw = False
156.0253 	EXP 	leftImg: image = 'img/even_8_circle_4.png'
156.0253 	EXP 	leftImg: autoDraw = True
171.1083 	EXP 	leftImg: autoDraw = False
171.1083 	EXP 	leftImg: autoDraw = False
171.1083 	EXP 	rewardImgLeft: opacity = 1.0
171.1083 	EXP 	rewardImgLeft: image = 'img/8m&m.png'
171.1083 	EXP 	rewardText: text = 'You got it!'
171.1083 	EXP 	rewardImgLeft: autoDraw = True
171.1083 	EXP 	rewardText: autoDraw = True
171.5885 	DATA 	Keypress: space
172.0146 	DATA 	Keypress: space
172.0241 	EXP 	Created sequence: random, trialTypes=1, nReps=0, seed=None
172.0504 	EXP 	rewardImgLeft: autoDraw = False
172.0504 	EXP 	rewardText: autoDraw = False
172.0504 	EXP 	block4: opacity = 0.0
172.0504 	EXP 	block3: opacity = 0.0
172.0504 	EXP 	block2: opacity = 0.0
172.0504 	EXP 	block1: opacity = 1.0
172.0504 	EXP 	repeatText: text = 'total gain:290 \n You are in level:1\n press space to continue'
172.0504 	EXP 	block4: autoDraw = True
172.0504 	EXP 	block3: autoDraw = True
172.0504 	EXP 	block2: autoDraw = True
172.0504 	EXP 	block1: autoDraw = True
172.0504 	EXP 	repeatText: autoDraw = True
172.4978 	DATA 	Keypress: space
172.5149 	EXP 	Created sequence: random, trialTypes=1, nReps=0, seed=None
172.5160 	EXP 	New trial (rep=23, index=0): None
172.5163 	EXP 	Created sequence: random, trialTypes=1, nReps=0, seed=None
172.5165 	EXP 	Created sequence: sequential, trialTypes=1, nReps=0, seed=None
172.5168 	EXP 	Created sequence: sequential, trialTypes=1, nReps=0, seed=None
172.5557 	EXP 	block4: autoDraw = False
172.5557 	EXP 	block3: autoDraw = False
172.5557 	EXP 	block2: autoDraw = False
172.5557 	EXP 	block1: autoDraw = False
172.5557 	EXP 	repeatText: autoDraw = False
172.5557 	EXP 	choiceImg: image = 'img/odd_choice_4.png'
172.5557 	EXP 	choiceWarning: text = '16  for 100%              32  for 67%'
172.5557 	EXP 	choiceImg: autoDraw = True
172.5557 	EXP 	choiceWarning: autoDraw = True
172.5557 	EXP 	text_5: autoDraw = True
173.1555 	DATA 	Keypress: 1
173.1766 	EXP 	Created sequence: random, trialTypes=1, nReps=1, seed=None
173.1772 	EXP 	New trial (rep=0, index=0): None
173.2315 	EXP 	choiceImg: autoDraw = False
173.2315 	EXP 	choiceWarning: autoDraw = False
173.2315 	EXP 	text_5: autoDraw = False
173.2315 	EXP 	leftImg: image = 'img/odd_4_circle.png'
173.2315 	EXP 	leftImg: autoDraw = True
174.3018 	EXP 	leftImg: autoDraw = False
174.3018 	EXP 	leftImg: autoDraw = False
174.3018 	EXP 	rewardImgLeft: opacity = 1.0
174.3018 	EXP 	rewardImgLeft: image = 'img/4m&m.png'
174.3018 	EXP 	rewardText: text = 'You got it!'
174.3018 	EXP 	rewardImgLeft: autoDraw = True
174.3018 	EXP 	rewardText: autoDraw = True
174.8562 	DATA 	Keypress: space
175.2239 	EXP 	Created sequence: random, trialTypes=1, nReps=0, seed=None
175.2490 	EXP 	rewardImgLeft: autoDraw = False
175.2490 	EXP 	rewardText: autoDraw = False
175.2490 	EXP 	block4: opacity = 0.0
175.2490 	EXP 	block3: opacity = 0.0
175.2490 	EXP 	block2: opacity = 0.0
175.2490 	EXP 	block1: opacity = 1.0
175.2490 	EXP 	repeatText: text = 'total gain:306 \n You are in level:1\n press space to continue'
175.2490 	EXP 	block4: autoDraw = True
175.2490 	EXP 	block3: autoDraw = True
175.2490 	EXP 	block2: autoDraw = True
175.2490 	EXP 	block1: autoDraw = True
175.2490 	EXP 	repeatText: autoDraw = True
175.2731 	DATA 	Keypress: space
175.2852 	EXP 	Created sequence: random, trialTypes=1, nReps=1, seed=None
175.2858 	EXP 	New trial (rep=0, index=0): None
175.2950 	EXP 	block4: autoDraw = False
175.2950 	EXP 	block3: autoDraw = False
175.2950 	EXP 	block2: autoDraw = False
175.2950 	EXP 	block1: autoDraw = False
175.2950 	EXP 	repeatText: autoDraw = False
175.2950 	EXP 	text: text = 'This block has ended. \n \nTo start and experience the delay of the next block, press space.'
175.2950 	EXP 	text: autoDraw = True
176.7653 	DATA 	Keypress: space
176.7787 	EXP 	New trial (rep=24, index=0): None
176.7797 	EXP 	Created sequence: random, trialTypes=1, nReps=1, seed=None
176.7803 	EXP 	New trial (rep=0, index=0): None
176.8433 	EXP 	text: autoDraw = False
176.8433 	EXP 	fixImg: image = 'img/even_4_square.png'
176.8433 	EXP 	fixImg: autoDraw = True
176.8433 	EXP 	text_4: autoDraw = True
177.8424 	EXP 	Created sequence: sequential, trialTypes=1, nReps=1, seed=None
177.8430 	EXP 	New trial (rep=0, index=0): None
177.9068 	EXP 	fixImg: autoDraw = False
177.9068 	EXP 	text_4: autoDraw = False
177.9068 	EXP 	fixImg: autoDraw = False
177.9068 	EXP 	text_4: autoDraw = False
177.9068 	EXP 	delayImg: image = 'img/even_8_square_4.png'
177.9068 	EXP 	delayImg: autoDraw = True
177.9068 	EXP 	text_3: autoDraw = True
207.8990 	EXP 	Created sequence: sequential, trialTypes=1, nReps=1, seed=None
207.8997 	EXP 	New trial (rep=0, index=0): None
207.9135 	EXP 	delayImg: autoDraw = False
207.9135 	EXP 	text_3: autoDraw = False
207.9135 	EXP 	delayImg: autoDraw = False
207.9135 	EXP 	text_3: autoDraw = False
207.9135 	EXP 	text_2: autoDraw = True
208.9810 	DATA 	Keypress: space
209.0480 	EXP 	text_2: autoDraw = False
209.0480 	EXP 	choiceImg: image = 'img/even_choice_4.png'
209.0480 	EXP 	choiceWarning: text = '32  for 67%              16  for 100%'
209.0480 	EXP 	choiceImg: autoDraw = True
209.0480 	EXP 	choiceWarning: autoDraw = True
209.0480 	EXP 	text_5: autoDraw = True
209.3648 	DATA 	Keypress: 2
209.3695 	EXP 	Created sequence: random, trialTypes=1, nReps=0, seed=None
209.3704 	EXP 	Created sequence: random, trialTypes=1, nReps=1, seed=None
209.3710 	EXP 	New trial (rep=0, index=0): None
209.4248 	EXP 	choiceImg: autoDraw = False
209.4248 	EXP 	choiceWarning: autoDraw = False
209.4248 	EXP 	text_5: autoDraw = False
209.4248 	EXP 	rightImg: image = 'img/even_4_circle.png'
209.4248 	EXP 	rightImg: autoDraw = True
210.4797 	EXP 	rightImg: autoDraw = False
210.4797 	EXP 	rightImg: autoDraw = False
210.4797 	EXP 	rewardImgRight: opacity = 1.0
210.4797 	EXP 	rewardImgRight: image = 'img/4m&m.png'
210.4797 	EXP 	rightText: text = 'You got it!'
210.4797 	EXP 	rewardImgRight: autoDraw = True
210.4797 	EXP 	rightText: autoDraw = True
211.3983 	DATA 	Keypress: space
211.4396 	EXP 	rewardImgRight: autoDraw = False
211.4396 	EXP 	rightText: autoDraw = False
211.4396 	EXP 	block4: opacity = 0.0
211.4396 	EXP 	block3: opacity = 0.0
211.4396 	EXP 	block2: opacity = 0.0
211.4396 	EXP 	block1: opacity = 1.0
211.4396 	EXP 	repeatText: text = 'total gain:322 \n You are in level:1\n press space to continue'
211.4396 	EXP 	block4: autoDraw = True
211.4396 	EXP 	block3: autoDraw = True
211.4396 	EXP 	block2: autoDraw = True
211.4396 	EXP 	block1: autoDraw = True
211.4396 	EXP 	repeatText: autoDraw = True
211.9984 	DATA 	Keypress: space
212.0107 	EXP 	Created sequence: random, trialTypes=1, nReps=0, seed=None
212.0136 	EXP 	New trial (rep=25, index=0): None
212.0145 	EXP 	Created sequence: random, trialTypes=1, nReps=0, seed=None
212.0152 	EXP 	Created sequence: sequential, trialTypes=1, nReps=0, seed=None
212.0158 	EXP 	Created sequence: sequential, trialTypes=1, nReps=0, seed=None
212.0733 	EXP 	block4: autoDraw = False
212.0733 	EXP 	block3: autoDraw = False
212.0733 	EXP 	block2: autoDraw = False
212.0733 	EXP 	block1: autoDraw = False
212.0733 	EXP 	repeatText: autoDraw = False
212.0733 	EXP 	choiceImg: image = 'img/odd_choice_4.png'
212.0733 	EXP 	choiceWarning: text = '14  for 100%              32  for 67%'
212.0733 	EXP 	choiceImg: autoDraw = True
212.0733 	EXP 	choiceWarning: autoDraw = True
212.0733 	EXP 	text_5: autoDraw = True
212.9745 	DATA 	Keypress: 2
212.9869 	EXP 	Created sequence: random, trialTypes=1, nReps=0, seed=None
212.9879 	EXP 	Created sequence: random, trialTypes=1, nReps=1, seed=None
212.9885 	EXP 	New trial (rep=0, index=0): None
213.0452 	EXP 	choiceImg: autoDraw = False
213.0452 	EXP 	choiceWarning: autoDraw = False
213.0452 	EXP 	text_5: autoDraw = False
213.0452 	EXP 	rightImg: image = 'img/odd_8_circle_4.png'
213.0452 	EXP 	rightImg: autoDraw = True
243.1269 	EXP 	rightImg: autoDraw = False
243.1269 	EXP 	rightImg: autoDraw = False
243.1269 	EXP 	rewardImgRight: opacity = 1.0
243.1269 	EXP 	rewardImgRight: image = 'img/8m&m.png'
243.1269 	EXP 	rightText: text = 'You got it!'
243.1269 	EXP 	rewardImgRight: autoDraw = True
243.1269 	EXP 	rightText: autoDraw = True
243.6069 	DATA 	Keypress: space
244.0789 	EXP 	rewardImgRight: autoDraw = False
244.0789 	EXP 	rightText: autoDraw = False
244.0789 	EXP 	block4: opacity = 0.0
244.0789 	EXP 	block3: opacity = 0.0
244.0789 	EXP 	block2: opacity = 0.0
244.0789 	EXP 	block1: opacity = 1.0
244.0789 	EXP 	repeatText: text = 'total gain:354 \n You are in level:1\n press space to continue'
244.0789 	EXP 	block4: autoDraw = True
244.0789 	EXP 	block3: autoDraw = True
244.0789 	EXP 	block2: autoDraw = True
244.0789 	EXP 	block1: autoDraw = True
244.0789 	EXP 	repeatText: autoDraw = True
244.6400 	DATA 	Keypress: space
244.6547 	EXP 	Created sequence: random, trialTypes=1, nReps=0, seed=None
244.6576 	EXP 	New trial (rep=26, index=0): None
244.6586 	EXP 	Created sequence: random, trialTypes=1, nReps=0, seed=None
244.6593 	EXP 	Created sequence: sequential, trialTypes=1, nReps=0, seed=None
244.6599 	EXP 	Created sequence: sequential, trialTypes=1, nReps=0, seed=None
244.7105 	EXP 	block4: autoDraw = False
244.7105 	EXP 	block3: autoDraw = False
244.7105 	EXP 	block2: autoDraw = False
244.7105 	EXP 	block1: autoDraw = False
244.7105 	EXP 	repeatText: autoDraw = False
244.7105 	EXP 	choiceImg: image = 'img/even_choice_4.png'
244.7105 	EXP 	choiceWarning: text = '32  for 67%              16  for 100%'
244.7105 	EXP 	choiceImg: autoDraw = True
244.7105 	EXP 	choiceWarning: autoDraw = True
244.7105 	EXP 	text_5: autoDraw = True
245.5068 	DATA 	Keypress: 2
245.5115 	EXP 	Created sequence: random, trialTypes=1, nReps=0, seed=None
245.5124 	EXP 	Created sequence: random, trialTypes=1, nReps=1, seed=None
245.5131 	EXP 	New trial (rep=0, index=0): None
245.5652 	EXP 	choiceImg: autoDraw = False
245.5652 	EXP 	choiceWarning: autoDraw = False
245.5652 	EXP 	text_5: autoDraw = False
245.5652 	EXP 	rightImg: image = 'img/even_4_circle.png'
245.5652 	EXP 	rightImg: autoDraw = True
246.6378 	EXP 	rightImg: autoDraw = False
246.6378 	EXP 	rightImg: autoDraw = False
246.6378 	EXP 	rewardImgRight: opacity = 1.0
246.6378 	EXP 	rewardImgRight: image = 'img/4m&m.png'
246.6378 	EXP 	rightText: text = 'You got it!'
246.6378 	EXP 	rewardImgRight: autoDraw = True
246.6378 	EXP 	rightText: autoDraw = True
247.5976 	EXP 	rewardImgRight: autoDraw = False
247.5976 	EXP 	rightText: autoDraw = False
247.5976 	EXP 	block4: opacity = 0.0
247.5976 	EXP 	block3: opacity = 0.0
247.5976 	EXP 	block2: opacity = 0.0
247.5976 	EXP 	block1: opacity = 1.0
247.5976 	EXP 	repeatText: text = 'total gain:370 \n You are in level:1\n press space to continue'
247.5976 	EXP 	block4: autoDraw = True
247.5976 	EXP 	block3: autoDraw = True
247.5976 	EXP 	block2: autoDraw = True
247.5976 	EXP 	block1: autoDraw = True
247.5976 	EXP 	repeatText: autoDraw = True
248.1909 	DATA 	Keypress: space
248.2034 	EXP 	Created sequence: random, trialTypes=1, nReps=0, seed=None
248.2063 	EXP 	New trial (rep=27, index=0): None
248.2071 	EXP 	Created sequence: random, trialTypes=1, nReps=0, seed=None
248.2078 	EXP 	Created sequence: sequential, trialTypes=1, nReps=0, seed=None
248.2084 	EXP 	Created sequence: sequential, trialTypes=1, nReps=0, seed=None
248.2619 	EXP 	block4: autoDraw = False
248.2619 	EXP 	block3: autoDraw = False
248.2619 	EXP 	block2: autoDraw = False
248.2619 	EXP 	block1: autoDraw = False
248.2619 	EXP 	repeatText: autoDraw = False
248.2619 	EXP 	choiceImg: image = 'img/odd_choice_4.png'
248.2619 	EXP 	choiceWarning: text = '14  for 100%              32  for 67%'
248.2619 	EXP 	choiceImg: autoDraw = True
248.2619 	EXP 	choiceWarning: autoDraw = True
248.2619 	EXP 	text_5: autoDraw = True
248.9072 	DATA 	Keypress: space
249.2413 	DATA 	Keypress: 2
249.2459 	EXP 	Created sequence: random, trialTypes=1, nReps=0, seed=None
249.2467 	EXP 	Created sequence: random, trialTypes=1, nReps=1, seed=None
249.2473 	EXP 	New trial (rep=0, index=0): None
249.3037 	EXP 	choiceImg: autoDraw = False
249.3037 	EXP 	choiceWarning: autoDraw = False
249.3037 	EXP 	text_5: autoDraw = False
249.3037 	EXP 	rightImg: image = 'img/odd_8_circle_4.png'
249.3037 	EXP 	rightImg: autoDraw = True
279.3837 	EXP 	rightImg: autoDraw = False
279.3837 	EXP 	rightImg: autoDraw = False
279.3837 	EXP 	rewardImgRight: opacity = 1.0
279.3837 	EXP 	rewardImgRight: image = 'img/8m&m.png'
279.3837 	EXP 	rightText: text = 'You got it!'
279.3837 	EXP 	rewardImgRight: autoDraw = True
279.3837 	EXP 	rightText: autoDraw = True
279.8238 	DATA 	Keypress: space
280.3320 	EXP 	rewardImgRight: autoDraw = False
280.3320 	EXP 	rightText: autoDraw = False
280.3320 	EXP 	block4: opacity = 0.0
280.3320 	EXP 	block3: opacity = 0.0
280.3320 	EXP 	block2: opacity = 1.0
280.3320 	EXP 	block1: opacity = 1.0
280.3320 	EXP 	repeatText: text = 'total gain:402 \n You are in level:2\n press space to continue'
280.3320 	EXP 	block4: autoDraw = True
280.3320 	EXP 	block3: autoDraw = True
280.3320 	EXP 	block2: autoDraw = True
280.3320 	EXP 	block1: autoDraw = True
280.3320 	EXP 	repeatText: autoDraw = True
280.3910 	DATA 	Keypress: space
280.4103 	EXP 	Created sequence: random, trialTypes=1, nReps=0, seed=None
280.4131 	EXP 	New trial (rep=28, index=0): None
280.4140 	EXP 	Created sequence: random, trialTypes=1, nReps=0, seed=None
280.4147 	EXP 	Created sequence: sequential, trialTypes=1, nReps=0, seed=None
280.4153 	EXP 	Created sequence: sequential, trialTypes=1, nReps=0, seed=None
280.4694 	EXP 	block4: autoDraw = False
280.4694 	EXP 	block3: autoDraw = False
280.4694 	EXP 	block2: autoDraw = False
280.4694 	EXP 	block1: autoDraw = False
280.4694 	EXP 	repeatText: autoDraw = False
280.4694 	EXP 	choiceImg: image = 'img/even_choice_4.png'
280.4694 	EXP 	choiceWarning: text = '32  for 67%              16  for 100%'
280.4694 	EXP 	choiceImg: autoDraw = True
280.4694 	EXP 	choiceWarning: autoDraw = True
280.4694 	EXP 	text_5: autoDraw = True
281.9330 	DATA 	Keypress: 2
281.9377 	EXP 	Created sequence: random, trialTypes=1, nReps=0, seed=None
281.9386 	EXP 	Created sequence: random, trialTypes=1, nReps=1, seed=None
281.9392 	EXP 	New trial (rep=0, index=0): None
281.9960 	EXP 	choiceImg: autoDraw = False
281.9960 	EXP 	choiceWarning: autoDraw = False
281.9960 	EXP 	text_5: autoDraw = False
281.9960 	EXP 	rightImg: image = 'img/even_4_circle.png'
281.9960 	EXP 	rightImg: autoDraw = True
283.0618 	EXP 	rightImg: autoDraw = False
283.0618 	EXP 	rightImg: autoDraw = False
283.0618 	EXP 	rewardImgRight: opacity = 1.0
283.0618 	EXP 	rewardImgRight: image = 'img/4m&m.png'
283.0618 	EXP 	rightText: text = 'You got it!'
283.0618 	EXP 	rewardImgRight: autoDraw = True
283.0618 	EXP 	rightText: autoDraw = True
284.0235 	EXP 	rewardImgRight: autoDraw = False
284.0235 	EXP 	rightText: autoDraw = False
284.0235 	EXP 	block4: opacity = 0.0
284.0235 	EXP 	block3: opacity = 0.0
284.0235 	EXP 	block2: opacity = 1.0
284.0235 	EXP 	block1: opacity = 1.0
284.0235 	EXP 	repeatText: text = 'total gain:418 \n You are in level:2\n press space to continue'
284.0235 	EXP 	block4: autoDraw = True
284.0235 	EXP 	block3: autoDraw = True
284.0235 	EXP 	block2: autoDraw = True
284.0235 	EXP 	block1: autoDraw = True
284.0235 	EXP 	repeatText: autoDraw = True
284.8753 	DATA 	Keypress: space
284.8967 	EXP 	Created sequence: random, trialTypes=1, nReps=0, seed=None
284.8997 	EXP 	New trial (rep=29, index=0): None
284.9006 	EXP 	Created sequence: random, trialTypes=1, nReps=0, seed=None
284.9013 	EXP 	Created sequence: sequential, trialTypes=1, nReps=0, seed=None
284.9020 	EXP 	Created sequence: sequential, trialTypes=1, nReps=0, seed=None
284.9539 	EXP 	block4: autoDraw = False
284.9539 	EXP 	block3: autoDraw = False
284.9539 	EXP 	block2: autoDraw = False
284.9539 	EXP 	block1: autoDraw = False
284.9539 	EXP 	repeatText: autoDraw = False
284.9539 	EXP 	choiceImg: image = 'img/odd_choice_4.png'
284.9539 	EXP 	choiceWarning: text = '15  for 100%              32  for 67%'
284.9539 	EXP 	choiceImg: autoDraw = True
284.9539 	EXP 	choiceWarning: autoDraw = True
284.9539 	EXP 	text_5: autoDraw = True
285.7758 	DATA 	Keypress: 2
285.7887 	EXP 	Created sequence: random, trialTypes=1, nReps=0, seed=None
285.7897 	EXP 	Created sequence: random, trialTypes=1, nReps=1, seed=None
285.7903 	EXP 	New trial (rep=0, index=0): None
285.8464 	EXP 	choiceImg: autoDraw = False
285.8464 	EXP 	choiceWarning: autoDraw = False
285.8464 	EXP 	text_5: autoDraw = False
285.8464 	EXP 	rightImg: image = 'img/odd_8_circle_4.png'
285.8464 	EXP 	rightImg: autoDraw = True
315.9267 	EXP 	rightImg: autoDraw = False
315.9267 	EXP 	rightImg: autoDraw = False
315.9267 	EXP 	rewardImgRight: opacity = 1.0
315.9267 	EXP 	rewardImgRight: image = 'img/8m&m.png'
315.9267 	EXP 	rightText: text = 'You got it!'
315.9267 	EXP 	rewardImgRight: autoDraw = True
315.9267 	EXP 	rightText: autoDraw = True
316.8817 	EXP 	rewardImgRight: autoDraw = False
316.8817 	EXP 	rightText: autoDraw = False
316.8817 	EXP 	block4: opacity = 0.0
316.8817 	EXP 	block3: opacity = 0.0
316.8817 	EXP 	block2: opacity = 1.0
316.8817 	EXP 	block1: opacity = 1.0
316.8817 	EXP 	repeatText: text = 'total gain:450 \n You are in level:2\n press space to continue'
316.8817 	EXP 	block4: autoDraw = True
316.8817 	EXP 	block3: autoDraw = True
316.8817 	EXP 	block2: autoDraw = True
316.8817 	EXP 	block1: autoDraw = True
316.8817 	EXP 	repeatText: autoDraw = True
317.6581 	DATA 	Keypress: space
317.6704 	EXP 	Created sequence: random, trialTypes=1, nReps=0, seed=None
317.6733 	EXP 	New trial (rep=30, index=0): None
317.6742 	EXP 	Created sequence: random, trialTypes=1, nReps=0, seed=None
317.6749 	EXP 	Created sequence: sequential, trialTypes=1, nReps=0, seed=None
317.6755 	EXP 	Created sequence: sequential, trialTypes=1, nReps=0, seed=None
317.7297 	EXP 	block4: autoDraw = False
317.7297 	EXP 	block3: autoDraw = False
317.7297 	EXP 	block2: autoDraw = False
317.7297 	EXP 	block1: autoDraw = False
317.7297 	EXP 	repeatText: autoDraw = False
317.7297 	EXP 	choiceImg: image = 'img/even_choice_4.png'
317.7297 	EXP 	choiceWarning: text = '32  for 67%              16  for 100%'
317.7297 	EXP 	choiceImg: autoDraw = True
317.7297 	EXP 	choiceWarning: autoDraw = True
317.7297 	EXP 	text_5: autoDraw = True
319.1083 	DATA 	Keypress: 2
319.1128 	EXP 	Created sequence: random, trialTypes=1, nReps=0, seed=None
319.1138 	EXP 	Created sequence: random, trialTypes=1, nReps=1, seed=None
319.1144 	EXP 	New trial (rep=0, index=0): None
319.1684 	EXP 	choiceImg: autoDraw = False
319.1684 	EXP 	choiceWarning: autoDraw = False
319.1684 	EXP 	text_5: autoDraw = False
319.1684 	EXP 	rightImg: image = 'img/even_4_circle.png'
319.1684 	EXP 	rightImg: autoDraw = True
320.2377 	EXP 	rightImg: autoDraw = False
320.2377 	EXP 	rightImg: autoDraw = False
320.2377 	EXP 	rewardImgRight: opacity = 1.0
320.2377 	EXP 	rewardImgRight: image = 'img/4m&m.png'
320.2377 	EXP 	rightText: text = 'You got it!'
320.2377 	EXP 	rewardImgRight: autoDraw = True
320.2377 	EXP 	rightText: autoDraw = True
321.1819 	EXP 	rewardImgRight: autoDraw = False
321.1819 	EXP 	rightText: autoDraw = False
321.1819 	EXP 	block4: opacity = 0.0
321.1819 	EXP 	block3: opacity = 0.0
321.1819 	EXP 	block2: opacity = 1.0
321.1819 	EXP 	block1: opacity = 1.0
321.1819 	EXP 	repeatText: text = 'total gain:466 \n You are in level:2\n press space to continue'
321.1819 	EXP 	block4: autoDraw = True
321.1819 	EXP 	block3: autoDraw = True
321.1819 	EXP 	block2: autoDraw = True
321.1819 	EXP 	block1: autoDraw = True
321.1819 	EXP 	repeatText: autoDraw = True
321.8347 	DATA 	Keypress: space
321.8559 	EXP 	Created sequence: random, trialTypes=1, nReps=1, seed=None
321.8565 	EXP 	New trial (rep=0, index=0): None
321.8658 	EXP 	block4: autoDraw = False
321.8658 	EXP 	block3: autoDraw = False
321.8658 	EXP 	block2: autoDraw = False
321.8658 	EXP 	block1: autoDraw = False
321.8658 	EXP 	repeatText: autoDraw = False
321.8658 	EXP 	text: text = 'This block has ended. \n \nTo start and experience the delay of the next block, press space.'
321.8658 	EXP 	text: autoDraw = True
322.8250 	DATA 	Keypress: space
322.8263 	EXP 	New trial (rep=31, index=0): None
322.8266 	EXP 	Created sequence: random, trialTypes=1, nReps=1, seed=None
322.8267 	EXP 	New trial (rep=0, index=0): None
322.8688 	EXP 	text: autoDraw = False
322.8688 	EXP 	fixImg: image = 'img/odd_4_square.png'
322.8688 	EXP 	fixImg: autoDraw = True
322.8688 	EXP 	text_4: autoDraw = True
322.8690 	DATA 	Keypress: space
323.8611 	EXP 	Created sequence: sequential, trialTypes=1, nReps=1, seed=None
323.8618 	EXP 	New trial (rep=0, index=0): None
323.9227 	EXP 	fixImg: autoDraw = False
323.9227 	EXP 	text_4: autoDraw = False
323.9227 	EXP 	fixImg: autoDraw = False
323.9227 	EXP 	text_4: autoDraw = False
323.9227 	EXP 	delayImg: image = 'img/odd_8_square_4.png'
323.9227 	EXP 	delayImg: autoDraw = True
323.9227 	EXP 	text_3: autoDraw = True
330.9117 	EXP 	Created sequence: sequential, trialTypes=1, nReps=1, seed=None
330.9124 	EXP 	New trial (rep=0, index=0): None
330.9272 	EXP 	delayImg: autoDraw = False
330.9272 	EXP 	text_3: autoDraw = False
330.9272 	EXP 	delayImg: autoDraw = False
330.9272 	EXP 	text_3: autoDraw = False
330.9272 	EXP 	text_2: autoDraw = True
333.6872 	DATA 	Keypress: space
333.7590 	EXP 	text_2: autoDraw = False
333.7590 	EXP 	choiceImg: image = 'img/odd_choice_4.png'
333.7590 	EXP 	choiceWarning: text = '16  for 100%              32  for 67%'
333.7590 	EXP 	choiceImg: autoDraw = True
333.7590 	EXP 	choiceWarning: autoDraw = True
333.7590 	EXP 	text_5: autoDraw = True
335.1787 	DATA 	Keypress: 1
335.1834 	EXP 	Created sequence: random, trialTypes=1, nReps=1, seed=None
335.1840 	EXP 	New trial (rep=0, index=0): None
335.2397 	EXP 	choiceImg: autoDraw = False
335.2397 	EXP 	choiceWarning: autoDraw = False
335.2397 	EXP 	text_5: autoDraw = False
335.2397 	EXP 	leftImg: image = 'img/odd_4_circle.png'
335.2397 	EXP 	leftImg: autoDraw = True
336.3098 	EXP 	leftImg: autoDraw = False
336.3098 	EXP 	leftImg: autoDraw = False
336.3098 	EXP 	rewardImgLeft: opacity = 1.0
336.3098 	EXP 	rewardImgLeft: image = 'img/4m&m.png'
336.3098 	EXP 	rewardText: text = 'You got it!'
336.3098 	EXP 	rewardImgLeft: autoDraw = True
336.3098 	EXP 	rewardText: autoDraw = True
337.2304 	EXP 	Created sequence: random, trialTypes=1, nReps=0, seed=None
337.2560 	EXP 	rewardImgLeft: autoDraw = False
337.2560 	EXP 	rewardText: autoDraw = False
337.2560 	EXP 	block4: opacity = 0.0
337.2560 	EXP 	block3: opacity = 0.0
337.2560 	EXP 	block2: opacity = 1.0
337.2560 	EXP 	block1: opacity = 1.0
337.2560 	EXP 	repeatText: text = 'total gain:482 \n You are in level:2\n press space to continue'
337.2560 	EXP 	block4: autoDraw = True
337.2560 	EXP 	block3: autoDraw = True
337.2560 	EXP 	block2: autoDraw = True
337.2560 	EXP 	block1: autoDraw = True
337.2560 	EXP 	repeatText: autoDraw = True
337.7718 	DATA 	Keypress: space
337.7921 	EXP 	Created sequence: random, trialTypes=1, nReps=0, seed=None
337.7953 	EXP 	New trial (rep=32, index=0): None
337.7962 	EXP 	Created sequence: random, trialTypes=1, nReps=0, seed=None
337.7969 	EXP 	Created sequence: sequential, trialTypes=1, nReps=0, seed=None
337.7976 	EXP 	Created sequence: sequential, trialTypes=1, nReps=0, seed=None
337.8501 	EXP 	block4: autoDraw = False
337.8501 	EXP 	block3: autoDraw = False
337.8501 	EXP 	block2: autoDraw = False
337.8501 	EXP 	block1: autoDraw = False
337.8501 	EXP 	repeatText: autoDraw = False
337.8501 	EXP 	choiceImg: image = 'img/even_choice_4.png'
337.8501 	EXP 	choiceWarning: text = '32  for 67%              14  for 100%'
337.8501 	EXP 	choiceImg: autoDraw = True
337.8501 	EXP 	choiceWarning: autoDraw = True
337.8501 	EXP 	text_5: autoDraw = True
338.4795 	DATA 	Keypress: 1
338.4842 	EXP 	Created sequence: random, trialTypes=1, nReps=1, seed=None
338.4849 	EXP 	New trial (rep=0, index=0): None
338.5406 	EXP 	choiceImg: autoDraw = False
338.5406 	EXP 	choiceWarning: autoDraw = False
338.5406 	EXP 	text_5: autoDraw = False
338.5406 	EXP 	leftImg: image = 'img/even_8_circle_4.png'
338.5406 	EXP 	leftImg: autoDraw = True
345.6147 	EXP 	leftImg: autoDraw = False
345.6147 	EXP 	leftImg: autoDraw = False
345.6147 	EXP 	rewardImgLeft: opacity = 1.0
345.6147 	EXP 	rewardImgLeft: image = 'img/8m&m.png'
345.6147 	EXP 	rewardText: text = 'You got it!'
345.6147 	EXP 	rewardImgLeft: autoDraw = True
345.6147 	EXP 	rewardText: autoDraw = True
346.0820 	DATA 	Keypress: space
346.4907 	DATA 	Keypress: space
346.5491 	EXP 	Created sequence: random, trialTypes=1, nReps=0, seed=None
346.5744 	EXP 	rewardImgLeft: autoDraw = False
346.5744 	EXP 	rewardText: autoDraw = False
346.5744 	EXP 	block4: opacity = 0.0
346.5744 	EXP 	block3: opacity = 0.0
346.5744 	EXP 	block2: opacity = 1.0
346.5744 	EXP 	block1: opacity = 1.0
346.5744 	EXP 	repeatText: text = 'total gain:514 \n You are in level:2\n press space to continue'
346.5744 	EXP 	block4: autoDraw = True
346.5744 	EXP 	block3: autoDraw = True
346.5744 	EXP 	block2: autoDraw = True
346.5744 	EXP 	block1: autoDraw = True
346.5744 	EXP 	repeatText: autoDraw = True
347.8151 	DATA 	Keypress: space
347.8278 	EXP 	Created sequence: random, trialTypes=1, nReps=0, seed=None
347.8307 	EXP 	New trial (rep=33, index=0): None
347.8315 	EXP 	Created sequence: random, trialTypes=1, nReps=0, seed=None
347.8324 	EXP 	Created sequence: sequential, trialTypes=1, nReps=0, seed=None
347.8331 	EXP 	Created sequence: sequential, trialTypes=1, nReps=0, seed=None
347.8864 	EXP 	block4: autoDraw = False
347.8864 	EXP 	block3: autoDraw = False
347.8864 	EXP 	block2: autoDraw = False
347.8864 	EXP 	block1: autoDraw = False
347.8864 	EXP 	repeatText: autoDraw = False
347.8864 	EXP 	choiceImg: image = 'img/odd_choice_4.png'
347.8864 	EXP 	choiceWarning: text = '16  for 100%              32  for 67%'
347.8864 	EXP 	choiceImg: autoDraw = True
347.8864 	EXP 	choiceWarning: autoDraw = True
347.8864 	EXP 	text_5: autoDraw = True
349.2077 	DATA 	Keypress: 1
349.2204 	EXP 	Created sequence: random, trialTypes=1, nReps=1, seed=None
349.2211 	EXP 	New trial (rep=0, index=0): None
349.2748 	EXP 	choiceImg: autoDraw = False
349.2748 	EXP 	choiceWarning: autoDraw = False
349.2748 	EXP 	text_5: autoDraw = False
349.2748 	EXP 	leftImg: image = 'img/odd_4_circle.png'
349.2748 	EXP 	leftImg: autoDraw = True
350.3232 	EXP 	leftImg: autoDraw = False
350.3232 	EXP 	leftImg: autoDraw = False
350.3232 	EXP 	rewardImgLeft: opacity = 1.0
350.3232 	EXP 	rewardImgLeft: image = 'img/4m&m.png'
350.3232 	EXP 	rewardText: text = 'You got it!'
350.3232 	EXP 	rewardImgLeft: autoDraw = True
350.3232 	EXP 	rewardText: autoDraw = True
351.2834 	EXP 	Created sequence: random, trialTypes=1, nReps=0, seed=None
351.3073 	EXP 	rewardImgLeft: autoDraw = False
351.3073 	EXP 	rewardText: autoDraw = False
351.3073 	EXP 	block4: opacity = 0.0
351.3073 	EXP 	block3: opacity = 0.0
351.3073 	EXP 	block2: opacity = 1.0
351.3073 	EXP 	block1: opacity = 1.0
351.3073 	EXP 	repeatText: text = 'total gain:530 \n You are in level:2\n press space to continue'
351.3073 	EXP 	block4: autoDraw = True
351.3073 	EXP 	block3: autoDraw = True
351.3073 	EXP 	block2: autoDraw = True
351.3073 	EXP 	block1: autoDraw = True
351.3073 	EXP 	repeatText: autoDraw = True
351.9587 	DATA 	Keypress: space
351.9792 	EXP 	Created sequence: random, trialTypes=1, nReps=0, seed=None
351.9821 	EXP 	New trial (rep=34, index=0): None
351.9830 	EXP 	Created sequence: random, trialTypes=1, nReps=0, seed=None
351.9836 	EXP 	Created sequence: sequential, trialTypes=1, nReps=0, seed=None
351.9842 	EXP 	Created sequence: sequential, trialTypes=1, nReps=0, seed=None
352.0387 	EXP 	block4: autoDraw = False
352.0387 	EXP 	block3: autoDraw = False
352.0387 	EXP 	block2: autoDraw = False
352.0387 	EXP 	block1: autoDraw = False
352.0387 	EXP 	repeatText: autoDraw = False
352.0387 	EXP 	choiceImg: image = 'img/even_choice_4.png'
352.0387 	EXP 	choiceWarning: text = '32  for 67%              14  for 100%'
352.0387 	EXP 	choiceImg: autoDraw = True
352.0387 	EXP 	choiceWarning: autoDraw = True
352.0387 	EXP 	text_5: autoDraw = True
352.4087 	DATA 	Keypress: 1
352.4216 	EXP 	Created sequence: random, trialTypes=1, nReps=1, seed=None
352.4222 	EXP 	New trial (rep=0, index=0): None
352.4769 	EXP 	choiceImg: autoDraw = False
352.4769 	EXP 	choiceWarning: autoDraw = False
352.4769 	EXP 	text_5: autoDraw = False
352.4769 	EXP 	leftImg: image = 'img/even_8_circle_4.png'
352.4769 	EXP 	leftImg: autoDraw = True
359.5482 	EXP 	leftImg: autoDraw = False
359.5482 	EXP 	leftImg: autoDraw = False
359.5482 	EXP 	rewardImgLeft: opacity = 1.0
359.5482 	EXP 	rewardImgLeft: image = 'img/8m&m.png'
359.5482 	EXP 	rewardText: text = 'You got it!'
359.5482 	EXP 	rewardImgLeft: autoDraw = True
359.5482 	EXP 	rewardText: autoDraw = True
360.4693 	EXP 	Created sequence: random, trialTypes=1, nReps=0, seed=None
360.4932 	EXP 	rewardImgLeft: autoDraw = False
360.4932 	EXP 	rewardText: autoDraw = False
360.4932 	EXP 	block4: opacity = 0.0
360.4932 	EXP 	block3: opacity = 0.0
360.4932 	EXP 	block2: opacity = 1.0
360.4932 	EXP 	block1: opacity = 1.0
360.4932 	EXP 	repeatText: text = 'total gain:562 \n You are in level:2\n press space to continue'
360.4932 	EXP 	block4: autoDraw = True
360.4932 	EXP 	block3: autoDraw = True
360.4932 	EXP 	block2: autoDraw = True
360.4932 	EXP 	block1: autoDraw = True
360.4932 	EXP 	repeatText: autoDraw = True
361.1608 	DATA 	Keypress: space
361.1816 	EXP 	Created sequence: random, trialTypes=1, nReps=0, seed=None
361.1846 	EXP 	New trial (rep=35, index=0): None
361.1855 	EXP 	Created sequence: random, trialTypes=1, nReps=0, seed=None
361.1862 	EXP 	Created sequence: sequential, trialTypes=1, nReps=0, seed=None
361.1868 	EXP 	Created sequence: sequential, trialTypes=1, nReps=0, seed=None
361.2365 	EXP 	block4: autoDraw = False
361.2365 	EXP 	block3: autoDraw = False
361.2365 	EXP 	block2: autoDraw = False
361.2365 	EXP 	block1: autoDraw = False
361.2365 	EXP 	repeatText: autoDraw = False
361.2365 	EXP 	choiceImg: image = 'img/odd_choice_4.png'
361.2365 	EXP 	choiceWarning: text = '16  for 100%              32  for 67%'
361.2365 	EXP 	choiceImg: autoDraw = True
361.2365 	EXP 	choiceWarning: autoDraw = True
361.2365 	EXP 	text_5: autoDraw = True
361.8351 	DATA 	Keypress: 1
361.8397 	EXP 	Created sequence: random, trialTypes=1, nReps=1, seed=None
361.8403 	EXP 	New trial (rep=0, index=0): None
361.8958 	EXP 	choiceImg: autoDraw = False
361.8958 	EXP 	choiceWarning: autoDraw = False
361.8958 	EXP 	text_5: autoDraw = False
361.8958 	EXP 	leftImg: image = 'img/odd_4_circle.png'
361.8958 	EXP 	leftImg: autoDraw = True
362.9630 	EXP 	leftImg: autoDraw = False
362.9630 	EXP 	leftImg: autoDraw = False
362.9630 	EXP 	rewardImgLeft: opacity = 1.0
362.9630 	EXP 	rewardImgLeft: image = 'img/4m&m.png'
362.9630 	EXP 	rewardText: text = 'You got it!'
362.9630 	EXP 	rewardImgLeft: autoDraw = True
362.9630 	EXP 	rewardText: autoDraw = True
363.8873 	EXP 	Created sequence: random, trialTypes=1, nReps=0, seed=None
363.9112 	EXP 	rewardImgLeft: autoDraw = False
363.9112 	EXP 	rewardText: autoDraw = False
363.9112 	EXP 	block4: opacity = 0.0
363.9112 	EXP 	block3: opacity = 0.0
363.9112 	EXP 	block2: opacity = 1.0
363.9112 	EXP 	block1: opacity = 1.0
363.9112 	EXP 	repeatText: text = 'total gain:578 \n You are in level:2\n press space to continue'
363.9112 	EXP 	block4: autoDraw = True
363.9112 	EXP 	block3: autoDraw = True
363.9112 	EXP 	block2: autoDraw = True
363.9112 	EXP 	block1: autoDraw = True
363.9112 	EXP 	repeatText: autoDraw = True
364.4950 	DATA 	Keypress: space
364.5149 	EXP 	Created sequence: random, trialTypes=1, nReps=0, seed=None
364.5178 	EXP 	New trial (rep=36, index=0): None
364.5186 	EXP 	Created sequence: random, trialTypes=1, nReps=0, seed=None
364.5193 	EXP 	Created sequence: sequential, trialTypes=1, nReps=0, seed=None
364.5199 	EXP 	Created sequence: sequential, trialTypes=1, nReps=0, seed=None
364.5727 	EXP 	block4: autoDraw = False
364.5727 	EXP 	block3: autoDraw = False
364.5727 	EXP 	block2: autoDraw = False
364.5727 	EXP 	block1: autoDraw = False
364.5727 	EXP 	repeatText: autoDraw = False
364.5727 	EXP 	choiceImg: image = 'img/even_choice_4.png'
364.5727 	EXP 	choiceWarning: text = '32  for 67%              15  for 100%'
364.5727 	EXP 	choiceImg: autoDraw = True
364.5727 	EXP 	choiceWarning: autoDraw = True
364.5727 	EXP 	text_5: autoDraw = True
365.4364 	DATA 	Keypress: 1
365.4412 	EXP 	Created sequence: random, trialTypes=1, nReps=1, seed=None
365.4419 	EXP 	New trial (rep=0, index=0): None
365.4976 	EXP 	choiceImg: autoDraw = False
365.4976 	EXP 	choiceWarning: autoDraw = False
365.4976 	EXP 	text_5: autoDraw = False
365.4976 	EXP 	leftImg: image = 'img/even_8_circle_4.png'
365.4976 	EXP 	leftImg: autoDraw = True
372.5738 	EXP 	leftImg: autoDraw = False
372.5738 	EXP 	leftImg: autoDraw = False
372.5738 	EXP 	rewardImgLeft: opacity = 1.0
372.5738 	EXP 	rewardImgLeft: image = 'img/8m&m.png'
372.5738 	EXP 	rewardText: text = 'You got it!'
372.5738 	EXP 	rewardImgLeft: autoDraw = True
372.5738 	EXP 	rewardText: autoDraw = True
373.4889 	EXP 	Created sequence: random, trialTypes=1, nReps=0, seed=None
373.5138 	EXP 	rewardImgLeft: autoDraw = False
373.5138 	EXP 	rewardText: autoDraw = False
373.5138 	EXP 	block4: opacity = 0.0
373.5138 	EXP 	block3: opacity = 1.0
373.5138 	EXP 	block2: opacity = 1.0
373.5138 	EXP 	block1: opacity = 1.0
373.5138 	EXP 	repeatText: text = 'total gain:610 \n You are in level:3\n press space to continue'
373.5138 	EXP 	block4: autoDraw = True
373.5138 	EXP 	block3: autoDraw = True
373.5138 	EXP 	block2: autoDraw = True
373.5138 	EXP 	block1: autoDraw = True
373.5138 	EXP 	repeatText: autoDraw = True
377.2816 	DATA 	Keypress: space
377.2980 	EXP 	Created sequence: random, trialTypes=1, nReps=0, seed=None
377.2991 	EXP 	New trial (rep=37, index=0): None
377.2994 	EXP 	Created sequence: random, trialTypes=1, nReps=0, seed=None
377.2997 	EXP 	Created sequence: sequential, trialTypes=1, nReps=0, seed=None
377.2999 	EXP 	Created sequence: sequential, trialTypes=1, nReps=0, seed=None
377.3388 	EXP 	block4: autoDraw = False
377.3388 	EXP 	block3: autoDraw = False
377.3388 	EXP 	block2: autoDraw = False
377.3388 	EXP 	block1: autoDraw = False
377.3388 	EXP 	repeatText: autoDraw = False
377.3388 	EXP 	choiceImg: image = 'img/odd_choice_4.png'
377.3388 	EXP 	choiceWarning: text = '16  for 100%              32  for 67%'
377.3388 	EXP 	choiceImg: autoDraw = True
377.3388 	EXP 	choiceWarning: autoDraw = True
377.3388 	EXP 	text_5: autoDraw = True
383.3329 	DATA 	Keypress: 1
383.3456 	EXP 	Created sequence: random, trialTypes=1, nReps=1, seed=None
383.3463 	EXP 	New trial (rep=0, index=0): None
383.4051 	EXP 	choiceImg: autoDraw = False
383.4051 	EXP 	choiceWarning: autoDraw = False
383.4051 	EXP 	text_5: autoDraw = False
383.4051 	EXP 	leftImg: image = 'img/odd_4_circle.png'
383.4051 	EXP 	leftImg: autoDraw = True
384.4692 	EXP 	leftImg: autoDraw = False
384.4692 	EXP 	leftImg: autoDraw = False
384.4692 	EXP 	rewardImgLeft: opacity = 1.0
384.4692 	EXP 	rewardImgLeft: image = 'img/4m&m.png'
384.4692 	EXP 	rewardText: text = 'You got it!'
384.4692 	EXP 	rewardImgLeft: autoDraw = True
384.4692 	EXP 	rewardText: autoDraw = True
385.3918 	EXP 	Created sequence: random, trialTypes=1, nReps=0, seed=None
385.4166 	EXP 	rewardImgLeft: autoDraw = False
385.4166 	EXP 	rewardText: autoDraw = False
385.4166 	EXP 	block4: opacity = 0.0
385.4166 	EXP 	block3: opacity = 1.0
385.4166 	EXP 	block2: opacity = 1.0
385.4166 	EXP 	block1: opacity = 1.0
385.4166 	EXP 	repeatText: text = 'total gain:626 \n You are in level:3\n press space to continue'
385.4166 	EXP 	block4: autoDraw = True
385.4166 	EXP 	block3: autoDraw = True
385.4166 	EXP 	block2: autoDraw = True
385.4166 	EXP 	block1: autoDraw = True
385.4166 	EXP 	repeatText: autoDraw = True
386.0092 	DATA 	Keypress: space
386.0223 	EXP 	Created sequence: random, trialTypes=1, nReps=1, seed=None
386.0229 	EXP 	New trial (rep=0, index=0): None
386.0323 	EXP 	block4: autoDraw = False
386.0323 	EXP 	block3: autoDraw = False
386.0323 	EXP 	block2: autoDraw = False
386.0323 	EXP 	block1: autoDraw = False
386.0323 	EXP 	repeatText: autoDraw = False
386.0323 	EXP 	text: text = 'This block has ended. \n \nTo start and experience the delay of the next block, press space.'
386.0323 	EXP 	text: autoDraw = True
388.1342 	DATA 	Keypress: space
388.1580 	EXP 	text: autoDraw = False
388.1580 	EXP 	endText: autoDraw = True
390.1580 	EXP 	endText: autoDraw = False
390.1580 	EXP 	endText: autoDraw = False
390.2133 	EXP 	window1: mouseVisible = True
