0.3279 	WARNING 	We strongly recommend you activate the PTB sound engine in PsychoPy prefs as the preferred audio engine. Its timing is vastly superior. Your prefs are currently set to use ['sounddevice', 'PTB', 'pyo', 'pygame'] (in that order).
1.0583 	WARNING 	Import Error: No module named 'psychtoolbox'. Using event module for keyboard component.
2.6898 	WARNING 	User requested fullscreen with size [1536  864], but screen is actually [1920, 1080]. Using actual size
3.3042 	EXP 	Created window1 = Window(allowGUI=False, allowStencil=False, args=UNKNOWN, autoLog=True, bitsMode=UNKNOWN, blendMode='avg', bpc=(8, 8, 8), color=array([0., 0., 0.]), colorSpace='rgb', depthBits=8, fullscr=<method-wrapper '__getattribute__' of attributeSetter object at 0x7fb3dcde7670>, gamma=None, gammaErrorPolicy='raise', kwargs=UNKNOWN, lms=UNKNOWN, monitor=<psychopy.monitors.calibTools.Monitor object at 0x7fb3dc017490>, multiSample=False, name='window1', numSamples=2, pos=[0.0, 0.0], screen=0, size=array([1920, 1080]), stencilBits=0, stereo=False, units='height', useFBO=True, useRetina=False, viewOri=0.0, viewPos=None, viewScale=None, waitBlanking=True, winType='pyglet')
3.3045 	EXP 	window1: mouseVisible = True
3.3046 	EXP 	window1: recordFrameIntervals = False
3.4687 	EXP 	window1: recordFrameIntervals = True
3.6530 	EXP 	window1: recordFrameIntervals = False
3.7452 	EXP 	Created Intro_1 = TextStim(__class__=<class 'psychopy.visual.text.TextStim'>, alignHoriz=method-wrapper(...), alignText='center', alignVert=method-wrapper(...), anchorHoriz='center', anchorVert='center', antialias=True, autoLog=True, bold=False, color='white', colorSpace='named', contrast=1.0, depth=0.0, flipHoriz=False, flipVert=False, font='Arial', fontFiles=[], height=0.03, italic=False, languageStyle='LTR', name='Intro_1', opacity=1.0, ori=0, pos=array([0., 0.]), rgb=array([255., 255., 255.]), text=str(...), units='height', win=Window(...), wrapWidth=1)
3.7495 	EXP 	Created fixImg = ImageStim(__class__=<class 'psychopy.visual.image.ImageStim'>, autoLog=True, color=array([1., 1., 1.]), colorSpace='rgb', contrast=1.0, depth=0.0, flipHoriz=False, flipVert=False, image='sin', interpolate=True, mask=None, maskParams=None, name='fixImg', opacity=1.0, ori=0.0, pos=array([0., 0.]), size=array([1.8, 1. ]), texRes=128, units='height', win=Window(...))
3.7518 	EXP 	Created text_4 = TextStim(__class__=<class 'psychopy.visual.text.TextStim'>, alignHoriz=method-wrapper(...), alignText='center', alignVert=method-wrapper(...), anchorHoriz='center', anchorVert='center', antialias=True, autoLog=True, bold=False, color='red', colorSpace='named', contrast=1.0, depth=-1.0, flipHoriz=False, flipVert=False, font='Arial', fontFiles=[], height=0.03, italic=False, languageStyle='LTR', name='text_4', opacity=1.0, ori=0, pos=array([ 0. , -0.4]), rgb=array([255.,   0.,   0.]), text='Please wait, you are expriencing the delay!', units='height', win=Window(...), wrapWidth=1)
3.7528 	EXP 	Created delayImg = ImageStim(__class__=<class 'psychopy.visual.image.ImageStim'>, autoLog=True, color=array([1., 1., 1.]), colorSpace='rgb', contrast=1.0, depth=0.0, flipHoriz=False, flipVert=False, image='sin', interpolate=True, mask=None, maskParams=None, name='delayImg', opacity=1.0, ori=0.0, pos=array([0., 0.]), size=array([1.8, 1. ]), texRes=128, units='height', win=Window(...))
3.7547 	EXP 	Created text_3 = TextStim(__class__=<class 'psychopy.visual.text.TextStim'>, alignHoriz=method-wrapper(...), alignText='center', alignVert=method-wrapper(...), anchorHoriz='center', anchorVert='center', antialias=True, autoLog=True, bold=False, color='red', colorSpace='named', contrast=1.0, depth=-1.0, flipHoriz=False, flipVert=False, font='Arial', fontFiles=[], height=0.03, italic=False, languageStyle='LTR', name='text_3', opacity=1.0, ori=0, pos=array([ 0. , -0.4]), rgb=array([255.,   0.,   0.]), text='Please wait, you are expriencing the delay!', units='height', win=Window(...), wrapWidth=1)
3.7577 	EXP 	Created text_2 = TextStim(__class__=<class 'psychopy.visual.text.TextStim'>, alignHoriz=method-wrapper(...), alignText='center', alignVert=method-wrapper(...), anchorHoriz='center', anchorVert='center', antialias=True, autoLog=True, bold=False, color='white', colorSpace='named', contrast=1.0, depth=0.0, flipHoriz=False, flipVert=False, font='Arial', fontFiles=[], height=0.03, italic=False, languageStyle='LTR', name='text_2', opacity=1.0, ori=0, pos=array([0., 0.]), rgb=array([255., 255., 255.]), text=str(...), units='height', win=Window(...), wrapWidth=1)
3.7587 	EXP 	Created choiceImg = ImageStim(__class__=<class 'psychopy.visual.image.ImageStim'>, autoLog=True, color=array([1., 1., 1.]), colorSpace='rgb', contrast=1.0, depth=0.0, flipHoriz=False, flipVert=False, image='sin', interpolate=True, mask=None, maskParams=None, name='choiceImg', opacity=1.0, ori=0.0, pos=array([0., 0.]), size=array([1.8, 1. ]), texRes=128, units='height', win=Window(...))
3.7660 	EXP 	Created choiceWarning = TextStim(__class__=<class 'psychopy.visual.text.TextStim'>, alignHoriz=method-wrapper(...), alignText='center', alignVert=method-wrapper(...), anchorHoriz='center', anchorVert='center', antialias=True, autoLog=True, bold=False, color='red', colorSpace='named', contrast=1.0, depth=-2.0, flipHoriz=False, flipVert=False, font='Arial', fontFiles=[], height=0.05, italic=False, languageStyle='LTR', name='choiceWarning', opacity=1.0, ori=0, pos=array([ 0. , -0.3]), rgb=array([255.,   0.,   0.]), text='default text', units='height', win=Window(...), wrapWidth=1)
3.7689 	EXP 	Created text_5 = TextStim(__class__=<class 'psychopy.visual.text.TextStim'>, alignHoriz=method-wrapper(...), alignText='center', alignVert=method-wrapper(...), anchorHoriz='center', anchorVert='center', antialias=True, autoLog=True, bold=False, color='red', colorSpace='named', contrast=1.0, depth=-4.0, flipHoriz=False, flipVert=False, font='Arial', fontFiles=[], height=0.03, italic=False, languageStyle='LTR', name='text_5', opacity=1.0, ori=0, pos=array([ 0.  , -0.35]), rgb=array([255.,   0.,   0.]), text=str(...), units='height', win=Window(...), wrapWidth=1)
3.7700 	EXP 	Created leftImg = ImageStim(__class__=<class 'psychopy.visual.image.ImageStim'>, autoLog=True, color=array([1., 1., 1.]), colorSpace='rgb', contrast=1.0, depth=0.0, flipHoriz=False, flipVert=False, image='sin', interpolate=True, mask=None, maskParams=None, name='leftImg', opacity=1.0, ori=0.0, pos=array([0., 0.]), size=array([1.8, 1. ]), texRes=128, units='height', win=Window(...))
3.7710 	EXP 	Created rewardImgLeft = ImageStim(__class__=<class 'psychopy.visual.image.ImageStim'>, autoLog=True, color=array([1., 1., 1.]), colorSpace='rgb', contrast=1.0, depth=0.0, flipHoriz=False, flipVert=False, image='sin', interpolate=True, mask=None, maskParams=None, name='rewardImgLeft', opacity=1.0, ori=0.0, pos=array([0., 0.]), size=array([1.8, 1. ]), texRes=128, units='height', win=Window(...))
3.7777 	EXP 	Created rewardText = TextStim(__class__=<class 'psychopy.visual.text.TextStim'>, alignHoriz=method-wrapper(...), alignText='center', alignVert=method-wrapper(...), anchorHoriz='center', anchorVert='center', antialias=True, autoLog=True, bold=False, color='red', colorSpace='named', contrast=1.0, depth=-1.0, flipHoriz=False, flipVert=False, font='Arial', fontFiles=[], height=0.1, italic=False, languageStyle='LTR', name='rewardText', opacity=1.0, ori=0, pos=array([0., 0.]), rgb=array([255.,   0.,   0.]), text='default text', units='height', win=Window(...), wrapWidth=1)
3.7787 	EXP 	Created rightImg = ImageStim(__class__=<class 'psychopy.visual.image.ImageStim'>, autoLog=True, color=array([1., 1., 1.]), colorSpace='rgb', contrast=1.0, depth=0.0, flipHoriz=False, flipVert=False, image='sin', interpolate=True, mask=None, maskParams=None, name='rightImg', opacity=1.0, ori=0.0, pos=array([0., 0.]), size=array([1.8, 1. ]), texRes=128, units='height', win=Window(...))
3.7797 	EXP 	Created rewardImgRight = ImageStim(__class__=<class 'psychopy.visual.image.ImageStim'>, autoLog=True, color=array([1., 1., 1.]), colorSpace='rgb', contrast=1.0, depth=0.0, flipHoriz=False, flipVert=False, image='sin', interpolate=True, mask=None, maskParams=None, name='rewardImgRight', opacity=1.0, ori=0.0, pos=array([0., 0.]), size=array([1.8, 1. ]), texRes=128, units='height', win=Window(...))
3.8224 	EXP 	Created rightText = TextStim(__class__=<class 'psychopy.visual.text.TextStim'>, alignHoriz=method-wrapper(...), alignText='center', alignVert=method-wrapper(...), anchorHoriz='center', anchorVert='center', antialias=True, autoLog=True, bold=False, color='red', colorSpace='named', contrast=1.0, depth=-1.0, flipHoriz=False, flipVert=False, font='Arial', fontFiles=[], height=0.1, italic=False, languageStyle='LTR', name='rightText', opacity=1.0, ori=0, pos=array([0., 0.]), rgb=array([255.,   0.,   0.]), text='default text', units='height', win=Window(...), wrapWidth=1)
3.8310 	EXP 	Created block4 = ImageStim(__class__=<class 'psychopy.visual.image.ImageStim'>, autoLog=True, color=array([1., 1., 1.]), colorSpace='rgb', contrast=1.0, depth=0.0, flipHoriz=False, flipVert=False, image='img/coffee.jpeg', interpolate=True, mask=None, maskParams=None, name='block4', opacity=1.0, ori=0.0, pos=array([ 0.5, -0.2]), size=array([0.35, 0.35]), texRes=128, units='height', win=Window(...))
3.8355 	EXP 	Created block3 = ImageStim(__class__=<class 'psychopy.visual.image.ImageStim'>, autoLog=True, color=array([1., 1., 1.]), colorSpace='rgb', contrast=1.0, depth=-1.0, flipHoriz=False, flipVert=False, image='img/cake.jpeg', interpolate=True, mask=None, maskParams=None, name='block3', opacity=1.0, ori=0.0, pos=array([0.5, 0.2]), size=array([0.35, 0.35]), texRes=128, units='height', win=Window(...))
3.8390 	EXP 	Created block2 = ImageStim(__class__=<class 'psychopy.visual.image.ImageStim'>, autoLog=True, color=array([1., 1., 1.]), colorSpace='rgb', contrast=1.0, depth=-2.0, flipHoriz=False, flipVert=False, image='img/gummi.jpeg', interpolate=True, mask=None, maskParams=None, name='block2', opacity=1.0, ori=0.0, pos=array([-0.5, -0.2]), size=array([0.35, 0.35]), texRes=128, units='height', win=Window(...))
3.8601 	EXP 	Created block1 = ImageStim(__class__=<class 'psychopy.visual.image.ImageStim'>, autoLog=True, color=array([1., 1., 1.]), colorSpace='rgb', contrast=1.0, depth=-3.0, flipHoriz=False, flipVert=False, image='img/tea.jpeg', interpolate=True, mask=None, maskParams=None, name='block1', opacity=1.0, ori=0.0, pos=array([-0.5,  0.2]), size=array([0.35, 0.35]), texRes=128, units='height', win=Window(...))
3.8619 	EXP 	Created repeatText = TextStim(__class__=<class 'psychopy.visual.text.TextStim'>, alignHoriz=method-wrapper(...), alignText='center', alignVert=method-wrapper(...), anchorHoriz='center', anchorVert='center', antialias=True, autoLog=True, bold=False, color='white', colorSpace='named', contrast=1.0, depth=-4.0, flipHoriz=False, flipVert=False, font='Arial', fontFiles=[], height=0.05, italic=False, languageStyle='LTR', name='repeatText', opacity=1.0, ori=0, pos=array([0., 0.]), rgb=array([255., 255., 255.]), text='default text', units='height', win=Window(...), wrapWidth=1)
3.8780 	EXP 	Created text = TextStim(__class__=<class 'psychopy.visual.text.TextStim'>, alignHoriz=method-wrapper(...), alignText='center', alignVert=method-wrapper(...), anchorHoriz='center', anchorVert='center', antialias=True, autoLog=True, bold=False, color='white', colorSpace='named', contrast=1.0, depth=0.0, flipHoriz=False, flipVert=False, font='Arial', fontFiles=[], height=0.03, italic=False, languageStyle='LTR', name='text', opacity=1.0, ori=0, pos=array([0., 0.]), rgb=array([255., 255., 255.]), text=str(...), units='height', win=Window(...), wrapWidth=1)
3.8820 	EXP 	Created endText = TextStim(__class__=<class 'psychopy.visual.text.TextStim'>, alignHoriz=method-wrapper(...), alignText='center', alignVert=method-wrapper(...), anchorHoriz='center', anchorVert='center', antialias=True, autoLog=True, bold=False, color='white', colorSpace='named', contrast=1.0, depth=0.0, flipHoriz=False, flipVert=False, font='Arial', fontFiles=[], height=0.05, italic=False, languageStyle='LTR', name='endText', opacity=1.0, ori=0, pos=array([0., 0.]), rgb=array([255., 255., 255.]), text=str(...), units='height', win=Window(...), wrapWidth=1)
3.8919 	EXP 	Intro_1: autoDraw = True
5.5621 	DATA 	Keypress: space
5.5725 	EXP 	Created sequence: sequential, trialTypes=1, nReps=200, seed=None
5.5761 	EXP 	New trial (rep=0, index=0): None
5.5769 	EXP 	Created sequence: random, trialTypes=1, nReps=0, seed=None
5.5776 	EXP 	Created sequence: sequential, trialTypes=1, nReps=0, seed=None
5.5783 	EXP 	Created sequence: sequential, trialTypes=1, nReps=0, seed=None
5.6456 	EXP 	Intro_1: autoDraw = False
5.6456 	EXP 	choiceImg: image = 'img/even_choice_4.png'
5.6456 	EXP 	choiceWarning: text = '32  for 67%              16  for 100%'
5.6456 	EXP 	choiceImg: autoDraw = True
5.6456 	EXP 	choiceWarning: autoDraw = True
5.6456 	EXP 	text_5: autoDraw = True
6.6956 	DATA 	Keypress: 1
6.7106 	EXP 	Created sequence: random, trialTypes=1, nReps=1, seed=None
6.7112 	EXP 	New trial (rep=0, index=0): None
6.7698 	EXP 	choiceImg: autoDraw = False
6.7698 	EXP 	choiceWarning: autoDraw = False
6.7698 	EXP 	text_5: autoDraw = False
6.7698 	EXP 	leftImg: image = 'img/even_8_circle_4.png'
6.7698 	EXP 	leftImg: autoDraw = True
9.8457 	EXP 	leftImg: autoDraw = False
9.8457 	EXP 	leftImg: autoDraw = False
9.8457 	EXP 	rewardImgLeft: opacity = 1.0
9.8457 	EXP 	rewardImgLeft: image = 'img/8m&m.png'
9.8457 	EXP 	rewardText: text = 'You got it!'
9.8457 	EXP 	rewardImgLeft: autoDraw = True
9.8457 	EXP 	rewardText: autoDraw = True
10.4963 	DATA 	Keypress: space
10.7566 	EXP 	Created sequence: random, trialTypes=1, nReps=0, seed=None
10.7877 	EXP 	rewardImgLeft: autoDraw = False
10.7877 	EXP 	rewardText: autoDraw = False
10.7877 	EXP 	block4: opacity = 0.0
10.7877 	EXP 	block3: opacity = 0.0
10.7877 	EXP 	block2: opacity = 0.0
10.7877 	EXP 	block1: opacity = 0.0
10.7877 	EXP 	repeatText: text = 'total gain:32 \n You are in level:0\n press space to continue'
10.7877 	EXP 	block4: autoDraw = True
10.7877 	EXP 	block3: autoDraw = True
10.7877 	EXP 	block2: autoDraw = True
10.7877 	EXP 	block1: autoDraw = True
10.7877 	EXP 	repeatText: autoDraw = True
12.1135 	DATA 	Keypress: space
12.1375 	EXP 	Created sequence: random, trialTypes=1, nReps=0, seed=None
12.1406 	EXP 	New trial (rep=1, index=0): None
12.1415 	EXP 	Created sequence: random, trialTypes=1, nReps=0, seed=None
12.1422 	EXP 	Created sequence: sequential, trialTypes=1, nReps=0, seed=None
12.1429 	EXP 	Created sequence: sequential, trialTypes=1, nReps=0, seed=None
12.1959 	EXP 	block4: autoDraw = False
12.1959 	EXP 	block3: autoDraw = False
12.1959 	EXP 	block2: autoDraw = False
12.1959 	EXP 	block1: autoDraw = False
12.1959 	EXP 	repeatText: autoDraw = False
12.1959 	EXP 	choiceImg: image = 'img/odd_choice_4.png'
12.1959 	EXP 	choiceWarning: text = '18  for 100%              32  for 67%'
12.1959 	EXP 	choiceImg: autoDraw = True
12.1959 	EXP 	choiceWarning: autoDraw = True
12.1959 	EXP 	text_5: autoDraw = True
13.0807 	DATA 	Keypress: 2
13.0938 	EXP 	Created sequence: random, trialTypes=1, nReps=0, seed=None
13.0948 	EXP 	Created sequence: random, trialTypes=1, nReps=1, seed=None
13.0954 	EXP 	New trial (rep=0, index=0): None
13.1539 	EXP 	choiceImg: autoDraw = False
13.1539 	EXP 	choiceWarning: autoDraw = False
13.1539 	EXP 	text_5: autoDraw = False
13.1539 	EXP 	rightImg: image = 'img/odd_8_circle_4.png'
13.1539 	EXP 	rightImg: autoDraw = True
16.1147 	DATA 	Keypress: minus
16.2306 	EXP 	rightImg: autoDraw = False
16.2306 	EXP 	rightImg: autoDraw = False
16.2306 	EXP 	rewardImgRight: opacity = 0.0
16.2306 	EXP 	rewardImgRight: image = 'img/8m&m.png'
16.2306 	EXP 	rightText: text = 'You did not get it!'
16.2306 	EXP 	rewardImgRight: autoDraw = True
16.2306 	EXP 	rightText: autoDraw = True
17.1566 	EXP 	rewardImgRight: autoDraw = False
17.1566 	EXP 	rightText: autoDraw = False
17.1566 	EXP 	block4: opacity = 0.0
17.1566 	EXP 	block3: opacity = 0.0
17.1566 	EXP 	block2: opacity = 0.0
17.1566 	EXP 	block1: opacity = 0.0
17.1566 	EXP 	repeatText: text = 'total gain:32 \n You are in level:0\n press space to continue'
17.1566 	EXP 	block4: autoDraw = True
17.1566 	EXP 	block3: autoDraw = True
17.1566 	EXP 	block2: autoDraw = True
17.1566 	EXP 	block1: autoDraw = True
17.1566 	EXP 	repeatText: autoDraw = True
18.9078 	DATA 	Keypress: space
18.9213 	EXP 	Created sequence: random, trialTypes=1, nReps=0, seed=None
18.9245 	EXP 	New trial (rep=2, index=0): None
18.9253 	EXP 	Created sequence: random, trialTypes=1, nReps=0, seed=None
18.9260 	EXP 	Created sequence: sequential, trialTypes=1, nReps=0, seed=None
18.9267 	EXP 	Created sequence: sequential, trialTypes=1, nReps=0, seed=None
18.9807 	EXP 	block4: autoDraw = False
18.9807 	EXP 	block3: autoDraw = False
18.9807 	EXP 	block2: autoDraw = False
18.9807 	EXP 	block1: autoDraw = False
18.9807 	EXP 	repeatText: autoDraw = False
18.9807 	EXP 	choiceImg: image = 'img/even_choice_5.png'
18.9807 	EXP 	choiceWarning: text = '32  for 67%              20  for 100%'
18.9807 	EXP 	choiceImg: autoDraw = True
18.9807 	EXP 	choiceWarning: autoDraw = True
18.9807 	EXP 	text_5: autoDraw = True
19.8411 	DATA 	Keypress: 2
19.8459 	EXP 	Created sequence: random, trialTypes=1, nReps=0, seed=None
19.8469 	EXP 	Created sequence: random, trialTypes=1, nReps=1, seed=None
19.8476 	EXP 	New trial (rep=0, index=0): None
19.9046 	EXP 	choiceImg: autoDraw = False
19.9046 	EXP 	choiceWarning: autoDraw = False
19.9046 	EXP 	text_5: autoDraw = False
19.9046 	EXP 	rightImg: image = 'img/even_5_circle.png'
19.9046 	EXP 	rightImg: autoDraw = True
20.9779 	EXP 	rightImg: autoDraw = False
20.9779 	EXP 	rightImg: autoDraw = False
20.9779 	EXP 	rewardImgRight: opacity = 1.0
20.9779 	EXP 	rewardImgRight: image = 'img/5m&m.png'
20.9779 	EXP 	rightText: text = 'You got it!'
20.9779 	EXP 	rewardImgRight: autoDraw = True
20.9779 	EXP 	rightText: autoDraw = True
21.9187 	EXP 	rewardImgRight: autoDraw = False
21.9187 	EXP 	rightText: autoDraw = False
21.9187 	EXP 	block4: opacity = 0.0
21.9187 	EXP 	block3: opacity = 0.0
21.9187 	EXP 	block2: opacity = 0.0
21.9187 	EXP 	block1: opacity = 0.0
21.9187 	EXP 	repeatText: text = 'total gain:52 \n You are in level:0\n press space to continue'
21.9187 	EXP 	block4: autoDraw = True
21.9187 	EXP 	block3: autoDraw = True
21.9187 	EXP 	block2: autoDraw = True
21.9187 	EXP 	block1: autoDraw = True
21.9187 	EXP 	repeatText: autoDraw = True
23.1255 	DATA 	Keypress: space
23.1392 	EXP 	Created sequence: random, trialTypes=1, nReps=0, seed=None
23.1422 	EXP 	New trial (rep=3, index=0): None
23.1431 	EXP 	Created sequence: random, trialTypes=1, nReps=0, seed=None
23.1438 	EXP 	Created sequence: sequential, trialTypes=1, nReps=0, seed=None
23.1445 	EXP 	Created sequence: sequential, trialTypes=1, nReps=0, seed=None
23.1962 	EXP 	block4: autoDraw = False
23.1962 	EXP 	block3: autoDraw = False
23.1962 	EXP 	block2: autoDraw = False
23.1962 	EXP 	block1: autoDraw = False
23.1962 	EXP 	repeatText: autoDraw = False
23.1962 	EXP 	choiceImg: image = 'img/odd_choice_4.png'
23.1962 	EXP 	choiceWarning: text = '18  for 100%              32  for 67%'
23.1962 	EXP 	choiceImg: autoDraw = True
23.1962 	EXP 	choiceWarning: autoDraw = True
23.1962 	EXP 	text_5: autoDraw = True
25.3004 	DATA 	Keypress: 1
25.3141 	EXP 	Created sequence: random, trialTypes=1, nReps=1, seed=None
25.3148 	EXP 	New trial (rep=0, index=0): None
25.3715 	EXP 	choiceImg: autoDraw = False
25.3715 	EXP 	choiceWarning: autoDraw = False
25.3715 	EXP 	text_5: autoDraw = False
25.3715 	EXP 	leftImg: image = 'img/odd_4_circle.png'
25.3715 	EXP 	leftImg: autoDraw = True
26.4409 	EXP 	leftImg: autoDraw = False
26.4409 	EXP 	leftImg: autoDraw = False
26.4409 	EXP 	rewardImgLeft: opacity = 1.0
26.4409 	EXP 	rewardImgLeft: image = 'img/4m&m.png'
26.4409 	EXP 	rewardText: text = 'You got it!'
26.4409 	EXP 	rewardImgLeft: autoDraw = True
26.4409 	EXP 	rewardText: autoDraw = True
27.3604 	EXP 	Created sequence: random, trialTypes=1, nReps=0, seed=None
27.3870 	EXP 	rewardImgLeft: autoDraw = False
27.3870 	EXP 	rewardText: autoDraw = False
27.3870 	EXP 	block4: opacity = 0.0
27.3870 	EXP 	block3: opacity = 0.0
27.3870 	EXP 	block2: opacity = 0.0
27.3870 	EXP 	block1: opacity = 0.0
27.3870 	EXP 	repeatText: text = 'total gain:0 \n You are in level:0\n press space to continue'
27.3870 	EXP 	block4: autoDraw = True
27.3870 	EXP 	block3: autoDraw = True
27.3870 	EXP 	block2: autoDraw = True
27.3870 	EXP 	block1: autoDraw = True
27.3870 	EXP 	repeatText: autoDraw = True
28.5012 	DATA 	Keypress: space
28.5238 	EXP 	Created sequence: random, trialTypes=1, nReps=1, seed=None
28.5244 	EXP 	New trial (rep=0, index=0): None
28.5348 	EXP 	block4: autoDraw = False
28.5348 	EXP 	block3: autoDraw = False
28.5348 	EXP 	block2: autoDraw = False
28.5348 	EXP 	block1: autoDraw = False
28.5348 	EXP 	repeatText: autoDraw = False
28.5348 	EXP 	text: autoDraw = True
32.0855 	DATA 	Keypress: space
32.0999 	EXP 	New trial (rep=4, index=0): None
32.1009 	EXP 	Created sequence: random, trialTypes=1, nReps=1, seed=None
32.1015 	EXP 	New trial (rep=0, index=0): None
32.1679 	EXP 	text: autoDraw = False
32.1679 	EXP 	fixImg: image = 'img/even_4_square.png'
32.1679 	EXP 	fixImg: autoDraw = True
32.1679 	EXP 	text_4: autoDraw = True
33.1629 	EXP 	Created sequence: sequential, trialTypes=1, nReps=1, seed=None
33.1636 	EXP 	New trial (rep=0, index=0): None
33.2314 	EXP 	fixImg: autoDraw = False
33.2314 	EXP 	text_4: autoDraw = False
33.2314 	EXP 	fixImg: autoDraw = False
33.2314 	EXP 	text_4: autoDraw = False
33.2314 	EXP 	delayImg: image = 'img/even_8_square_4.png'
33.2314 	EXP 	delayImg: autoDraw = True
33.2314 	EXP 	text_3: autoDraw = True
34.2292 	EXP 	Created sequence: sequential, trialTypes=1, nReps=1, seed=None
34.2299 	EXP 	New trial (rep=0, index=0): None
34.2444 	EXP 	delayImg: autoDraw = False
34.2444 	EXP 	text_3: autoDraw = False
34.2444 	EXP 	delayImg: autoDraw = False
34.2444 	EXP 	text_3: autoDraw = False
34.2444 	EXP 	text_2: autoDraw = True
37.9371 	DATA 	Keypress: space
38.0110 	EXP 	text_2: autoDraw = False
38.0110 	EXP 	choiceImg: image = 'img/even_choice_4.png'
38.0110 	EXP 	choiceWarning: text = '32  for 67%              16  for 100%'
38.0110 	EXP 	choiceImg: autoDraw = True
38.0110 	EXP 	choiceWarning: autoDraw = True
38.0110 	EXP 	text_5: autoDraw = True
40.5295 	DATA 	Keypress: 1
40.5344 	EXP 	Created sequence: random, trialTypes=1, nReps=1, seed=None
40.5351 	EXP 	New trial (rep=0, index=0): None
40.5925 	EXP 	choiceImg: autoDraw = False
40.5925 	EXP 	choiceWarning: autoDraw = False
40.5925 	EXP 	text_5: autoDraw = False
40.5925 	EXP 	leftImg: image = 'img/even_8_circle_4.png'
40.5925 	EXP 	leftImg: autoDraw = True
41.6669 	EXP 	leftImg: autoDraw = False
41.6669 	EXP 	leftImg: autoDraw = False
41.6669 	EXP 	rewardImgLeft: opacity = 1.0
41.6669 	EXP 	rewardImgLeft: image = 'img/8m&m.png'
41.6669 	EXP 	rewardText: text = 'You got it!'
41.6669 	EXP 	rewardImgLeft: autoDraw = True
41.6669 	EXP 	rewardText: autoDraw = True
42.5979 	EXP 	Created sequence: random, trialTypes=1, nReps=0, seed=None
42.6242 	EXP 	rewardImgLeft: autoDraw = False
42.6242 	EXP 	rewardText: autoDraw = False
42.6242 	EXP 	block4: opacity = 0.0
42.6242 	EXP 	block3: opacity = 0.0
42.6242 	EXP 	block2: opacity = 0.0
42.6242 	EXP 	block1: opacity = 0.0
42.6242 	EXP 	repeatText: text = 'total gain:32 \n You are in level:0\n press space to continue'
42.6242 	EXP 	block4: autoDraw = True
42.6242 	EXP 	block3: autoDraw = True
42.6242 	EXP 	block2: autoDraw = True
42.6242 	EXP 	block1: autoDraw = True
42.6242 	EXP 	repeatText: autoDraw = True
43.4815 	DATA 	Keypress: space
43.4955 	EXP 	Created sequence: random, trialTypes=1, nReps=0, seed=None
43.4985 	EXP 	New trial (rep=5, index=0): None
43.4994 	EXP 	Created sequence: random, trialTypes=1, nReps=0, seed=None
43.5001 	EXP 	Created sequence: sequential, trialTypes=1, nReps=0, seed=None
43.5008 	EXP 	Created sequence: sequential, trialTypes=1, nReps=0, seed=None
43.5529 	EXP 	block4: autoDraw = False
43.5529 	EXP 	block3: autoDraw = False
43.5529 	EXP 	block2: autoDraw = False
43.5529 	EXP 	block1: autoDraw = False
43.5529 	EXP 	repeatText: autoDraw = False
43.5529 	EXP 	choiceImg: image = 'img/odd_choice_4.png'
43.5529 	EXP 	choiceWarning: text = '18  for 100%              32  for 67%'
43.5529 	EXP 	choiceImg: autoDraw = True
43.5529 	EXP 	choiceWarning: autoDraw = True
43.5529 	EXP 	text_5: autoDraw = True
44.7650 	DATA 	Keypress: 2
44.7697 	EXP 	Created sequence: random, trialTypes=1, nReps=0, seed=None
44.7707 	EXP 	Created sequence: random, trialTypes=1, nReps=1, seed=None
44.7714 	EXP 	New trial (rep=0, index=0): None
44.8284 	EXP 	choiceImg: autoDraw = False
44.8284 	EXP 	choiceWarning: autoDraw = False
44.8284 	EXP 	text_5: autoDraw = False
44.8284 	EXP 	rightImg: image = 'img/odd_8_circle_4.png'
44.8284 	EXP 	rightImg: autoDraw = True
45.9028 	EXP 	rightImg: autoDraw = False
45.9028 	EXP 	rightImg: autoDraw = False
45.9028 	EXP 	rewardImgRight: opacity = 1.0
45.9028 	EXP 	rewardImgRight: image = 'img/8m&m.png'
45.9028 	EXP 	rightText: text = 'You got it!'
45.9028 	EXP 	rewardImgRight: autoDraw = True
45.9028 	EXP 	rightText: autoDraw = True
46.4979 	DATA 	Keypress: space
46.8574 	EXP 	rewardImgRight: autoDraw = False
46.8574 	EXP 	rightText: autoDraw = False
46.8574 	EXP 	block4: opacity = 0.0
46.8574 	EXP 	block3: opacity = 0.0
46.8574 	EXP 	block2: opacity = 0.0
46.8574 	EXP 	block1: opacity = 0.0
46.8574 	EXP 	repeatText: text = 'total gain:64 \n You are in level:0\n press space to continue'
46.8574 	EXP 	block4: autoDraw = True
46.8574 	EXP 	block3: autoDraw = True
46.8574 	EXP 	block2: autoDraw = True
46.8574 	EXP 	block1: autoDraw = True
46.8574 	EXP 	repeatText: autoDraw = True
47.6158 	DATA 	Keypress: space
47.6297 	EXP 	Created sequence: random, trialTypes=1, nReps=0, seed=None
47.6327 	EXP 	New trial (rep=6, index=0): None
47.6336 	EXP 	Created sequence: random, trialTypes=1, nReps=0, seed=None
47.6343 	EXP 	Created sequence: sequential, trialTypes=1, nReps=0, seed=None
47.6350 	EXP 	Created sequence: sequential, trialTypes=1, nReps=0, seed=None
47.6893 	EXP 	block4: autoDraw = False
47.6893 	EXP 	block3: autoDraw = False
47.6893 	EXP 	block2: autoDraw = False
47.6893 	EXP 	block1: autoDraw = False
47.6893 	EXP 	repeatText: autoDraw = False
47.6893 	EXP 	choiceImg: image = 'img/even_choice_5.png'
47.6893 	EXP 	choiceWarning: text = '32  for 67%              20  for 100%'
47.6893 	EXP 	choiceImg: autoDraw = True
47.6893 	EXP 	choiceWarning: autoDraw = True
47.6893 	EXP 	text_5: autoDraw = True
48.1236 	DATA 	Keypress: 2
48.1375 	EXP 	Created sequence: random, trialTypes=1, nReps=0, seed=None
48.1385 	EXP 	Created sequence: random, trialTypes=1, nReps=1, seed=None
48.1391 	EXP 	New trial (rep=0, index=0): None
48.1959 	EXP 	choiceImg: autoDraw = False
48.1959 	EXP 	choiceWarning: autoDraw = False
48.1959 	EXP 	text_5: autoDraw = False
48.1959 	EXP 	rightImg: image = 'img/even_5_circle.png'
48.1959 	EXP 	rightImg: autoDraw = True
49.2678 	EXP 	rightImg: autoDraw = False
49.2678 	EXP 	rightImg: autoDraw = False
49.2678 	EXP 	rewardImgRight: opacity = 1.0
49.2678 	EXP 	rewardImgRight: image = 'img/5m&m.png'
49.2678 	EXP 	rightText: text = 'You got it!'
49.2678 	EXP 	rewardImgRight: autoDraw = True
49.2678 	EXP 	rightText: autoDraw = True
49.7653 	DATA 	Keypress: space
50.2247 	EXP 	rewardImgRight: autoDraw = False
50.2247 	EXP 	rightText: autoDraw = False
50.2247 	EXP 	block4: opacity = 0.0
50.2247 	EXP 	block3: opacity = 0.0
50.2247 	EXP 	block2: opacity = 0.0
50.2247 	EXP 	block1: opacity = 0.0
50.2247 	EXP 	repeatText: text = 'total gain:84 \n You are in level:0\n press space to continue'
50.2247 	EXP 	block4: autoDraw = True
50.2247 	EXP 	block3: autoDraw = True
50.2247 	EXP 	block2: autoDraw = True
50.2247 	EXP 	block1: autoDraw = True
50.2247 	EXP 	repeatText: autoDraw = True
50.3328 	DATA 	Keypress: space
50.3454 	EXP 	Created sequence: random, trialTypes=1, nReps=0, seed=None
50.3484 	EXP 	New trial (rep=7, index=0): None
50.3493 	EXP 	Created sequence: random, trialTypes=1, nReps=0, seed=None
50.3500 	EXP 	Created sequence: sequential, trialTypes=1, nReps=0, seed=None
50.3506 	EXP 	Created sequence: sequential, trialTypes=1, nReps=0, seed=None
50.4064 	EXP 	block4: autoDraw = False
50.4064 	EXP 	block3: autoDraw = False
50.4064 	EXP 	block2: autoDraw = False
50.4064 	EXP 	block1: autoDraw = False
50.4064 	EXP 	repeatText: autoDraw = False
50.4064 	EXP 	choiceImg: image = 'img/odd_choice_4.png'
50.4064 	EXP 	choiceWarning: text = '18  for 100%              32  for 67%'
50.4064 	EXP 	choiceImg: autoDraw = True
50.4064 	EXP 	choiceWarning: autoDraw = True
50.4064 	EXP 	text_5: autoDraw = True
50.7656 	DATA 	Keypress: 2
50.7704 	EXP 	Created sequence: random, trialTypes=1, nReps=0, seed=None
50.7713 	EXP 	Created sequence: random, trialTypes=1, nReps=1, seed=None
50.7720 	EXP 	New trial (rep=0, index=0): None
50.8279 	EXP 	choiceImg: autoDraw = False
50.8279 	EXP 	choiceWarning: autoDraw = False
50.8279 	EXP 	text_5: autoDraw = False
50.8279 	EXP 	rightImg: image = 'img/odd_8_circle_4.png'
50.8279 	EXP 	rightImg: autoDraw = True
51.9028 	EXP 	rightImg: autoDraw = False
51.9028 	EXP 	rightImg: autoDraw = False
51.9028 	EXP 	rewardImgRight: opacity = 1.0
51.9028 	EXP 	rewardImgRight: image = 'img/8m&m.png'
51.9028 	EXP 	rightText: text = 'You got it!'
51.9028 	EXP 	rewardImgRight: autoDraw = True
51.9028 	EXP 	rightText: autoDraw = True
52.2246 	DATA 	Keypress: space
52.7247 	DATA 	Keypress: space
52.8590 	EXP 	rewardImgRight: autoDraw = False
52.8590 	EXP 	rightText: autoDraw = False
52.8590 	EXP 	block4: opacity = 0.0
52.8590 	EXP 	block3: opacity = 0.0
52.8590 	EXP 	block2: opacity = 0.0
52.8590 	EXP 	block1: opacity = 0.0
52.8590 	EXP 	repeatText: text = 'total gain:116 \n You are in level:0\n press space to continue'
52.8590 	EXP 	block4: autoDraw = True
52.8590 	EXP 	block3: autoDraw = True
52.8590 	EXP 	block2: autoDraw = True
52.8590 	EXP 	block1: autoDraw = True
52.8590 	EXP 	repeatText: autoDraw = True
53.2247 	DATA 	Keypress: 2
53.7170 	DATA 	Keypress: space
53.7309 	EXP 	Created sequence: random, trialTypes=1, nReps=0, seed=None
53.7340 	EXP 	New trial (rep=8, index=0): None
53.7348 	EXP 	Created sequence: random, trialTypes=1, nReps=0, seed=None
53.7356 	EXP 	Created sequence: sequential, trialTypes=1, nReps=0, seed=None
53.7362 	EXP 	Created sequence: sequential, trialTypes=1, nReps=0, seed=None
53.7883 	EXP 	block4: autoDraw = False
53.7883 	EXP 	block3: autoDraw = False
53.7883 	EXP 	block2: autoDraw = False
53.7883 	EXP 	block1: autoDraw = False
53.7883 	EXP 	repeatText: autoDraw = False
53.7883 	EXP 	choiceImg: image = 'img/even_choice_5.png'
53.7883 	EXP 	choiceWarning: text = '32  for 67%              20  for 100%'
53.7883 	EXP 	choiceImg: autoDraw = True
53.7883 	EXP 	choiceWarning: autoDraw = True
53.7883 	EXP 	text_5: autoDraw = True
54.1170 	DATA 	Keypress: 2
54.1217 	EXP 	Created sequence: random, trialTypes=1, nReps=0, seed=None
54.1227 	EXP 	Created sequence: random, trialTypes=1, nReps=1, seed=None
54.1233 	EXP 	New trial (rep=0, index=0): None
54.1799 	EXP 	choiceImg: autoDraw = False
54.1799 	EXP 	choiceWarning: autoDraw = False
54.1799 	EXP 	text_5: autoDraw = False
54.1799 	EXP 	rightImg: image = 'img/even_5_circle.png'
54.1799 	EXP 	rightImg: autoDraw = True
55.2518 	EXP 	rightImg: autoDraw = False
55.2518 	EXP 	rightImg: autoDraw = False
55.2518 	EXP 	rewardImgRight: opacity = 1.0
55.2518 	EXP 	rewardImgRight: image = 'img/5m&m.png'
55.2518 	EXP 	rightText: text = 'You got it!'
55.2518 	EXP 	rewardImgRight: autoDraw = True
55.2518 	EXP 	rightText: autoDraw = True
55.9017 	DATA 	Keypress: space
56.1933 	EXP 	rewardImgRight: autoDraw = False
56.1933 	EXP 	rightText: autoDraw = False
56.1933 	EXP 	block4: opacity = 0.0
56.1933 	EXP 	block3: opacity = 0.0
56.1933 	EXP 	block2: opacity = 0.0
56.1933 	EXP 	block1: opacity = 0.0
56.1933 	EXP 	repeatText: text = 'total gain:136 \n You are in level:0\n press space to continue'
56.1933 	EXP 	block4: autoDraw = True
56.1933 	EXP 	block3: autoDraw = True
56.1933 	EXP 	block2: autoDraw = True
56.1933 	EXP 	block1: autoDraw = True
56.1933 	EXP 	repeatText: autoDraw = True
56.3177 	DATA 	Keypress: space
56.3313 	EXP 	Created sequence: random, trialTypes=1, nReps=0, seed=None
56.3344 	EXP 	New trial (rep=9, index=0): None
56.3353 	EXP 	Created sequence: random, trialTypes=1, nReps=0, seed=None
56.3360 	EXP 	Created sequence: sequential, trialTypes=1, nReps=0, seed=None
56.3366 	EXP 	Created sequence: sequential, trialTypes=1, nReps=0, seed=None
56.3919 	EXP 	block4: autoDraw = False
56.3919 	EXP 	block3: autoDraw = False
56.3919 	EXP 	block2: autoDraw = False
56.3919 	EXP 	block1: autoDraw = False
56.3919 	EXP 	repeatText: autoDraw = False
56.3919 	EXP 	choiceImg: image = 'img/odd_choice_5.png'
56.3919 	EXP 	choiceWarning: text = '19  for 100%              32  for 67%'
56.3919 	EXP 	choiceImg: autoDraw = True
56.3919 	EXP 	choiceWarning: autoDraw = True
56.3919 	EXP 	text_5: autoDraw = True
56.8340 	DATA 	Keypress: space
57.0761 	DATA 	Keypress: 2
57.0891 	EXP 	Created sequence: random, trialTypes=1, nReps=0, seed=None
57.0900 	EXP 	Created sequence: random, trialTypes=1, nReps=1, seed=None
57.0906 	EXP 	New trial (rep=0, index=0): None
57.1519 	EXP 	choiceImg: autoDraw = False
57.1519 	EXP 	choiceWarning: autoDraw = False
57.1519 	EXP 	text_5: autoDraw = False
57.1519 	EXP 	rightImg: image = 'img/odd_8_circle_5.png'
57.1519 	EXP 	rightImg: autoDraw = True
58.2226 	EXP 	rightImg: autoDraw = False
58.2226 	EXP 	rightImg: autoDraw = False
58.2226 	EXP 	rewardImgRight: opacity = 1.0
58.2226 	EXP 	rewardImgRight: image = 'img/8m&m.png'
58.2226 	EXP 	rightText: text = 'You got it!'
58.2226 	EXP 	rewardImgRight: autoDraw = True
58.2226 	EXP 	rightText: autoDraw = True
59.1767 	EXP 	rewardImgRight: autoDraw = False
59.1767 	EXP 	rightText: autoDraw = False
59.1767 	EXP 	block4: opacity = 0.0
59.1767 	EXP 	block3: opacity = 0.0
59.1767 	EXP 	block2: opacity = 0.0
59.1767 	EXP 	block1: opacity = 0.0
59.1767 	EXP 	repeatText: text = 'total gain:168 \n You are in level:0\n press space to continue'
59.1767 	EXP 	block4: autoDraw = True
59.1767 	EXP 	block3: autoDraw = True
59.1767 	EXP 	block2: autoDraw = True
59.1767 	EXP 	block1: autoDraw = True
59.1767 	EXP 	repeatText: autoDraw = True
61.3190 	DATA 	Keypress: space
61.3329 	EXP 	Created sequence: random, trialTypes=1, nReps=0, seed=None
61.3360 	EXP 	New trial (rep=10, index=0): None
61.3368 	EXP 	Created sequence: random, trialTypes=1, nReps=0, seed=None
61.3375 	EXP 	Created sequence: sequential, trialTypes=1, nReps=0, seed=None
61.3382 	EXP 	Created sequence: sequential, trialTypes=1, nReps=0, seed=None
61.3892 	EXP 	block4: autoDraw = False
61.3892 	EXP 	block3: autoDraw = False
61.3892 	EXP 	block2: autoDraw = False
61.3892 	EXP 	block1: autoDraw = False
61.3892 	EXP 	repeatText: autoDraw = False
61.3892 	EXP 	choiceImg: image = 'img/even_choice_5.png'
61.3892 	EXP 	choiceWarning: text = '32  for 67%              20  for 100%'
61.3892 	EXP 	choiceImg: autoDraw = True
61.3892 	EXP 	choiceWarning: autoDraw = True
61.3892 	EXP 	text_5: autoDraw = True
61.6019 	DATA 	Keypress: 2
61.6067 	EXP 	Created sequence: random, trialTypes=1, nReps=0, seed=None
61.6077 	EXP 	Created sequence: random, trialTypes=1, nReps=1, seed=None
61.6083 	EXP 	New trial (rep=0, index=0): None
61.6642 	EXP 	choiceImg: autoDraw = False
61.6642 	EXP 	choiceWarning: autoDraw = False
61.6642 	EXP 	text_5: autoDraw = False
61.6642 	EXP 	rightImg: image = 'img/even_5_circle.png'
61.6642 	EXP 	rightImg: autoDraw = True
62.7337 	EXP 	rightImg: autoDraw = False
62.7337 	EXP 	rightImg: autoDraw = False
62.7337 	EXP 	rewardImgRight: opacity = 1.0
62.7337 	EXP 	rewardImgRight: image = 'img/5m&m.png'
62.7337 	EXP 	rightText: text = 'You got it!'
62.7337 	EXP 	rewardImgRight: autoDraw = True
62.7337 	EXP 	rightText: autoDraw = True
63.6952 	EXP 	rewardImgRight: autoDraw = False
63.6952 	EXP 	rightText: autoDraw = False
63.6952 	EXP 	block4: opacity = 0.0
63.6952 	EXP 	block3: opacity = 0.0
63.6952 	EXP 	block2: opacity = 0.0
63.6952 	EXP 	block1: opacity = 0.0
63.6952 	EXP 	repeatText: text = 'total gain:188 \n You are in level:0\n press space to continue'
63.6952 	EXP 	block4: autoDraw = True
63.6952 	EXP 	block3: autoDraw = True
63.6952 	EXP 	block2: autoDraw = True
63.6952 	EXP 	block1: autoDraw = True
63.6952 	EXP 	repeatText: autoDraw = True
64.2200 	DATA 	Keypress: space
64.2344 	EXP 	Created sequence: random, trialTypes=1, nReps=1, seed=None
64.2350 	EXP 	New trial (rep=0, index=0): None
64.2452 	EXP 	block4: autoDraw = False
64.2452 	EXP 	block3: autoDraw = False
64.2452 	EXP 	block2: autoDraw = False
64.2452 	EXP 	block1: autoDraw = False
64.2452 	EXP 	repeatText: autoDraw = False
64.2452 	EXP 	text: autoDraw = True
64.5859 	DATA 	Keypress: 2
65.2697 	DATA 	Keypress: space
65.2756 	EXP 	New trial (rep=11, index=0): None
65.2767 	EXP 	Created sequence: random, trialTypes=1, nReps=1, seed=None
65.2773 	EXP 	New trial (rep=0, index=0): None
65.3394 	EXP 	text: autoDraw = False
65.3394 	EXP 	fixImg: image = 'img/odd_4_square.png'
65.3394 	EXP 	fixImg: autoDraw = True
65.3394 	EXP 	text_4: autoDraw = True
66.3387 	EXP 	Created sequence: sequential, trialTypes=1, nReps=1, seed=None
66.3394 	EXP 	New trial (rep=0, index=0): None
66.4010 	EXP 	fixImg: autoDraw = False
66.4010 	EXP 	text_4: autoDraw = False
66.4010 	EXP 	fixImg: autoDraw = False
66.4010 	EXP 	text_4: autoDraw = False
66.4010 	EXP 	delayImg: image = 'img/odd_8_square_4.png'
66.4010 	EXP 	delayImg: autoDraw = True
66.4010 	EXP 	text_3: autoDraw = True
81.3923 	EXP 	Created sequence: sequential, trialTypes=1, nReps=1, seed=None
81.3930 	EXP 	New trial (rep=0, index=0): None
81.4073 	EXP 	delayImg: autoDraw = False
81.4073 	EXP 	text_3: autoDraw = False
81.4073 	EXP 	delayImg: autoDraw = False
81.4073 	EXP 	text_3: autoDraw = False
81.4073 	EXP 	text_2: autoDraw = True
82.3159 	DATA 	Keypress: space
82.3874 	EXP 	text_2: autoDraw = False
82.3874 	EXP 	choiceImg: image = 'img/odd_choice_4.png'
82.3874 	EXP 	choiceWarning: text = '16  for 100%              32  for 67%'
82.3874 	EXP 	choiceImg: autoDraw = True
82.3874 	EXP 	choiceWarning: autoDraw = True
82.3874 	EXP 	text_5: autoDraw = True
86.0093 	DATA 	Keypress: 2
86.0296 	EXP 	Created sequence: random, trialTypes=1, nReps=0, seed=None
86.0306 	EXP 	Created sequence: random, trialTypes=1, nReps=1, seed=None
86.0312 	EXP 	New trial (rep=0, index=0): None
86.0887 	EXP 	choiceImg: autoDraw = False
86.0887 	EXP 	choiceWarning: autoDraw = False
86.0887 	EXP 	text_5: autoDraw = False
86.0887 	EXP 	rightImg: image = 'img/odd_8_circle_4.png'
86.0887 	EXP 	rightImg: autoDraw = True
101.1670 	EXP 	rightImg: autoDraw = False
101.1670 	EXP 	rightImg: autoDraw = False
101.1670 	EXP 	rewardImgRight: opacity = 1.0
101.1670 	EXP 	rewardImgRight: image = 'img/8m&m.png'
101.1670 	EXP 	rightText: text = 'You got it!'
101.1670 	EXP 	rewardImgRight: autoDraw = True
101.1670 	EXP 	rightText: autoDraw = True
102.1053 	EXP 	rewardImgRight: autoDraw = False
102.1053 	EXP 	rightText: autoDraw = False
102.1053 	EXP 	block4: opacity = 0.0
102.1053 	EXP 	block3: opacity = 0.0
102.1053 	EXP 	block2: opacity = 0.0
102.1053 	EXP 	block1: opacity = 1.0
102.1053 	EXP 	repeatText: text = 'total gain:220 \n You are in level:1\n press space to continue'
102.1053 	EXP 	block4: autoDraw = True
102.1053 	EXP 	block3: autoDraw = True
102.1053 	EXP 	block2: autoDraw = True
102.1053 	EXP 	block1: autoDraw = True
102.1053 	EXP 	repeatText: autoDraw = True
104.3386 	DATA 	Keypress: space
104.3610 	EXP 	Created sequence: random, trialTypes=1, nReps=0, seed=None
104.3640 	EXP 	New trial (rep=12, index=0): None
104.3649 	EXP 	Created sequence: random, trialTypes=1, nReps=0, seed=None
104.3656 	EXP 	Created sequence: sequential, trialTypes=1, nReps=0, seed=None
104.3662 	EXP 	Created sequence: sequential, trialTypes=1, nReps=0, seed=None
104.4210 	EXP 	block4: autoDraw = False
104.4210 	EXP 	block3: autoDraw = False
104.4210 	EXP 	block2: autoDraw = False
104.4210 	EXP 	block1: autoDraw = False
104.4210 	EXP 	repeatText: autoDraw = False
104.4210 	EXP 	choiceImg: image = 'img/even_choice_4.png'
104.4210 	EXP 	choiceWarning: text = '32  for 67%              18  for 100%'
104.4210 	EXP 	choiceImg: autoDraw = True
104.4210 	EXP 	choiceWarning: autoDraw = True
104.4210 	EXP 	text_5: autoDraw = True
105.5138 	DATA 	Keypress: 2
105.5186 	EXP 	Created sequence: random, trialTypes=1, nReps=0, seed=None
105.5196 	EXP 	Created sequence: random, trialTypes=1, nReps=1, seed=None
105.5202 	EXP 	New trial (rep=0, index=0): None
105.5759 	EXP 	choiceImg: autoDraw = False
105.5759 	EXP 	choiceWarning: autoDraw = False
105.5759 	EXP 	text_5: autoDraw = False
105.5759 	EXP 	rightImg: image = 'img/even_4_circle.png'
105.5759 	EXP 	rightImg: autoDraw = True
106.6450 	EXP 	rightImg: autoDraw = False
106.6450 	EXP 	rightImg: autoDraw = False
106.6450 	EXP 	rewardImgRight: opacity = 1.0
106.6450 	EXP 	rewardImgRight: image = 'img/4m&m.png'
106.6450 	EXP 	rightText: text = 'You got it!'
106.6450 	EXP 	rewardImgRight: autoDraw = True
106.6450 	EXP 	rightText: autoDraw = True
107.1813 	DATA 	Keypress: space
107.6069 	EXP 	rewardImgRight: autoDraw = False
107.6069 	EXP 	rightText: autoDraw = False
107.6069 	EXP 	block4: opacity = 0.0
107.6069 	EXP 	block3: opacity = 0.0
107.6069 	EXP 	block2: opacity = 0.0
107.6069 	EXP 	block1: opacity = 1.0
107.6069 	EXP 	repeatText: text = 'total gain:238 \n You are in level:1\n press space to continue'
107.6069 	EXP 	block4: autoDraw = True
107.6069 	EXP 	block3: autoDraw = True
107.6069 	EXP 	block2: autoDraw = True
107.6069 	EXP 	block1: autoDraw = True
107.6069 	EXP 	repeatText: autoDraw = True
107.8067 	DATA 	Keypress: space
107.8289 	EXP 	Created sequence: random, trialTypes=1, nReps=0, seed=None
107.8319 	EXP 	New trial (rep=13, index=0): None
107.8328 	EXP 	Created sequence: random, trialTypes=1, nReps=0, seed=None
107.8334 	EXP 	Created sequence: sequential, trialTypes=1, nReps=0, seed=None
107.8341 	EXP 	Created sequence: sequential, trialTypes=1, nReps=0, seed=None
107.8843 	EXP 	block4: autoDraw = False
107.8843 	EXP 	block3: autoDraw = False
107.8843 	EXP 	block2: autoDraw = False
107.8843 	EXP 	block1: autoDraw = False
107.8843 	EXP 	repeatText: autoDraw = False
107.8843 	EXP 	choiceImg: image = 'img/odd_choice_4.png'
107.8843 	EXP 	choiceWarning: text = '16  for 100%              32  for 67%'
107.8843 	EXP 	choiceImg: autoDraw = True
107.8843 	EXP 	choiceWarning: autoDraw = True
107.8843 	EXP 	text_5: autoDraw = True
108.2813 	DATA 	Keypress: 2
108.2863 	EXP 	Created sequence: random, trialTypes=1, nReps=0, seed=None
108.2872 	EXP 	Created sequence: random, trialTypes=1, nReps=1, seed=None
108.2881 	EXP 	New trial (rep=0, index=0): None
108.3438 	EXP 	choiceImg: autoDraw = False
108.3438 	EXP 	choiceWarning: autoDraw = False
108.3438 	EXP 	text_5: autoDraw = False
108.3438 	EXP 	rightImg: image = 'img/odd_8_circle_4.png'
108.3438 	EXP 	rightImg: autoDraw = True
123.4226 	EXP 	rightImg: autoDraw = False
123.4226 	EXP 	rightImg: autoDraw = False
123.4226 	EXP 	rewardImgRight: opacity = 1.0
123.4226 	EXP 	rewardImgRight: image = 'img/8m&m.png'
123.4226 	EXP 	rightText: text = 'You got it!'
123.4226 	EXP 	rewardImgRight: autoDraw = True
123.4226 	EXP 	rightText: autoDraw = True
123.9029 	DATA 	Keypress: space
124.1607 	DATA 	Keypress: b
124.3623 	EXP 	rewardImgRight: autoDraw = False
124.3623 	EXP 	rightText: autoDraw = False
124.3623 	EXP 	block4: opacity = 0.0
124.3623 	EXP 	block3: opacity = 0.0
124.3623 	EXP 	block2: opacity = 0.0
124.3623 	EXP 	block1: opacity = 1.0
124.3623 	EXP 	repeatText: text = 'total gain:270 \n You are in level:1\n press space to continue'
124.3623 	EXP 	block4: autoDraw = True
124.3623 	EXP 	block3: autoDraw = True
124.3623 	EXP 	block2: autoDraw = True
124.3623 	EXP 	block1: autoDraw = True
124.3623 	EXP 	repeatText: autoDraw = True
124.4367 	DATA 	Keypress: space
124.4497 	EXP 	Created sequence: random, trialTypes=1, nReps=0, seed=None
124.4526 	EXP 	New trial (rep=14, index=0): None
124.4535 	EXP 	Created sequence: random, trialTypes=1, nReps=0, seed=None
124.4542 	EXP 	Created sequence: sequential, trialTypes=1, nReps=0, seed=None
124.4548 	EXP 	Created sequence: sequential, trialTypes=1, nReps=0, seed=None
124.5052 	EXP 	block4: autoDraw = False
124.5052 	EXP 	block3: autoDraw = False
124.5052 	EXP 	block2: autoDraw = False
124.5052 	EXP 	block1: autoDraw = False
124.5052 	EXP 	repeatText: autoDraw = False
124.5052 	EXP 	choiceImg: image = 'img/even_choice_4.png'
124.5052 	EXP 	choiceWarning: text = '32  for 67%              18  for 100%'
124.5052 	EXP 	choiceImg: autoDraw = True
124.5052 	EXP 	choiceWarning: autoDraw = True
124.5052 	EXP 	text_5: autoDraw = True
125.4536 	DATA 	Keypress: space
125.7029 	DATA 	Keypress: 2
125.7077 	EXP 	Created sequence: random, trialTypes=1, nReps=0, seed=None
125.7086 	EXP 	Created sequence: random, trialTypes=1, nReps=1, seed=None
125.7092 	EXP 	New trial (rep=0, index=0): None
125.7638 	EXP 	choiceImg: autoDraw = False
125.7638 	EXP 	choiceWarning: autoDraw = False
125.7638 	EXP 	text_5: autoDraw = False
125.7638 	EXP 	rightImg: image = 'img/even_4_circle.png'
125.7638 	EXP 	rightImg: autoDraw = True
126.8334 	EXP 	rightImg: autoDraw = False
126.8334 	EXP 	rightImg: autoDraw = False
126.8334 	EXP 	rewardImgRight: opacity = 1.0
126.8334 	EXP 	rewardImgRight: image = 'img/4m&m.png'
126.8334 	EXP 	rightText: text = 'You got it!'
126.8334 	EXP 	rewardImgRight: autoDraw = True
126.8334 	EXP 	rightText: autoDraw = True
127.7946 	EXP 	rewardImgRight: autoDraw = False
127.7946 	EXP 	rightText: autoDraw = False
127.7946 	EXP 	block4: opacity = 0.0
127.7946 	EXP 	block3: opacity = 0.0
127.7946 	EXP 	block2: opacity = 0.0
127.7946 	EXP 	block1: opacity = 1.0
127.7946 	EXP 	repeatText: text = 'total gain:288 \n You are in level:1\n press space to continue'
127.7946 	EXP 	block4: autoDraw = True
127.7946 	EXP 	block3: autoDraw = True
127.7946 	EXP 	block2: autoDraw = True
127.7946 	EXP 	block1: autoDraw = True
127.7946 	EXP 	repeatText: autoDraw = True
128.1038 	DATA 	Keypress: space
128.1171 	EXP 	Created sequence: random, trialTypes=1, nReps=0, seed=None
128.1201 	EXP 	New trial (rep=15, index=0): None
128.1209 	EXP 	Created sequence: random, trialTypes=1, nReps=0, seed=None
128.1216 	EXP 	Created sequence: sequential, trialTypes=1, nReps=0, seed=None
128.1222 	EXP 	Created sequence: sequential, trialTypes=1, nReps=0, seed=None
128.1766 	EXP 	block4: autoDraw = False
128.1766 	EXP 	block3: autoDraw = False
128.1766 	EXP 	block2: autoDraw = False
128.1766 	EXP 	block1: autoDraw = False
128.1766 	EXP 	repeatText: autoDraw = False
128.1766 	EXP 	choiceImg: image = 'img/odd_choice_4.png'
128.1766 	EXP 	choiceWarning: text = '16  for 100%              32  for 67%'
128.1766 	EXP 	choiceImg: autoDraw = True
128.1766 	EXP 	choiceWarning: autoDraw = True
128.1766 	EXP 	text_5: autoDraw = True
128.6287 	DATA 	Keypress: 2
128.6418 	EXP 	Created sequence: random, trialTypes=1, nReps=0, seed=None
128.6426 	EXP 	Created sequence: random, trialTypes=1, nReps=1, seed=None
128.6432 	EXP 	New trial (rep=0, index=0): None
128.6989 	EXP 	choiceImg: autoDraw = False
128.6989 	EXP 	choiceWarning: autoDraw = False
128.6989 	EXP 	text_5: autoDraw = False
128.6989 	EXP 	rightImg: image = 'img/odd_8_circle_4.png'
128.6989 	EXP 	rightImg: autoDraw = True
143.7813 	EXP 	rightImg: autoDraw = False
143.7813 	EXP 	rightImg: autoDraw = False
143.7813 	EXP 	rewardImgRight: opacity = 0.0
143.7813 	EXP 	rewardImgRight: image = 'img/8m&m.png'
143.7813 	EXP 	rightText: text = 'You did not get it!'
143.7813 	EXP 	rewardImgRight: autoDraw = True
143.7813 	EXP 	rightText: autoDraw = True
144.4330 	DATA 	Keypress: space
144.7081 	EXP 	rewardImgRight: autoDraw = False
144.7081 	EXP 	rightText: autoDraw = False
144.7081 	EXP 	block4: opacity = 0.0
144.7081 	EXP 	block3: opacity = 0.0
144.7081 	EXP 	block2: opacity = 0.0
144.7081 	EXP 	block1: opacity = 1.0
144.7081 	EXP 	repeatText: text = 'total gain:288 \n You are in level:1\n press space to continue'
144.7081 	EXP 	block4: autoDraw = True
144.7081 	EXP 	block3: autoDraw = True
144.7081 	EXP 	block2: autoDraw = True
144.7081 	EXP 	block1: autoDraw = True
144.7081 	EXP 	repeatText: autoDraw = True
145.6665 	DATA 	Keypress: space
145.6838 	EXP 	Created sequence: random, trialTypes=1, nReps=0, seed=None
145.6849 	EXP 	New trial (rep=16, index=0): None
145.6851 	EXP 	Created sequence: random, trialTypes=1, nReps=0, seed=None
145.6854 	EXP 	Created sequence: sequential, trialTypes=1, nReps=0, seed=None
145.6856 	EXP 	Created sequence: sequential, trialTypes=1, nReps=0, seed=None
145.7235 	EXP 	block4: autoDraw = False
145.7235 	EXP 	block3: autoDraw = False
145.7235 	EXP 	block2: autoDraw = False
145.7235 	EXP 	block1: autoDraw = False
145.7235 	EXP 	repeatText: autoDraw = False
145.7235 	EXP 	choiceImg: image = 'img/even_choice_4.png'
145.7235 	EXP 	choiceWarning: text = '32  for 67%              17  for 100%'
145.7235 	EXP 	choiceImg: autoDraw = True
145.7235 	EXP 	choiceWarning: autoDraw = True
145.7235 	EXP 	text_5: autoDraw = True
147.7672 	DATA 	Keypress: 2
147.7807 	EXP 	Created sequence: random, trialTypes=1, nReps=0, seed=None
147.7816 	EXP 	Created sequence: random, trialTypes=1, nReps=1, seed=None
147.7823 	EXP 	New trial (rep=0, index=0): None
147.8371 	EXP 	choiceImg: autoDraw = False
147.8371 	EXP 	choiceWarning: autoDraw = False
147.8371 	EXP 	text_5: autoDraw = False
147.8371 	EXP 	rightImg: image = 'img/even_4_circle.png'
147.8371 	EXP 	rightImg: autoDraw = True
148.9101 	EXP 	rightImg: autoDraw = False
148.9101 	EXP 	rightImg: autoDraw = False
148.9101 	EXP 	rewardImgRight: opacity = 1.0
148.9101 	EXP 	rewardImgRight: image = 'img/4m&m.png'
148.9101 	EXP 	rightText: text = 'You got it!'
148.9101 	EXP 	rewardImgRight: autoDraw = True
148.9101 	EXP 	rightText: autoDraw = True
149.8691 	EXP 	rewardImgRight: autoDraw = False
149.8691 	EXP 	rightText: autoDraw = False
149.8691 	EXP 	block4: opacity = 0.0
149.8691 	EXP 	block3: opacity = 0.0
149.8691 	EXP 	block2: opacity = 0.0
149.8691 	EXP 	block1: opacity = 1.0
149.8691 	EXP 	repeatText: text = 'total gain:305 \n You are in level:1\n press space to continue'
149.8691 	EXP 	block4: autoDraw = True
149.8691 	EXP 	block3: autoDraw = True
149.8691 	EXP 	block2: autoDraw = True
149.8691 	EXP 	block1: autoDraw = True
149.8691 	EXP 	repeatText: autoDraw = True
151.2348 	DATA 	Keypress: space
151.2571 	EXP 	Created sequence: random, trialTypes=1, nReps=0, seed=None
151.2603 	EXP 	New trial (rep=17, index=0): None
151.2611 	EXP 	Created sequence: random, trialTypes=1, nReps=0, seed=None
151.2618 	EXP 	Created sequence: sequential, trialTypes=1, nReps=0, seed=None
151.2624 	EXP 	Created sequence: sequential, trialTypes=1, nReps=0, seed=None
151.3163 	EXP 	block4: autoDraw = False
151.3163 	EXP 	block3: autoDraw = False
151.3163 	EXP 	block2: autoDraw = False
151.3163 	EXP 	block1: autoDraw = False
151.3163 	EXP 	repeatText: autoDraw = False
151.3163 	EXP 	choiceImg: image = 'img/odd_choice_4.png'
151.3163 	EXP 	choiceWarning: text = '16  for 100%              32  for 67%'
151.3163 	EXP 	choiceImg: autoDraw = True
151.3163 	EXP 	choiceWarning: autoDraw = True
151.3163 	EXP 	text_5: autoDraw = True
152.0771 	DATA 	Keypress: 2
152.0819 	EXP 	Created sequence: random, trialTypes=1, nReps=0, seed=None
152.0829 	EXP 	Created sequence: random, trialTypes=1, nReps=1, seed=None
152.0837 	EXP 	New trial (rep=0, index=0): None
152.1403 	EXP 	choiceImg: autoDraw = False
152.1403 	EXP 	choiceWarning: autoDraw = False
152.1403 	EXP 	text_5: autoDraw = False
152.1403 	EXP 	rightImg: image = 'img/odd_8_circle_4.png'
152.1403 	EXP 	rightImg: autoDraw = True
167.2187 	EXP 	rightImg: autoDraw = False
167.2187 	EXP 	rightImg: autoDraw = False
167.2187 	EXP 	rewardImgRight: opacity = 1.0
167.2187 	EXP 	rewardImgRight: image = 'img/8m&m.png'
167.2187 	EXP 	rightText: text = 'You got it!'
167.2187 	EXP 	rewardImgRight: autoDraw = True
167.2187 	EXP 	rightText: autoDraw = True
168.1562 	EXP 	rewardImgRight: autoDraw = False
168.1562 	EXP 	rightText: autoDraw = False
168.1562 	EXP 	block4: opacity = 0.0
168.1562 	EXP 	block3: opacity = 0.0
168.1562 	EXP 	block2: opacity = 0.0
168.1562 	EXP 	block1: opacity = 1.0
168.1562 	EXP 	repeatText: text = 'total gain:337 \n You are in level:1\n press space to continue'
168.1562 	EXP 	block4: autoDraw = True
168.1562 	EXP 	block3: autoDraw = True
168.1562 	EXP 	block2: autoDraw = True
168.1562 	EXP 	block1: autoDraw = True
168.1562 	EXP 	repeatText: autoDraw = True
169.4565 	DATA 	Keypress: space
169.4793 	EXP 	Created sequence: random, trialTypes=1, nReps=1, seed=None
169.4799 	EXP 	New trial (rep=0, index=0): None
169.4900 	EXP 	block4: autoDraw = False
169.4900 	EXP 	block3: autoDraw = False
169.4900 	EXP 	block2: autoDraw = False
169.4900 	EXP 	block1: autoDraw = False
169.4900 	EXP 	repeatText: autoDraw = False
169.4900 	EXP 	text: autoDraw = True
173.9574 	DATA 	Keypress: space
173.9715 	EXP 	New trial (rep=18, index=0): None
173.9724 	EXP 	Created sequence: random, trialTypes=1, nReps=1, seed=None
173.9730 	EXP 	New trial (rep=0, index=0): None
174.0381 	EXP 	text: autoDraw = False
174.0381 	EXP 	fixImg: image = 'img/even_4_square.png'
174.0381 	EXP 	fixImg: autoDraw = True
174.0381 	EXP 	text_4: autoDraw = True
175.0354 	EXP 	Created sequence: sequential, trialTypes=1, nReps=1, seed=None
175.0362 	EXP 	New trial (rep=0, index=0): None
175.0989 	EXP 	fixImg: autoDraw = False
175.0989 	EXP 	text_4: autoDraw = False
175.0989 	EXP 	fixImg: autoDraw = False
175.0989 	EXP 	text_4: autoDraw = False
175.0989 	EXP 	delayImg: image = 'img/even_8_square_4.png'
175.0989 	EXP 	delayImg: autoDraw = True
175.0989 	EXP 	text_3: autoDraw = True
205.0923 	EXP 	Created sequence: sequential, trialTypes=1, nReps=1, seed=None
205.0930 	EXP 	New trial (rep=0, index=0): None
205.1077 	EXP 	delayImg: autoDraw = False
205.1077 	EXP 	text_3: autoDraw = False
205.1077 	EXP 	delayImg: autoDraw = False
205.1077 	EXP 	text_3: autoDraw = False
205.1077 	EXP 	text_2: autoDraw = True
209.9760 	DATA 	Keypress: space
210.0438 	EXP 	text_2: autoDraw = False
210.0438 	EXP 	choiceImg: image = 'img/even_choice_4.png'
210.0438 	EXP 	choiceWarning: text = '32  for 67%              16  for 100%'
210.0438 	EXP 	choiceImg: autoDraw = True
210.0438 	EXP 	choiceWarning: autoDraw = True
210.0438 	EXP 	text_5: autoDraw = True
211.1596 	DATA 	Keypress: 2
211.1643 	EXP 	Created sequence: random, trialTypes=1, nReps=0, seed=None
211.1652 	EXP 	Created sequence: random, trialTypes=1, nReps=1, seed=None
211.1659 	EXP 	New trial (rep=0, index=0): None
211.2244 	EXP 	choiceImg: autoDraw = False
211.2244 	EXP 	choiceWarning: autoDraw = False
211.2244 	EXP 	text_5: autoDraw = False
211.2244 	EXP 	rightImg: image = 'img/even_4_circle.png'
211.2244 	EXP 	rightImg: autoDraw = True
212.2927 	EXP 	rightImg: autoDraw = False
212.2927 	EXP 	rightImg: autoDraw = False
212.2927 	EXP 	rewardImgRight: opacity = 1.0
212.2927 	EXP 	rewardImgRight: image = 'img/4m&m.png'
212.2927 	EXP 	rightText: text = 'You got it!'
212.2927 	EXP 	rewardImgRight: autoDraw = True
212.2927 	EXP 	rightText: autoDraw = True
213.2528 	EXP 	rewardImgRight: autoDraw = False
213.2528 	EXP 	rightText: autoDraw = False
213.2528 	EXP 	block4: opacity = 0.0
213.2528 	EXP 	block3: opacity = 0.0
213.2528 	EXP 	block2: opacity = 0.0
213.2528 	EXP 	block1: opacity = 1.0
213.2528 	EXP 	repeatText: text = 'total gain:353 \n You are in level:1\n press space to continue'
213.2528 	EXP 	block4: autoDraw = True
213.2528 	EXP 	block3: autoDraw = True
213.2528 	EXP 	block2: autoDraw = True
213.2528 	EXP 	block1: autoDraw = True
213.2528 	EXP 	repeatText: autoDraw = True
213.8440 	DATA 	Keypress: space
213.8571 	EXP 	Created sequence: random, trialTypes=1, nReps=0, seed=None
213.8601 	EXP 	New trial (rep=19, index=0): None
213.8610 	EXP 	Created sequence: random, trialTypes=1, nReps=0, seed=None
213.8617 	EXP 	Created sequence: sequential, trialTypes=1, nReps=0, seed=None
213.8623 	EXP 	Created sequence: sequential, trialTypes=1, nReps=0, seed=None
213.9163 	EXP 	block4: autoDraw = False
213.9163 	EXP 	block3: autoDraw = False
213.9163 	EXP 	block2: autoDraw = False
213.9163 	EXP 	block1: autoDraw = False
213.9163 	EXP 	repeatText: autoDraw = False
213.9163 	EXP 	choiceImg: image = 'img/odd_choice_4.png'
213.9163 	EXP 	choiceWarning: text = '14  for 100%              32  for 67%'
213.9163 	EXP 	choiceImg: autoDraw = True
213.9163 	EXP 	choiceWarning: autoDraw = True
213.9163 	EXP 	text_5: autoDraw = True
215.0448 	DATA 	Keypress: 2
215.0499 	EXP 	Created sequence: random, trialTypes=1, nReps=0, seed=None
215.0508 	EXP 	Created sequence: random, trialTypes=1, nReps=1, seed=None
215.0517 	EXP 	New trial (rep=0, index=0): None
215.1098 	EXP 	choiceImg: autoDraw = False
215.1098 	EXP 	choiceWarning: autoDraw = False
215.1098 	EXP 	text_5: autoDraw = False
215.1098 	EXP 	rightImg: image = 'img/odd_8_circle_4.png'
215.1098 	EXP 	rightImg: autoDraw = True
224.5806 	DATA 	Keypress: 2
245.1927 	EXP 	rightImg: autoDraw = False
245.1927 	EXP 	rightImg: autoDraw = False
245.1927 	EXP 	rewardImgRight: opacity = 0.0
245.1927 	EXP 	rewardImgRight: image = 'img/8m&m.png'
245.1927 	EXP 	rightText: text = 'You did not get it!'
245.1927 	EXP 	rewardImgRight: autoDraw = True
245.1927 	EXP 	rightText: autoDraw = True
246.1188 	EXP 	rewardImgRight: autoDraw = False
246.1188 	EXP 	rightText: autoDraw = False
246.1188 	EXP 	block4: opacity = 0.0
246.1188 	EXP 	block3: opacity = 0.0
246.1188 	EXP 	block2: opacity = 0.0
246.1188 	EXP 	block1: opacity = 1.0
246.1188 	EXP 	repeatText: text = 'total gain:353 \n You are in level:1\n press space to continue'
246.1188 	EXP 	block4: autoDraw = True
246.1188 	EXP 	block3: autoDraw = True
246.1188 	EXP 	block2: autoDraw = True
246.1188 	EXP 	block1: autoDraw = True
246.1188 	EXP 	repeatText: autoDraw = True
247.1368 	DATA 	Keypress: space
247.1504 	EXP 	Created sequence: random, trialTypes=1, nReps=0, seed=None
247.1534 	EXP 	New trial (rep=20, index=0): None
247.1543 	EXP 	Created sequence: random, trialTypes=1, nReps=0, seed=None
247.1550 	EXP 	Created sequence: sequential, trialTypes=1, nReps=0, seed=None
247.1557 	EXP 	Created sequence: sequential, trialTypes=1, nReps=0, seed=None
247.2094 	EXP 	block4: autoDraw = False
247.2094 	EXP 	block3: autoDraw = False
247.2094 	EXP 	block2: autoDraw = False
247.2094 	EXP 	block1: autoDraw = False
247.2094 	EXP 	repeatText: autoDraw = False
247.2094 	EXP 	choiceImg: image = 'img/even_choice_4.png'
247.2094 	EXP 	choiceWarning: text = '32  for 67%              16  for 100%'
247.2094 	EXP 	choiceImg: autoDraw = True
247.2094 	EXP 	choiceWarning: autoDraw = True
247.2094 	EXP 	text_5: autoDraw = True
247.9028 	DATA 	Keypress: 2
247.9076 	EXP 	Created sequence: random, trialTypes=1, nReps=0, seed=None
247.9085 	EXP 	Created sequence: random, trialTypes=1, nReps=1, seed=None
247.9091 	EXP 	New trial (rep=0, index=0): None
247.9639 	EXP 	choiceImg: autoDraw = False
247.9639 	EXP 	choiceWarning: autoDraw = False
247.9639 	EXP 	text_5: autoDraw = False
247.9639 	EXP 	rightImg: image = 'img/even_4_circle.png'
247.9639 	EXP 	rightImg: autoDraw = True
249.0350 	EXP 	rightImg: autoDraw = False
249.0350 	EXP 	rightImg: autoDraw = False
249.0350 	EXP 	rewardImgRight: opacity = 1.0
249.0350 	EXP 	rewardImgRight: image = 'img/4m&m.png'
249.0350 	EXP 	rightText: text = 'You got it!'
249.0350 	EXP 	rewardImgRight: autoDraw = True
249.0350 	EXP 	rightText: autoDraw = True
249.9788 	EXP 	rewardImgRight: autoDraw = False
249.9788 	EXP 	rightText: autoDraw = False
249.9788 	EXP 	block4: opacity = 0.0
249.9788 	EXP 	block3: opacity = 0.0
249.9788 	EXP 	block2: opacity = 0.0
249.9788 	EXP 	block1: opacity = 1.0
249.9788 	EXP 	repeatText: text = 'total gain:369 \n You are in level:1\n press space to continue'
249.9788 	EXP 	block4: autoDraw = True
249.9788 	EXP 	block3: autoDraw = True
249.9788 	EXP 	block2: autoDraw = True
249.9788 	EXP 	block1: autoDraw = True
249.9788 	EXP 	repeatText: autoDraw = True
251.5044 	DATA 	Keypress: space
251.5179 	EXP 	Created sequence: random, trialTypes=1, nReps=0, seed=None
251.5209 	EXP 	New trial (rep=21, index=0): None
251.5218 	EXP 	Created sequence: random, trialTypes=1, nReps=0, seed=None
251.5225 	EXP 	Created sequence: sequential, trialTypes=1, nReps=0, seed=None
251.5232 	EXP 	Created sequence: sequential, trialTypes=1, nReps=0, seed=None
251.5765 	EXP 	block4: autoDraw = False
251.5765 	EXP 	block3: autoDraw = False
251.5765 	EXP 	block2: autoDraw = False
251.5765 	EXP 	block1: autoDraw = False
251.5765 	EXP 	repeatText: autoDraw = False
251.5765 	EXP 	choiceImg: image = 'img/odd_choice_4.png'
251.5765 	EXP 	choiceWarning: text = '14  for 100%              32  for 67%'
251.5765 	EXP 	choiceImg: autoDraw = True
251.5765 	EXP 	choiceWarning: autoDraw = True
251.5765 	EXP 	text_5: autoDraw = True
252.9211 	DATA 	Keypress: 2
252.9260 	EXP 	Created sequence: random, trialTypes=1, nReps=0, seed=None
252.9270 	EXP 	Created sequence: random, trialTypes=1, nReps=1, seed=None
252.9277 	EXP 	New trial (rep=0, index=0): None
252.9836 	EXP 	choiceImg: autoDraw = False
252.9836 	EXP 	choiceWarning: autoDraw = False
252.9836 	EXP 	text_5: autoDraw = False
252.9836 	EXP 	rightImg: image = 'img/odd_8_circle_4.png'
252.9836 	EXP 	rightImg: autoDraw = True
265.3077 	DATA 	Keypress: space
283.0692 	EXP 	rightImg: autoDraw = False
283.0692 	EXP 	rightImg: autoDraw = False
283.0692 	EXP 	rewardImgRight: opacity = 0.0
283.0692 	EXP 	rewardImgRight: image = 'img/8m&m.png'
283.0692 	EXP 	rightText: text = 'You did not get it!'
283.0692 	EXP 	rewardImgRight: autoDraw = True
283.0692 	EXP 	rightText: autoDraw = True
283.9961 	EXP 	rewardImgRight: autoDraw = False
283.9961 	EXP 	rightText: autoDraw = False
283.9961 	EXP 	block4: opacity = 0.0
283.9961 	EXP 	block3: opacity = 0.0
283.9961 	EXP 	block2: opacity = 0.0
283.9961 	EXP 	block1: opacity = 1.0
283.9961 	EXP 	repeatText: text = 'total gain:369 \n You are in level:1\n press space to continue'
283.9961 	EXP 	block4: autoDraw = True
283.9961 	EXP 	block3: autoDraw = True
283.9961 	EXP 	block2: autoDraw = True
283.9961 	EXP 	block1: autoDraw = True
283.9961 	EXP 	repeatText: autoDraw = True
285.4211 	DATA 	Keypress: space
285.4431 	EXP 	Created sequence: random, trialTypes=1, nReps=0, seed=None
285.4462 	EXP 	New trial (rep=22, index=0): None
285.4471 	EXP 	Created sequence: random, trialTypes=1, nReps=0, seed=None
285.4478 	EXP 	Created sequence: sequential, trialTypes=1, nReps=0, seed=None
285.4484 	EXP 	Created sequence: sequential, trialTypes=1, nReps=0, seed=None
285.5006 	EXP 	block4: autoDraw = False
285.5006 	EXP 	block3: autoDraw = False
285.5006 	EXP 	block2: autoDraw = False
285.5006 	EXP 	block1: autoDraw = False
285.5006 	EXP 	repeatText: autoDraw = False
285.5006 	EXP 	choiceImg: image = 'img/even_choice_4.png'
285.5006 	EXP 	choiceWarning: text = '32  for 67%              16  for 100%'
285.5006 	EXP 	choiceImg: autoDraw = True
285.5006 	EXP 	choiceWarning: autoDraw = True
285.5006 	EXP 	text_5: autoDraw = True
286.9637 	DATA 	Keypress: space
287.7388 	DATA 	Keypress: 2
287.7527 	EXP 	Created sequence: random, trialTypes=1, nReps=0, seed=None
287.7537 	EXP 	Created sequence: random, trialTypes=1, nReps=1, seed=None
287.7544 	EXP 	New trial (rep=0, index=0): None
287.8118 	EXP 	choiceImg: autoDraw = False
287.8118 	EXP 	choiceWarning: autoDraw = False
287.8118 	EXP 	text_5: autoDraw = False
287.8118 	EXP 	rightImg: image = 'img/even_4_circle.png'
287.8118 	EXP 	rightImg: autoDraw = True
288.8817 	EXP 	rightImg: autoDraw = False
288.8817 	EXP 	rightImg: autoDraw = False
288.8817 	EXP 	rewardImgRight: opacity = 1.0
288.8817 	EXP 	rewardImgRight: image = 'img/4m&m.png'
288.8817 	EXP 	rightText: text = 'You got it!'
288.8817 	EXP 	rewardImgRight: autoDraw = True
288.8817 	EXP 	rightText: autoDraw = True
289.8225 	EXP 	rewardImgRight: autoDraw = False
289.8225 	EXP 	rightText: autoDraw = False
289.8225 	EXP 	block4: opacity = 0.0
289.8225 	EXP 	block3: opacity = 0.0
289.8225 	EXP 	block2: opacity = 0.0
289.8225 	EXP 	block1: opacity = 1.0
289.8225 	EXP 	repeatText: text = 'total gain:385 \n You are in level:1\n press space to continue'
289.8225 	EXP 	block4: autoDraw = True
289.8225 	EXP 	block3: autoDraw = True
289.8225 	EXP 	block2: autoDraw = True
289.8225 	EXP 	block1: autoDraw = True
289.8225 	EXP 	repeatText: autoDraw = True
290.9728 	DATA 	Keypress: space
290.9956 	EXP 	Created sequence: random, trialTypes=1, nReps=0, seed=None
290.9986 	EXP 	New trial (rep=23, index=0): None
290.9995 	EXP 	Created sequence: random, trialTypes=1, nReps=0, seed=None
291.0002 	EXP 	Created sequence: sequential, trialTypes=1, nReps=0, seed=None
291.0008 	EXP 	Created sequence: sequential, trialTypes=1, nReps=0, seed=None
291.0519 	EXP 	block4: autoDraw = False
291.0519 	EXP 	block3: autoDraw = False
291.0519 	EXP 	block2: autoDraw = False
291.0519 	EXP 	block1: autoDraw = False
291.0519 	EXP 	repeatText: autoDraw = False
291.0519 	EXP 	choiceImg: image = 'img/odd_choice_4.png'
291.0519 	EXP 	choiceWarning: text = '15  for 100%              32  for 67%'
291.0519 	EXP 	choiceImg: autoDraw = True
291.0519 	EXP 	choiceWarning: autoDraw = True
291.0519 	EXP 	text_5: autoDraw = True
291.6813 	DATA 	Keypress: 2
291.6861 	EXP 	Created sequence: random, trialTypes=1, nReps=0, seed=None
291.6871 	EXP 	Created sequence: random, trialTypes=1, nReps=1, seed=None
291.6878 	EXP 	New trial (rep=0, index=0): None
291.7438 	EXP 	choiceImg: autoDraw = False
291.7438 	EXP 	choiceWarning: autoDraw = False
291.7438 	EXP 	text_5: autoDraw = False
291.7438 	EXP 	rightImg: image = 'img/odd_8_circle_4.png'
291.7438 	EXP 	rightImg: autoDraw = True
321.8257 	EXP 	rightImg: autoDraw = False
321.8257 	EXP 	rightImg: autoDraw = False
321.8257 	EXP 	rewardImgRight: opacity = 1.0
321.8257 	EXP 	rewardImgRight: image = 'img/8m&m.png'
321.8257 	EXP 	rightText: text = 'You got it!'
321.8257 	EXP 	rewardImgRight: autoDraw = True
321.8257 	EXP 	rightText: autoDraw = True
322.3811 	DATA 	Keypress: space
322.7657 	EXP 	rewardImgRight: autoDraw = False
322.7657 	EXP 	rightText: autoDraw = False
322.7657 	EXP 	block4: opacity = 0.0
322.7657 	EXP 	block3: opacity = 0.0
322.7657 	EXP 	block2: opacity = 1.0
322.7657 	EXP 	block1: opacity = 1.0
322.7657 	EXP 	repeatText: text = 'total gain:417 \n You are in level:2\n press space to continue'
322.7657 	EXP 	block4: autoDraw = True
322.7657 	EXP 	block3: autoDraw = True
322.7657 	EXP 	block2: autoDraw = True
322.7657 	EXP 	block1: autoDraw = True
322.7657 	EXP 	repeatText: autoDraw = True
323.2485 	DATA 	Keypress: 2
324.0319 	DATA 	Keypress: space
324.0563 	EXP 	Created sequence: random, trialTypes=1, nReps=0, seed=None
324.0593 	EXP 	New trial (rep=24, index=0): None
324.0604 	EXP 	Created sequence: random, trialTypes=1, nReps=0, seed=None
324.0611 	EXP 	Created sequence: sequential, trialTypes=1, nReps=0, seed=None
324.0618 	EXP 	Created sequence: sequential, trialTypes=1, nReps=0, seed=None
324.1131 	EXP 	block4: autoDraw = False
324.1131 	EXP 	block3: autoDraw = False
324.1131 	EXP 	block2: autoDraw = False
324.1131 	EXP 	block1: autoDraw = False
324.1131 	EXP 	repeatText: autoDraw = False
324.1131 	EXP 	choiceImg: image = 'img/even_choice_4.png'
324.1131 	EXP 	choiceWarning: text = '32  for 67%              16  for 100%'
324.1131 	EXP 	choiceImg: autoDraw = True
324.1131 	EXP 	choiceWarning: autoDraw = True
324.1131 	EXP 	text_5: autoDraw = True
324.8078 	DATA 	Keypress: 2
324.8125 	EXP 	Created sequence: random, trialTypes=1, nReps=0, seed=None
324.8134 	EXP 	Created sequence: random, trialTypes=1, nReps=1, seed=None
324.8141 	EXP 	New trial (rep=0, index=0): None
324.8716 	EXP 	choiceImg: autoDraw = False
324.8716 	EXP 	choiceWarning: autoDraw = False
324.8716 	EXP 	text_5: autoDraw = False
324.8716 	EXP 	rightImg: image = 'img/even_4_circle.png'
324.8716 	EXP 	rightImg: autoDraw = True
325.9386 	EXP 	rightImg: autoDraw = False
325.9386 	EXP 	rightImg: autoDraw = False
325.9386 	EXP 	rewardImgRight: opacity = 1.0
325.9386 	EXP 	rewardImgRight: image = 'img/4m&m.png'
325.9386 	EXP 	rightText: text = 'You got it!'
325.9386 	EXP 	rewardImgRight: autoDraw = True
325.9386 	EXP 	rightText: autoDraw = True
326.9002 	EXP 	rewardImgRight: autoDraw = False
326.9002 	EXP 	rightText: autoDraw = False
326.9002 	EXP 	block4: opacity = 0.0
326.9002 	EXP 	block3: opacity = 0.0
326.9002 	EXP 	block2: opacity = 1.0
326.9002 	EXP 	block1: opacity = 1.0
326.9002 	EXP 	repeatText: text = 'total gain:433 \n You are in level:2\n press space to continue'
326.9002 	EXP 	block4: autoDraw = True
326.9002 	EXP 	block3: autoDraw = True
326.9002 	EXP 	block2: autoDraw = True
326.9002 	EXP 	block1: autoDraw = True
326.9002 	EXP 	repeatText: autoDraw = True
328.6664 	DATA 	Keypress: space
328.6902 	EXP 	Created sequence: random, trialTypes=1, nReps=1, seed=None
328.6908 	EXP 	New trial (rep=0, index=0): None
328.7008 	EXP 	block4: autoDraw = False
328.7008 	EXP 	block3: autoDraw = False
328.7008 	EXP 	block2: autoDraw = False
328.7008 	EXP 	block1: autoDraw = False
328.7008 	EXP 	repeatText: autoDraw = False
328.7008 	EXP 	text: autoDraw = True
329.4917 	DATA 	Keypress: space
329.4977 	EXP 	New trial (rep=25, index=0): None
329.4988 	EXP 	Created sequence: random, trialTypes=1, nReps=1, seed=None
329.4998 	EXP 	New trial (rep=0, index=0): None
329.5591 	EXP 	text: autoDraw = False
329.5591 	EXP 	fixImg: image = 'img/odd_4_square.png'
329.5591 	EXP 	fixImg: autoDraw = True
329.5591 	EXP 	text_4: autoDraw = True
330.1088 	DATA 	Keypress: 2
330.5606 	EXP 	Created sequence: sequential, trialTypes=1, nReps=1, seed=None
330.5613 	EXP 	New trial (rep=0, index=0): None
330.6256 	EXP 	fixImg: autoDraw = False
330.6256 	EXP 	text_4: autoDraw = False
330.6256 	EXP 	fixImg: autoDraw = False
330.6256 	EXP 	text_4: autoDraw = False
330.6256 	EXP 	delayImg: image = 'img/odd_8_square_4.png'
330.6256 	EXP 	delayImg: autoDraw = True
330.6256 	EXP 	text_3: autoDraw = True
337.6119 	EXP 	Created sequence: sequential, trialTypes=1, nReps=1, seed=None
337.6127 	EXP 	New trial (rep=0, index=0): None
337.6266 	EXP 	delayImg: autoDraw = False
337.6266 	EXP 	text_3: autoDraw = False
337.6266 	EXP 	delayImg: autoDraw = False
337.6266 	EXP 	text_3: autoDraw = False
337.6266 	EXP 	text_2: autoDraw = True
338.5359 	DATA 	Keypress: 1
348.2549 	DATA 	Keypress: space
348.3296 	EXP 	text_2: autoDraw = False
348.3296 	EXP 	choiceImg: image = 'img/odd_choice_4.png'
348.3296 	EXP 	choiceWarning: text = '16  for 100%              32  for 67%'
348.3296 	EXP 	choiceImg: autoDraw = True
348.3296 	EXP 	choiceWarning: autoDraw = True
348.3296 	EXP 	text_5: autoDraw = True
349.7888 	DATA 	Keypress: 1
349.8020 	EXP 	Created sequence: random, trialTypes=1, nReps=1, seed=None
349.8026 	EXP 	New trial (rep=0, index=0): None
349.8375 	EXP 	choiceImg: autoDraw = False
349.8375 	EXP 	choiceWarning: autoDraw = False
349.8375 	EXP 	text_5: autoDraw = False
349.8375 	EXP 	leftImg: image = 'img/odd_4_circle.png'
349.8375 	EXP 	leftImg: autoDraw = True
350.9129 	EXP 	leftImg: autoDraw = False
350.9129 	EXP 	leftImg: autoDraw = False
350.9129 	EXP 	rewardImgLeft: opacity = 1.0
350.9129 	EXP 	rewardImgLeft: image = 'img/4m&m.png'
350.9129 	EXP 	rewardText: text = 'You got it!'
350.9129 	EXP 	rewardImgLeft: autoDraw = True
350.9129 	EXP 	rewardText: autoDraw = True
351.8318 	EXP 	Created sequence: random, trialTypes=1, nReps=0, seed=None
351.8573 	EXP 	rewardImgLeft: autoDraw = False
351.8573 	EXP 	rewardText: autoDraw = False
351.8573 	EXP 	block4: opacity = 0.0
351.8573 	EXP 	block3: opacity = 0.0
351.8573 	EXP 	block2: opacity = 1.0
351.8573 	EXP 	block1: opacity = 1.0
351.8573 	EXP 	repeatText: text = 'total gain:449 \n You are in level:2\n press space to continue'
351.8573 	EXP 	block4: autoDraw = True
351.8573 	EXP 	block3: autoDraw = True
351.8573 	EXP 	block2: autoDraw = True
351.8573 	EXP 	block1: autoDraw = True
351.8573 	EXP 	repeatText: autoDraw = True
359.0913 	DATA 	Keypress: space
359.1151 	EXP 	Created sequence: random, trialTypes=1, nReps=0, seed=None
359.1181 	EXP 	New trial (rep=26, index=0): None
359.1190 	EXP 	Created sequence: random, trialTypes=1, nReps=0, seed=None
359.1198 	EXP 	Created sequence: sequential, trialTypes=1, nReps=0, seed=None
359.1204 	EXP 	Created sequence: sequential, trialTypes=1, nReps=0, seed=None
359.1695 	EXP 	block4: autoDraw = False
359.1695 	EXP 	block3: autoDraw = False
359.1695 	EXP 	block2: autoDraw = False
359.1695 	EXP 	block1: autoDraw = False
359.1695 	EXP 	repeatText: autoDraw = False
359.1695 	EXP 	choiceImg: image = 'img/even_choice_4.png'
359.1695 	EXP 	choiceWarning: text = '32  for 67%              14  for 100%'
359.1695 	EXP 	choiceImg: autoDraw = True
359.1695 	EXP 	choiceWarning: autoDraw = True
359.1695 	EXP 	text_5: autoDraw = True
360.9499 	DATA 	Keypress: 1
361.0545 	EXP 	window1: mouseVisible = True
